[ 2016-07-09T10:51:11+08:00 ] 123.160.231.237 /index.php/Pangu/index/index
INFO: [ app_init ] --START--
INFO: Run Behavior\BuildLiteBehavior [ RunTime:0.000014s ]
INFO: [ app_init ] --END-- [ RunTime:0.000289s ]
INFO: [ app_begin ] --START--
INFO: Run Behavior\ReadHtmlCacheBehavior [ RunTime:0.000472s ]
INFO: [ app_begin ] --END-- [ RunTime:0.000565s ]
NOTIC: [8192] mysql_connect(): The mysql extension is deprecated and will be removed in the future: use mysqli or PDO instead /alidata/www/boxi/ThinkPHP/Library/Think/Session/Driver/Db.class.php 第 95 行.
INFO: [ view_parse ] --START--
INFO: [ template_filter ] --START--
INFO: Run Behavior\ContentReplaceBehavior [ RunTime:0.000058s ]
INFO: [ template_filter ] --END-- [ RunTime:0.000127s ]
INFO: Run Behavior\ParseTemplateBehavior [ RunTime:0.032495s ]
INFO: [ view_parse ] --END-- [ RunTime:0.032553s ]
INFO: [ view_filter ] --START--
INFO: Run Behavior\WriteHtmlCacheBehavior [ RunTime:0.000140s ]
INFO: [ view_filter ] --END-- [ RunTime:0.000177s ]
INFO: [ app_end ] --START--
INFO: Run Behavior\ShowPageTraceBehavior [ RunTime:0.000391s ]
INFO: [ app_end ] --END-- [ RunTime:0.000435s ]

[ 2016-07-09T10:51:11+08:00 ] 123.160.231.237 /index.php/Pangu/Index/welcome.html
INFO: [ app_init ] --START--
INFO: Run Behavior\BuildLiteBehavior [ RunTime:0.000018s ]
INFO: [ app_init ] --END-- [ RunTime:0.000299s ]
INFO: [ app_begin ] --START--
INFO: Run Behavior\ReadHtmlCacheBehavior [ RunTime:0.000338s ]
INFO: [ app_begin ] --END-- [ RunTime:0.000382s ]
NOTIC: [8192] mysql_connect(): The mysql extension is deprecated and will be removed in the future: use mysqli or PDO instead /alidata/www/boxi/ThinkPHP/Library/Think/Session/Driver/Db.class.php 第 95 行.
NOTIC: [8] Undefined index: SystemRoot /alidata/www/boxi/Application/Pangu/Controller/IndexController.class.php 第 30 行.
INFO: [ view_parse ] --START--
INFO: [ template_filter ] --START--
INFO: Run Behavior\ContentReplaceBehavior [ RunTime:0.000051s ]
INFO: [ template_filter ] --END-- [ RunTime:0.000111s ]
INFO: Run Behavior\ParseTemplateBehavior [ RunTime:0.007032s ]
INFO: [ view_parse ] --END-- [ RunTime:0.007088s ]
INFO: [ view_filter ] --START--
INFO: Run Behavior\WriteHtmlCacheBehavior [ RunTime:0.000145s ]
INFO: [ view_filter ] --END-- [ RunTime:0.000186s ]
INFO: [ app_end ] --START--
INFO: Run Behavior\ShowPageTraceBehavior [ RunTime:0.000437s ]
INFO: [ app_end ] --END-- [ RunTime:0.000482s ]

[ 2016-07-09T10:51:12+08:00 ] 123.160.231.237 /index.php/Pangu/index/skin/default/skin.css
INFO: [ app_init ] --START--
INFO: Run Behavior\BuildLiteBehavior [ RunTime:0.000014s ]
INFO: [ app_init ] --END-- [ RunTime:0.000282s ]
INFO: [ app_begin ] --START--
INFO: Run Behavior\ReadHtmlCacheBehavior [ RunTime:0.000359s ]
INFO: [ app_begin ] --END-- [ RunTime:0.000402s ]
NOTIC: [8192] mysql_connect(): The mysql extension is deprecated and will be removed in the future: use mysqli or PDO instead /alidata/www/boxi/ThinkPHP/Library/Think/Session/Driver/Db.class.php 第 95 行.
ERR: 非法操作:skin

[ 2016-07-09T10:51:12+08:00 ] 123.160.231.237 /index.php/Pangu/Index/skin/default/skin.css
INFO: [ app_init ] --START--
INFO: Run Behavior\BuildLiteBehavior [ RunTime:0.000017s ]
INFO: [ app_init ] --END-- [ RunTime:0.000293s ]
INFO: [ app_begin ] --START--
INFO: Run Behavior\ReadHtmlCacheBehavior [ RunTime:0.000340s ]
INFO: [ app_begin ] --END-- [ RunTime:0.000383s ]
NOTIC: [8192] mysql_connect(): The mysql extension is deprecated and will be removed in the future: use mysqli or PDO instead /alidata/www/boxi/ThinkPHP/Library/Think/Session/Driver/Db.class.php 第 95 行.
ERR: 非法操作:skin

[ 2016-07-09T10:51:52+08:00 ] 123.160.231.237 /index.php/Pangu/index/index
INFO: [ app_init ] --START--
INFO: Run Behavior\BuildLiteBehavior [ RunTime:0.000015s ]
INFO: [ app_init ] --END-- [ RunTime:0.000294s ]
INFO: [ app_begin ] --START--
INFO: Run Behavior\ReadHtmlCacheBehavior [ RunTime:0.000341s ]
INFO: [ app_begin ] --END-- [ RunTime:0.000385s ]
NOTIC: [8192] mysql_connect(): The mysql extension is deprecated and will be removed in the future: use mysqli or PDO instead /alidata/www/boxi/ThinkPHP/Library/Think/Session/Driver/Db.class.php 第 95 行.
INFO: [ view_parse ] --START--
INFO: [ template_filter ] --START--
INFO: Run Behavior\ContentReplaceBehavior [ RunTime:0.000049s ]
INFO: [ template_filter ] --END-- [ RunTime:0.000099s ]
INFO: Run Behavior\ParseTemplateBehavior [ RunTime:0.006469s ]
INFO: [ view_parse ] --END-- [ RunTime:0.006525s ]
INFO: [ view_filter ] --START--
INFO: Run Behavior\WriteHtmlCacheBehavior [ RunTime:0.000134s ]
INFO: [ view_filter ] --END-- [ RunTime:0.000171s ]
INFO: [ app_end ] --START--
INFO: Run Behavior\ShowPageTraceBehavior [ RunTime:0.000376s ]
INFO: [ app_end ] --END-- [ RunTime:0.000416s ]

[ 2016-07-09T10:51:52+08:00 ] 123.160.231.237 /index.php/Pangu/Index/welcome.html
INFO: [ app_init ] --START--
INFO: Run Behavior\BuildLiteBehavior [ RunTime:0.000018s ]
INFO: [ app_init ] --END-- [ RunTime:0.000328s ]
INFO: [ app_begin ] --START--
INFO: Run Behavior\ReadHtmlCacheBehavior [ RunTime:0.000400s ]
INFO: [ app_begin ] --END-- [ RunTime:0.000443s ]
NOTIC: [8192] mysql_connect(): The mysql extension is deprecated and will be removed in the future: use mysqli or PDO instead /alidata/www/boxi/ThinkPHP/Library/Think/Session/Driver/Db.class.php 第 95 行.
NOTIC: [8] Undefined index: SystemRoot /alidata/www/boxi/Application/Pangu/Controller/IndexController.class.php 第 30 行.
INFO: [ view_parse ] --START--
INFO: [ template_filter ] --START--
INFO: Run Behavior\ContentReplaceBehavior [ RunTime:0.000040s ]
INFO: [ template_filter ] --END-- [ RunTime:0.000087s ]
INFO: Run Behavior\ParseTemplateBehavior [ RunTime:0.005316s ]
INFO: [ view_parse ] --END-- [ RunTime:0.005368s ]
INFO: [ view_filter ] --START--
INFO: Run Behavior\WriteHtmlCacheBehavior [ RunTime:0.000130s ]
INFO: [ view_filter ] --END-- [ RunTime:0.000170s ]
INFO: [ app_end ] --START--
INFO: Run Behavior\ShowPageTraceBehavior [ RunTime:0.000416s ]
INFO: [ app_end ] --END-- [ RunTime:0.000458s ]

[ 2016-07-09T10:51:52+08:00 ] 123.160.231.237 /index.php/Pangu/index/skin/default/skin.css
INFO: [ app_init ] --START--
INFO: Run Behavior\BuildLiteBehavior [ RunTime:0.000016s ]
INFO: [ app_init ] --END-- [ RunTime:0.000291s ]
INFO: [ app_begin ] --START--
INFO: Run Behavior\ReadHtmlCacheBehavior [ RunTime:0.000335s ]
INFO: [ app_begin ] --END-- [ RunTime:0.000377s ]
NOTIC: [8192] mysql_connect(): The mysql extension is deprecated and will be removed in the future: use mysqli or PDO instead /alidata/www/boxi/ThinkPHP/Library/Think/Session/Driver/Db.class.php 第 95 行.
ERR: 非法操作:skin

[ 2016-07-09T10:51:52+08:00 ] 123.160.231.237 /index.php/Pangu/Index/skin/default/skin.css
INFO: [ app_init ] --START--
INFO: Run Behavior\BuildLiteBehavior [ RunTime:0.000015s ]
INFO: [ app_init ] --END-- [ RunTime:0.000289s ]
INFO: [ app_begin ] --START--
INFO: Run Behavior\ReadHtmlCacheBehavior [ RunTime:0.000335s ]
INFO: [ app_begin ] --END-- [ RunTime:0.000378s ]
NOTIC: [8192] mysql_connect(): The mysql extension is deprecated and will be removed in the future: use mysqli or PDO instead /alidata/www/boxi/ThinkPHP/Library/Think/Session/Driver/Db.class.php 第 95 行.
ERR: 非法操作:skin

[ 2016-07-09T10:51:54+08:00 ] 123.160.231.237 /index.php/Pangu/Index/llist.html
INFO: [ app_init ] --START--
INFO: Run Behavior\BuildLiteBehavior [ RunTime:0.000013s ]
INFO: [ app_init ] --END-- [ RunTime:0.000276s ]
INFO: [ app_begin ] --START--
INFO: Run Behavior\ReadHtmlCacheBehavior [ RunTime:0.000342s ]
INFO: [ app_begin ] --END-- [ RunTime:0.000384s ]
NOTIC: [8192] mysql_connect(): The mysql extension is deprecated and will be removed in the future: use mysqli or PDO instead /alidata/www/boxi/ThinkPHP/Library/Think/Session/Driver/Db.class.php 第 95 行.
SQL: select b.*,sum(case when a.lid = b.id then 1 else 0 end) as count from pg_list b left join pg_user a on a.lid = b.id group by b.id [ RunTime:0.0010s ]
INFO: [ view_parse ] --START--
INFO: [ template_filter ] --START--
INFO: Run Behavior\ContentReplaceBehavior [ RunTime:0.000055s ]
INFO: [ template_filter ] --END-- [ RunTime:0.000106s ]
NOTIC: [8] Undefined variable: type /alidata/www/boxi/Application/Runtime/Cache/Pangu/e2213d5746dc61755bc7f12c24127cb0.php 第 38 行.
NOTIC: [8] Undefined variable: type /alidata/www/boxi/Application/Runtime/Cache/Pangu/e2213d5746dc61755bc7f12c24127cb0.php 第 82 行.
NOTIC: [8] Undefined variable: type /alidata/www/boxi/Application/Runtime/Cache/Pangu/e2213d5746dc61755bc7f12c24127cb0.php 第 82 行.
NOTIC: [8] Undefined variable: type /alidata/www/boxi/Application/Runtime/Cache/Pangu/e2213d5746dc61755bc7f12c24127cb0.php 第 82 行.
NOTIC: [8] Undefined variable: type /alidata/www/boxi/Application/Runtime/Cache/Pangu/e2213d5746dc61755bc7f12c24127cb0.php 第 82 行.
NOTIC: [8] Undefined variable: type /alidata/www/boxi/Application/Runtime/Cache/Pangu/e2213d5746dc61755bc7f12c24127cb0.php 第 82 行.
NOTIC: [8] Undefined variable: type /alidata/www/boxi/Application/Runtime/Cache/Pangu/e2213d5746dc61755bc7f12c24127cb0.php 第 82 行.
NOTIC: [8] Undefined variable: type /alidata/www/boxi/Application/Runtime/Cache/Pangu/e2213d5746dc61755bc7f12c24127cb0.php 第 82 行.
NOTIC: [8] Undefined variable: type /alidata/www/boxi/Application/Runtime/Cache/Pangu/e2213d5746dc61755bc7f12c24127cb0.php 第 82 行.
NOTIC: [8] Undefined variable: page /alidata/www/boxi/Application/Runtime/Cache/Pangu/e2213d5746dc61755bc7f12c24127cb0.php 第 89 行.
INFO: Run Behavior\ParseTemplateBehavior [ RunTime:0.014647s ]
INFO: [ view_parse ] --END-- [ RunTime:0.014701s ]
INFO: [ view_filter ] --START--
INFO: Run Behavior\WriteHtmlCacheBehavior [ RunTime:0.000139s ]
INFO: [ view_filter ] --END-- [ RunTime:0.000175s ]
INFO: [ app_end ] --START--
INFO: Run Behavior\ShowPageTraceBehavior [ RunTime:0.000410s ]
INFO: [ app_end ] --END-- [ RunTime:0.000457s ]

[ 2016-07-09T10:51:54+08:00 ] 123.160.231.237 /index.php/Pangu/Index/llist.html
INFO: [ app_init ] --START--
INFO: Run Behavior\BuildLiteBehavior [ RunTime:0.000012s ]
INFO: [ app_init ] --END-- [ RunTime:0.000302s ]
INFO: [ app_begin ] --START--
INFO: Run Behavior\ReadHtmlCacheBehavior [ RunTime:0.000335s ]
INFO: [ app_begin ] --END-- [ RunTime:0.000377s ]
NOTIC: [8192] mysql_connect(): The mysql extension is deprecated and will be removed in the future: use mysqli or PDO instead /alidata/www/boxi/ThinkPHP/Library/Think/Session/Driver/Db.class.php 第 95 行.
SQL: select b.*,sum(case when a.lid = b.id then 1 else 0 end) as count from pg_list b left join pg_user a on a.lid = b.id group by b.id [ RunTime:0.0007s ]
INFO: [ view_parse ] --START--
INFO: [ template_filter ] --START--
INFO: Run Behavior\ContentReplaceBehavior [ RunTime:0.000053s ]
INFO: [ template_filter ] --END-- [ RunTime:0.000110s ]
NOTIC: [8] Undefined variable: type /alidata/www/boxi/Application/Runtime/Cache/Pangu/e2213d5746dc61755bc7f12c24127cb0.php 第 38 行.
NOTIC: [8] Undefined variable: type /alidata/www/boxi/Application/Runtime/Cache/Pangu/e2213d5746dc61755bc7f12c24127cb0.php 第 82 行.
NOTIC: [8] Undefined variable: type /alidata/www/boxi/Application/Runtime/Cache/Pangu/e2213d5746dc61755bc7f12c24127cb0.php 第 82 行.
NOTIC: [8] Undefined variable: type /alidata/www/boxi/Application/Runtime/Cache/Pangu/e2213d5746dc61755bc7f12c24127cb0.php 第 82 行.
NOTIC: [8] Undefined variable: type /alidata/www/boxi/Application/Runtime/Cache/Pangu/e2213d5746dc61755bc7f12c24127cb0.php 第 82 行.
NOTIC: [8] Undefined variable: type /alidata/www/boxi/Application/Runtime/Cache/Pangu/e2213d5746dc61755bc7f12c24127cb0.php 第 82 行.
NOTIC: [8] Undefined variable: type /alidata/www/boxi/Application/Runtime/Cache/Pangu/e2213d5746dc61755bc7f12c24127cb0.php 第 82 行.
NOTIC: [8] Undefined variable: type /alidata/www/boxi/Application/Runtime/Cache/Pangu/e2213d5746dc61755bc7f12c24127cb0.php 第 82 行.
NOTIC: [8] Undefined variable: type /alidata/www/boxi/Application/Runtime/Cache/Pangu/e2213d5746dc61755bc7f12c24127cb0.php 第 82 行.
NOTIC: [8] Undefined variable: page /alidata/www/boxi/Application/Runtime/Cache/Pangu/e2213d5746dc61755bc7f12c24127cb0.php 第 89 行.
INFO: Run Behavior\ParseTemplateBehavior [ RunTime:0.021972s ]
INFO: [ view_parse ] --END-- [ RunTime:0.022016s ]
INFO: [ view_filter ] --START--
INFO: Run Behavior\WriteHtmlCacheBehavior [ RunTime:0.000133s ]
INFO: [ view_filter ] --END-- [ RunTime:0.000169s ]
INFO: [ app_end ] --START--
INFO: Run Behavior\ShowPageTraceBehavior [ RunTime:0.000443s ]
INFO: [ app_end ] --END-- [ RunTime:0.000487s ]

[ 2016-07-09T10:51:54+08:00 ] 123.160.231.237 /index.php/Pangu/Index/,/Uploads/images/20160707230940577e70b4383d9.jpg,/Uploads/images/20160707230940577e70b47aca8.jpg,/Uploads/images/20160707230940577e70b49db5d.jpg,/Uploads/images/20160707230940577e70b4b5c3a.jpg,/Uploads/images/20160707230940577e70b4d4763.jpg,/Uploads/images/20160707230940577e70b4f06cf.jpg,/Uploads/images/20160707230941577e70b5306f6.jpg
INFO: [ app_init ] --START--
INFO: Run Behavior\BuildLiteBehavior [ RunTime:0.000023s ]
INFO: [ app_init ] --END-- [ RunTime:0.000363s ]

[ 2016-07-09T10:51:54+08:00 ] 123.160.231.237 /index.php/Pangu/Index/,/Uploads/images/20160707231100577e7104c7be7.jpg,/Uploads/images/20160707231101577e710520ff9.jpg,/Uploads/images/20160707231101577e710538a6d.jpg,/Uploads/images/20160707231102577e71064b9f0.jpg,/Uploads/images/20160707231103577e71077bf12.gif
INFO: [ app_init ] --START--
INFO: Run Behavior\BuildLiteBehavior [ RunTime:0.000013s ]
INFO: [ app_init ] --END-- [ RunTime:0.000322s ]

[ 2016-07-09T10:51:54+08:00 ] 123.160.231.237 /index.php/Pangu/Index/,/Uploads/images/20160707233027577e7593520ee.jpg
INFO: [ app_init ] --START--
INFO: Run Behavior\BuildLiteBehavior [ RunTime:0.000017s ]
INFO: [ app_init ] --END-- [ RunTime:0.000294s ]

[ 2016-07-09T10:51:55+08:00 ] 123.160.231.237 /index.php/Pangu/Index/,/Uploads/images/20160707231149577e7135bb6f3.jpg
INFO: [ app_init ] --START--
INFO: Run Behavior\BuildLiteBehavior [ RunTime:0.000015s ]
INFO: [ app_init ] --END-- [ RunTime:0.000279s ]

[ 2016-07-09T10:51:55+08:00 ] 123.160.231.237 /index.php/Pangu/Index/,/Uploads/images/20160708102304577f0e880795c.jpg
INFO: [ app_init ] --START--
INFO: Run Behavior\BuildLiteBehavior [ RunTime:0.000018s ]
INFO: [ app_init ] --END-- [ RunTime:0.000307s ]

[ 2016-07-09T10:51:55+08:00 ] 123.160.231.237 /index.php/Pangu/Index/skin/default/skin.css
INFO: [ app_init ] --START--
INFO: Run Behavior\BuildLiteBehavior [ RunTime:0.000016s ]
INFO: [ app_init ] --END-- [ RunTime:0.000293s ]
INFO: [ app_begin ] --START--
INFO: Run Behavior\ReadHtmlCacheBehavior [ RunTime:0.000407s ]
INFO: [ app_begin ] --END-- [ RunTime:0.000464s ]
NOTIC: [8192] mysql_connect(): The mysql extension is deprecated and will be removed in the future: use mysqli or PDO instead /alidata/www/boxi/ThinkPHP/Library/Think/Session/Driver/Db.class.php 第 95 行.
ERR: 非法操作:skin

[ 2016-07-09T10:51:56+08:00 ] 123.160.231.237 /index.php/Pangu/Index/tuan.html
INFO: [ app_init ] --START--
INFO: Run Behavior\BuildLiteBehavior [ RunTime:0.000020s ]
INFO: [ app_init ] --END-- [ RunTime:0.000439s ]
INFO: [ app_begin ] --START--
INFO: Run Behavior\ReadHtmlCacheBehavior [ RunTime:0.000454s ]
INFO: [ app_begin ] --END-- [ RunTime:0.000513s ]
NOTIC: [8192] mysql_connect(): The mysql extension is deprecated and will be removed in the future: use mysqli or PDO instead /alidata/www/boxi/ThinkPHP/Library/Think/Session/Driver/Db.class.php 第 95 行.
SQL: select b.*,sum(case when a.tid = b.id then 1 else 0 end) as count from pg_tuan b left join pg_user a on a.tid = b.id group by b.id [ RunTime:0.0005s ]
INFO: [ view_parse ] --START--
INFO: [ template_filter ] --START--
INFO: Run Behavior\ContentReplaceBehavior [ RunTime:0.000056s ]
INFO: [ template_filter ] --END-- [ RunTime:0.000119s ]
NOTIC: [8] Undefined variable: type /alidata/www/boxi/Application/Runtime/Cache/Pangu/626695119ef1a45710c8e8472c129e4f.php 第 38 行.
NOTIC: [8] Undefined variable: type /alidata/www/boxi/Application/Runtime/Cache/Pangu/626695119ef1a45710c8e8472c129e4f.php 第 72 行.
NOTIC: [8] Undefined variable: type /alidata/www/boxi/Application/Runtime/Cache/Pangu/626695119ef1a45710c8e8472c129e4f.php 第 72 行.
NOTIC: [8] Undefined variable: type /alidata/www/boxi/Application/Runtime/Cache/Pangu/626695119ef1a45710c8e8472c129e4f.php 第 72 行.
NOTIC: [8] Undefined variable: page /alidata/www/boxi/Application/Runtime/Cache/Pangu/626695119ef1a45710c8e8472c129e4f.php 第 79 行.
INFO: Run Behavior\ParseTemplateBehavior [ RunTime:0.024880s ]
INFO: [ view_parse ] --END-- [ RunTime:0.024926s ]
INFO: [ view_filter ] --START--
INFO: Run Behavior\WriteHtmlCacheBehavior [ RunTime:0.000140s ]
INFO: [ view_filter ] --END-- [ RunTime:0.000176s ]
INFO: [ app_end ] --START--
INFO: Run Behavior\ShowPageTraceBehavior [ RunTime:0.000371s ]
INFO: [ app_end ] --END-- [ RunTime:0.000411s ]

[ 2016-07-09T10:51:56+08:00 ] 123.160.231.237 /index.php/Pangu/Index/tuan.html
INFO: [ app_init ] --START--
INFO: Run Behavior\BuildLiteBehavior [ RunTime:0.000016s ]
INFO: [ app_init ] --END-- [ RunTime:0.000307s ]
INFO: [ app_begin ] --START--
INFO: Run Behavior\ReadHtmlCacheBehavior [ RunTime:0.000393s ]
INFO: [ app_begin ] --END-- [ RunTime:0.000437s ]
NOTIC: [8192] mysql_connect(): The mysql extension is deprecated and will be removed in the future: use mysqli or PDO instead /alidata/www/boxi/ThinkPHP/Library/Think/Session/Driver/Db.class.php 第 95 行.
SQL: select b.*,sum(case when a.tid = b.id then 1 else 0 end) as count from pg_tuan b left join pg_user a on a.tid = b.id group by b.id [ RunTime:0.0008s ]
INFO: [ view_parse ] --START--
INFO: [ template_filter ] --START--
INFO: Run Behavior\ContentReplaceBehavior [ RunTime:0.000057s ]
INFO: [ template_filter ] --END-- [ RunTime:0.000109s ]
NOTIC: [8] Undefined variable: type /alidata/www/boxi/Application/Runtime/Cache/Pangu/626695119ef1a45710c8e8472c129e4f.php 第 38 行.
NOTIC: [8] Undefined variable: type /alidata/www/boxi/Application/Runtime/Cache/Pangu/626695119ef1a45710c8e8472c129e4f.php 第 72 行.
NOTIC: [8] Undefined variable: type /alidata/www/boxi/Application/Runtime/Cache/Pangu/626695119ef1a45710c8e8472c129e4f.php 第 72 行.
NOTIC: [8] Undefined variable: type /alidata/www/boxi/Application/Runtime/Cache/Pangu/626695119ef1a45710c8e8472c129e4f.php 第 72 行.
NOTIC: [8] Undefined variable: page /alidata/www/boxi/Application/Runtime/Cache/Pangu/626695119ef1a45710c8e8472c129e4f.php 第 79 行.
INFO: Run Behavior\ParseTemplateBehavior [ RunTime:0.025126s ]
INFO: [ view_parse ] --END-- [ RunTime:0.025182s ]
INFO: [ view_filter ] --START--
INFO: Run Behavior\WriteHtmlCacheBehavior [ RunTime:0.000146s ]
INFO: [ view_filter ] --END-- [ RunTime:0.000190s ]
INFO: [ app_end ] --START--
INFO: Run Behavior\ShowPageTraceBehavior [ RunTime:0.000432s ]
INFO: [ app_end ] --END-- [ RunTime:0.000477s ]

[ 2016-07-09T10:51:56+08:00 ] 123.160.231.237 /index.php/Pangu/Index/skin/default/skin.css
INFO: [ app_init ] --START--
INFO: Run Behavior\BuildLiteBehavior [ RunTime:0.000018s ]
INFO: [ app_init ] --END-- [ RunTime:0.000319s ]
INFO: [ app_begin ] --START--
INFO: Run Behavior\ReadHtmlCacheBehavior [ RunTime:0.000339s ]
INFO: [ app_begin ] --END-- [ RunTime:0.000383s ]
NOTIC: [8192] mysql_connect(): The mysql extension is deprecated and will be removed in the future: use mysqli or PDO instead /alidata/www/boxi/ThinkPHP/Library/Think/Session/Driver/Db.class.php 第 95 行.
ERR: 非法操作:skin

[ 2016-07-09T10:51:58+08:00 ] 123.160.231.237 /index.php/Pangu/Index/edit.html?table=tuan&type=&id=1
INFO: [ app_init ] --START--
INFO: Run Behavior\BuildLiteBehavior [ RunTime:0.000016s ]
INFO: [ app_init ] --END-- [ RunTime:0.000324s ]
INFO: [ app_begin ] --START--
INFO: Run Behavior\ReadHtmlCacheBehavior [ RunTime:0.000394s ]
INFO: [ app_begin ] --END-- [ RunTime:0.000442s ]
NOTIC: [8192] mysql_connect(): The mysql extension is deprecated and will be removed in the future: use mysqli or PDO instead /alidata/www/boxi/ThinkPHP/Library/Think/Session/Driver/Db.class.php 第 95 行.
SQL: SHOW COLUMNS FROM `pg_tuan` [ RunTime:0.0007s ]
SQL: SELECT * FROM `pg_tuan` WHERE ( id=1 ) LIMIT 1   [ RunTime:0.0002s ]
INFO: [ view_parse ] --START--
INFO: [ template_filter ] --START--
INFO: Run Behavior\ContentReplaceBehavior [ RunTime:0.000065s ]
INFO: [ template_filter ] --END-- [ RunTime:0.000123s ]
NOTIC: [8] Undefined variable: type /alidata/www/boxi/Application/Runtime/Cache/Pangu/25e8f1faa4d9ba43d618f25ea08b515a.php 第 28 行.
NOTIC: [8] Undefined index: wap_lb2 /alidata/www/boxi/Application/Runtime/Cache/Pangu/25e8f1faa4d9ba43d618f25ea08b515a.php 第 68 行.
NOTIC: [8] Undefined variable: templets /alidata/www/boxi/Application/Runtime/Cache/Pangu/25e8f1faa4d9ba43d618f25ea08b515a.php 第 145 行.
NOTIC: [8] Undefined variable: templets /alidata/www/boxi/Application/Runtime/Cache/Pangu/25e8f1faa4d9ba43d618f25ea08b515a.php 第 172 行.
INFO: Run Behavior\ParseTemplateBehavior [ RunTime:0.019284s ]
INFO: [ view_parse ] --END-- [ RunTime:0.019325s ]
INFO: [ view_filter ] --START--
INFO: Run Behavior\WriteHtmlCacheBehavior [ RunTime:0.000159s ]
INFO: [ view_filter ] --END-- [ RunTime:0.000194s ]
INFO: [ app_end ] --START--
INFO: Run Behavior\ShowPageTraceBehavior [ RunTime:0.000377s ]
INFO: [ app_end ] --END-- [ RunTime:0.000421s ]

[ 2016-07-09T10:51:58+08:00 ] 123.160.231.237 /index.php/Pangu/Index/
INFO: [ app_init ] --START--
INFO: Run Behavior\BuildLiteBehavior [ RunTime:0.000014s ]
INFO: [ app_init ] --END-- [ RunTime:0.000300s ]
INFO: [ app_begin ] --START--
INFO: Run Behavior\ReadHtmlCacheBehavior [ RunTime:0.000333s ]
INFO: [ app_begin ] --END-- [ RunTime:0.000376s ]
NOTIC: [8192] mysql_connect(): The mysql extension is deprecated and will be removed in the future: use mysqli or PDO instead /alidata/www/boxi/ThinkPHP/Library/Think/Session/Driver/Db.class.php 第 95 行.
INFO: [ view_parse ] --START--
INFO: [ template_filter ] --START--
INFO: Run Behavior\ContentReplaceBehavior [ RunTime:0.000045s ]
INFO: [ template_filter ] --END-- [ RunTime:0.000089s ]
INFO: Run Behavior\ParseTemplateBehavior [ RunTime:0.005684s ]
INFO: [ view_parse ] --END-- [ RunTime:0.005728s ]
INFO: [ view_filter ] --START--
INFO: Run Behavior\WriteHtmlCacheBehavior [ RunTime:0.000124s ]
INFO: [ view_filter ] --END-- [ RunTime:0.000159s ]
INFO: [ app_end ] --START--
INFO: Run Behavior\ShowPageTraceBehavior [ RunTime:0.000382s ]
INFO: [ app_end ] --END-- [ RunTime:0.000421s ]

[ 2016-07-09T10:51:58+08:00 ] 123.160.231.237 /index.php/Pangu/Index/
INFO: [ app_init ] --START--
INFO: Run Behavior\BuildLiteBehavior [ RunTime:0.000014s ]
INFO: [ app_init ] --END-- [ RunTime:0.000309s ]
INFO: [ app_begin ] --START--
INFO: Run Behavior\ReadHtmlCacheBehavior [ RunTime:0.000347s ]
INFO: [ app_begin ] --END-- [ RunTime:0.000394s ]
NOTIC: [8192] mysql_connect(): The mysql extension is deprecated and will be removed in the future: use mysqli or PDO instead /alidata/www/boxi/ThinkPHP/Library/Think/Session/Driver/Db.class.php 第 95 行.
INFO: [ view_parse ] --START--
INFO: [ template_filter ] --START--
INFO: Run Behavior\ContentReplaceBehavior [ RunTime:0.000051s ]
INFO: [ template_filter ] --END-- [ RunTime:0.000108s ]
INFO: Run Behavior\ParseTemplateBehavior [ RunTime:0.006125s ]
INFO: [ view_parse ] --END-- [ RunTime:0.006175s ]
INFO: [ view_filter ] --START--
INFO: Run Behavior\WriteHtmlCacheBehavior [ RunTime:0.000180s ]
INFO: [ view_filter ] --END-- [ RunTime:0.000220s ]
INFO: [ app_end ] --START--
INFO: Run Behavior\ShowPageTraceBehavior [ RunTime:0.000419s ]
INFO: [ app_end ] --END-- [ RunTime:0.000466s ]

[ 2016-07-09T10:52:11+08:00 ] 123.160.231.237 /index.php/Pangu/Index/do_edit.html?table=tuan&id=1
INFO: [ app_init ] --START--
INFO: Run Behavior\BuildLiteBehavior [ RunTime:0.000018s ]
INFO: [ app_init ] --END-- [ RunTime:0.001400s ]
INFO: [ app_begin ] --START--
INFO: Run Behavior\ReadHtmlCacheBehavior [ RunTime:0.000354s ]
INFO: [ app_begin ] --END-- [ RunTime:0.000396s ]
NOTIC: [8192] mysql_connect(): The mysql extension is deprecated and will be removed in the future: use mysqli or PDO instead /alidata/www/boxi/ThinkPHP/Library/Think/Session/Driver/Db.class.php 第 95 行.
SQL: SHOW COLUMNS FROM `pg_tuan` [ RunTime:0.0008s ]
SQL: UPDATE `pg_tuan` SET `type`='套餐四件套',`m`='23878',`m1`='16715',`p`='50',`image`=',/Uploads/images/20160709105210578066da31577.jpg',`headimg`='/Uploads/images/20160707221541577e640de9021.jpg',`status`='1' WHERE ( id=1 ) [ RunTime:0.0072s ]
INFO: [ app_end ] --START--
INFO: Run Behavior\ShowPageTraceBehavior [ RunTime:0.000426s ]
INFO: [ app_end ] --END-- [ RunTime:0.000476s ]

[ 2016-07-09T10:52:12+08:00 ] 123.160.231.237 /index.php/Pangu/Index/tuan.html
INFO: [ app_init ] --START--
INFO: Run Behavior\BuildLiteBehavior [ RunTime:0.000019s ]
INFO: [ app_init ] --END-- [ RunTime:0.000311s ]
INFO: [ app_begin ] --START--
INFO: Run Behavior\ReadHtmlCacheBehavior [ RunTime:0.000346s ]
INFO: [ app_begin ] --END-- [ RunTime:0.000390s ]
NOTIC: [8192] mysql_connect(): The mysql extension is deprecated and will be removed in the future: use mysqli or PDO instead /alidata/www/boxi/ThinkPHP/Library/Think/Session/Driver/Db.class.php 第 95 行.
SQL: select b.*,sum(case when a.tid = b.id then 1 else 0 end) as count from pg_tuan b left join pg_user a on a.tid = b.id group by b.id [ RunTime:0.0006s ]
INFO: [ view_parse ] --START--
INFO: [ template_filter ] --START--
INFO: Run Behavior\ContentReplaceBehavior [ RunTime:0.000056s ]
INFO: [ template_filter ] --END-- [ RunTime:0.000114s ]
NOTIC: [8] Undefined variable: type /alidata/www/boxi/Application/Runtime/Cache/Pangu/626695119ef1a45710c8e8472c129e4f.php 第 38 行.
NOTIC: [8] Undefined variable: type /alidata/www/boxi/Application/Runtime/Cache/Pangu/626695119ef1a45710c8e8472c129e4f.php 第 72 行.
NOTIC: [8] Undefined variable: type /alidata/www/boxi/Application/Runtime/Cache/Pangu/626695119ef1a45710c8e8472c129e4f.php 第 72 行.
NOTIC: [8] Undefined variable: type /alidata/www/boxi/Application/Runtime/Cache/Pangu/626695119ef1a45710c8e8472c129e4f.php 第 72 行.
NOTIC: [8] Undefined variable: page /alidata/www/boxi/Application/Runtime/Cache/Pangu/626695119ef1a45710c8e8472c129e4f.php 第 79 行.
INFO: Run Behavior\ParseTemplateBehavior [ RunTime:0.007238s ]
INFO: [ view_parse ] --END-- [ RunTime:0.007287s ]
INFO: [ view_filter ] --START--
INFO: Run Behavior\WriteHtmlCacheBehavior [ RunTime:0.000147s ]
INFO: [ view_filter ] --END-- [ RunTime:0.000184s ]
INFO: [ app_end ] --START--
INFO: Run Behavior\ShowPageTraceBehavior [ RunTime:0.000412s ]
INFO: [ app_end ] --END-- [ RunTime:0.000475s ]

[ 2016-07-09T10:52:12+08:00 ] 123.160.231.237 /index.php/Pangu/Index/,/Uploads/images/20160709105210578066da31577.jpg
INFO: [ app_init ] --START--
INFO: Run Behavior\BuildLiteBehavior [ RunTime:0.000016s ]
INFO: [ app_init ] --END-- [ RunTime:0.000287s ]

[ 2016-07-09T10:52:12+08:00 ] 123.160.231.237 /index.php/Pangu/Index/skin/default/skin.css
INFO: [ app_init ] --START--
INFO: Run Behavior\BuildLiteBehavior [ RunTime:0.000014s ]
INFO: [ app_init ] --END-- [ RunTime:0.000298s ]
INFO: [ app_begin ] --START--
INFO: Run Behavior\ReadHtmlCacheBehavior [ RunTime:0.000342s ]
INFO: [ app_begin ] --END-- [ RunTime:0.000391s ]
NOTIC: [8192] mysql_connect(): The mysql extension is deprecated and will be removed in the future: use mysqli or PDO instead /alidata/www/boxi/ThinkPHP/Library/Think/Session/Driver/Db.class.php 第 95 行.
ERR: 非法操作:skin

[ 2016-07-09T10:52:14+08:00 ] 123.160.231.237 /index.php/Pangu/Index/edit.html?table=tuan&type=&id=2
INFO: [ app_init ] --START--
INFO: Run Behavior\BuildLiteBehavior [ RunTime:0.000014s ]
INFO: [ app_init ] --END-- [ RunTime:0.000330s ]
INFO: [ app_begin ] --START--
INFO: Run Behavior\ReadHtmlCacheBehavior [ RunTime:0.000356s ]
INFO: [ app_begin ] --END-- [ RunTime:0.000403s ]
NOTIC: [8192] mysql_connect(): The mysql extension is deprecated and will be removed in the future: use mysqli or PDO instead /alidata/www/boxi/ThinkPHP/Library/Think/Session/Driver/Db.class.php 第 95 行.
SQL: SHOW COLUMNS FROM `pg_tuan` [ RunTime:0.0008s ]
SQL: SELECT * FROM `pg_tuan` WHERE ( id=2 ) LIMIT 1   [ RunTime:0.0002s ]
INFO: [ view_parse ] --START--
INFO: [ template_filter ] --START--
INFO: Run Behavior\ContentReplaceBehavior [ RunTime:0.000060s ]
INFO: [ template_filter ] --END-- [ RunTime:0.000113s ]
NOTIC: [8] Undefined variable: type /alidata/www/boxi/Application/Runtime/Cache/Pangu/25e8f1faa4d9ba43d618f25ea08b515a.php 第 28 行.
NOTIC: [8] Undefined index: wap_lb2 /alidata/www/boxi/Application/Runtime/Cache/Pangu/25e8f1faa4d9ba43d618f25ea08b515a.php 第 68 行.
NOTIC: [8] Undefined variable: templets /alidata/www/boxi/Application/Runtime/Cache/Pangu/25e8f1faa4d9ba43d618f25ea08b515a.php 第 145 行.
NOTIC: [8] Undefined variable: templets /alidata/www/boxi/Application/Runtime/Cache/Pangu/25e8f1faa4d9ba43d618f25ea08b515a.php 第 172 行.
INFO: Run Behavior\ParseTemplateBehavior [ RunTime:0.007056s ]
INFO: [ view_parse ] --END-- [ RunTime:0.007105s ]
INFO: [ view_filter ] --START--
INFO: Run Behavior\WriteHtmlCacheBehavior [ RunTime:0.000141s ]
INFO: [ view_filter ] --END-- [ RunTime:0.000176s ]
INFO: [ app_end ] --START--
INFO: Run Behavior\ShowPageTraceBehavior [ RunTime:0.000397s ]
INFO: [ app_end ] --END-- [ RunTime:0.000447s ]

[ 2016-07-09T10:52:14+08:00 ] 123.160.231.237 /index.php/Pangu/Index/
INFO: [ app_init ] --START--
INFO: Run Behavior\BuildLiteBehavior [ RunTime:0.000015s ]
INFO: [ app_init ] --END-- [ RunTime:0.000291s ]
INFO: [ app_begin ] --START--
INFO: Run Behavior\ReadHtmlCacheBehavior [ RunTime:0.000341s ]
INFO: [ app_begin ] --END-- [ RunTime:0.000386s ]
NOTIC: [8192] mysql_connect(): The mysql extension is deprecated and will be removed in the future: use mysqli or PDO instead /alidata/www/boxi/ThinkPHP/Library/Think/Session/Driver/Db.class.php 第 95 行.
INFO: [ view_parse ] --START--
INFO: [ template_filter ] --START--
INFO: Run Behavior\ContentReplaceBehavior [ RunTime:0.000051s ]
INFO: [ template_filter ] --END-- [ RunTime:0.000111s ]
INFO: Run Behavior\ParseTemplateBehavior [ RunTime:0.005867s ]
INFO: [ view_parse ] --END-- [ RunTime:0.005922s ]
INFO: [ view_filter ] --START--
INFO: Run Behavior\WriteHtmlCacheBehavior [ RunTime:0.000146s ]
INFO: [ view_filter ] --END-- [ RunTime:0.000183s ]
INFO: [ app_end ] --START--
INFO: Run Behavior\ShowPageTraceBehavior [ RunTime:0.000386s ]
INFO: [ app_end ] --END-- [ RunTime:0.000444s ]

[ 2016-07-09T10:52:14+08:00 ] 123.160.231.237 /index.php/Pangu/Index/
INFO: [ app_init ] --START--
INFO: Run Behavior\BuildLiteBehavior [ RunTime:0.000013s ]
INFO: [ app_init ] --END-- [ RunTime:0.000279s ]
INFO: [ app_begin ] --START--
INFO: Run Behavior\ReadHtmlCacheBehavior [ RunTime:0.000338s ]
INFO: [ app_begin ] --END-- [ RunTime:0.000382s ]
NOTIC: [8192] mysql_connect(): The mysql extension is deprecated and will be removed in the future: use mysqli or PDO instead /alidata/www/boxi/ThinkPHP/Library/Think/Session/Driver/Db.class.php 第 95 行.
INFO: [ view_parse ] --START--
INFO: [ template_filter ] --START--
INFO: Run Behavior\ContentReplaceBehavior [ RunTime:0.000070s ]
INFO: [ template_filter ] --END-- [ RunTime:0.000137s ]
INFO: Run Behavior\ParseTemplateBehavior [ RunTime:0.013034s ]
INFO: [ view_parse ] --END-- [ RunTime:0.013098s ]
INFO: [ view_filter ] --START--
INFO: Run Behavior\WriteHtmlCacheBehavior [ RunTime:0.000159s ]
INFO: [ view_filter ] --END-- [ RunTime:0.000198s ]
INFO: [ app_end ] --START--
INFO: Run Behavior\ShowPageTraceBehavior [ RunTime:0.000425s ]
INFO: [ app_end ] --END-- [ RunTime:0.000467s ]

[ 2016-07-09T10:52:23+08:00 ] 123.160.231.237 /index.php/Pangu/Index/do_edit.html?table=tuan&id=2
INFO: [ app_init ] --START--
INFO: Run Behavior\BuildLiteBehavior [ RunTime:0.000021s ]
INFO: [ app_init ] --END-- [ RunTime:0.000367s ]
INFO: [ app_begin ] --START--
INFO: Run Behavior\ReadHtmlCacheBehavior [ RunTime:0.000391s ]
INFO: [ app_begin ] --END-- [ RunTime:0.000437s ]
NOTIC: [8192] mysql_connect(): The mysql extension is deprecated and will be removed in the future: use mysqli or PDO instead /alidata/www/boxi/ThinkPHP/Library/Think/Session/Driver/Db.class.php 第 95 行.
SQL: SHOW COLUMNS FROM `pg_tuan` [ RunTime:0.0009s ]
SQL: UPDATE `pg_tuan` SET `type`='套餐五件套',`m`='28077',`m1`='16847',`p`='100',`image`=',/Uploads/images/20160709105221578066e58b15b.jpg',`headimg`='/Uploads/images/20160707221634577e6442ad34d.jpg',`status`='1' WHERE ( id=2 ) [ RunTime:0.0086s ]
INFO: [ app_end ] --START--
INFO: Run Behavior\ShowPageTraceBehavior [ RunTime:0.000627s ]
INFO: [ app_end ] --END-- [ RunTime:0.000685s ]

[ 2016-07-09T10:52:24+08:00 ] 123.160.231.237 /index.php/Pangu/Index/tuan.html
INFO: [ app_init ] --START--
INFO: Run Behavior\BuildLiteBehavior [ RunTime:0.000015s ]
INFO: [ app_init ] --END-- [ RunTime:0.000353s ]
INFO: [ app_begin ] --START--
INFO: Run Behavior\ReadHtmlCacheBehavior [ RunTime:0.000385s ]
INFO: [ app_begin ] --END-- [ RunTime:0.000444s ]
NOTIC: [8192] mysql_connect(): The mysql extension is deprecated and will be removed in the future: use mysqli or PDO instead /alidata/www/boxi/ThinkPHP/Library/Think/Session/Driver/Db.class.php 第 95 行.
SQL: select b.*,sum(case when a.tid = b.id then 1 else 0 end) as count from pg_tuan b left join pg_user a on a.tid = b.id group by b.id [ RunTime:0.0006s ]
INFO: [ view_parse ] --START--
INFO: [ template_filter ] --START--
INFO: Run Behavior\ContentReplaceBehavior [ RunTime:0.000054s ]
INFO: [ template_filter ] --END-- [ RunTime:0.000102s ]
NOTIC: [8] Undefined variable: type /alidata/www/boxi/Application/Runtime/Cache/Pangu/626695119ef1a45710c8e8472c129e4f.php 第 38 行.
NOTIC: [8] Undefined variable: type /alidata/www/boxi/Application/Runtime/Cache/Pangu/626695119ef1a45710c8e8472c129e4f.php 第 72 行.
NOTIC: [8] Undefined variable: type /alidata/www/boxi/Application/Runtime/Cache/Pangu/626695119ef1a45710c8e8472c129e4f.php 第 72 行.
NOTIC: [8] Undefined variable: type /alidata/www/boxi/Application/Runtime/Cache/Pangu/626695119ef1a45710c8e8472c129e4f.php 第 72 行.
NOTIC: [8] Undefined variable: page /alidata/www/boxi/Application/Runtime/Cache/Pangu/626695119ef1a45710c8e8472c129e4f.php 第 79 行.
INFO: Run Behavior\ParseTemplateBehavior [ RunTime:0.007695s ]
INFO: [ view_parse ] --END-- [ RunTime:0.007743s ]
INFO: [ view_filter ] --START--
INFO: Run Behavior\WriteHtmlCacheBehavior [ RunTime:0.000138s ]
INFO: [ view_filter ] --END-- [ RunTime:0.000175s ]
INFO: [ app_end ] --START--
INFO: Run Behavior\ShowPageTraceBehavior [ RunTime:0.000437s ]
INFO: [ app_end ] --END-- [ RunTime:0.000485s ]

[ 2016-07-09T10:52:24+08:00 ] 123.160.231.237 /index.php/Pangu/Index/,/Uploads/images/20160709105210578066da31577.jpg
INFO: [ app_init ] --START--
INFO: Run Behavior\BuildLiteBehavior [ RunTime:0.000016s ]
INFO: [ app_init ] --END-- [ RunTime:0.000304s ]

[ 2016-07-09T10:52:24+08:00 ] 123.160.231.237 /index.php/Pangu/Index/,/Uploads/images/20160709105221578066e58b15b.jpg
INFO: [ app_init ] --START--
INFO: Run Behavior\BuildLiteBehavior [ RunTime:0.000022s ]
INFO: [ app_init ] --END-- [ RunTime:0.000469s ]

[ 2016-07-09T10:52:24+08:00 ] 123.160.231.237 /index.php/Pangu/Index/skin/default/skin.css
INFO: [ app_init ] --START--
INFO: Run Behavior\BuildLiteBehavior [ RunTime:0.000012s ]
INFO: [ app_init ] --END-- [ RunTime:0.000330s ]
INFO: [ app_begin ] --START--
INFO: Run Behavior\ReadHtmlCacheBehavior [ RunTime:0.000373s ]
INFO: [ app_begin ] --END-- [ RunTime:0.000423s ]
NOTIC: [8192] mysql_connect(): The mysql extension is deprecated and will be removed in the future: use mysqli or PDO instead /alidata/www/boxi/ThinkPHP/Library/Think/Session/Driver/Db.class.php 第 95 行.
ERR: 非法操作:skin

[ 2016-07-09T10:52:25+08:00 ] 123.160.231.237 /index.php/Pangu/Index/edit.html?table=tuan&type=&id=3
INFO: [ app_init ] --START--
INFO: Run Behavior\BuildLiteBehavior [ RunTime:0.000017s ]
INFO: [ app_init ] --END-- [ RunTime:0.000304s ]
INFO: [ app_begin ] --START--
INFO: Run Behavior\ReadHtmlCacheBehavior [ RunTime:0.000344s ]
INFO: [ app_begin ] --END-- [ RunTime:0.000389s ]
NOTIC: [8192] mysql_connect(): The mysql extension is deprecated and will be removed in the future: use mysqli or PDO instead /alidata/www/boxi/ThinkPHP/Library/Think/Session/Driver/Db.class.php 第 95 行.
SQL: SHOW COLUMNS FROM `pg_tuan` [ RunTime:0.0008s ]
SQL: SELECT * FROM `pg_tuan` WHERE ( id=3 ) LIMIT 1   [ RunTime:0.0002s ]
INFO: [ view_parse ] --START--
INFO: [ template_filter ] --START--
INFO: Run Behavior\ContentReplaceBehavior [ RunTime:0.000065s ]
INFO: [ template_filter ] --END-- [ RunTime:0.000121s ]
NOTIC: [8] Undefined variable: type /alidata/www/boxi/Application/Runtime/Cache/Pangu/25e8f1faa4d9ba43d618f25ea08b515a.php 第 28 行.
NOTIC: [8] Undefined index: wap_lb2 /alidata/www/boxi/Application/Runtime/Cache/Pangu/25e8f1faa4d9ba43d618f25ea08b515a.php 第 68 行.
NOTIC: [8] Undefined variable: templets /alidata/www/boxi/Application/Runtime/Cache/Pangu/25e8f1faa4d9ba43d618f25ea08b515a.php 第 145 行.
NOTIC: [8] Undefined variable: templets /alidata/www/boxi/Application/Runtime/Cache/Pangu/25e8f1faa4d9ba43d618f25ea08b515a.php 第 172 行.
INFO: Run Behavior\ParseTemplateBehavior [ RunTime:0.006843s ]
INFO: [ view_parse ] --END-- [ RunTime:0.006887s ]
INFO: [ view_filter ] --START--
INFO: Run Behavior\WriteHtmlCacheBehavior [ RunTime:0.000149s ]
INFO: [ view_filter ] --END-- [ RunTime:0.000185s ]
INFO: [ app_end ] --START--
INFO: Run Behavior\ShowPageTraceBehavior [ RunTime:0.000433s ]
INFO: [ app_end ] --END-- [ RunTime:0.000477s ]

[ 2016-07-09T10:52:26+08:00 ] 123.160.231.237 /index.php/Pangu/Index/
INFO: [ app_init ] --START--
INFO: Run Behavior\BuildLiteBehavior [ RunTime:0.000019s ]
INFO: [ app_init ] --END-- [ RunTime:0.000307s ]
INFO: [ app_begin ] --START--
INFO: Run Behavior\ReadHtmlCacheBehavior [ RunTime:0.000362s ]
INFO: [ app_begin ] --END-- [ RunTime:0.000406s ]
NOTIC: [8192] mysql_connect(): The mysql extension is deprecated and will be removed in the future: use mysqli or PDO instead /alidata/www/boxi/ThinkPHP/Library/Think/Session/Driver/Db.class.php 第 95 行.
INFO: [ view_parse ] --START--
INFO: [ template_filter ] --START--
INFO: Run Behavior\ContentReplaceBehavior [ RunTime:0.000057s ]
INFO: [ template_filter ] --END-- [ RunTime:0.000135s ]
INFO: Run Behavior\ParseTemplateBehavior [ RunTime:0.006434s ]
INFO: [ view_parse ] --END-- [ RunTime:0.006559s ]
INFO: [ view_filter ] --START--
INFO: Run Behavior\WriteHtmlCacheBehavior [ RunTime:0.000185s ]
INFO: [ view_filter ] --END-- [ RunTime:0.000224s ]
INFO: [ app_end ] --START--
INFO: Run Behavior\ShowPageTraceBehavior [ RunTime:0.000415s ]
INFO: [ app_end ] --END-- [ RunTime:0.000457s ]

[ 2016-07-09T10:52:26+08:00 ] 123.160.231.237 /index.php/Pangu/Index/
INFO: [ app_init ] --START--
INFO: Run Behavior\BuildLiteBehavior [ RunTime:0.000013s ]
INFO: [ app_init ] --END-- [ RunTime:0.000290s ]
INFO: [ app_begin ] --START--
INFO: Run Behavior\ReadHtmlCacheBehavior [ RunTime:0.000343s ]
INFO: [ app_begin ] --END-- [ RunTime:0.000389s ]
NOTIC: [8192] mysql_connect(): The mysql extension is deprecated and will be removed in the future: use mysqli or PDO instead /alidata/www/boxi/ThinkPHP/Library/Think/Session/Driver/Db.class.php 第 95 行.
INFO: [ view_parse ] --START--
INFO: [ template_filter ] --START--
INFO: Run Behavior\ContentReplaceBehavior [ RunTime:0.000051s ]
INFO: [ template_filter ] --END-- [ RunTime:0.000103s ]
INFO: Run Behavior\ParseTemplateBehavior [ RunTime:0.005776s ]
INFO: [ view_parse ] --END-- [ RunTime:0.005823s ]
INFO: [ view_filter ] --START--
INFO: Run Behavior\WriteHtmlCacheBehavior [ RunTime:0.000139s ]
INFO: [ view_filter ] --END-- [ RunTime:0.000176s ]
INFO: [ app_end ] --START--
INFO: Run Behavior\ShowPageTraceBehavior [ RunTime:0.000407s ]
INFO: [ app_end ] --END-- [ RunTime:0.000448s ]

[ 2016-07-09T10:52:33+08:00 ] 123.160.231.237 /index.php/Pangu/Index/do_edit.html?table=tuan&id=3
INFO: [ app_init ] --START--
INFO: Run Behavior\BuildLiteBehavior [ RunTime:0.000015s ]
INFO: [ app_init ] --END-- [ RunTime:0.000280s ]
INFO: [ app_begin ] --START--
INFO: Run Behavior\ReadHtmlCacheBehavior [ RunTime:0.001131s ]
INFO: [ app_begin ] --END-- [ RunTime:0.001215s ]
NOTIC: [8192] mysql_connect(): The mysql extension is deprecated and will be removed in the future: use mysqli or PDO instead /alidata/www/boxi/ThinkPHP/Library/Think/Session/Driver/Db.class.php 第 95 行.
SQL: SHOW COLUMNS FROM `pg_tuan` [ RunTime:0.0006s ]
SQL: UPDATE `pg_tuan` SET `type`='套餐六件套',`m`='55463',`m1`='27732',`p`='200',`image`=',/Uploads/images/20160709105232578066f0b8a68.jpg',`headimg`='/Uploads/images/20160707221651577e64535397a.jpg',`status`='1' WHERE ( id=3 ) [ RunTime:0.0331s ]
INFO: [ app_end ] --START--
INFO: Run Behavior\ShowPageTraceBehavior [ RunTime:0.000506s ]
INFO: [ app_end ] --END-- [ RunTime:0.000579s ]

[ 2016-07-09T10:52:35+08:00 ] 123.160.231.237 /index.php/Pangu/Index/tuan.html
INFO: [ app_init ] --START--
INFO: Run Behavior\BuildLiteBehavior [ RunTime:0.000013s ]
INFO: [ app_init ] --END-- [ RunTime:0.000270s ]
INFO: [ app_begin ] --START--
INFO: Run Behavior\ReadHtmlCacheBehavior [ RunTime:0.000356s ]
INFO: [ app_begin ] --END-- [ RunTime:0.000400s ]
NOTIC: [8192] mysql_connect(): The mysql extension is deprecated and will be removed in the future: use mysqli or PDO instead /alidata/www/boxi/ThinkPHP/Library/Think/Session/Driver/Db.class.php 第 95 行.
SQL: select b.*,sum(case when a.tid = b.id then 1 else 0 end) as count from pg_tuan b left join pg_user a on a.tid = b.id group by b.id [ RunTime:0.0006s ]
INFO: [ view_parse ] --START--
INFO: [ template_filter ] --START--
INFO: Run Behavior\ContentReplaceBehavior [ RunTime:0.000056s ]
INFO: [ template_filter ] --END-- [ RunTime:0.000112s ]
NOTIC: [8] Undefined variable: type /alidata/www/boxi/Application/Runtime/Cache/Pangu/626695119ef1a45710c8e8472c129e4f.php 第 38 行.
NOTIC: [8] Undefined variable: type /alidata/www/boxi/Application/Runtime/Cache/Pangu/626695119ef1a45710c8e8472c129e4f.php 第 72 行.
NOTIC: [8] Undefined variable: type /alidata/www/boxi/Application/Runtime/Cache/Pangu/626695119ef1a45710c8e8472c129e4f.php 第 72 行.
NOTIC: [8] Undefined variable: type /alidata/www/boxi/Application/Runtime/Cache/Pangu/626695119ef1a45710c8e8472c129e4f.php 第 72 行.
NOTIC: [8] Undefined variable: page /alidata/www/boxi/Application/Runtime/Cache/Pangu/626695119ef1a45710c8e8472c129e4f.php 第 79 行.
INFO: Run Behavior\ParseTemplateBehavior [ RunTime:0.007627s ]
INFO: [ view_parse ] --END-- [ RunTime:0.007688s ]
INFO: [ view_filter ] --START--
INFO: Run Behavior\WriteHtmlCacheBehavior [ RunTime:0.000166s ]
INFO: [ view_filter ] --END-- [ RunTime:0.000204s ]
INFO: [ app_end ] --START--
INFO: Run Behavior\ShowPageTraceBehavior [ RunTime:0.000429s ]
INFO: [ app_end ] --END-- [ RunTime:0.000480s ]

[ 2016-07-09T10:52:35+08:00 ] 123.160.231.237 /index.php/Pangu/Index/,/Uploads/images/20160709105210578066da31577.jpg
INFO: [ app_init ] --START--
INFO: Run Behavior\BuildLiteBehavior [ RunTime:0.000015s ]
INFO: [ app_init ] --END-- [ RunTime:0.000293s ]

[ 2016-07-09T10:52:35+08:00 ] 123.160.231.237 /index.php/Pangu/Index/,/Uploads/images/20160709105221578066e58b15b.jpg
INFO: [ app_init ] --START--
INFO: Run Behavior\BuildLiteBehavior [ RunTime:0.000016s ]
INFO: [ app_init ] --END-- [ RunTime:0.000297s ]

[ 2016-07-09T10:52:35+08:00 ] 123.160.231.237 /index.php/Pangu/Index/,/Uploads/images/20160709105232578066f0b8a68.jpg
INFO: [ app_init ] --START--
INFO: Run Behavior\BuildLiteBehavior [ RunTime:0.000014s ]
INFO: [ app_init ] --END-- [ RunTime:0.000303s ]

[ 2016-07-09T10:52:35+08:00 ] 123.160.231.237 /index.php/Pangu/Index/skin/default/skin.css
INFO: [ app_init ] --START--
INFO: Run Behavior\BuildLiteBehavior [ RunTime:0.000016s ]
INFO: [ app_init ] --END-- [ RunTime:0.000323s ]
INFO: [ app_begin ] --START--
INFO: Run Behavior\ReadHtmlCacheBehavior [ RunTime:0.000366s ]
INFO: [ app_begin ] --END-- [ RunTime:0.000411s ]
NOTIC: [8192] mysql_connect(): The mysql extension is deprecated and will be removed in the future: use mysqli or PDO instead /alidata/www/boxi/ThinkPHP/Library/Think/Session/Driver/Db.class.php 第 95 行.
ERR: 非法操作:skin

[ 2016-07-09T10:57:30+08:00 ] 123.160.231.237 /index.php/Pangu/Index/llist.html
INFO: [ app_init ] --START--
INFO: Run Behavior\BuildLiteBehavior [ RunTime:0.000017s ]
INFO: [ app_init ] --END-- [ RunTime:0.000294s ]
INFO: [ app_begin ] --START--
INFO: Run Behavior\ReadHtmlCacheBehavior [ RunTime:0.000372s ]
INFO: [ app_begin ] --END-- [ RunTime:0.000416s ]
NOTIC: [8192] mysql_connect(): The mysql extension is deprecated and will be removed in the future: use mysqli or PDO instead /alidata/www/boxi/ThinkPHP/Library/Think/Session/Driver/Db.class.php 第 95 行.
SQL: select b.*,sum(case when a.lid = b.id then 1 else 0 end) as count from pg_list b left join pg_user a on a.lid = b.id group by b.id [ RunTime:0.0007s ]
INFO: [ view_parse ] --START--
INFO: [ template_filter ] --START--
INFO: Run Behavior\ContentReplaceBehavior [ RunTime:0.000053s ]
INFO: [ template_filter ] --END-- [ RunTime:0.000096s ]
NOTIC: [8] Undefined variable: type /alidata/www/boxi/Application/Runtime/Cache/Pangu/e2213d5746dc61755bc7f12c24127cb0.php 第 38 行.
NOTIC: [8] Undefined variable: type /alidata/www/boxi/Application/Runtime/Cache/Pangu/e2213d5746dc61755bc7f12c24127cb0.php 第 82 行.
NOTIC: [8] Undefined variable: type /alidata/www/boxi/Application/Runtime/Cache/Pangu/e2213d5746dc61755bc7f12c24127cb0.php 第 82 行.
NOTIC: [8] Undefined variable: type /alidata/www/boxi/Application/Runtime/Cache/Pangu/e2213d5746dc61755bc7f12c24127cb0.php 第 82 行.
NOTIC: [8] Undefined variable: type /alidata/www/boxi/Application/Runtime/Cache/Pangu/e2213d5746dc61755bc7f12c24127cb0.php 第 82 行.
NOTIC: [8] Undefined variable: type /alidata/www/boxi/Application/Runtime/Cache/Pangu/e2213d5746dc61755bc7f12c24127cb0.php 第 82 行.
NOTIC: [8] Undefined variable: type /alidata/www/boxi/Application/Runtime/Cache/Pangu/e2213d5746dc61755bc7f12c24127cb0.php 第 82 行.
NOTIC: [8] Undefined variable: type /alidata/www/boxi/Application/Runtime/Cache/Pangu/e2213d5746dc61755bc7f12c24127cb0.php 第 82 行.
NOTIC: [8] Undefined variable: type /alidata/www/boxi/Application/Runtime/Cache/Pangu/e2213d5746dc61755bc7f12c24127cb0.php 第 82 行.
NOTIC: [8] Undefined variable: page /alidata/www/boxi/Application/Runtime/Cache/Pangu/e2213d5746dc61755bc7f12c24127cb0.php 第 89 行.
INFO: Run Behavior\ParseTemplateBehavior [ RunTime:0.007401s ]
INFO: [ view_parse ] --END-- [ RunTime:0.007445s ]
INFO: [ view_filter ] --START--
INFO: Run Behavior\WriteHtmlCacheBehavior [ RunTime:0.000151s ]
INFO: [ view_filter ] --END-- [ RunTime:0.000186s ]
INFO: [ app_end ] --START--
INFO: Run Behavior\ShowPageTraceBehavior [ RunTime:0.000383s ]
INFO: [ app_end ] --END-- [ RunTime:0.000427s ]

[ 2016-07-09T10:57:30+08:00 ] 123.160.231.237 /index.php/Pangu/Index/,/Uploads/images/20160707230940577e70b4383d9.jpg,/Uploads/images/20160707230940577e70b47aca8.jpg,/Uploads/images/20160707230940577e70b49db5d.jpg,/Uploads/images/20160707230940577e70b4b5c3a.jpg,/Uploads/images/20160707230940577e70b4d4763.jpg,/Uploads/images/20160707230940577e70b4f06cf.jpg,/Uploads/images/20160707230941577e70b5306f6.jpg
INFO: [ app_init ] --START--
INFO: Run Behavior\BuildLiteBehavior [ RunTime:0.000022s ]
INFO: [ app_init ] --END-- [ RunTime:0.009334s ]

[ 2016-07-09T10:57:30+08:00 ] 123.160.231.237 /index.php/Pangu/Index/,/Uploads/images/20160707233027577e7593520ee.jpg
INFO: [ app_init ] --START--
INFO: Run Behavior\BuildLiteBehavior [ RunTime:0.000017s ]
INFO: [ app_init ] --END-- [ RunTime:0.000286s ]

[ 2016-07-09T10:57:30+08:00 ] 123.160.231.237 /index.php/Pangu/Index/,/Uploads/images/20160707231149577e7135bb6f3.jpg
INFO: [ app_init ] --START--
INFO: Run Behavior\BuildLiteBehavior [ RunTime:0.000015s ]
INFO: [ app_init ] --END-- [ RunTime:0.000347s ]

[ 2016-07-09T10:57:30+08:00 ] 123.160.231.237 /index.php/Pangu/Index/,/Uploads/images/20160708102304577f0e880795c.jpg
INFO: [ app_init ] --START--
INFO: Run Behavior\BuildLiteBehavior [ RunTime:0.000015s ]
INFO: [ app_init ] --END-- [ RunTime:0.000298s ]

[ 2016-07-09T10:57:30+08:00 ] 123.160.231.237 /index.php/Pangu/Index/,/Uploads/images/20160707231100577e7104c7be7.jpg,/Uploads/images/20160707231101577e710520ff9.jpg,/Uploads/images/20160707231101577e710538a6d.jpg,/Uploads/images/20160707231102577e71064b9f0.jpg,/Uploads/images/20160707231103577e71077bf12.gif
INFO: [ app_init ] --START--
INFO: Run Behavior\BuildLiteBehavior [ RunTime:0.000013s ]
INFO: [ app_init ] --END-- [ RunTime:0.000280s ]

[ 2016-07-09T10:57:30+08:00 ] 123.160.231.237 /index.php/Pangu/Index/skin/default/skin.css
INFO: [ app_init ] --START--
INFO: Run Behavior\BuildLiteBehavior [ RunTime:0.000015s ]
INFO: [ app_init ] --END-- [ RunTime:0.000287s ]
INFO: [ app_begin ] --START--
INFO: Run Behavior\ReadHtmlCacheBehavior [ RunTime:0.000344s ]
INFO: [ app_begin ] --END-- [ RunTime:0.000405s ]
NOTIC: [8192] mysql_connect(): The mysql extension is deprecated and will be removed in the future: use mysqli or PDO instead /alidata/www/boxi/ThinkPHP/Library/Think/Session/Driver/Db.class.php 第 95 行.
ERR: 非法操作:skin

[ 2016-07-09T10:57:33+08:00 ] 123.160.231.237 /index.php/Pangu/Index/edit.html?table=list&type=&id=5
INFO: [ app_init ] --START--
INFO: Run Behavior\BuildLiteBehavior [ RunTime:0.000022s ]
INFO: [ app_init ] --END-- [ RunTime:0.000333s ]
INFO: [ app_begin ] --START--
INFO: Run Behavior\ReadHtmlCacheBehavior [ RunTime:0.000366s ]
INFO: [ app_begin ] --END-- [ RunTime:0.000415s ]
NOTIC: [8192] mysql_connect(): The mysql extension is deprecated and will be removed in the future: use mysqli or PDO instead /alidata/www/boxi/ThinkPHP/Library/Think/Session/Driver/Db.class.php 第 95 行.
SQL: SHOW COLUMNS FROM `pg_list` [ RunTime:0.0008s ]
SQL: SELECT * FROM `pg_list` WHERE ( id=5 ) LIMIT 1   [ RunTime:0.0002s ]
INFO: [ view_parse ] --START--
INFO: [ template_filter ] --START--
INFO: Run Behavior\ContentReplaceBehavior [ RunTime:0.000064s ]
INFO: [ template_filter ] --END-- [ RunTime:0.007575s ]
NOTIC: [8] Undefined variable: type /alidata/www/boxi/Application/Runtime/Cache/Pangu/c223a00cf22e8ad3444bf3ee38b6f4f5.php 第 28 行.
NOTIC: [8] Undefined index: wap_lb2 /alidata/www/boxi/Application/Runtime/Cache/Pangu/c223a00cf22e8ad3444bf3ee38b6f4f5.php 第 93 行.
NOTIC: [8] Undefined variable: templets /alidata/www/boxi/Application/Runtime/Cache/Pangu/c223a00cf22e8ad3444bf3ee38b6f4f5.php 第 171 行.
NOTIC: [8] Undefined variable: templets /alidata/www/boxi/Application/Runtime/Cache/Pangu/c223a00cf22e8ad3444bf3ee38b6f4f5.php 第 202 行.
INFO: Run Behavior\ParseTemplateBehavior [ RunTime:0.027519s ]
INFO: [ view_parse ] --END-- [ RunTime:0.027562s ]
INFO: [ view_filter ] --START--
INFO: Run Behavior\WriteHtmlCacheBehavior [ RunTime:0.000164s ]
INFO: [ view_filter ] --END-- [ RunTime:0.000201s ]
INFO: [ app_end ] --START--
INFO: Run Behavior\ShowPageTraceBehavior [ RunTime:0.005924s ]
INFO: [ app_end ] --END-- [ RunTime:0.005974s ]

[ 2016-07-09T10:57:33+08:00 ] 123.160.231.237 /index.php/Pangu/Index/
INFO: [ app_init ] --START--
INFO: Run Behavior\BuildLiteBehavior [ RunTime:0.000021s ]
INFO: [ app_init ] --END-- [ RunTime:0.000413s ]
INFO: [ app_begin ] --START--
INFO: Run Behavior\ReadHtmlCacheBehavior [ RunTime:0.000517s ]
INFO: [ app_begin ] --END-- [ RunTime:0.000584s ]
NOTIC: [8192] mysql_connect(): The mysql extension is deprecated and will be removed in the future: use mysqli or PDO instead /alidata/www/boxi/ThinkPHP/Library/Think/Session/Driver/Db.class.php 第 95 行.
INFO: [ view_parse ] --START--
INFO: [ template_filter ] --START--
INFO: Run Behavior\ContentReplaceBehavior [ RunTime:0.000049s ]
INFO: [ template_filter ] --END-- [ RunTime:0.000101s ]
INFO: Run Behavior\ParseTemplateBehavior [ RunTime:0.006091s ]
INFO: [ view_parse ] --END-- [ RunTime:0.006159s ]
INFO: [ view_filter ] --START--
INFO: Run Behavior\WriteHtmlCacheBehavior [ RunTime:0.000137s ]
INFO: [ view_filter ] --END-- [ RunTime:0.000173s ]
INFO: [ app_end ] --START--
INFO: Run Behavior\ShowPageTraceBehavior [ RunTime:0.000392s ]
INFO: [ app_end ] --END-- [ RunTime:0.000433s ]

[ 2016-07-09T10:57:33+08:00 ] 123.160.231.237 /index.php/Pangu/Index/
INFO: [ app_init ] --START--
INFO: Run Behavior\BuildLiteBehavior [ RunTime:0.000018s ]
INFO: [ app_init ] --END-- [ RunTime:0.000299s ]
INFO: [ app_begin ] --START--
INFO: Run Behavior\ReadHtmlCacheBehavior [ RunTime:0.000347s ]
INFO: [ app_begin ] --END-- [ RunTime:0.000391s ]
NOTIC: [8192] mysql_connect(): The mysql extension is deprecated and will be removed in the future: use mysqli or PDO instead /alidata/www/boxi/ThinkPHP/Library/Think/Session/Driver/Db.class.php 第 95 行.
INFO: [ view_parse ] --START--
INFO: [ template_filter ] --START--
INFO: Run Behavior\ContentReplaceBehavior [ RunTime:0.000051s ]
INFO: [ template_filter ] --END-- [ RunTime:0.000101s ]
INFO: Run Behavior\ParseTemplateBehavior [ RunTime:0.005941s ]
INFO: [ view_parse ] --END-- [ RunTime:0.005985s ]
INFO: [ view_filter ] --START--
INFO: Run Behavior\WriteHtmlCacheBehavior [ RunTime:0.000134s ]
INFO: [ view_filter ] --END-- [ RunTime:0.000170s ]
INFO: [ app_end ] --START--
INFO: Run Behavior\ShowPageTraceBehavior [ RunTime:0.000375s ]
INFO: [ app_end ] --END-- [ RunTime:0.000416s ]

[ 2016-07-09T10:57:41+08:00 ] 123.160.231.237 /index.php/Pangu/Index/do_edit.html?table=list&id=5
INFO: [ app_init ] --START--
INFO: Run Behavior\BuildLiteBehavior [ RunTime:0.000021s ]
INFO: [ app_init ] --END-- [ RunTime:0.000336s ]
INFO: [ app_begin ] --START--
INFO: Run Behavior\ReadHtmlCacheBehavior [ RunTime:0.000369s ]
INFO: [ app_begin ] --END-- [ RunTime:0.000413s ]
NOTIC: [8192] mysql_connect(): The mysql extension is deprecated and will be removed in the future: use mysqli or PDO instead /alidata/www/boxi/ThinkPHP/Library/Think/Session/Driver/Db.class.php 第 95 行.
SQL: SHOW COLUMNS FROM `pg_list` [ RunTime:0.0008s ]
SQL: UPDATE `pg_list` SET `type`=' ER71257MP',`name`='西门子 燃气灶',`m`='1899',`m1`='1299',`p1`='50',`m2`='1199',`p2`='100',`m3`='999',`p3`='200',`image`=',/Uploads/images/20160708102304577f0e880795c.jpg',`headimg`='/Uploads/images/2016070910574057806824d1e8a.jpg' WHERE ( id=5 ) [ RunTime:0.0192s ]
INFO: [ app_end ] --START--
INFO: Run Behavior\ShowPageTraceBehavior [ RunTime:0.000498s ]
INFO: [ app_end ] --END-- [ RunTime:0.000543s ]

[ 2016-07-09T10:58:02+08:00 ] 123.160.231.237 /index.php/Pangu/Index/llist.html
INFO: [ app_init ] --START--
INFO: Run Behavior\BuildLiteBehavior [ RunTime:0.000018s ]
INFO: [ app_init ] --END-- [ RunTime:0.000320s ]
INFO: [ app_begin ] --START--
INFO: Run Behavior\ReadHtmlCacheBehavior [ RunTime:0.000363s ]
INFO: [ app_begin ] --END-- [ RunTime:0.000426s ]
NOTIC: [8192] mysql_connect(): The mysql extension is deprecated and will be removed in the future: use mysqli or PDO instead /alidata/www/boxi/ThinkPHP/Library/Think/Session/Driver/Db.class.php 第 95 行.
SQL: select b.*,sum(case when a.lid = b.id then 1 else 0 end) as count from pg_list b left join pg_user a on a.lid = b.id group by b.id [ RunTime:0.0007s ]
INFO: [ view_parse ] --START--
INFO: [ template_filter ] --START--
INFO: Run Behavior\ContentReplaceBehavior [ RunTime:0.000078s ]
INFO: [ template_filter ] --END-- [ RunTime:0.000131s ]
NOTIC: [8] Undefined variable: type /alidata/www/boxi/Application/Runtime/Cache/Pangu/e2213d5746dc61755bc7f12c24127cb0.php 第 38 行.
NOTIC: [8] Undefined variable: type /alidata/www/boxi/Application/Runtime/Cache/Pangu/e2213d5746dc61755bc7f12c24127cb0.php 第 82 行.
NOTIC: [8] Undefined variable: type /alidata/www/boxi/Application/Runtime/Cache/Pangu/e2213d5746dc61755bc7f12c24127cb0.php 第 82 行.
NOTIC: [8] Undefined variable: type /alidata/www/boxi/Application/Runtime/Cache/Pangu/e2213d5746dc61755bc7f12c24127cb0.php 第 82 行.
NOTIC: [8] Undefined variable: type /alidata/www/boxi/Application/Runtime/Cache/Pangu/e2213d5746dc61755bc7f12c24127cb0.php 第 82 行.
NOTIC: [8] Undefined variable: type /alidata/www/boxi/Application/Runtime/Cache/Pangu/e2213d5746dc61755bc7f12c24127cb0.php 第 82 行.
NOTIC: [8] Undefined variable: type /alidata/www/boxi/Application/Runtime/Cache/Pangu/e2213d5746dc61755bc7f12c24127cb0.php 第 82 行.
NOTIC: [8] Undefined variable: type /alidata/www/boxi/Application/Runtime/Cache/Pangu/e2213d5746dc61755bc7f12c24127cb0.php 第 82 行.
NOTIC: [8] Undefined variable: type /alidata/www/boxi/Application/Runtime/Cache/Pangu/e2213d5746dc61755bc7f12c24127cb0.php 第 82 行.
NOTIC: [8] Undefined variable: page /alidata/www/boxi/Application/Runtime/Cache/Pangu/e2213d5746dc61755bc7f12c24127cb0.php 第 89 行.
INFO: Run Behavior\ParseTemplateBehavior [ RunTime:0.010080s ]
INFO: [ view_parse ] --END-- [ RunTime:0.010134s ]
INFO: [ view_filter ] --START--
INFO: Run Behavior\WriteHtmlCacheBehavior [ RunTime:0.000144s ]
INFO: [ view_filter ] --END-- [ RunTime:0.000190s ]
INFO: [ app_end ] --START--
INFO: Run Behavior\ShowPageTraceBehavior [ RunTime:0.000417s ]
INFO: [ app_end ] --END-- [ RunTime:0.000464s ]

[ 2016-07-09T10:58:02+08:00 ] 123.160.231.237 /index.php/Pangu/Index/,/Uploads/images/20160707231100577e7104c7be7.jpg,/Uploads/images/20160707231101577e710520ff9.jpg,/Uploads/images/20160707231101577e710538a6d.jpg,/Uploads/images/20160707231102577e71064b9f0.jpg,/Uploads/images/20160707231103577e71077bf12.gif
INFO: [ app_init ] --START--
INFO: Run Behavior\BuildLiteBehavior [ RunTime:0.000022s ]
INFO: [ app_init ] --END-- [ RunTime:0.000324s ]

[ 2016-07-09T10:58:02+08:00 ] 123.160.231.237 /index.php/Pangu/Index/,/Uploads/images/20160707230940577e70b4383d9.jpg,/Uploads/images/20160707230940577e70b47aca8.jpg,/Uploads/images/20160707230940577e70b49db5d.jpg,/Uploads/images/20160707230940577e70b4b5c3a.jpg,/Uploads/images/20160707230940577e70b4d4763.jpg,/Uploads/images/20160707230940577e70b4f06cf.jpg,/Uploads/images/20160707230941577e70b5306f6.jpg
INFO: [ app_init ] --START--
INFO: Run Behavior\BuildLiteBehavior [ RunTime:0.000020s ]
INFO: [ app_init ] --END-- [ RunTime:0.000327s ]

[ 2016-07-09T10:58:02+08:00 ] 123.160.231.237 /index.php/Pangu/Index/,/Uploads/images/20160707233027577e7593520ee.jpg
INFO: [ app_init ] --START--
INFO: Run Behavior\BuildLiteBehavior [ RunTime:0.000014s ]
INFO: [ app_init ] --END-- [ RunTime:0.000276s ]

[ 2016-07-09T10:58:02+08:00 ] 123.160.231.237 /index.php/Pangu/Index/,/Uploads/images/20160707231149577e7135bb6f3.jpg
INFO: [ app_init ] --START--
INFO: Run Behavior\BuildLiteBehavior [ RunTime:0.000015s ]
INFO: [ app_init ] --END-- [ RunTime:0.000339s ]

[ 2016-07-09T10:58:02+08:00 ] 123.160.231.237 /index.php/Pangu/Index/,/Uploads/images/20160708102304577f0e880795c.jpg
INFO: [ app_init ] --START--
INFO: Run Behavior\BuildLiteBehavior [ RunTime:0.000015s ]
INFO: [ app_init ] --END-- [ RunTime:0.000283s ]

[ 2016-07-09T10:58:02+08:00 ] 123.160.231.237 /index.php/Pangu/Index/skin/default/skin.css
INFO: [ app_init ] --START--
INFO: Run Behavior\BuildLiteBehavior [ RunTime:0.000017s ]
INFO: [ app_init ] --END-- [ RunTime:0.000709s ]
INFO: [ app_begin ] --START--
INFO: Run Behavior\ReadHtmlCacheBehavior [ RunTime:0.000350s ]
INFO: [ app_begin ] --END-- [ RunTime:0.000395s ]
NOTIC: [8192] mysql_connect(): The mysql extension is deprecated and will be removed in the future: use mysqli or PDO instead /alidata/www/boxi/ThinkPHP/Library/Think/Session/Driver/Db.class.php 第 95 行.
ERR: 非法操作:skin

[ 2016-07-09T10:58:07+08:00 ] 123.160.231.237 /index.php/Pangu/Index/llist.html
INFO: [ app_init ] --START--
INFO: Run Behavior\BuildLiteBehavior [ RunTime:0.000013s ]
INFO: [ app_init ] --END-- [ RunTime:0.000274s ]
INFO: [ app_begin ] --START--
INFO: Run Behavior\ReadHtmlCacheBehavior [ RunTime:0.000339s ]
INFO: [ app_begin ] --END-- [ RunTime:0.000381s ]
NOTIC: [8192] mysql_connect(): The mysql extension is deprecated and will be removed in the future: use mysqli or PDO instead /alidata/www/boxi/ThinkPHP/Library/Think/Session/Driver/Db.class.php 第 95 行.
SQL: select b.*,sum(case when a.lid = b.id then 1 else 0 end) as count from pg_list b left join pg_user a on a.lid = b.id group by b.id [ RunTime:0.0007s ]
INFO: [ view_parse ] --START--
INFO: [ template_filter ] --START--
INFO: Run Behavior\ContentReplaceBehavior [ RunTime:0.000090s ]
INFO: [ template_filter ] --END-- [ RunTime:0.000153s ]
NOTIC: [8] Undefined variable: type /alidata/www/boxi/Application/Runtime/Cache/Pangu/e2213d5746dc61755bc7f12c24127cb0.php 第 38 行.
NOTIC: [8] Undefined variable: type /alidata/www/boxi/Application/Runtime/Cache/Pangu/e2213d5746dc61755bc7f12c24127cb0.php 第 82 行.
NOTIC: [8] Undefined variable: type /alidata/www/boxi/Application/Runtime/Cache/Pangu/e2213d5746dc61755bc7f12c24127cb0.php 第 82 行.
NOTIC: [8] Undefined variable: type /alidata/www/boxi/Application/Runtime/Cache/Pangu/e2213d5746dc61755bc7f12c24127cb0.php 第 82 行.
NOTIC: [8] Undefined variable: type /alidata/www/boxi/Application/Runtime/Cache/Pangu/e2213d5746dc61755bc7f12c24127cb0.php 第 82 行.
NOTIC: [8] Undefined variable: type /alidata/www/boxi/Application/Runtime/Cache/Pangu/e2213d5746dc61755bc7f12c24127cb0.php 第 82 行.
NOTIC: [8] Undefined variable: type /alidata/www/boxi/Application/Runtime/Cache/Pangu/e2213d5746dc61755bc7f12c24127cb0.php 第 82 行.
NOTIC: [8] Undefined variable: type /alidata/www/boxi/Application/Runtime/Cache/Pangu/e2213d5746dc61755bc7f12c24127cb0.php 第 82 行.
NOTIC: [8] Undefined variable: type /alidata/www/boxi/Application/Runtime/Cache/Pangu/e2213d5746dc61755bc7f12c24127cb0.php 第 82 行.
NOTIC: [8] Undefined variable: page /alidata/www/boxi/Application/Runtime/Cache/Pangu/e2213d5746dc61755bc7f12c24127cb0.php 第 89 行.
INFO: Run Behavior\ParseTemplateBehavior [ RunTime:0.007713s ]
INFO: [ view_parse ] --END-- [ RunTime:0.007758s ]
INFO: [ view_filter ] --START--
INFO: Run Behavior\WriteHtmlCacheBehavior [ RunTime:0.000144s ]
INFO: [ view_filter ] --END-- [ RunTime:0.000185s ]
INFO: [ app_end ] --START--
INFO: Run Behavior\ShowPageTraceBehavior [ RunTime:0.000410s ]
INFO: [ app_end ] --END-- [ RunTime:0.000454s ]

[ 2016-07-09T10:58:07+08:00 ] 123.160.231.237 /index.php/Pangu/Index/llist.html
INFO: [ app_init ] --START--
INFO: Run Behavior\BuildLiteBehavior [ RunTime:0.000019s ]
INFO: [ app_init ] --END-- [ RunTime:0.000327s ]
INFO: [ app_begin ] --START--
INFO: Run Behavior\ReadHtmlCacheBehavior [ RunTime:0.000386s ]
INFO: [ app_begin ] --END-- [ RunTime:0.000439s ]
NOTIC: [8192] mysql_connect(): The mysql extension is deprecated and will be removed in the future: use mysqli or PDO instead /alidata/www/boxi/ThinkPHP/Library/Think/Session/Driver/Db.class.php 第 95 行.
SQL: select b.*,sum(case when a.lid = b.id then 1 else 0 end) as count from pg_list b left join pg_user a on a.lid = b.id group by b.id [ RunTime:0.0007s ]
INFO: [ view_parse ] --START--
INFO: [ template_filter ] --START--
INFO: Run Behavior\ContentReplaceBehavior [ RunTime:0.000069s ]
INFO: [ template_filter ] --END-- [ RunTime:0.000133s ]
NOTIC: [8] Undefined variable: type /alidata/www/boxi/Application/Runtime/Cache/Pangu/e2213d5746dc61755bc7f12c24127cb0.php 第 38 行.
NOTIC: [8] Undefined variable: type /alidata/www/boxi/Application/Runtime/Cache/Pangu/e2213d5746dc61755bc7f12c24127cb0.php 第 82 行.
NOTIC: [8] Undefined variable: type /alidata/www/boxi/Application/Runtime/Cache/Pangu/e2213d5746dc61755bc7f12c24127cb0.php 第 82 行.
NOTIC: [8] Undefined variable: type /alidata/www/boxi/Application/Runtime/Cache/Pangu/e2213d5746dc61755bc7f12c24127cb0.php 第 82 行.
NOTIC: [8] Undefined variable: type /alidata/www/boxi/Application/Runtime/Cache/Pangu/e2213d5746dc61755bc7f12c24127cb0.php 第 82 行.
NOTIC: [8] Undefined variable: type /alidata/www/boxi/Application/Runtime/Cache/Pangu/e2213d5746dc61755bc7f12c24127cb0.php 第 82 行.
NOTIC: [8] Undefined variable: type /alidata/www/boxi/Application/Runtime/Cache/Pangu/e2213d5746dc61755bc7f12c24127cb0.php 第 82 行.
NOTIC: [8] Undefined variable: type /alidata/www/boxi/Application/Runtime/Cache/Pangu/e2213d5746dc61755bc7f12c24127cb0.php 第 82 行.
NOTIC: [8] Undefined variable: type /alidata/www/boxi/Application/Runtime/Cache/Pangu/e2213d5746dc61755bc7f12c24127cb0.php 第 82 行.
NOTIC: [8] Undefined variable: page /alidata/www/boxi/Application/Runtime/Cache/Pangu/e2213d5746dc61755bc7f12c24127cb0.php 第 89 行.
INFO: Run Behavior\ParseTemplateBehavior [ RunTime:0.008476s ]
INFO: [ view_parse ] --END-- [ RunTime:0.008534s ]
INFO: [ view_filter ] --START--
INFO: Run Behavior\WriteHtmlCacheBehavior [ RunTime:0.000144s ]
INFO: [ view_filter ] --END-- [ RunTime:0.000199s ]
INFO: [ app_end ] --START--
INFO: Run Behavior\ShowPageTraceBehavior [ RunTime:0.000423s ]
INFO: [ app_end ] --END-- [ RunTime:0.000469s ]

[ 2016-07-09T10:58:07+08:00 ] 123.160.231.237 /index.php/Pangu/Index/,/Uploads/images/20160707231149577e7135bb6f3.jpg
INFO: [ app_init ] --START--
INFO: Run Behavior\BuildLiteBehavior [ RunTime:0.000018s ]
INFO: [ app_init ] --END-- [ RunTime:0.000309s ]

[ 2016-07-09T10:58:07+08:00 ] 123.160.231.237 /index.php/Pangu/Index/,/Uploads/images/20160707230940577e70b4383d9.jpg,/Uploads/images/20160707230940577e70b47aca8.jpg,/Uploads/images/20160707230940577e70b49db5d.jpg,/Uploads/images/20160707230940577e70b4b5c3a.jpg,/Uploads/images/20160707230940577e70b4d4763.jpg,/Uploads/images/20160707230940577e70b4f06cf.jpg,/Uploads/images/20160707230941577e70b5306f6.jpg
INFO: [ app_init ] --START--
INFO: Run Behavior\BuildLiteBehavior [ RunTime:0.000017s ]
INFO: [ app_init ] --END-- [ RunTime:0.000307s ]

[ 2016-07-09T10:58:07+08:00 ] 123.160.231.237 /index.php/Pangu/Index/,/Uploads/images/20160707231100577e7104c7be7.jpg,/Uploads/images/20160707231101577e710520ff9.jpg,/Uploads/images/20160707231101577e710538a6d.jpg,/Uploads/images/20160707231102577e71064b9f0.jpg,/Uploads/images/20160707231103577e71077bf12.gif
INFO: [ app_init ] --START--
INFO: Run Behavior\BuildLiteBehavior [ RunTime:0.000017s ]
INFO: [ app_init ] --END-- [ RunTime:0.000319s ]

[ 2016-07-09T10:58:07+08:00 ] 123.160.231.237 /index.php/Pangu/Index/,/Uploads/images/20160708102304577f0e880795c.jpg
INFO: [ app_init ] --START--
INFO: Run Behavior\BuildLiteBehavior [ RunTime:0.000013s ]
INFO: [ app_init ] --END-- [ RunTime:0.000280s ]

[ 2016-07-09T10:58:07+08:00 ] 123.160.231.237 /index.php/Pangu/Index/,/Uploads/images/20160707233027577e7593520ee.jpg
INFO: [ app_init ] --START--
INFO: Run Behavior\BuildLiteBehavior [ RunTime:0.000017s ]
INFO: [ app_init ] --END-- [ RunTime:0.000303s ]

[ 2016-07-09T10:58:07+08:00 ] 123.160.231.237 /index.php/Pangu/Index/skin/default/skin.css
INFO: [ app_init ] --START--
INFO: Run Behavior\BuildLiteBehavior [ RunTime:0.000014s ]
INFO: [ app_init ] --END-- [ RunTime:0.000285s ]
INFO: [ app_begin ] --START--
INFO: Run Behavior\ReadHtmlCacheBehavior [ RunTime:0.000432s ]
INFO: [ app_begin ] --END-- [ RunTime:0.000476s ]
NOTIC: [8192] mysql_connect(): The mysql extension is deprecated and will be removed in the future: use mysqli or PDO instead /alidata/www/boxi/ThinkPHP/Library/Think/Session/Driver/Db.class.php 第 95 行.
ERR: 非法操作:skin

[ 2016-07-09T10:58:08+08:00 ] 123.160.231.237 /index.php/Pangu/Index/tuan.html
INFO: [ app_init ] --START--
INFO: Run Behavior\BuildLiteBehavior [ RunTime:0.000015s ]
INFO: [ app_init ] --END-- [ RunTime:0.000368s ]
INFO: [ app_begin ] --START--
INFO: Run Behavior\ReadHtmlCacheBehavior [ RunTime:0.000431s ]
INFO: [ app_begin ] --END-- [ RunTime:0.000476s ]
NOTIC: [8192] mysql_connect(): The mysql extension is deprecated and will be removed in the future: use mysqli or PDO instead /alidata/www/boxi/ThinkPHP/Library/Think/Session/Driver/Db.class.php 第 95 行.
SQL: select b.*,sum(case when a.tid = b.id then 1 else 0 end) as count from pg_tuan b left join pg_user a on a.tid = b.id group by b.id [ RunTime:0.0005s ]
INFO: [ view_parse ] --START--
INFO: [ template_filter ] --START--
INFO: Run Behavior\ContentReplaceBehavior [ RunTime:0.000058s ]
INFO: [ template_filter ] --END-- [ RunTime:0.000117s ]
NOTIC: [8] Undefined variable: type /alidata/www/boxi/Application/Runtime/Cache/Pangu/626695119ef1a45710c8e8472c129e4f.php 第 38 行.
NOTIC: [8] Undefined variable: type /alidata/www/boxi/Application/Runtime/Cache/Pangu/626695119ef1a45710c8e8472c129e4f.php 第 72 行.
NOTIC: [8] Undefined variable: type /alidata/www/boxi/Application/Runtime/Cache/Pangu/626695119ef1a45710c8e8472c129e4f.php 第 72 行.
NOTIC: [8] Undefined variable: type /alidata/www/boxi/Application/Runtime/Cache/Pangu/626695119ef1a45710c8e8472c129e4f.php 第 72 行.
NOTIC: [8] Undefined variable: page /alidata/www/boxi/Application/Runtime/Cache/Pangu/626695119ef1a45710c8e8472c129e4f.php 第 79 行.
INFO: Run Behavior\ParseTemplateBehavior [ RunTime:0.017021s ]
INFO: [ view_parse ] --END-- [ RunTime:0.017074s ]
INFO: [ view_filter ] --START--
INFO: Run Behavior\WriteHtmlCacheBehavior [ RunTime:0.000184s ]
INFO: [ view_filter ] --END-- [ RunTime:0.000221s ]
INFO: [ app_end ] --START--
INFO: Run Behavior\ShowPageTraceBehavior [ RunTime:0.000398s ]
INFO: [ app_end ] --END-- [ RunTime:0.000438s ]

[ 2016-07-09T10:58:08+08:00 ] 123.160.231.237 /index.php/Pangu/Index/tuan.html
INFO: [ app_init ] --START--
INFO: Run Behavior\BuildLiteBehavior [ RunTime:0.000017s ]
INFO: [ app_init ] --END-- [ RunTime:0.002366s ]
INFO: [ app_begin ] --START--
INFO: Run Behavior\ReadHtmlCacheBehavior [ RunTime:0.000370s ]
INFO: [ app_begin ] --END-- [ RunTime:0.000413s ]
NOTIC: [8192] mysql_connect(): The mysql extension is deprecated and will be removed in the future: use mysqli or PDO instead /alidata/www/boxi/ThinkPHP/Library/Think/Session/Driver/Db.class.php 第 95 行.
SQL: select b.*,sum(case when a.tid = b.id then 1 else 0 end) as count from pg_tuan b left join pg_user a on a.tid = b.id group by b.id [ RunTime:0.0006s ]
INFO: [ view_parse ] --START--
INFO: [ template_filter ] --START--
INFO: Run Behavior\ContentReplaceBehavior [ RunTime:0.000054s ]
INFO: [ template_filter ] --END-- [ RunTime:0.000107s ]
NOTIC: [8] Undefined variable: type /alidata/www/boxi/Application/Runtime/Cache/Pangu/626695119ef1a45710c8e8472c129e4f.php 第 38 行.
NOTIC: [8] Undefined variable: type /alidata/www/boxi/Application/Runtime/Cache/Pangu/626695119ef1a45710c8e8472c129e4f.php 第 72 行.
NOTIC: [8] Undefined variable: type /alidata/www/boxi/Application/Runtime/Cache/Pangu/626695119ef1a45710c8e8472c129e4f.php 第 72 行.
NOTIC: [8] Undefined variable: type /alidata/www/boxi/Application/Runtime/Cache/Pangu/626695119ef1a45710c8e8472c129e4f.php 第 72 行.
NOTIC: [8] Undefined variable: page /alidata/www/boxi/Application/Runtime/Cache/Pangu/626695119ef1a45710c8e8472c129e4f.php 第 79 行.
INFO: Run Behavior\ParseTemplateBehavior [ RunTime:0.012932s ]
INFO: [ view_parse ] --END-- [ RunTime:0.012977s ]
INFO: [ view_filter ] --START--
INFO: Run Behavior\WriteHtmlCacheBehavior [ RunTime:0.000142s ]
INFO: [ view_filter ] --END-- [ RunTime:0.000187s ]
INFO: [ app_end ] --START--
INFO: Run Behavior\ShowPageTraceBehavior [ RunTime:0.001900s ]
INFO: [ app_end ] --END-- [ RunTime:0.001945s ]

[ 2016-07-09T10:58:08+08:00 ] 123.160.231.237 /index.php/Pangu/Index/,/Uploads/images/20160709105232578066f0b8a68.jpg
INFO: [ app_init ] --START--
INFO: Run Behavior\BuildLiteBehavior [ RunTime:0.000020s ]
INFO: [ app_init ] --END-- [ RunTime:0.008416s ]

[ 2016-07-09T10:58:08+08:00 ] 123.160.231.237 /index.php/Pangu/Index/,/Uploads/images/20160709105221578066e58b15b.jpg
INFO: [ app_init ] --START--
INFO: Run Behavior\BuildLiteBehavior [ RunTime:0.000016s ]
INFO: [ app_init ] --END-- [ RunTime:0.000335s ]

[ 2016-07-09T10:58:08+08:00 ] 123.160.231.237 /index.php/Pangu/Index/,/Uploads/images/20160709105210578066da31577.jpg
INFO: [ app_init ] --START--
INFO: Run Behavior\BuildLiteBehavior [ RunTime:0.000019s ]
INFO: [ app_init ] --END-- [ RunTime:0.000363s ]

[ 2016-07-09T10:58:08+08:00 ] 123.160.231.237 /index.php/Pangu/Index/skin/default/skin.css
INFO: [ app_init ] --START--
INFO: Run Behavior\BuildLiteBehavior [ RunTime:0.000014s ]
INFO: [ app_init ] --END-- [ RunTime:0.000282s ]
INFO: [ app_begin ] --START--
INFO: Run Behavior\ReadHtmlCacheBehavior [ RunTime:0.000347s ]
INFO: [ app_begin ] --END-- [ RunTime:0.000390s ]
NOTIC: [8192] mysql_connect(): The mysql extension is deprecated and will be removed in the future: use mysqli or PDO instead /alidata/www/boxi/ThinkPHP/Library/Think/Session/Driver/Db.class.php 第 95 行.
ERR: 非法操作:skin

[ 2016-07-09T10:58:10+08:00 ] 123.160.231.237 /index.php/Pangu/Index/llist.html
INFO: [ app_init ] --START--
INFO: Run Behavior\BuildLiteBehavior [ RunTime:0.000020s ]
INFO: [ app_init ] --END-- [ RunTime:0.000292s ]
INFO: [ app_begin ] --START--
INFO: Run Behavior\ReadHtmlCacheBehavior [ RunTime:0.000341s ]
INFO: [ app_begin ] --END-- [ RunTime:0.000385s ]
NOTIC: [8192] mysql_connect(): The mysql extension is deprecated and will be removed in the future: use mysqli or PDO instead /alidata/www/boxi/ThinkPHP/Library/Think/Session/Driver/Db.class.php 第 95 行.
SQL: select b.*,sum(case when a.lid = b.id then 1 else 0 end) as count from pg_list b left join pg_user a on a.lid = b.id group by b.id [ RunTime:0.0006s ]
INFO: [ view_parse ] --START--
INFO: [ template_filter ] --START--
INFO: Run Behavior\ContentReplaceBehavior [ RunTime:0.000088s ]
INFO: [ template_filter ] --END-- [ RunTime:0.000145s ]
NOTIC: [8] Undefined variable: type /alidata/www/boxi/Application/Runtime/Cache/Pangu/e2213d5746dc61755bc7f12c24127cb0.php 第 38 行.
NOTIC: [8] Undefined variable: type /alidata/www/boxi/Application/Runtime/Cache/Pangu/e2213d5746dc61755bc7f12c24127cb0.php 第 82 行.
NOTIC: [8] Undefined variable: type /alidata/www/boxi/Application/Runtime/Cache/Pangu/e2213d5746dc61755bc7f12c24127cb0.php 第 82 行.
NOTIC: [8] Undefined variable: type /alidata/www/boxi/Application/Runtime/Cache/Pangu/e2213d5746dc61755bc7f12c24127cb0.php 第 82 行.
NOTIC: [8] Undefined variable: type /alidata/www/boxi/Application/Runtime/Cache/Pangu/e2213d5746dc61755bc7f12c24127cb0.php 第 82 行.
NOTIC: [8] Undefined variable: type /alidata/www/boxi/Application/Runtime/Cache/Pangu/e2213d5746dc61755bc7f12c24127cb0.php 第 82 行.
NOTIC: [8] Undefined variable: type /alidata/www/boxi/Application/Runtime/Cache/Pangu/e2213d5746dc61755bc7f12c24127cb0.php 第 82 行.
NOTIC: [8] Undefined variable: type /alidata/www/boxi/Application/Runtime/Cache/Pangu/e2213d5746dc61755bc7f12c24127cb0.php 第 82 行.
NOTIC: [8] Undefined variable: type /alidata/www/boxi/Application/Runtime/Cache/Pangu/e2213d5746dc61755bc7f12c24127cb0.php 第 82 行.
NOTIC: [8] Undefined variable: page /alidata/www/boxi/Application/Runtime/Cache/Pangu/e2213d5746dc61755bc7f12c24127cb0.php 第 89 行.
INFO: Run Behavior\ParseTemplateBehavior [ RunTime:0.007989s ]
INFO: [ view_parse ] --END-- [ RunTime:0.008050s ]
INFO: [ view_filter ] --START--
INFO: Run Behavior\WriteHtmlCacheBehavior [ RunTime:0.000214s ]
INFO: [ view_filter ] --END-- [ RunTime:0.000255s ]
INFO: [ app_end ] --START--
INFO: Run Behavior\ShowPageTraceBehavior [ RunTime:0.000438s ]
INFO: [ app_end ] --END-- [ RunTime:0.000483s ]

[ 2016-07-09T10:58:10+08:00 ] 123.160.231.237 /index.php/Pangu/Index/,/Uploads/images/20160707233027577e7593520ee.jpg
INFO: [ app_init ] --START--
INFO: Run Behavior\BuildLiteBehavior [ RunTime:0.000019s ]
INFO: [ app_init ] --END-- [ RunTime:0.000317s ]

[ 2016-07-09T10:58:10+08:00 ] 123.160.231.237 /index.php/Pangu/Index/,/Uploads/images/20160707230940577e70b4383d9.jpg,/Uploads/images/20160707230940577e70b47aca8.jpg,/Uploads/images/20160707230940577e70b49db5d.jpg,/Uploads/images/20160707230940577e70b4b5c3a.jpg,/Uploads/images/20160707230940577e70b4d4763.jpg,/Uploads/images/20160707230940577e70b4f06cf.jpg,/Uploads/images/20160707230941577e70b5306f6.jpg
INFO: [ app_init ] --START--
INFO: Run Behavior\BuildLiteBehavior [ RunTime:0.000013s ]
INFO: [ app_init ] --END-- [ RunTime:0.000264s ]

[ 2016-07-09T10:58:10+08:00 ] 123.160.231.237 /index.php/Pangu/Index/,/Uploads/images/20160707231149577e7135bb6f3.jpg
INFO: [ app_init ] --START--
INFO: Run Behavior\BuildLiteBehavior [ RunTime:0.000013s ]
INFO: [ app_init ] --END-- [ RunTime:0.000283s ]

[ 2016-07-09T10:58:10+08:00 ] 123.160.231.237 /index.php/Pangu/Index/,/Uploads/images/20160707231100577e7104c7be7.jpg,/Uploads/images/20160707231101577e710520ff9.jpg,/Uploads/images/20160707231101577e710538a6d.jpg,/Uploads/images/20160707231102577e71064b9f0.jpg,/Uploads/images/20160707231103577e71077bf12.gif
INFO: [ app_init ] --START--
INFO: Run Behavior\BuildLiteBehavior [ RunTime:0.000014s ]
INFO: [ app_init ] --END-- [ RunTime:0.000285s ]

[ 2016-07-09T10:58:10+08:00 ] 123.160.231.237 /index.php/Pangu/Index/,/Uploads/images/20160708102304577f0e880795c.jpg
INFO: [ app_init ] --START--
INFO: Run Behavior\BuildLiteBehavior [ RunTime:0.000013s ]
INFO: [ app_init ] --END-- [ RunTime:0.000280s ]

[ 2016-07-09T10:58:10+08:00 ] 123.160.231.237 /index.php/Pangu/Index/skin/default/skin.css
INFO: [ app_init ] --START--
INFO: Run Behavior\BuildLiteBehavior [ RunTime:0.000017s ]
INFO: [ app_init ] --END-- [ RunTime:0.000300s ]
INFO: [ app_begin ] --START--
INFO: Run Behavior\ReadHtmlCacheBehavior [ RunTime:0.000364s ]
INFO: [ app_begin ] --END-- [ RunTime:0.000407s ]
NOTIC: [8192] mysql_connect(): The mysql extension is deprecated and will be removed in the future: use mysqli or PDO instead /alidata/www/boxi/ThinkPHP/Library/Think/Session/Driver/Db.class.php 第 95 行.
ERR: 非法操作:skin

[ 2016-07-09T12:55:35+08:00 ] 171.8.189.252 /index.php/Pangu/index/index
INFO: [ app_init ] --START--
INFO: Run Behavior\BuildLiteBehavior [ RunTime:0.000013s ]
INFO: [ app_init ] --END-- [ RunTime:0.000326s ]
INFO: [ app_begin ] --START--
INFO: Run Behavior\ReadHtmlCacheBehavior [ RunTime:0.000390s ]
INFO: [ app_begin ] --END-- [ RunTime:0.000437s ]
NOTIC: [8192] mysql_connect(): The mysql extension is deprecated and will be removed in the future: use mysqli or PDO instead /alidata/www/boxi/ThinkPHP/Library/Think/Session/Driver/Db.class.php 第 95 行.
INFO: [ view_parse ] --START--
INFO: [ template_filter ] --START--
INFO: Run Behavior\ContentReplaceBehavior [ RunTime:0.000055s ]
INFO: [ template_filter ] --END-- [ RunTime:0.000115s ]
INFO: Run Behavior\ParseTemplateBehavior [ RunTime:0.006387s ]
INFO: [ view_parse ] --END-- [ RunTime:0.006435s ]
INFO: [ view_filter ] --START--
INFO: Run Behavior\WriteHtmlCacheBehavior [ RunTime:0.000169s ]
INFO: [ view_filter ] --END-- [ RunTime:0.000207s ]
INFO: [ app_end ] --START--
INFO: Run Behavior\ShowPageTraceBehavior [ RunTime:0.000460s ]
INFO: [ app_end ] --END-- [ RunTime:0.000506s ]

[ 2016-07-09T12:55:36+08:00 ] 171.8.189.252 /index.php/Pangu/Index/welcome.html
INFO: [ app_init ] --START--
INFO: Run Behavior\BuildLiteBehavior [ RunTime:0.000014s ]
INFO: [ app_init ] --END-- [ RunTime:0.000340s ]
INFO: [ app_begin ] --START--
INFO: Run Behavior\ReadHtmlCacheBehavior [ RunTime:0.000365s ]
INFO: [ app_begin ] --END-- [ RunTime:0.000408s ]
NOTIC: [8192] mysql_connect(): The mysql extension is deprecated and will be removed in the future: use mysqli or PDO instead /alidata/www/boxi/ThinkPHP/Library/Think/Session/Driver/Db.class.php 第 95 行.
NOTIC: [8] Undefined index: SystemRoot /alidata/www/boxi/Application/Pangu/Controller/IndexController.class.php 第 30 行.
INFO: [ view_parse ] --START--
INFO: [ template_filter ] --START--
INFO: Run Behavior\ContentReplaceBehavior [ RunTime:0.000054s ]
INFO: [ template_filter ] --END-- [ RunTime:0.000124s ]
INFO: Run Behavior\ParseTemplateBehavior [ RunTime:0.006178s ]
INFO: [ view_parse ] --END-- [ RunTime:0.006238s ]
INFO: [ view_filter ] --START--
INFO: Run Behavior\WriteHtmlCacheBehavior [ RunTime:0.000185s ]
INFO: [ view_filter ] --END-- [ RunTime:0.000222s ]
INFO: [ app_end ] --START--
INFO: Run Behavior\ShowPageTraceBehavior [ RunTime:0.000448s ]
INFO: [ app_end ] --END-- [ RunTime:0.000492s ]

[ 2016-07-09T12:55:36+08:00 ] 171.8.189.252 /index.php/Pangu/Index/skin/default/skin.css
INFO: [ app_init ] --START--
INFO: Run Behavior\BuildLiteBehavior [ RunTime:0.000013s ]
INFO: [ app_init ] --END-- [ RunTime:0.000280s ]
INFO: [ app_begin ] --START--
INFO: Run Behavior\ReadHtmlCacheBehavior [ RunTime:0.000337s ]
INFO: [ app_begin ] --END-- [ RunTime:0.000380s ]
NOTIC: [8192] mysql_connect(): The mysql extension is deprecated and will be removed in the future: use mysqli or PDO instead /alidata/www/boxi/ThinkPHP/Library/Think/Session/Driver/Db.class.php 第 95 行.
ERR: 非法操作:skin

[ 2016-07-09T12:55:36+08:00 ] 171.8.189.252 /index.php/Pangu/index/skin/default/skin.css
INFO: [ app_init ] --START--
INFO: Run Behavior\BuildLiteBehavior [ RunTime:0.000018s ]
INFO: [ app_init ] --END-- [ RunTime:0.000311s ]
INFO: [ app_begin ] --START--
INFO: Run Behavior\ReadHtmlCacheBehavior [ RunTime:0.000354s ]
INFO: [ app_begin ] --END-- [ RunTime:0.000397s ]
NOTIC: [8192] mysql_connect(): The mysql extension is deprecated and will be removed in the future: use mysqli or PDO instead /alidata/www/boxi/ThinkPHP/Library/Think/Session/Driver/Db.class.php 第 95 行.
ERR: 非法操作:skin

[ 2016-07-09T12:55:38+08:00 ] 171.8.189.252 /index.php/Pangu/Index/llist.html
INFO: [ app_init ] --START--
INFO: Run Behavior\BuildLiteBehavior [ RunTime:0.000013s ]
INFO: [ app_init ] --END-- [ RunTime:0.000283s ]
INFO: [ app_begin ] --START--
INFO: Run Behavior\ReadHtmlCacheBehavior [ RunTime:0.000460s ]
INFO: [ app_begin ] --END-- [ RunTime:0.000505s ]
NOTIC: [8192] mysql_connect(): The mysql extension is deprecated and will be removed in the future: use mysqli or PDO instead /alidata/www/boxi/ThinkPHP/Library/Think/Session/Driver/Db.class.php 第 95 行.
SQL: select b.*,sum(case when a.lid = b.id then 1 else 0 end) as count from pg_list b left join pg_user a on a.lid = b.id group by b.id [ RunTime:0.0006s ]
INFO: [ view_parse ] --START--
INFO: [ template_filter ] --START--
INFO: Run Behavior\ContentReplaceBehavior [ RunTime:0.000049s ]
INFO: [ template_filter ] --END-- [ RunTime:0.000092s ]
NOTIC: [8] Undefined variable: type /alidata/www/boxi/Application/Runtime/Cache/Pangu/e2213d5746dc61755bc7f12c24127cb0.php 第 38 行.
NOTIC: [8] Undefined variable: type /alidata/www/boxi/Application/Runtime/Cache/Pangu/e2213d5746dc61755bc7f12c24127cb0.php 第 82 行.
NOTIC: [8] Undefined variable: type /alidata/www/boxi/Application/Runtime/Cache/Pangu/e2213d5746dc61755bc7f12c24127cb0.php 第 82 行.
NOTIC: [8] Undefined variable: type /alidata/www/boxi/Application/Runtime/Cache/Pangu/e2213d5746dc61755bc7f12c24127cb0.php 第 82 行.
NOTIC: [8] Undefined variable: type /alidata/www/boxi/Application/Runtime/Cache/Pangu/e2213d5746dc61755bc7f12c24127cb0.php 第 82 行.
NOTIC: [8] Undefined variable: type /alidata/www/boxi/Application/Runtime/Cache/Pangu/e2213d5746dc61755bc7f12c24127cb0.php 第 82 行.
NOTIC: [8] Undefined variable: type /alidata/www/boxi/Application/Runtime/Cache/Pangu/e2213d5746dc61755bc7f12c24127cb0.php 第 82 行.
NOTIC: [8] Undefined variable: type /alidata/www/boxi/Application/Runtime/Cache/Pangu/e2213d5746dc61755bc7f12c24127cb0.php 第 82 行.
NOTIC: [8] Undefined variable: type /alidata/www/boxi/Application/Runtime/Cache/Pangu/e2213d5746dc61755bc7f12c24127cb0.php 第 82 行.
NOTIC: [8] Undefined variable: page /alidata/www/boxi/Application/Runtime/Cache/Pangu/e2213d5746dc61755bc7f12c24127cb0.php 第 89 行.
INFO: Run Behavior\ParseTemplateBehavior [ RunTime:0.007832s ]
INFO: [ view_parse ] --END-- [ RunTime:0.007877s ]
INFO: [ view_filter ] --START--
INFO: Run Behavior\WriteHtmlCacheBehavior [ RunTime:0.000144s ]
INFO: [ view_filter ] --END-- [ RunTime:0.000180s ]
INFO: [ app_end ] --START--
INFO: Run Behavior\ShowPageTraceBehavior [ RunTime:0.000512s ]
INFO: [ app_end ] --END-- [ RunTime:0.000556s ]

[ 2016-07-09T12:55:38+08:00 ] 171.8.189.252 /index.php/Pangu/Index/,/Uploads/images/20160707230940577e70b4383d9.jpg,/Uploads/images/20160707230940577e70b47aca8.jpg,/Uploads/images/20160707230940577e70b49db5d.jpg,/Uploads/images/20160707230940577e70b4b5c3a.jpg,/Uploads/images/20160707230940577e70b4d4763.jpg,/Uploads/images/20160707230940577e70b4f06cf.jpg,/Uploads/images/20160707230941577e70b5306f6.jpg
INFO: [ app_init ] --START--
INFO: Run Behavior\BuildLiteBehavior [ RunTime:0.000015s ]
INFO: [ app_init ] --END-- [ RunTime:0.000324s ]

[ 2016-07-09T12:55:38+08:00 ] 171.8.189.252 /index.php/Pangu/Index/,/Uploads/images/20160707233027577e7593520ee.jpg
INFO: [ app_init ] --START--
INFO: Run Behavior\BuildLiteBehavior [ RunTime:0.000013s ]
INFO: [ app_init ] --END-- [ RunTime:0.000273s ]

[ 2016-07-09T12:55:38+08:00 ] 171.8.189.252 /index.php/Pangu/Index/,/Uploads/images/20160707231100577e7104c7be7.jpg,/Uploads/images/20160707231101577e710520ff9.jpg,/Uploads/images/20160707231101577e710538a6d.jpg,/Uploads/images/20160707231102577e71064b9f0.jpg,/Uploads/images/20160707231103577e71077bf12.gif
INFO: [ app_init ] --START--
INFO: Run Behavior\BuildLiteBehavior [ RunTime:0.000013s ]
INFO: [ app_init ] --END-- [ RunTime:0.000307s ]

[ 2016-07-09T12:55:38+08:00 ] 171.8.189.252 /index.php/Pangu/Index/,/Uploads/images/20160708102304577f0e880795c.jpg
INFO: [ app_init ] --START--
INFO: Run Behavior\BuildLiteBehavior [ RunTime:0.000014s ]
INFO: [ app_init ] --END-- [ RunTime:0.000279s ]

[ 2016-07-09T12:55:38+08:00 ] 171.8.189.252 /index.php/Pangu/Index/,/Uploads/images/20160707231149577e7135bb6f3.jpg
INFO: [ app_init ] --START--
INFO: Run Behavior\BuildLiteBehavior [ RunTime:0.000014s ]
INFO: [ app_init ] --END-- [ RunTime:0.000284s ]

[ 2016-07-09T12:55:38+08:00 ] 171.8.189.252 /index.php/Pangu/Index/skin/default/skin.css
INFO: [ app_init ] --START--
INFO: Run Behavior\BuildLiteBehavior [ RunTime:0.000020s ]
INFO: [ app_init ] --END-- [ RunTime:0.000320s ]
INFO: [ app_begin ] --START--
INFO: Run Behavior\ReadHtmlCacheBehavior [ RunTime:0.000369s ]
INFO: [ app_begin ] --END-- [ RunTime:0.000417s ]
NOTIC: [8192] mysql_connect(): The mysql extension is deprecated and will be removed in the future: use mysqli or PDO instead /alidata/www/boxi/ThinkPHP/Library/Think/Session/Driver/Db.class.php 第 95 行.
ERR: 非法操作:skin

[ 2016-07-09T12:55:39+08:00 ] 171.8.189.252 /index.php/Pangu/Index/edit.html?table=list&type=&id=5
INFO: [ app_init ] --START--
INFO: Run Behavior\BuildLiteBehavior [ RunTime:0.000015s ]
INFO: [ app_init ] --END-- [ RunTime:0.000325s ]
INFO: [ app_begin ] --START--
INFO: Run Behavior\ReadHtmlCacheBehavior [ RunTime:0.000384s ]
INFO: [ app_begin ] --END-- [ RunTime:0.000439s ]
NOTIC: [8192] mysql_connect(): The mysql extension is deprecated and will be removed in the future: use mysqli or PDO instead /alidata/www/boxi/ThinkPHP/Library/Think/Session/Driver/Db.class.php 第 95 行.
SQL: SHOW COLUMNS FROM `pg_list` [ RunTime:0.0009s ]
SQL: SELECT * FROM `pg_list` WHERE ( id=5 ) LIMIT 1   [ RunTime:0.0002s ]
INFO: [ view_parse ] --START--
INFO: [ template_filter ] --START--
INFO: Run Behavior\ContentReplaceBehavior [ RunTime:0.000060s ]
INFO: [ template_filter ] --END-- [ RunTime:0.000107s ]
NOTIC: [8] Undefined variable: type /alidata/www/boxi/Application/Runtime/Cache/Pangu/c223a00cf22e8ad3444bf3ee38b6f4f5.php 第 28 行.
NOTIC: [8] Undefined index: wap_lb2 /alidata/www/boxi/Application/Runtime/Cache/Pangu/c223a00cf22e8ad3444bf3ee38b6f4f5.php 第 93 行.
NOTIC: [8] Undefined variable: templets /alidata/www/boxi/Application/Runtime/Cache/Pangu/c223a00cf22e8ad3444bf3ee38b6f4f5.php 第 171 行.
NOTIC: [8] Undefined variable: templets /alidata/www/boxi/Application/Runtime/Cache/Pangu/c223a00cf22e8ad3444bf3ee38b6f4f5.php 第 202 行.
INFO: Run Behavior\ParseTemplateBehavior [ RunTime:0.007282s ]
INFO: [ view_parse ] --END-- [ RunTime:0.007323s ]
INFO: [ view_filter ] --START--
INFO: Run Behavior\WriteHtmlCacheBehavior [ RunTime:0.000147s ]
INFO: [ view_filter ] --END-- [ RunTime:0.000182s ]
INFO: [ app_end ] --START--
INFO: Run Behavior\ShowPageTraceBehavior [ RunTime:0.000406s ]
INFO: [ app_end ] --END-- [ RunTime:0.000449s ]

[ 2016-07-09T12:55:40+08:00 ] 171.8.189.252 /index.php/Pangu/Index/
INFO: [ app_init ] --START--
INFO: Run Behavior\BuildLiteBehavior [ RunTime:0.000015s ]
INFO: [ app_init ] --END-- [ RunTime:0.000290s ]
INFO: [ app_begin ] --START--
INFO: Run Behavior\ReadHtmlCacheBehavior [ RunTime:0.000455s ]
INFO: [ app_begin ] --END-- [ RunTime:0.000533s ]
NOTIC: [8192] mysql_connect(): The mysql extension is deprecated and will be removed in the future: use mysqli or PDO instead /alidata/www/boxi/ThinkPHP/Library/Think/Session/Driver/Db.class.php 第 95 行.
INFO: [ view_parse ] --START--
INFO: [ template_filter ] --START--
INFO: Run Behavior\ContentReplaceBehavior [ RunTime:0.000049s ]
INFO: [ template_filter ] --END-- [ RunTime:0.000093s ]
INFO: Run Behavior\ParseTemplateBehavior [ RunTime:0.006028s ]
INFO: [ view_parse ] --END-- [ RunTime:0.006072s ]
INFO: [ view_filter ] --START--
INFO: Run Behavior\WriteHtmlCacheBehavior [ RunTime:0.000141s ]
INFO: [ view_filter ] --END-- [ RunTime:0.000177s ]
INFO: [ app_end ] --START--
INFO: Run Behavior\ShowPageTraceBehavior [ RunTime:0.000391s ]
INFO: [ app_end ] --END-- [ RunTime:0.000432s ]

[ 2016-07-09T12:55:40+08:00 ] 171.8.189.252 /index.php/Pangu/Index/
INFO: [ app_init ] --START--
INFO: Run Behavior\BuildLiteBehavior [ RunTime:0.000014s ]
INFO: [ app_init ] --END-- [ RunTime:0.000288s ]
INFO: [ app_begin ] --START--
INFO: Run Behavior\ReadHtmlCacheBehavior [ RunTime:0.000338s ]
INFO: [ app_begin ] --END-- [ RunTime:0.000381s ]
NOTIC: [8192] mysql_connect(): The mysql extension is deprecated and will be removed in the future: use mysqli or PDO instead /alidata/www/boxi/ThinkPHP/Library/Think/Session/Driver/Db.class.php 第 95 行.
INFO: [ view_parse ] --START--
INFO: [ template_filter ] --START--
INFO: Run Behavior\ContentReplaceBehavior [ RunTime:0.000133s ]
INFO: [ template_filter ] --END-- [ RunTime:0.000200s ]
INFO: Run Behavior\ParseTemplateBehavior [ RunTime:0.006220s ]
INFO: [ view_parse ] --END-- [ RunTime:0.006274s ]
INFO: [ view_filter ] --START--
INFO: Run Behavior\WriteHtmlCacheBehavior [ RunTime:0.000198s ]
INFO: [ view_filter ] --END-- [ RunTime:0.000259s ]
INFO: [ app_end ] --START--
INFO: Run Behavior\ShowPageTraceBehavior [ RunTime:0.000393s ]
INFO: [ app_end ] --END-- [ RunTime:0.000449s ]

[ 2016-07-09T12:55:52+08:00 ] 171.8.189.252 /index.php/Pangu/Index/do_edit.html?table=list&id=5
INFO: [ app_init ] --START--
INFO: Run Behavior\BuildLiteBehavior [ RunTime:0.000014s ]
INFO: [ app_init ] --END-- [ RunTime:0.000292s ]
INFO: [ app_begin ] --START--
INFO: Run Behavior\ReadHtmlCacheBehavior [ RunTime:0.000352s ]
INFO: [ app_begin ] --END-- [ RunTime:0.000395s ]
NOTIC: [8192] mysql_connect(): The mysql extension is deprecated and will be removed in the future: use mysqli or PDO instead /alidata/www/boxi/ThinkPHP/Library/Think/Session/Driver/Db.class.php 第 95 行.
SQL: SHOW COLUMNS FROM `pg_list` [ RunTime:0.0009s ]
SQL: UPDATE `pg_list` SET `type`=' ER71257MP',`name`='西门子 燃气灶',`m`='1899',`m1`='1299',`p1`='50',`m2`='1199',`p2`='100',`m3`='999',`p3`='200',`image`=',/Uploads/images/20160708102304577f0e880795c.jpg',`headimg`='/Uploads/images/20160709125551578083d7917e4.jpg' WHERE ( id=5 ) [ RunTime:0.0058s ]
INFO: [ app_end ] --START--
INFO: Run Behavior\ShowPageTraceBehavior [ RunTime:0.000583s ]
INFO: [ app_end ] --END-- [ RunTime:0.000632s ]

[ 2016-07-09T12:55:53+08:00 ] 171.8.189.252 /index.php/Pangu/Index/llist.html
INFO: [ app_init ] --START--
INFO: Run Behavior\BuildLiteBehavior [ RunTime:0.000025s ]
INFO: [ app_init ] --END-- [ RunTime:0.000488s ]
INFO: [ app_begin ] --START--
INFO: Run Behavior\ReadHtmlCacheBehavior [ RunTime:0.000389s ]
INFO: [ app_begin ] --END-- [ RunTime:0.000447s ]
NOTIC: [8192] mysql_connect(): The mysql extension is deprecated and will be removed in the future: use mysqli or PDO instead /alidata/www/boxi/ThinkPHP/Library/Think/Session/Driver/Db.class.php 第 95 行.
SQL: select b.*,sum(case when a.lid = b.id then 1 else 0 end) as count from pg_list b left join pg_user a on a.lid = b.id group by b.id [ RunTime:0.0007s ]
INFO: [ view_parse ] --START--
INFO: [ template_filter ] --START--
INFO: Run Behavior\ContentReplaceBehavior [ RunTime:0.000056s ]
INFO: [ template_filter ] --END-- [ RunTime:0.000103s ]
NOTIC: [8] Undefined variable: type /alidata/www/boxi/Application/Runtime/Cache/Pangu/e2213d5746dc61755bc7f12c24127cb0.php 第 38 行.
NOTIC: [8] Undefined variable: type /alidata/www/boxi/Application/Runtime/Cache/Pangu/e2213d5746dc61755bc7f12c24127cb0.php 第 82 行.
NOTIC: [8] Undefined variable: type /alidata/www/boxi/Application/Runtime/Cache/Pangu/e2213d5746dc61755bc7f12c24127cb0.php 第 82 行.
NOTIC: [8] Undefined variable: type /alidata/www/boxi/Application/Runtime/Cache/Pangu/e2213d5746dc61755bc7f12c24127cb0.php 第 82 行.
NOTIC: [8] Undefined variable: type /alidata/www/boxi/Application/Runtime/Cache/Pangu/e2213d5746dc61755bc7f12c24127cb0.php 第 82 行.
NOTIC: [8] Undefined variable: type /alidata/www/boxi/Application/Runtime/Cache/Pangu/e2213d5746dc61755bc7f12c24127cb0.php 第 82 行.
NOTIC: [8] Undefined variable: type /alidata/www/boxi/Application/Runtime/Cache/Pangu/e2213d5746dc61755bc7f12c24127cb0.php 第 82 行.
NOTIC: [8] Undefined variable: type /alidata/www/boxi/Application/Runtime/Cache/Pangu/e2213d5746dc61755bc7f12c24127cb0.php 第 82 行.
NOTIC: [8] Undefined variable: type /alidata/www/boxi/Application/Runtime/Cache/Pangu/e2213d5746dc61755bc7f12c24127cb0.php 第 82 行.
NOTIC: [8] Undefined variable: page /alidata/www/boxi/Application/Runtime/Cache/Pangu/e2213d5746dc61755bc7f12c24127cb0.php 第 89 行.
INFO: Run Behavior\ParseTemplateBehavior [ RunTime:0.008714s ]
INFO: [ view_parse ] --END-- [ RunTime:0.008770s ]
INFO: [ view_filter ] --START--
INFO: Run Behavior\WriteHtmlCacheBehavior [ RunTime:0.000154s ]
INFO: [ view_filter ] --END-- [ RunTime:0.000192s ]
INFO: [ app_end ] --START--
INFO: Run Behavior\ShowPageTraceBehavior [ RunTime:0.000417s ]
INFO: [ app_end ] --END-- [ RunTime:0.000463s ]

[ 2016-07-09T12:55:54+08:00 ] 171.8.189.252 /index.php/Pangu/Index/,/Uploads/images/20160707231149577e7135bb6f3.jpg
INFO: [ app_init ] --START--
INFO: Run Behavior\BuildLiteBehavior [ RunTime:0.000019s ]
INFO: [ app_init ] --END-- [ RunTime:0.000317s ]

[ 2016-07-09T12:55:54+08:00 ] 171.8.189.252 /index.php/Pangu/Index/,/Uploads/images/20160708102304577f0e880795c.jpg
INFO: [ app_init ] --START--
INFO: Run Behavior\BuildLiteBehavior [ RunTime:0.000019s ]
INFO: [ app_init ] --END-- [ RunTime:0.000308s ]

[ 2016-07-09T12:55:54+08:00 ] 171.8.189.252 /index.php/Pangu/Index/,/Uploads/images/20160707230940577e70b4383d9.jpg,/Uploads/images/20160707230940577e70b47aca8.jpg,/Uploads/images/20160707230940577e70b49db5d.jpg,/Uploads/images/20160707230940577e70b4b5c3a.jpg,/Uploads/images/20160707230940577e70b4d4763.jpg,/Uploads/images/20160707230940577e70b4f06cf.jpg,/Uploads/images/20160707230941577e70b5306f6.jpg
INFO: [ app_init ] --START--
INFO: Run Behavior\BuildLiteBehavior [ RunTime:0.000014s ]
INFO: [ app_init ] --END-- [ RunTime:0.000296s ]

[ 2016-07-09T12:55:54+08:00 ] 171.8.189.252 /index.php/Pangu/Index/,/Uploads/images/20160707231100577e7104c7be7.jpg,/Uploads/images/20160707231101577e710520ff9.jpg,/Uploads/images/20160707231101577e710538a6d.jpg,/Uploads/images/20160707231102577e71064b9f0.jpg,/Uploads/images/20160707231103577e71077bf12.gif
INFO: [ app_init ] --START--
INFO: Run Behavior\BuildLiteBehavior [ RunTime:0.000013s ]
INFO: [ app_init ] --END-- [ RunTime:0.000321s ]

[ 2016-07-09T12:55:54+08:00 ] 171.8.189.252 /index.php/Pangu/Index/,/Uploads/images/20160707233027577e7593520ee.jpg
INFO: [ app_init ] --START--
INFO: Run Behavior\BuildLiteBehavior [ RunTime:0.000015s ]
INFO: [ app_init ] --END-- [ RunTime:0.000320s ]

[ 2016-07-09T12:55:54+08:00 ] 171.8.189.252 /index.php/Pangu/Index/skin/default/skin.css
INFO: [ app_init ] --START--
INFO: Run Behavior\BuildLiteBehavior [ RunTime:0.000016s ]
INFO: [ app_init ] --END-- [ RunTime:0.000308s ]
INFO: [ app_begin ] --START--
INFO: Run Behavior\ReadHtmlCacheBehavior [ RunTime:0.000372s ]
INFO: [ app_begin ] --END-- [ RunTime:0.000416s ]
NOTIC: [8192] mysql_connect(): The mysql extension is deprecated and will be removed in the future: use mysqli or PDO instead /alidata/www/boxi/ThinkPHP/Library/Think/Session/Driver/Db.class.php 第 95 行.
ERR: 非法操作:skin

