[ 2016-07-15T09:19:35+08:00 ] 61.163.77.90 /index.php/Pangu/Index/index
INFO: [ app_init ] --START--
INFO: Run Behavior\BuildLiteBehavior [ RunTime:0.000020s ]
INFO: [ app_init ] --END-- [ RunTime:0.000340s ]
INFO: [ app_begin ] --START--
INFO: Run Behavior\ReadHtmlCacheBehavior [ RunTime:0.000450s ]
INFO: [ app_begin ] --END-- [ RunTime:0.000530s ]
NOTIC: [8192] mysql_connect(): The mysql extension is deprecated and will be removed in the future: use mysqli or PDO instead /alidata/www/boxi/ThinkPHP/Library/Think/Session/Driver/Db.class.php 第 95 行.
INFO: [ view_parse ] --START--
INFO: [ template_filter ] --START--
INFO: Run Behavior\ContentReplaceBehavior [ RunTime:0.000054s ]
INFO: [ template_filter ] --END-- [ RunTime:0.000126s ]
INFO: Run Behavior\ParseTemplateBehavior [ RunTime:0.034040s ]
INFO: [ view_parse ] --END-- [ RunTime:0.034099s ]
INFO: [ view_filter ] --START--
INFO: Run Behavior\WriteHtmlCacheBehavior [ RunTime:0.000159s ]
INFO: [ view_filter ] --END-- [ RunTime:0.000196s ]
INFO: [ app_end ] --START--
INFO: Run Behavior\ShowPageTraceBehavior [ RunTime:0.000386s ]
INFO: [ app_end ] --END-- [ RunTime:0.000428s ]

[ 2016-07-15T09:19:35+08:00 ] 61.163.77.90 /index.php/Pangu/Index/welcome.html
INFO: [ app_init ] --START--
INFO: Run Behavior\BuildLiteBehavior [ RunTime:0.000017s ]
INFO: [ app_init ] --END-- [ RunTime:0.000316s ]
INFO: [ app_begin ] --START--
INFO: Run Behavior\ReadHtmlCacheBehavior [ RunTime:0.000350s ]
INFO: [ app_begin ] --END-- [ RunTime:0.000393s ]
NOTIC: [8192] mysql_connect(): The mysql extension is deprecated and will be removed in the future: use mysqli or PDO instead /alidata/www/boxi/ThinkPHP/Library/Think/Session/Driver/Db.class.php 第 95 行.
NOTIC: [8] Undefined index: SystemRoot /alidata/www/boxi/Application/Pangu/Controller/IndexController.class.php 第 30 行.
INFO: [ view_parse ] --START--
INFO: [ template_filter ] --START--
INFO: Run Behavior\ContentReplaceBehavior [ RunTime:0.000047s ]
INFO: [ template_filter ] --END-- [ RunTime:0.000131s ]
INFO: Run Behavior\ParseTemplateBehavior [ RunTime:0.009154s ]
INFO: [ view_parse ] --END-- [ RunTime:0.009211s ]
INFO: [ view_filter ] --START--
INFO: Run Behavior\WriteHtmlCacheBehavior [ RunTime:0.000140s ]
INFO: [ view_filter ] --END-- [ RunTime:0.000177s ]
INFO: [ app_end ] --START--
INFO: Run Behavior\ShowPageTraceBehavior [ RunTime:0.000582s ]
INFO: [ app_end ] --END-- [ RunTime:0.000639s ]

[ 2016-07-15T09:19:36+08:00 ] 61.163.77.90 /index.php/Pangu/Index/skin/default/skin.css
INFO: [ app_init ] --START--
INFO: Run Behavior\BuildLiteBehavior [ RunTime:0.000014s ]
INFO: [ app_init ] --END-- [ RunTime:0.000296s ]
INFO: [ app_begin ] --START--
INFO: Run Behavior\ReadHtmlCacheBehavior [ RunTime:0.000353s ]
INFO: [ app_begin ] --END-- [ RunTime:0.000398s ]
NOTIC: [8192] mysql_connect(): The mysql extension is deprecated and will be removed in the future: use mysqli or PDO instead /alidata/www/boxi/ThinkPHP/Library/Think/Session/Driver/Db.class.php 第 95 行.
ERR: 非法操作:skin

[ 2016-07-15T09:19:37+08:00 ] 61.163.77.90 /index.php/Pangu/Index/llist.html
INFO: [ app_init ] --START--
INFO: Run Behavior\BuildLiteBehavior [ RunTime:0.000016s ]
INFO: [ app_init ] --END-- [ RunTime:0.000360s ]
INFO: [ app_begin ] --START--
INFO: Run Behavior\ReadHtmlCacheBehavior [ RunTime:0.000336s ]
INFO: [ app_begin ] --END-- [ RunTime:0.000381s ]
NOTIC: [8192] mysql_connect(): The mysql extension is deprecated and will be removed in the future: use mysqli or PDO instead /alidata/www/boxi/ThinkPHP/Library/Think/Session/Driver/Db.class.php 第 95 行.
SQL: select b.*,sum(case when a.lid = b.id then 1 else 0 end) as count from pg_list b left join pg_lrecord a on a.lid = b.id group by b.id [ RunTime:0.0028s ]
INFO: [ view_parse ] --START--
INFO: [ template_filter ] --START--
INFO: Run Behavior\ContentReplaceBehavior [ RunTime:0.000052s ]
INFO: [ template_filter ] --END-- [ RunTime:0.000105s ]
NOTIC: [8] Undefined variable: type /alidata/www/boxi/Application/Runtime/Cache/Pangu/e2213d5746dc61755bc7f12c24127cb0.php 第 38 行.
NOTIC: [8] Undefined variable: type /alidata/www/boxi/Application/Runtime/Cache/Pangu/e2213d5746dc61755bc7f12c24127cb0.php 第 82 行.
NOTIC: [8] Undefined variable: type /alidata/www/boxi/Application/Runtime/Cache/Pangu/e2213d5746dc61755bc7f12c24127cb0.php 第 82 行.
NOTIC: [8] Undefined variable: type /alidata/www/boxi/Application/Runtime/Cache/Pangu/e2213d5746dc61755bc7f12c24127cb0.php 第 82 行.
NOTIC: [8] Undefined variable: type /alidata/www/boxi/Application/Runtime/Cache/Pangu/e2213d5746dc61755bc7f12c24127cb0.php 第 82 行.
NOTIC: [8] Undefined variable: type /alidata/www/boxi/Application/Runtime/Cache/Pangu/e2213d5746dc61755bc7f12c24127cb0.php 第 82 行.
NOTIC: [8] Undefined variable: page /alidata/www/boxi/Application/Runtime/Cache/Pangu/e2213d5746dc61755bc7f12c24127cb0.php 第 89 行.
INFO: Run Behavior\ParseTemplateBehavior [ RunTime:0.035315s ]
INFO: [ view_parse ] --END-- [ RunTime:0.035361s ]
INFO: [ view_filter ] --START--
INFO: Run Behavior\WriteHtmlCacheBehavior [ RunTime:0.000164s ]
INFO: [ view_filter ] --END-- [ RunTime:0.000201s ]
INFO: [ app_end ] --START--
INFO: Run Behavior\ShowPageTraceBehavior [ RunTime:0.000399s ]
INFO: [ app_end ] --END-- [ RunTime:0.000446s ]

[ 2016-07-15T09:19:37+08:00 ] 61.163.77.90 /index.php/Pangu/Index/,/Uploads/images/20160707230940577e70b4383d9.jpg,/Uploads/images/20160707230940577e70b47aca8.jpg,/Uploads/images/20160707230940577e70b49db5d.jpg,/Uploads/images/20160707230940577e70b4b5c3a.jpg,/Uploads/images/20160707230940577e70b4d4763.jpg,/Uploads/images/20160707230940577e70b4f06cf.jpg,/Uploads/images/20160707230941577e70b5306f6.jpg
INFO: [ app_init ] --START--
INFO: Run Behavior\BuildLiteBehavior [ RunTime:0.000017s ]
INFO: [ app_init ] --END-- [ RunTime:0.000293s ]

[ 2016-07-15T09:19:37+08:00 ] 61.163.77.90 /index.php/Pangu/Index/,/Uploads/images/20160707233027577e7593520ee.jpg
INFO: [ app_init ] --START--
INFO: Run Behavior\BuildLiteBehavior [ RunTime:0.000017s ]
INFO: [ app_init ] --END-- [ RunTime:0.000304s ]

[ 2016-07-15T09:19:37+08:00 ] 61.163.77.90 /index.php/Pangu/Index/,/Uploads/images/20160707231100577e7104c7be7.jpg,/Uploads/images/20160707231101577e710520ff9.jpg,/Uploads/images/20160707231101577e710538a6d.jpg,/Uploads/images/20160707231102577e71064b9f0.jpg,/Uploads/images/20160707231103577e71077bf12.gif
INFO: [ app_init ] --START--
INFO: Run Behavior\BuildLiteBehavior [ RunTime:0.000014s ]
INFO: [ app_init ] --END-- [ RunTime:0.000304s ]

[ 2016-07-15T09:19:37+08:00 ] 61.163.77.90 /index.php/Pangu/Index/,/Uploads/images/20160707231149577e7135bb6f3.jpg
INFO: [ app_init ] --START--
INFO: Run Behavior\BuildLiteBehavior [ RunTime:0.000014s ]
INFO: [ app_init ] --END-- [ RunTime:0.000370s ]

[ 2016-07-15T09:19:37+08:00 ] 61.163.77.90 /index.php/Pangu/Index/,/Uploads/images/20160708102304577f0e880795c.jpg
INFO: [ app_init ] --START--
INFO: Run Behavior\BuildLiteBehavior [ RunTime:0.000013s ]
INFO: [ app_init ] --END-- [ RunTime:0.000402s ]

[ 2016-07-15T09:19:37+08:00 ] 61.163.77.90 /index.php/Pangu/Index/skin/default/skin.css
INFO: [ app_init ] --START--
INFO: Run Behavior\BuildLiteBehavior [ RunTime:0.000016s ]
INFO: [ app_init ] --END-- [ RunTime:0.000286s ]
INFO: [ app_begin ] --START--
INFO: Run Behavior\ReadHtmlCacheBehavior [ RunTime:0.000336s ]
INFO: [ app_begin ] --END-- [ RunTime:0.000380s ]
NOTIC: [8192] mysql_connect(): The mysql extension is deprecated and will be removed in the future: use mysqli or PDO instead /alidata/www/boxi/ThinkPHP/Library/Think/Session/Driver/Db.class.php 第 95 行.
ERR: 非法操作:skin

[ 2016-07-15T09:19:41+08:00 ] 61.163.77.90 /index.php/Pangu/Index/tuan.html
INFO: [ app_init ] --START--
INFO: Run Behavior\BuildLiteBehavior [ RunTime:0.000018s ]
INFO: [ app_init ] --END-- [ RunTime:0.000341s ]
INFO: [ app_begin ] --START--
INFO: Run Behavior\ReadHtmlCacheBehavior [ RunTime:0.000350s ]
INFO: [ app_begin ] --END-- [ RunTime:0.000394s ]
NOTIC: [8192] mysql_connect(): The mysql extension is deprecated and will be removed in the future: use mysqli or PDO instead /alidata/www/boxi/ThinkPHP/Library/Think/Session/Driver/Db.class.php 第 95 行.
SQL: select b.*,sum(case when a.tid = b.id then 1 else 0 end) as count from pg_tuan b left join pg_user a on a.tid = b.id group by b.id [ RunTime:0.0016s ]
INFO: [ view_parse ] --START--
INFO: [ template_filter ] --START--
INFO: Run Behavior\ContentReplaceBehavior [ RunTime:0.000064s ]
INFO: [ template_filter ] --END-- [ RunTime:0.000145s ]
NOTIC: [8] Undefined variable: type /alidata/www/boxi/Application/Runtime/Cache/Pangu/626695119ef1a45710c8e8472c129e4f.php 第 38 行.
NOTIC: [8] Undefined variable: type /alidata/www/boxi/Application/Runtime/Cache/Pangu/626695119ef1a45710c8e8472c129e4f.php 第 72 行.
NOTIC: [8] Undefined variable: type /alidata/www/boxi/Application/Runtime/Cache/Pangu/626695119ef1a45710c8e8472c129e4f.php 第 72 行.
NOTIC: [8] Undefined variable: type /alidata/www/boxi/Application/Runtime/Cache/Pangu/626695119ef1a45710c8e8472c129e4f.php 第 72 行.
NOTIC: [8] Undefined variable: page /alidata/www/boxi/Application/Runtime/Cache/Pangu/626695119ef1a45710c8e8472c129e4f.php 第 79 行.
INFO: Run Behavior\ParseTemplateBehavior [ RunTime:0.033995s ]
INFO: [ view_parse ] --END-- [ RunTime:0.034054s ]
INFO: [ view_filter ] --START--
INFO: Run Behavior\WriteHtmlCacheBehavior [ RunTime:0.000178s ]
INFO: [ view_filter ] --END-- [ RunTime:0.000226s ]
INFO: [ app_end ] --START--
INFO: Run Behavior\ShowPageTraceBehavior [ RunTime:0.000441s ]
INFO: [ app_end ] --END-- [ RunTime:0.000496s ]

[ 2016-07-15T09:19:41+08:00 ] 61.163.77.90 /index.php/Pangu/Index/,/Uploads/images/20160709105221578066e58b15b.jpg
INFO: [ app_init ] --START--
INFO: Run Behavior\BuildLiteBehavior [ RunTime:0.000022s ]
INFO: [ app_init ] --END-- [ RunTime:0.000421s ]

[ 2016-07-15T09:19:41+08:00 ] 61.163.77.90 /index.php/Pangu/Index/,/Uploads/images/20160709105210578066da31577.jpg
INFO: [ app_init ] --START--
INFO: Run Behavior\BuildLiteBehavior [ RunTime:0.000018s ]
INFO: [ app_init ] --END-- [ RunTime:0.000320s ]

[ 2016-07-15T09:19:41+08:00 ] 61.163.77.90 /index.php/Pangu/Index/,/Uploads/images/20160709105232578066f0b8a68.jpg
INFO: [ app_init ] --START--
INFO: Run Behavior\BuildLiteBehavior [ RunTime:0.000014s ]
INFO: [ app_init ] --END-- [ RunTime:0.000289s ]

[ 2016-07-15T09:19:41+08:00 ] 61.163.77.90 /index.php/Pangu/Index/skin/default/skin.css
INFO: [ app_init ] --START--
INFO: Run Behavior\BuildLiteBehavior [ RunTime:0.000020s ]
INFO: [ app_init ] --END-- [ RunTime:0.000317s ]
INFO: [ app_begin ] --START--
INFO: Run Behavior\ReadHtmlCacheBehavior [ RunTime:0.000371s ]
INFO: [ app_begin ] --END-- [ RunTime:0.000414s ]
NOTIC: [8192] mysql_connect(): The mysql extension is deprecated and will be removed in the future: use mysqli or PDO instead /alidata/www/boxi/ThinkPHP/Library/Think/Session/Driver/Db.class.php 第 95 行.
ERR: 非法操作:skin

[ 2016-07-15T09:20:08+08:00 ] 61.163.77.90 /index.php/Pangu/Index/llist.html
INFO: [ app_init ] --START--
INFO: Run Behavior\BuildLiteBehavior [ RunTime:0.000019s ]
INFO: [ app_init ] --END-- [ RunTime:0.000314s ]
INFO: [ app_begin ] --START--
INFO: Run Behavior\ReadHtmlCacheBehavior [ RunTime:0.000349s ]
INFO: [ app_begin ] --END-- [ RunTime:0.000394s ]
NOTIC: [8192] mysql_connect(): The mysql extension is deprecated and will be removed in the future: use mysqli or PDO instead /alidata/www/boxi/ThinkPHP/Library/Think/Session/Driver/Db.class.php 第 95 行.
SQL: select b.*,sum(case when a.lid = b.id then 1 else 0 end) as count from pg_list b left join pg_lrecord a on a.lid = b.id group by b.id [ RunTime:0.0025s ]
INFO: [ view_parse ] --START--
INFO: [ template_filter ] --START--
INFO: Run Behavior\ContentReplaceBehavior [ RunTime:0.000054s ]
INFO: [ template_filter ] --END-- [ RunTime:0.000097s ]
NOTIC: [8] Undefined variable: type /alidata/www/boxi/Application/Runtime/Cache/Pangu/e2213d5746dc61755bc7f12c24127cb0.php 第 38 行.
NOTIC: [8] Undefined variable: type /alidata/www/boxi/Application/Runtime/Cache/Pangu/e2213d5746dc61755bc7f12c24127cb0.php 第 82 行.
NOTIC: [8] Undefined variable: type /alidata/www/boxi/Application/Runtime/Cache/Pangu/e2213d5746dc61755bc7f12c24127cb0.php 第 82 行.
NOTIC: [8] Undefined variable: type /alidata/www/boxi/Application/Runtime/Cache/Pangu/e2213d5746dc61755bc7f12c24127cb0.php 第 82 行.
NOTIC: [8] Undefined variable: type /alidata/www/boxi/Application/Runtime/Cache/Pangu/e2213d5746dc61755bc7f12c24127cb0.php 第 82 行.
NOTIC: [8] Undefined variable: type /alidata/www/boxi/Application/Runtime/Cache/Pangu/e2213d5746dc61755bc7f12c24127cb0.php 第 82 行.
NOTIC: [8] Undefined variable: page /alidata/www/boxi/Application/Runtime/Cache/Pangu/e2213d5746dc61755bc7f12c24127cb0.php 第 89 行.
INFO: Run Behavior\ParseTemplateBehavior [ RunTime:0.007468s ]
INFO: [ view_parse ] --END-- [ RunTime:0.007513s ]
INFO: [ view_filter ] --START--
INFO: Run Behavior\WriteHtmlCacheBehavior [ RunTime:0.000135s ]
INFO: [ view_filter ] --END-- [ RunTime:0.000172s ]
INFO: [ app_end ] --START--
INFO: Run Behavior\ShowPageTraceBehavior [ RunTime:0.000362s ]
INFO: [ app_end ] --END-- [ RunTime:0.000406s ]

[ 2016-07-15T09:20:08+08:00 ] 61.163.77.90 /index.php/Pangu/Index/,/Uploads/images/20160707230940577e70b4383d9.jpg,/Uploads/images/20160707230940577e70b47aca8.jpg,/Uploads/images/20160707230940577e70b49db5d.jpg,/Uploads/images/20160707230940577e70b4b5c3a.jpg,/Uploads/images/20160707230940577e70b4d4763.jpg,/Uploads/images/20160707230940577e70b4f06cf.jpg,/Uploads/images/20160707230941577e70b5306f6.jpg
INFO: [ app_init ] --START--
INFO: Run Behavior\BuildLiteBehavior [ RunTime:0.000016s ]
INFO: [ app_init ] --END-- [ RunTime:0.000292s ]

[ 2016-07-15T09:20:08+08:00 ] 61.163.77.90 /index.php/Pangu/Index/,/Uploads/images/20160707233027577e7593520ee.jpg
INFO: [ app_init ] --START--
INFO: Run Behavior\BuildLiteBehavior [ RunTime:0.000017s ]
INFO: [ app_init ] --END-- [ RunTime:0.000318s ]

[ 2016-07-15T09:20:08+08:00 ] 61.163.77.90 /index.php/Pangu/Index/,/Uploads/images/20160708102304577f0e880795c.jpg
INFO: [ app_init ] --START--
INFO: Run Behavior\BuildLiteBehavior [ RunTime:0.000012s ]
INFO: [ app_init ] --END-- [ RunTime:0.000274s ]

[ 2016-07-15T09:20:08+08:00 ] 61.163.77.90 /index.php/Pangu/Index/,/Uploads/images/20160707231100577e7104c7be7.jpg,/Uploads/images/20160707231101577e710520ff9.jpg,/Uploads/images/20160707231101577e710538a6d.jpg,/Uploads/images/20160707231102577e71064b9f0.jpg,/Uploads/images/20160707231103577e71077bf12.gif
INFO: [ app_init ] --START--
INFO: Run Behavior\BuildLiteBehavior [ RunTime:0.000013s ]
INFO: [ app_init ] --END-- [ RunTime:0.000286s ]

[ 2016-07-15T09:20:08+08:00 ] 61.163.77.90 /index.php/Pangu/Index/,/Uploads/images/20160707231149577e7135bb6f3.jpg
INFO: [ app_init ] --START--
INFO: Run Behavior\BuildLiteBehavior [ RunTime:0.000012s ]
INFO: [ app_init ] --END-- [ RunTime:0.000273s ]

[ 2016-07-15T09:20:08+08:00 ] 61.163.77.90 /index.php/Pangu/Index/skin/default/skin.css
INFO: [ app_init ] --START--
INFO: Run Behavior\BuildLiteBehavior [ RunTime:0.000015s ]
INFO: [ app_init ] --END-- [ RunTime:0.000313s ]
INFO: [ app_begin ] --START--
INFO: Run Behavior\ReadHtmlCacheBehavior [ RunTime:0.000361s ]
INFO: [ app_begin ] --END-- [ RunTime:0.000404s ]
NOTIC: [8192] mysql_connect(): The mysql extension is deprecated and will be removed in the future: use mysqli or PDO instead /alidata/www/boxi/ThinkPHP/Library/Think/Session/Driver/Db.class.php 第 95 行.
ERR: 非法操作:skin

[ 2016-07-15T09:44:13+08:00 ] 61.163.77.90 /index.php/Pangu/Index/tuan.html
INFO: [ app_init ] --START--
INFO: Run Behavior\BuildLiteBehavior [ RunTime:0.000016s ]
INFO: [ app_init ] --END-- [ RunTime:0.000297s ]
INFO: [ app_begin ] --START--
INFO: Run Behavior\ReadHtmlCacheBehavior [ RunTime:0.000340s ]
INFO: [ app_begin ] --END-- [ RunTime:0.000383s ]
NOTIC: [8192] mysql_connect(): The mysql extension is deprecated and will be removed in the future: use mysqli or PDO instead /alidata/www/boxi/ThinkPHP/Library/Think/Session/Driver/Db.class.php 第 95 行.
SQL: select b.*,sum(case when a.tid = b.id then 1 else 0 end) as count from pg_tuan b left join pg_user a on a.tid = b.id group by b.id [ RunTime:0.0017s ]
INFO: [ view_parse ] --START--
INFO: [ template_filter ] --START--
INFO: Run Behavior\ContentReplaceBehavior [ RunTime:0.000057s ]
INFO: [ template_filter ] --END-- [ RunTime:0.000114s ]
NOTIC: [8] Undefined variable: type /alidata/www/boxi/Application/Runtime/Cache/Pangu/626695119ef1a45710c8e8472c129e4f.php 第 38 行.
NOTIC: [8] Undefined variable: type /alidata/www/boxi/Application/Runtime/Cache/Pangu/626695119ef1a45710c8e8472c129e4f.php 第 72 行.
NOTIC: [8] Undefined variable: type /alidata/www/boxi/Application/Runtime/Cache/Pangu/626695119ef1a45710c8e8472c129e4f.php 第 72 行.
NOTIC: [8] Undefined variable: type /alidata/www/boxi/Application/Runtime/Cache/Pangu/626695119ef1a45710c8e8472c129e4f.php 第 72 行.
NOTIC: [8] Undefined variable: page /alidata/www/boxi/Application/Runtime/Cache/Pangu/626695119ef1a45710c8e8472c129e4f.php 第 79 行.
INFO: Run Behavior\ParseTemplateBehavior [ RunTime:0.008330s ]
INFO: [ view_parse ] --END-- [ RunTime:0.008380s ]
INFO: [ view_filter ] --START--
INFO: Run Behavior\WriteHtmlCacheBehavior [ RunTime:0.000180s ]
INFO: [ view_filter ] --END-- [ RunTime:0.000227s ]
INFO: [ app_end ] --START--
INFO: Run Behavior\ShowPageTraceBehavior [ RunTime:0.000520s ]
INFO: [ app_end ] --END-- [ RunTime:0.000576s ]

[ 2016-07-15T09:44:13+08:00 ] 61.163.77.90 /index.php/Pangu/Index/,/Uploads/images/20160709105210578066da31577.jpg
INFO: [ app_init ] --START--
INFO: Run Behavior\BuildLiteBehavior [ RunTime:0.000018s ]
INFO: [ app_init ] --END-- [ RunTime:0.000397s ]

[ 2016-07-15T09:44:13+08:00 ] 61.163.77.90 /index.php/Pangu/Index/,/Uploads/images/20160709105221578066e58b15b.jpg
INFO: [ app_init ] --START--
INFO: Run Behavior\BuildLiteBehavior [ RunTime:0.000018s ]
INFO: [ app_init ] --END-- [ RunTime:0.000321s ]

[ 2016-07-15T09:44:13+08:00 ] 61.163.77.90 /index.php/Pangu/Index/,/Uploads/images/20160709105232578066f0b8a68.jpg
INFO: [ app_init ] --START--
INFO: Run Behavior\BuildLiteBehavior [ RunTime:0.000015s ]
INFO: [ app_init ] --END-- [ RunTime:0.000286s ]

[ 2016-07-15T09:44:13+08:00 ] 61.163.77.90 /index.php/Pangu/Index/skin/default/skin.css
INFO: [ app_init ] --START--
INFO: Run Behavior\BuildLiteBehavior [ RunTime:0.000012s ]
INFO: [ app_init ] --END-- [ RunTime:0.000318s ]
INFO: [ app_begin ] --START--
INFO: Run Behavior\ReadHtmlCacheBehavior [ RunTime:0.000355s ]
INFO: [ app_begin ] --END-- [ RunTime:0.000399s ]
NOTIC: [8192] mysql_connect(): The mysql extension is deprecated and will be removed in the future: use mysqli or PDO instead /alidata/www/boxi/ThinkPHP/Library/Think/Session/Driver/Db.class.php 第 95 行.
ERR: 非法操作:skin

[ 2016-07-15T09:44:52+08:00 ] 61.163.77.90 /index.php/Pangu/Index/llist.html
INFO: [ app_init ] --START--
INFO: Run Behavior\BuildLiteBehavior [ RunTime:0.000028s ]
INFO: [ app_init ] --END-- [ RunTime:0.011846s ]
INFO: [ app_begin ] --START--
INFO: Run Behavior\ReadHtmlCacheBehavior [ RunTime:0.000406s ]
INFO: [ app_begin ] --END-- [ RunTime:0.000464s ]
NOTIC: [8192] mysql_connect(): The mysql extension is deprecated and will be removed in the future: use mysqli or PDO instead /alidata/www/boxi/ThinkPHP/Library/Think/Session/Driver/Db.class.php 第 95 行.
SQL: select b.*,sum(case when a.lid = b.id then 1 else 0 end) as count from pg_list b left join pg_lrecord a on a.lid = b.id group by b.id [ RunTime:0.0025s ]
INFO: [ view_parse ] --START--
INFO: [ template_filter ] --START--
INFO: Run Behavior\ContentReplaceBehavior [ RunTime:0.000067s ]
INFO: [ template_filter ] --END-- [ RunTime:0.000135s ]
NOTIC: [8] Undefined variable: type /alidata/www/boxi/Application/Runtime/Cache/Pangu/e2213d5746dc61755bc7f12c24127cb0.php 第 38 行.
NOTIC: [8] Undefined variable: type /alidata/www/boxi/Application/Runtime/Cache/Pangu/e2213d5746dc61755bc7f12c24127cb0.php 第 82 行.
NOTIC: [8] Undefined variable: type /alidata/www/boxi/Application/Runtime/Cache/Pangu/e2213d5746dc61755bc7f12c24127cb0.php 第 82 行.
NOTIC: [8] Undefined variable: type /alidata/www/boxi/Application/Runtime/Cache/Pangu/e2213d5746dc61755bc7f12c24127cb0.php 第 82 行.
NOTIC: [8] Undefined variable: type /alidata/www/boxi/Application/Runtime/Cache/Pangu/e2213d5746dc61755bc7f12c24127cb0.php 第 82 行.
NOTIC: [8] Undefined variable: type /alidata/www/boxi/Application/Runtime/Cache/Pangu/e2213d5746dc61755bc7f12c24127cb0.php 第 82 行.
NOTIC: [8] Undefined variable: page /alidata/www/boxi/Application/Runtime/Cache/Pangu/e2213d5746dc61755bc7f12c24127cb0.php 第 89 行.
INFO: Run Behavior\ParseTemplateBehavior [ RunTime:0.015883s ]
INFO: [ view_parse ] --END-- [ RunTime:0.015930s ]
INFO: [ view_filter ] --START--
INFO: Run Behavior\WriteHtmlCacheBehavior [ RunTime:0.000167s ]
INFO: [ view_filter ] --END-- [ RunTime:0.000204s ]
INFO: [ app_end ] --START--
INFO: Run Behavior\ShowPageTraceBehavior [ RunTime:0.000484s ]
INFO: [ app_end ] --END-- [ RunTime:0.000532s ]

[ 2016-07-15T09:44:53+08:00 ] 61.163.77.90 /index.php/Pangu/Index/,/Uploads/images/20160707230940577e70b4383d9.jpg,/Uploads/images/20160707230940577e70b47aca8.jpg,/Uploads/images/20160707230940577e70b49db5d.jpg,/Uploads/images/20160707230940577e70b4b5c3a.jpg,/Uploads/images/20160707230940577e70b4d4763.jpg,/Uploads/images/20160707230940577e70b4f06cf.jpg,/Uploads/images/20160707230941577e70b5306f6.jpg
INFO: [ app_init ] --START--
INFO: Run Behavior\BuildLiteBehavior [ RunTime:0.000021s ]
INFO: [ app_init ] --END-- [ RunTime:0.000310s ]

[ 2016-07-15T09:44:53+08:00 ] 61.163.77.90 /index.php/Pangu/Index/skin/default/skin.css
INFO: [ app_init ] --START--
INFO: Run Behavior\BuildLiteBehavior [ RunTime:0.000016s ]
INFO: [ app_init ] --END-- [ RunTime:0.000296s ]
INFO: [ app_begin ] --START--
INFO: Run Behavior\ReadHtmlCacheBehavior [ RunTime:0.000356s ]
INFO: [ app_begin ] --END-- [ RunTime:0.000399s ]
NOTIC: [8192] mysql_connect(): The mysql extension is deprecated and will be removed in the future: use mysqli or PDO instead /alidata/www/boxi/ThinkPHP/Library/Think/Session/Driver/Db.class.php 第 95 行.
ERR: 非法操作:skin

[ 2016-07-15T09:44:53+08:00 ] 61.163.77.90 /index.php/Pangu/Index/,/Uploads/images/20160707231149577e7135bb6f3.jpg
INFO: [ app_init ] --START--
INFO: Run Behavior\BuildLiteBehavior [ RunTime:0.000022s ]
INFO: [ app_init ] --END-- [ RunTime:0.000392s ]

[ 2016-07-15T09:44:53+08:00 ] 61.163.77.90 /index.php/Pangu/Index/,/Uploads/images/20160707233027577e7593520ee.jpg
INFO: [ app_init ] --START--
INFO: Run Behavior\BuildLiteBehavior [ RunTime:0.000017s ]
INFO: [ app_init ] --END-- [ RunTime:0.000297s ]

[ 2016-07-15T09:44:53+08:00 ] 61.163.77.90 /index.php/Pangu/Index/,/Uploads/images/20160708102304577f0e880795c.jpg
INFO: [ app_init ] --START--
INFO: Run Behavior\BuildLiteBehavior [ RunTime:0.000016s ]
INFO: [ app_init ] --END-- [ RunTime:0.000349s ]

[ 2016-07-15T09:44:53+08:00 ] 61.163.77.90 /index.php/Pangu/Index/,/Uploads/images/20160707231100577e7104c7be7.jpg,/Uploads/images/20160707231101577e710520ff9.jpg,/Uploads/images/20160707231101577e710538a6d.jpg,/Uploads/images/20160707231102577e71064b9f0.jpg,/Uploads/images/20160707231103577e71077bf12.gif
INFO: [ app_init ] --START--
INFO: Run Behavior\BuildLiteBehavior [ RunTime:0.000018s ]
INFO: [ app_init ] --END-- [ RunTime:0.000305s ]

[ 2016-07-15T09:46:14+08:00 ] 61.163.77.90 /index.php/Pangu/Index/tuan.html
INFO: [ app_init ] --START--
INFO: Run Behavior\BuildLiteBehavior [ RunTime:0.000019s ]
INFO: [ app_init ] --END-- [ RunTime:0.000308s ]
INFO: [ app_begin ] --START--
INFO: Run Behavior\ReadHtmlCacheBehavior [ RunTime:0.000348s ]
INFO: [ app_begin ] --END-- [ RunTime:0.000393s ]
NOTIC: [8192] mysql_connect(): The mysql extension is deprecated and will be removed in the future: use mysqli or PDO instead /alidata/www/boxi/ThinkPHP/Library/Think/Session/Driver/Db.class.php 第 95 行.
SQL: select b.*,sum(case when a.tid = b.id then 1 else 0 end) as count from pg_tuan b left join pg_user a on a.tid = b.id group by b.id [ RunTime:0.0017s ]
INFO: [ view_parse ] --START--
INFO: [ template_filter ] --START--
INFO: Run Behavior\ContentReplaceBehavior [ RunTime:0.000061s ]
INFO: [ template_filter ] --END-- [ RunTime:0.000123s ]
NOTIC: [8] Undefined variable: type /alidata/www/boxi/Application/Runtime/Cache/Pangu/626695119ef1a45710c8e8472c129e4f.php 第 38 行.
NOTIC: [8] Undefined variable: type /alidata/www/boxi/Application/Runtime/Cache/Pangu/626695119ef1a45710c8e8472c129e4f.php 第 72 行.
NOTIC: [8] Undefined variable: type /alidata/www/boxi/Application/Runtime/Cache/Pangu/626695119ef1a45710c8e8472c129e4f.php 第 72 行.
NOTIC: [8] Undefined variable: type /alidata/www/boxi/Application/Runtime/Cache/Pangu/626695119ef1a45710c8e8472c129e4f.php 第 72 行.
NOTIC: [8] Undefined variable: page /alidata/www/boxi/Application/Runtime/Cache/Pangu/626695119ef1a45710c8e8472c129e4f.php 第 79 行.
INFO: Run Behavior\ParseTemplateBehavior [ RunTime:0.008450s ]
INFO: [ view_parse ] --END-- [ RunTime:0.008509s ]
INFO: [ view_filter ] --START--
INFO: Run Behavior\WriteHtmlCacheBehavior [ RunTime:0.000185s ]
INFO: [ view_filter ] --END-- [ RunTime:0.000224s ]
INFO: [ app_end ] --START--
INFO: Run Behavior\ShowPageTraceBehavior [ RunTime:0.000415s ]
INFO: [ app_end ] --END-- [ RunTime:0.000476s ]

[ 2016-07-15T09:46:14+08:00 ] 61.163.77.90 /index.php/Pangu/Index/,/Uploads/images/20160709105210578066da31577.jpg
INFO: [ app_init ] --START--
INFO: Run Behavior\BuildLiteBehavior [ RunTime:0.000017s ]
INFO: [ app_init ] --END-- [ RunTime:0.000308s ]

[ 2016-07-15T09:46:14+08:00 ] 61.163.77.90 /index.php/Pangu/Index/,/Uploads/images/20160709105221578066e58b15b.jpg
INFO: [ app_init ] --START--
INFO: Run Behavior\BuildLiteBehavior [ RunTime:0.000014s ]
INFO: [ app_init ] --END-- [ RunTime:0.000280s ]

[ 2016-07-15T09:46:14+08:00 ] 61.163.77.90 /index.php/Pangu/Index/,/Uploads/images/20160709105232578066f0b8a68.jpg
INFO: [ app_init ] --START--
INFO: Run Behavior\BuildLiteBehavior [ RunTime:0.000014s ]
INFO: [ app_init ] --END-- [ RunTime:0.000293s ]

[ 2016-07-15T09:46:14+08:00 ] 61.163.77.90 /index.php/Pangu/Index/skin/default/skin.css
INFO: [ app_init ] --START--
INFO: Run Behavior\BuildLiteBehavior [ RunTime:0.000015s ]
INFO: [ app_init ] --END-- [ RunTime:0.000278s ]
INFO: [ app_begin ] --START--
INFO: Run Behavior\ReadHtmlCacheBehavior [ RunTime:0.000342s ]
INFO: [ app_begin ] --END-- [ RunTime:0.000385s ]
NOTIC: [8192] mysql_connect(): The mysql extension is deprecated and will be removed in the future: use mysqli or PDO instead /alidata/www/boxi/ThinkPHP/Library/Think/Session/Driver/Db.class.php 第 95 行.
ERR: 非法操作:skin

[ 2016-07-15T09:46:44+08:00 ] 61.163.77.90 /index.php/Pangu/Index/edit.html?table=tuan&type=&id=2
INFO: [ app_init ] --START--
INFO: Run Behavior\BuildLiteBehavior [ RunTime:0.000026s ]
INFO: [ app_init ] --END-- [ RunTime:0.000364s ]
INFO: [ app_begin ] --START--
INFO: Run Behavior\ReadHtmlCacheBehavior [ RunTime:0.000398s ]
INFO: [ app_begin ] --END-- [ RunTime:0.000447s ]
NOTIC: [8192] mysql_connect(): The mysql extension is deprecated and will be removed in the future: use mysqli or PDO instead /alidata/www/boxi/ThinkPHP/Library/Think/Session/Driver/Db.class.php 第 95 行.
SQL: SHOW COLUMNS FROM `pg_tuan` [ RunTime:0.0015s ]
SQL: SELECT * FROM `pg_tuan` WHERE ( id=2 ) LIMIT 1   [ RunTime:0.0002s ]
INFO: [ view_parse ] --START--
INFO: [ template_filter ] --START--
INFO: Run Behavior\ContentReplaceBehavior [ RunTime:0.000074s ]
INFO: [ template_filter ] --END-- [ RunTime:0.000143s ]
NOTIC: [8] Undefined variable: type /alidata/www/boxi/Application/Runtime/Cache/Pangu/25e8f1faa4d9ba43d618f25ea08b515a.php 第 28 行.
NOTIC: [8] Undefined index: wap_lb2 /alidata/www/boxi/Application/Runtime/Cache/Pangu/25e8f1faa4d9ba43d618f25ea08b515a.php 第 68 行.
NOTIC: [8] Undefined variable: templets /alidata/www/boxi/Application/Runtime/Cache/Pangu/25e8f1faa4d9ba43d618f25ea08b515a.php 第 145 行.
NOTIC: [8] Undefined variable: templets /alidata/www/boxi/Application/Runtime/Cache/Pangu/25e8f1faa4d9ba43d618f25ea08b515a.php 第 172 行.
INFO: Run Behavior\ParseTemplateBehavior [ RunTime:0.060964s ]
INFO: [ view_parse ] --END-- [ RunTime:0.061081s ]
INFO: [ view_filter ] --START--
INFO: Run Behavior\WriteHtmlCacheBehavior [ RunTime:0.000163s ]
INFO: [ view_filter ] --END-- [ RunTime:0.000202s ]
INFO: [ app_end ] --START--
INFO: Run Behavior\ShowPageTraceBehavior [ RunTime:0.000399s ]
INFO: [ app_end ] --END-- [ RunTime:0.000447s ]

[ 2016-07-15T09:46:44+08:00 ] 61.163.77.90 /index.php/Pangu/Index/
INFO: [ app_init ] --START--
INFO: Run Behavior\BuildLiteBehavior [ RunTime:0.000014s ]
INFO: [ app_init ] --END-- [ RunTime:0.000336s ]
INFO: [ app_begin ] --START--
INFO: Run Behavior\ReadHtmlCacheBehavior [ RunTime:0.000387s ]
INFO: [ app_begin ] --END-- [ RunTime:0.000432s ]
NOTIC: [8192] mysql_connect(): The mysql extension is deprecated and will be removed in the future: use mysqli or PDO instead /alidata/www/boxi/ThinkPHP/Library/Think/Session/Driver/Db.class.php 第 95 行.
INFO: [ view_parse ] --START--
INFO: [ template_filter ] --START--
INFO: Run Behavior\ContentReplaceBehavior [ RunTime:0.000045s ]
INFO: [ template_filter ] --END-- [ RunTime:0.000093s ]
INFO: Run Behavior\ParseTemplateBehavior [ RunTime:0.005730s ]
INFO: [ view_parse ] --END-- [ RunTime:0.005775s ]
INFO: [ view_filter ] --START--
INFO: Run Behavior\WriteHtmlCacheBehavior [ RunTime:0.000129s ]
INFO: [ view_filter ] --END-- [ RunTime:0.000165s ]
INFO: [ app_end ] --START--
INFO: Run Behavior\ShowPageTraceBehavior [ RunTime:0.000369s ]
INFO: [ app_end ] --END-- [ RunTime:0.000410s ]

[ 2016-07-15T09:46:44+08:00 ] 61.163.77.90 /index.php/Pangu/Index/
INFO: [ app_init ] --START--
INFO: Run Behavior\BuildLiteBehavior [ RunTime:0.000014s ]
INFO: [ app_init ] --END-- [ RunTime:0.000279s ]
INFO: [ app_begin ] --START--
INFO: Run Behavior\ReadHtmlCacheBehavior [ RunTime:0.000337s ]
INFO: [ app_begin ] --END-- [ RunTime:0.000385s ]
NOTIC: [8192] mysql_connect(): The mysql extension is deprecated and will be removed in the future: use mysqli or PDO instead /alidata/www/boxi/ThinkPHP/Library/Think/Session/Driver/Db.class.php 第 95 行.
INFO: [ view_parse ] --START--
INFO: [ template_filter ] --START--
INFO: Run Behavior\ContentReplaceBehavior [ RunTime:0.000046s ]
INFO: [ template_filter ] --END-- [ RunTime:0.000099s ]
INFO: Run Behavior\ParseTemplateBehavior [ RunTime:0.005804s ]
INFO: [ view_parse ] --END-- [ RunTime:0.005849s ]
INFO: [ view_filter ] --START--
INFO: Run Behavior\WriteHtmlCacheBehavior [ RunTime:0.000134s ]
INFO: [ view_filter ] --END-- [ RunTime:0.000171s ]
INFO: [ app_end ] --START--
INFO: Run Behavior\ShowPageTraceBehavior [ RunTime:0.000464s ]
INFO: [ app_end ] --END-- [ RunTime:0.000506s ]

[ 2016-07-15T09:46:50+08:00 ] 61.163.77.90 /index.php/Pangu/Index/do_edit.html?table=tuan&id=2
INFO: [ app_init ] --START--
INFO: Run Behavior\BuildLiteBehavior [ RunTime:0.000017s ]
INFO: [ app_init ] --END-- [ RunTime:0.000345s ]
INFO: [ app_begin ] --START--
INFO: Run Behavior\ReadHtmlCacheBehavior [ RunTime:0.000352s ]
INFO: [ app_begin ] --END-- [ RunTime:0.000395s ]
NOTIC: [8192] mysql_connect(): The mysql extension is deprecated and will be removed in the future: use mysqli or PDO instead /alidata/www/boxi/ThinkPHP/Library/Think/Session/Driver/Db.class.php 第 95 行.
SQL: SHOW COLUMNS FROM `pg_tuan` [ RunTime:0.0010s ]
SQL: UPDATE `pg_tuan` SET `type`='套餐五件套',`m`='28077',`m1`='16847',`p`='15',`image`=',/Uploads/images/20160709105221578066e58b15b.jpg',`headimg`='/Uploads/images/20160707221634577e6442ad34d.jpg',`status`='1' WHERE ( id=2 ) [ RunTime:0.0133s ]
INFO: [ app_end ] --START--
INFO: Run Behavior\ShowPageTraceBehavior [ RunTime:0.000637s ]
INFO: [ app_end ] --END-- [ RunTime:0.000690s ]

[ 2016-07-15T09:46:52+08:00 ] 61.163.77.90 /index.php/Pangu/Index/tuan.html
INFO: [ app_init ] --START--
INFO: Run Behavior\BuildLiteBehavior [ RunTime:0.000018s ]
INFO: [ app_init ] --END-- [ RunTime:0.000310s ]
INFO: [ app_begin ] --START--
INFO: Run Behavior\ReadHtmlCacheBehavior [ RunTime:0.000341s ]
INFO: [ app_begin ] --END-- [ RunTime:0.000386s ]
NOTIC: [8192] mysql_connect(): The mysql extension is deprecated and will be removed in the future: use mysqli or PDO instead /alidata/www/boxi/ThinkPHP/Library/Think/Session/Driver/Db.class.php 第 95 行.
SQL: select b.*,sum(case when a.tid = b.id then 1 else 0 end) as count from pg_tuan b left join pg_user a on a.tid = b.id group by b.id [ RunTime:0.0017s ]
INFO: [ view_parse ] --START--
INFO: [ template_filter ] --START--
INFO: Run Behavior\ContentReplaceBehavior [ RunTime:0.000065s ]
INFO: [ template_filter ] --END-- [ RunTime:0.000141s ]
NOTIC: [8] Undefined variable: type /alidata/www/boxi/Application/Runtime/Cache/Pangu/626695119ef1a45710c8e8472c129e4f.php 第 38 行.
NOTIC: [8] Undefined variable: type /alidata/www/boxi/Application/Runtime/Cache/Pangu/626695119ef1a45710c8e8472c129e4f.php 第 72 行.
NOTIC: [8] Undefined variable: type /alidata/www/boxi/Application/Runtime/Cache/Pangu/626695119ef1a45710c8e8472c129e4f.php 第 72 行.
NOTIC: [8] Undefined variable: type /alidata/www/boxi/Application/Runtime/Cache/Pangu/626695119ef1a45710c8e8472c129e4f.php 第 72 行.
NOTIC: [8] Undefined variable: page /alidata/www/boxi/Application/Runtime/Cache/Pangu/626695119ef1a45710c8e8472c129e4f.php 第 79 行.
INFO: Run Behavior\ParseTemplateBehavior [ RunTime:0.008062s ]
INFO: [ view_parse ] --END-- [ RunTime:0.008108s ]
INFO: [ view_filter ] --START--
INFO: Run Behavior\WriteHtmlCacheBehavior [ RunTime:0.000202s ]
INFO: [ view_filter ] --END-- [ RunTime:0.000241s ]
INFO: [ app_end ] --START--
INFO: Run Behavior\ShowPageTraceBehavior [ RunTime:0.000453s ]
INFO: [ app_end ] --END-- [ RunTime:0.000508s ]

[ 2016-07-15T09:46:52+08:00 ] 61.163.77.90 /index.php/Pangu/Index/,/Uploads/images/20160709105210578066da31577.jpg
INFO: [ app_init ] --START--
INFO: Run Behavior\BuildLiteBehavior [ RunTime:0.000015s ]
INFO: [ app_init ] --END-- [ RunTime:0.000285s ]

[ 2016-07-15T09:46:52+08:00 ] 61.163.77.90 /index.php/Pangu/Index/,/Uploads/images/20160709105232578066f0b8a68.jpg
INFO: [ app_init ] --START--
INFO: Run Behavior\BuildLiteBehavior [ RunTime:0.000024s ]
INFO: [ app_init ] --END-- [ RunTime:0.000474s ]

[ 2016-07-15T09:46:52+08:00 ] 61.163.77.90 /index.php/Pangu/Index/,/Uploads/images/20160709105221578066e58b15b.jpg
INFO: [ app_init ] --START--
INFO: Run Behavior\BuildLiteBehavior [ RunTime:0.000013s ]
INFO: [ app_init ] --END-- [ RunTime:0.000264s ]

[ 2016-07-15T09:46:52+08:00 ] 61.163.77.90 /index.php/Pangu/Index/skin/default/skin.css
INFO: [ app_init ] --START--
INFO: Run Behavior\BuildLiteBehavior [ RunTime:0.000014s ]
INFO: [ app_init ] --END-- [ RunTime:0.000294s ]
INFO: [ app_begin ] --START--
INFO: Run Behavior\ReadHtmlCacheBehavior [ RunTime:0.000358s ]
INFO: [ app_begin ] --END-- [ RunTime:0.000402s ]
NOTIC: [8192] mysql_connect(): The mysql extension is deprecated and will be removed in the future: use mysqli or PDO instead /alidata/www/boxi/ThinkPHP/Library/Think/Session/Driver/Db.class.php 第 95 行.
ERR: 非法操作:skin

[ 2016-07-15T10:25:27+08:00 ] 61.163.77.90 /index.php/Pangu/Index/llist.html
INFO: [ app_init ] --START--
INFO: Run Behavior\BuildLiteBehavior [ RunTime:0.000016s ]
INFO: [ app_init ] --END-- [ RunTime:0.000302s ]
INFO: [ app_begin ] --START--
INFO: Run Behavior\ReadHtmlCacheBehavior [ RunTime:0.000346s ]
INFO: [ app_begin ] --END-- [ RunTime:0.000392s ]
NOTIC: [8192] mysql_connect(): The mysql extension is deprecated and will be removed in the future: use mysqli or PDO instead /alidata/www/boxi/ThinkPHP/Library/Think/Session/Driver/Db.class.php 第 95 行.
SQL: select b.*,sum(case when a.lid = b.id then 1 else 0 end) as count from pg_list b left join pg_lrecord a on a.lid = b.id group by b.id [ RunTime:0.0026s ]
INFO: [ view_parse ] --START--
INFO: [ template_filter ] --START--
INFO: Run Behavior\ContentReplaceBehavior [ RunTime:0.000075s ]
INFO: [ template_filter ] --END-- [ RunTime:0.000128s ]
NOTIC: [8] Undefined variable: type /alidata/www/boxi/Application/Runtime/Cache/Pangu/e2213d5746dc61755bc7f12c24127cb0.php 第 38 行.
NOTIC: [8] Undefined variable: type /alidata/www/boxi/Application/Runtime/Cache/Pangu/e2213d5746dc61755bc7f12c24127cb0.php 第 82 行.
NOTIC: [8] Undefined variable: type /alidata/www/boxi/Application/Runtime/Cache/Pangu/e2213d5746dc61755bc7f12c24127cb0.php 第 82 行.
NOTIC: [8] Undefined variable: type /alidata/www/boxi/Application/Runtime/Cache/Pangu/e2213d5746dc61755bc7f12c24127cb0.php 第 82 行.
NOTIC: [8] Undefined variable: type /alidata/www/boxi/Application/Runtime/Cache/Pangu/e2213d5746dc61755bc7f12c24127cb0.php 第 82 行.
NOTIC: [8] Undefined variable: type /alidata/www/boxi/Application/Runtime/Cache/Pangu/e2213d5746dc61755bc7f12c24127cb0.php 第 82 行.
NOTIC: [8] Undefined variable: page /alidata/www/boxi/Application/Runtime/Cache/Pangu/e2213d5746dc61755bc7f12c24127cb0.php 第 89 行.
INFO: Run Behavior\ParseTemplateBehavior [ RunTime:0.008605s ]
INFO: [ view_parse ] --END-- [ RunTime:0.008654s ]
INFO: [ view_filter ] --START--
INFO: Run Behavior\WriteHtmlCacheBehavior [ RunTime:0.000138s ]
INFO: [ view_filter ] --END-- [ RunTime:0.000174s ]
INFO: [ app_end ] --START--
INFO: Run Behavior\ShowPageTraceBehavior [ RunTime:0.000447s ]
INFO: [ app_end ] --END-- [ RunTime:0.000494s ]

[ 2016-07-15T10:25:27+08:00 ] 61.163.77.90 /index.php/Pangu/Index/,/Uploads/images/20160707230940577e70b4383d9.jpg,/Uploads/images/20160707230940577e70b47aca8.jpg,/Uploads/images/20160707230940577e70b49db5d.jpg,/Uploads/images/20160707230940577e70b4b5c3a.jpg,/Uploads/images/20160707230940577e70b4d4763.jpg,/Uploads/images/20160707230940577e70b4f06cf.jpg,/Uploads/images/20160707230941577e70b5306f6.jpg
INFO: [ app_init ] --START--
INFO: Run Behavior\BuildLiteBehavior [ RunTime:0.000017s ]
INFO: [ app_init ] --END-- [ RunTime:0.000289s ]

[ 2016-07-15T10:25:27+08:00 ] 61.163.77.90 /index.php/Pangu/Index/,/Uploads/images/20160707233027577e7593520ee.jpg
INFO: [ app_init ] --START--
INFO: Run Behavior\BuildLiteBehavior [ RunTime:0.000013s ]
INFO: [ app_init ] --END-- [ RunTime:0.000274s ]

[ 2016-07-15T10:25:27+08:00 ] 61.163.77.90 /index.php/Pangu/Index/,/Uploads/images/20160707231100577e7104c7be7.jpg,/Uploads/images/20160707231101577e710520ff9.jpg,/Uploads/images/20160707231101577e710538a6d.jpg,/Uploads/images/20160707231102577e71064b9f0.jpg,/Uploads/images/20160707231103577e71077bf12.gif
INFO: [ app_init ] --START--
INFO: Run Behavior\BuildLiteBehavior [ RunTime:0.000023s ]
INFO: [ app_init ] --END-- [ RunTime:0.000419s ]

[ 2016-07-15T10:25:28+08:00 ] 61.163.77.90 /index.php/Pangu/Index/skin/default/skin.css
INFO: [ app_init ] --START--
INFO: Run Behavior\BuildLiteBehavior [ RunTime:0.000018s ]
INFO: [ app_init ] --END-- [ RunTime:0.000331s ]
INFO: [ app_begin ] --START--
INFO: Run Behavior\ReadHtmlCacheBehavior [ RunTime:0.000389s ]
INFO: [ app_begin ] --END-- [ RunTime:0.000433s ]
NOTIC: [8192] mysql_connect(): The mysql extension is deprecated and will be removed in the future: use mysqli or PDO instead /alidata/www/boxi/ThinkPHP/Library/Think/Session/Driver/Db.class.php 第 95 行.
ERR: 非法操作:skin

[ 2016-07-15T10:25:28+08:00 ] 61.163.77.90 /index.php/Pangu/Index/,/Uploads/images/20160707231149577e7135bb6f3.jpg
INFO: [ app_init ] --START--
INFO: Run Behavior\BuildLiteBehavior [ RunTime:0.000015s ]
INFO: [ app_init ] --END-- [ RunTime:0.000292s ]

[ 2016-07-15T10:25:28+08:00 ] 61.163.77.90 /index.php/Pangu/Index/,/Uploads/images/20160708102304577f0e880795c.jpg
INFO: [ app_init ] --START--
INFO: Run Behavior\BuildLiteBehavior [ RunTime:0.000019s ]
INFO: [ app_init ] --END-- [ RunTime:0.000306s ]

[ 2016-07-15T10:39:16+08:00 ] 61.163.77.90 /index.php/Pangu/Index/llist.html
INFO: [ app_init ] --START--
INFO: Run Behavior\BuildLiteBehavior [ RunTime:0.000021s ]
INFO: [ app_init ] --END-- [ RunTime:0.000437s ]
INFO: [ app_begin ] --START--
INFO: Run Behavior\ReadHtmlCacheBehavior [ RunTime:0.000364s ]
INFO: [ app_begin ] --END-- [ RunTime:0.000409s ]
NOTIC: [8192] mysql_connect(): The mysql extension is deprecated and will be removed in the future: use mysqli or PDO instead /alidata/www/boxi/ThinkPHP/Library/Think/Session/Driver/Db.class.php 第 95 行.
SQL: select b.*,sum(case when a.lid = b.id then 1 else 0 end) as count from pg_list b left join pg_lrecord a on a.lid = b.id group by b.id [ RunTime:0.0029s ]
INFO: [ view_parse ] --START--
INFO: [ template_filter ] --START--
INFO: Run Behavior\ContentReplaceBehavior [ RunTime:0.000078s ]
INFO: [ template_filter ] --END-- [ RunTime:0.000139s ]
NOTIC: [8] Undefined variable: type /alidata/www/boxi/Application/Runtime/Cache/Pangu/e2213d5746dc61755bc7f12c24127cb0.php 第 38 行.
NOTIC: [8] Undefined variable: type /alidata/www/boxi/Application/Runtime/Cache/Pangu/e2213d5746dc61755bc7f12c24127cb0.php 第 82 行.
NOTIC: [8] Undefined variable: type /alidata/www/boxi/Application/Runtime/Cache/Pangu/e2213d5746dc61755bc7f12c24127cb0.php 第 82 行.
NOTIC: [8] Undefined variable: type /alidata/www/boxi/Application/Runtime/Cache/Pangu/e2213d5746dc61755bc7f12c24127cb0.php 第 82 行.
NOTIC: [8] Undefined variable: type /alidata/www/boxi/Application/Runtime/Cache/Pangu/e2213d5746dc61755bc7f12c24127cb0.php 第 82 行.
NOTIC: [8] Undefined variable: type /alidata/www/boxi/Application/Runtime/Cache/Pangu/e2213d5746dc61755bc7f12c24127cb0.php 第 82 行.
NOTIC: [8] Undefined variable: page /alidata/www/boxi/Application/Runtime/Cache/Pangu/e2213d5746dc61755bc7f12c24127cb0.php 第 89 行.
INFO: Run Behavior\ParseTemplateBehavior [ RunTime:0.008277s ]
INFO: [ view_parse ] --END-- [ RunTime:0.008329s ]
INFO: [ view_filter ] --START--
INFO: Run Behavior\WriteHtmlCacheBehavior [ RunTime:0.000162s ]
INFO: [ view_filter ] --END-- [ RunTime:0.000208s ]
INFO: [ app_end ] --START--
INFO: Run Behavior\ShowPageTraceBehavior [ RunTime:0.000453s ]
INFO: [ app_end ] --END-- [ RunTime:0.000505s ]

[ 2016-07-15T10:39:16+08:00 ] 61.163.77.90 /index.php/Pangu/Index/,/Uploads/images/20160707230940577e70b4383d9.jpg,/Uploads/images/20160707230940577e70b47aca8.jpg,/Uploads/images/20160707230940577e70b49db5d.jpg,/Uploads/images/20160707230940577e70b4b5c3a.jpg,/Uploads/images/20160707230940577e70b4d4763.jpg,/Uploads/images/20160707230940577e70b4f06cf.jpg,/Uploads/images/20160707230941577e70b5306f6.jpg
INFO: [ app_init ] --START--
INFO: Run Behavior\BuildLiteBehavior [ RunTime:0.000018s ]
INFO: [ app_init ] --END-- [ RunTime:0.000347s ]

[ 2016-07-15T10:39:16+08:00 ] 61.163.77.90 /index.php/Pangu/Index/,/Uploads/images/20160707231100577e7104c7be7.jpg,/Uploads/images/20160707231101577e710520ff9.jpg,/Uploads/images/20160707231101577e710538a6d.jpg,/Uploads/images/20160707231102577e71064b9f0.jpg,/Uploads/images/20160707231103577e71077bf12.gif
INFO: [ app_init ] --START--
INFO: Run Behavior\BuildLiteBehavior [ RunTime:0.000016s ]
INFO: [ app_init ] --END-- [ RunTime:0.002671s ]

[ 2016-07-15T10:39:16+08:00 ] 61.163.77.90 /index.php/Pangu/Index/,/Uploads/images/20160707231149577e7135bb6f3.jpg
INFO: [ app_init ] --START--
INFO: Run Behavior\BuildLiteBehavior [ RunTime:0.000034s ]
INFO: [ app_init ] --END-- [ RunTime:0.000333s ]

[ 2016-07-15T10:39:16+08:00 ] 61.163.77.90 /index.php/Pangu/Index/,/Uploads/images/20160708102304577f0e880795c.jpg
INFO: [ app_init ] --START--
INFO: Run Behavior\BuildLiteBehavior [ RunTime:0.000013s ]
INFO: [ app_init ] --END-- [ RunTime:0.000316s ]

[ 2016-07-15T10:39:16+08:00 ] 61.163.77.90 /index.php/Pangu/Index/skin/default/skin.css
INFO: [ app_init ] --START--
INFO: Run Behavior\BuildLiteBehavior [ RunTime:0.000015s ]
INFO: [ app_init ] --END-- [ RunTime:0.000275s ]
INFO: [ app_begin ] --START--
INFO: Run Behavior\ReadHtmlCacheBehavior [ RunTime:0.000334s ]
INFO: [ app_begin ] --END-- [ RunTime:0.000378s ]
NOTIC: [8192] mysql_connect(): The mysql extension is deprecated and will be removed in the future: use mysqli or PDO instead /alidata/www/boxi/ThinkPHP/Library/Think/Session/Driver/Db.class.php 第 95 行.
ERR: 非法操作:skin

[ 2016-07-15T10:39:16+08:00 ] 61.163.77.90 /index.php/Pangu/Index/,/Uploads/images/20160707233027577e7593520ee.jpg
INFO: [ app_init ] --START--
INFO: Run Behavior\BuildLiteBehavior [ RunTime:0.000013s ]
INFO: [ app_init ] --END-- [ RunTime:0.000275s ]

[ 2016-07-15T10:55:37+08:00 ] 61.163.77.90 /index.php/Pangu/Index/llist.html
INFO: [ app_init ] --START--
INFO: Run Behavior\BuildLiteBehavior [ RunTime:0.000017s ]
INFO: [ app_init ] --END-- [ RunTime:0.000312s ]
INFO: [ app_begin ] --START--
INFO: Run Behavior\ReadHtmlCacheBehavior [ RunTime:0.000373s ]
INFO: [ app_begin ] --END-- [ RunTime:0.000420s ]
NOTIC: [8192] mysql_connect(): The mysql extension is deprecated and will be removed in the future: use mysqli or PDO instead /alidata/www/boxi/ThinkPHP/Library/Think/Session/Driver/Db.class.php 第 95 行.
SQL: select b.*,sum(case when a.lid = b.id then 1 else 0 end) as count from pg_list b left join pg_lrecord a on a.lid = b.id group by b.id [ RunTime:0.0025s ]
INFO: [ view_parse ] --START--
INFO: [ template_filter ] --START--
INFO: Run Behavior\ContentReplaceBehavior [ RunTime:0.000053s ]
INFO: [ template_filter ] --END-- [ RunTime:0.000104s ]
NOTIC: [8] Undefined variable: type /alidata/www/boxi/Application/Runtime/Cache/Pangu/e2213d5746dc61755bc7f12c24127cb0.php 第 38 行.
NOTIC: [8] Undefined variable: type /alidata/www/boxi/Application/Runtime/Cache/Pangu/e2213d5746dc61755bc7f12c24127cb0.php 第 82 行.
NOTIC: [8] Undefined variable: type /alidata/www/boxi/Application/Runtime/Cache/Pangu/e2213d5746dc61755bc7f12c24127cb0.php 第 82 行.
NOTIC: [8] Undefined variable: type /alidata/www/boxi/Application/Runtime/Cache/Pangu/e2213d5746dc61755bc7f12c24127cb0.php 第 82 行.
NOTIC: [8] Undefined variable: type /alidata/www/boxi/Application/Runtime/Cache/Pangu/e2213d5746dc61755bc7f12c24127cb0.php 第 82 行.
NOTIC: [8] Undefined variable: type /alidata/www/boxi/Application/Runtime/Cache/Pangu/e2213d5746dc61755bc7f12c24127cb0.php 第 82 行.
NOTIC: [8] Undefined variable: page /alidata/www/boxi/Application/Runtime/Cache/Pangu/e2213d5746dc61755bc7f12c24127cb0.php 第 89 行.
INFO: Run Behavior\ParseTemplateBehavior [ RunTime:0.008984s ]
INFO: [ view_parse ] --END-- [ RunTime:0.009040s ]
INFO: [ view_filter ] --START--
INFO: Run Behavior\WriteHtmlCacheBehavior [ RunTime:0.000169s ]
INFO: [ view_filter ] --END-- [ RunTime:0.000206s ]
INFO: [ app_end ] --START--
INFO: Run Behavior\ShowPageTraceBehavior [ RunTime:0.000373s ]
INFO: [ app_end ] --END-- [ RunTime:0.000418s ]

[ 2016-07-15T10:55:37+08:00 ] 61.163.77.90 /index.php/Pangu/Index/,/Uploads/images/20160707230940577e70b4383d9.jpg,/Uploads/images/20160707230940577e70b47aca8.jpg,/Uploads/images/20160707230940577e70b49db5d.jpg,/Uploads/images/20160707230940577e70b4b5c3a.jpg,/Uploads/images/20160707230940577e70b4d4763.jpg,/Uploads/images/20160707230940577e70b4f06cf.jpg,/Uploads/images/20160707230941577e70b5306f6.jpg
INFO: [ app_init ] --START--
INFO: Run Behavior\BuildLiteBehavior [ RunTime:0.000031s ]
INFO: [ app_init ] --END-- [ RunTime:0.000612s ]

[ 2016-07-15T10:55:37+08:00 ] 61.163.77.90 /index.php/Pangu/Index/skin/default/skin.css
INFO: [ app_init ] --START--
INFO: Run Behavior\BuildLiteBehavior [ RunTime:0.000017s ]
INFO: [ app_init ] --END-- [ RunTime:0.000288s ]
INFO: [ app_begin ] --START--
INFO: Run Behavior\ReadHtmlCacheBehavior [ RunTime:0.000341s ]
INFO: [ app_begin ] --END-- [ RunTime:0.000384s ]
NOTIC: [8192] mysql_connect(): The mysql extension is deprecated and will be removed in the future: use mysqli or PDO instead /alidata/www/boxi/ThinkPHP/Library/Think/Session/Driver/Db.class.php 第 95 行.
ERR: 非法操作:skin

[ 2016-07-15T10:55:37+08:00 ] 61.163.77.90 /index.php/Pangu/Index/,/Uploads/images/20160707231149577e7135bb6f3.jpg
INFO: [ app_init ] --START--
INFO: Run Behavior\BuildLiteBehavior [ RunTime:0.000016s ]
INFO: [ app_init ] --END-- [ RunTime:0.000328s ]

[ 2016-07-15T10:55:37+08:00 ] 61.163.77.90 /index.php/Pangu/Index/,/Uploads/images/20160707231100577e7104c7be7.jpg,/Uploads/images/20160707231101577e710520ff9.jpg,/Uploads/images/20160707231101577e710538a6d.jpg,/Uploads/images/20160707231102577e71064b9f0.jpg,/Uploads/images/20160707231103577e71077bf12.gif
INFO: [ app_init ] --START--
INFO: Run Behavior\BuildLiteBehavior [ RunTime:0.000015s ]
INFO: [ app_init ] --END-- [ RunTime:0.000290s ]

[ 2016-07-15T10:55:37+08:00 ] 61.163.77.90 /index.php/Pangu/Index/,/Uploads/images/20160707233027577e7593520ee.jpg
INFO: [ app_init ] --START--
INFO: Run Behavior\BuildLiteBehavior [ RunTime:0.000015s ]
INFO: [ app_init ] --END-- [ RunTime:0.000314s ]

[ 2016-07-15T10:55:37+08:00 ] 61.163.77.90 /index.php/Pangu/Index/,/Uploads/images/20160708102304577f0e880795c.jpg
INFO: [ app_init ] --START--
INFO: Run Behavior\BuildLiteBehavior [ RunTime:0.000016s ]
INFO: [ app_init ] --END-- [ RunTime:0.000279s ]

