[ 2016-07-23T10:28:38+08:00 ] 60.208.91.154 /index.php/pangu/login/index
INFO: [ app_init ] --START--
INFO: Run Behavior\BuildLiteBehavior [ RunTime:0.000015s ]
INFO: [ app_init ] --END-- [ RunTime:0.000291s ]
INFO: [ app_begin ] --START--
INFO: Run Behavior\ReadHtmlCacheBehavior [ RunTime:0.000464s ]
INFO: [ app_begin ] --END-- [ RunTime:0.000535s ]
NOTIC: [8192] mysql_connect(): The mysql extension is deprecated and will be removed in the future: use mysqli or PDO instead /alidata/www/dayang/ThinkPHP/Library/Think/Session/Driver/Db.class.php 第 95 行.
INFO: [ view_parse ] --START--
INFO: [ template_filter ] --START--
INFO: Run Behavior\ContentReplaceBehavior [ RunTime:0.000039s ]
INFO: [ template_filter ] --END-- [ RunTime:0.000105s ]
NOTIC: [8] Undefined variable: templets /alidata/www/dayang/Application/Runtime/Cache/Pangu/65397f1e9fe206013d2c7702e5aee956.php 第 47 行.
INFO: Run Behavior\ParseTemplateBehavior [ RunTime:0.006234s ]
INFO: [ view_parse ] --END-- [ RunTime:0.006276s ]
INFO: [ view_filter ] --START--
INFO: Run Behavior\WriteHtmlCacheBehavior [ RunTime:0.000134s ]
INFO: [ view_filter ] --END-- [ RunTime:0.000169s ]
INFO: [ app_end ] --START--
INFO: Run Behavior\ShowPageTraceBehavior [ RunTime:0.000390s ]
INFO: [ app_end ] --END-- [ RunTime:0.000428s ]

[ 2016-07-23T10:29:06+08:00 ] 60.208.91.154 /index.php/Pangu/Login/do_login.html
INFO: [ app_init ] --START--
INFO: Run Behavior\BuildLiteBehavior [ RunTime:0.000017s ]
INFO: [ app_init ] --END-- [ RunTime:0.000344s ]
INFO: [ app_begin ] --START--
INFO: Run Behavior\ReadHtmlCacheBehavior [ RunTime:0.000340s ]
INFO: [ app_begin ] --END-- [ RunTime:0.000383s ]
NOTIC: [8192] mysql_connect(): The mysql extension is deprecated and will be removed in the future: use mysqli or PDO instead /alidata/www/dayang/ThinkPHP/Library/Think/Session/Driver/Db.class.php 第 95 行.
SQL: SHOW COLUMNS FROM `pg_admin` [ RunTime:0.0011s ]
SQL: SELECT * FROM `pg_admin` WHERE ( uname='admin' ) LIMIT 1   [ RunTime:0.0003s ]

[ 2016-07-23T10:29:06+08:00 ] 60.208.91.154 /index.php/Pangu/Index/index.html
INFO: [ app_init ] --START--
INFO: Run Behavior\BuildLiteBehavior [ RunTime:0.000017s ]
INFO: [ app_init ] --END-- [ RunTime:0.000321s ]
INFO: [ app_begin ] --START--
INFO: Run Behavior\ReadHtmlCacheBehavior [ RunTime:0.000585s ]
INFO: [ app_begin ] --END-- [ RunTime:0.000663s ]
NOTIC: [8192] mysql_connect(): The mysql extension is deprecated and will be removed in the future: use mysqli or PDO instead /alidata/www/dayang/ThinkPHP/Library/Think/Session/Driver/Db.class.php 第 95 行.
INFO: [ view_parse ] --START--
INFO: [ template_filter ] --START--
INFO: Run Behavior\ContentReplaceBehavior [ RunTime:0.000056s ]
INFO: [ template_filter ] --END-- [ RunTime:0.000128s ]
INFO: Run Behavior\ParseTemplateBehavior [ RunTime:0.028798s ]
INFO: [ view_parse ] --END-- [ RunTime:0.028869s ]
INFO: [ view_filter ] --START--
INFO: Run Behavior\WriteHtmlCacheBehavior [ RunTime:0.000146s ]
INFO: [ view_filter ] --END-- [ RunTime:0.000184s ]
INFO: [ app_end ] --START--
INFO: Run Behavior\ShowPageTraceBehavior [ RunTime:0.000383s ]
INFO: [ app_end ] --END-- [ RunTime:0.000425s ]

[ 2016-07-23T10:29:07+08:00 ] 60.208.91.154 /index.php/Pangu/Index/welcome.html
INFO: [ app_init ] --START--
INFO: Run Behavior\BuildLiteBehavior [ RunTime:0.000019s ]
INFO: [ app_init ] --END-- [ RunTime:0.000325s ]
INFO: [ app_begin ] --START--
INFO: Run Behavior\ReadHtmlCacheBehavior [ RunTime:0.000342s ]
INFO: [ app_begin ] --END-- [ RunTime:0.000387s ]
NOTIC: [8192] mysql_connect(): The mysql extension is deprecated and will be removed in the future: use mysqli or PDO instead /alidata/www/dayang/ThinkPHP/Library/Think/Session/Driver/Db.class.php 第 95 行.
NOTIC: [8] Undefined index: SystemRoot /alidata/www/dayang/Application/Pangu/Controller/IndexController.class.php 第 30 行.
INFO: [ view_parse ] --START--
INFO: [ template_filter ] --START--
INFO: Run Behavior\ContentReplaceBehavior [ RunTime:0.000068s ]
INFO: [ template_filter ] --END-- [ RunTime:0.000136s ]
INFO: Run Behavior\ParseTemplateBehavior [ RunTime:0.007949s ]
INFO: [ view_parse ] --END-- [ RunTime:0.008008s ]
INFO: [ view_filter ] --START--
INFO: Run Behavior\WriteHtmlCacheBehavior [ RunTime:0.000145s ]
INFO: [ view_filter ] --END-- [ RunTime:0.000183s ]
INFO: [ app_end ] --START--
INFO: Run Behavior\ShowPageTraceBehavior [ RunTime:0.000417s ]
INFO: [ app_end ] --END-- [ RunTime:0.000460s ]

[ 2016-07-23T10:29:07+08:00 ] 60.208.91.154 /index.php/Pangu/Index/skin/default/skin.css
INFO: [ app_init ] --START--
INFO: Run Behavior\BuildLiteBehavior [ RunTime:0.000015s ]
INFO: [ app_init ] --END-- [ RunTime:0.000301s ]
INFO: [ app_begin ] --START--
INFO: Run Behavior\ReadHtmlCacheBehavior [ RunTime:0.000415s ]
INFO: [ app_begin ] --END-- [ RunTime:0.000475s ]
NOTIC: [8192] mysql_connect(): The mysql extension is deprecated and will be removed in the future: use mysqli or PDO instead /alidata/www/dayang/ThinkPHP/Library/Think/Session/Driver/Db.class.php 第 95 行.
ERR: 非法操作:skin

[ 2016-07-23T10:29:13+08:00 ] 60.208.91.154 /index.php/Pangu/Index/llist.html
INFO: [ app_init ] --START--
INFO: Run Behavior\BuildLiteBehavior [ RunTime:0.000023s ]
INFO: [ app_init ] --END-- [ RunTime:0.000425s ]
INFO: [ app_begin ] --START--
INFO: Run Behavior\ReadHtmlCacheBehavior [ RunTime:0.000535s ]
INFO: [ app_begin ] --END-- [ RunTime:0.000588s ]
NOTIC: [8192] mysql_connect(): The mysql extension is deprecated and will be removed in the future: use mysqli or PDO instead /alidata/www/dayang/ThinkPHP/Library/Think/Session/Driver/Db.class.php 第 95 行.
SQL: select b.*,sum(case when a.lid = b.id then 1 else 0 end) as count from pg_list b left join pg_lrecord a on a.lid = b.id group by b.id [ RunTime:0.0011s ]
INFO: [ view_parse ] --START--
INFO: [ template_filter ] --START--
INFO: Run Behavior\ContentReplaceBehavior [ RunTime:0.000060s ]
INFO: [ template_filter ] --END-- [ RunTime:0.000132s ]
NOTIC: [8] Undefined variable: type /alidata/www/dayang/Application/Runtime/Cache/Pangu/e2213d5746dc61755bc7f12c24127cb0.php 第 38 行.
NOTIC: [8] Undefined variable: type /alidata/www/dayang/Application/Runtime/Cache/Pangu/e2213d5746dc61755bc7f12c24127cb0.php 第 82 行.
NOTIC: [8] Undefined variable: type /alidata/www/dayang/Application/Runtime/Cache/Pangu/e2213d5746dc61755bc7f12c24127cb0.php 第 82 行.
NOTIC: [8] Undefined variable: type /alidata/www/dayang/Application/Runtime/Cache/Pangu/e2213d5746dc61755bc7f12c24127cb0.php 第 82 行.
NOTIC: [8] Undefined variable: type /alidata/www/dayang/Application/Runtime/Cache/Pangu/e2213d5746dc61755bc7f12c24127cb0.php 第 82 行.
NOTIC: [8] Undefined variable: type /alidata/www/dayang/Application/Runtime/Cache/Pangu/e2213d5746dc61755bc7f12c24127cb0.php 第 82 行.
NOTIC: [8] Undefined variable: page /alidata/www/dayang/Application/Runtime/Cache/Pangu/e2213d5746dc61755bc7f12c24127cb0.php 第 89 行.
INFO: Run Behavior\ParseTemplateBehavior [ RunTime:0.024685s ]
INFO: [ view_parse ] --END-- [ RunTime:0.024745s ]
INFO: [ view_filter ] --START--
INFO: Run Behavior\WriteHtmlCacheBehavior [ RunTime:0.000136s ]
INFO: [ view_filter ] --END-- [ RunTime:0.000173s ]
INFO: [ app_end ] --START--
INFO: Run Behavior\ShowPageTraceBehavior [ RunTime:0.000490s ]
INFO: [ app_end ] --END-- [ RunTime:0.000547s ]

[ 2016-07-23T10:29:13+08:00 ] 60.208.91.154 /index.php/Pangu/Index/%3Cp%3E%3Cimg%20src=%22/ueditor/php/upload/image/20160722/1469174672285625.jpg%22%20title=%221469174672285625.jpg%22%20alt=%2220160707231149577e7135bb6f3.jpg%22/%3E%3C/p%3E
INFO: [ app_init ] --START--
INFO: Run Behavior\BuildLiteBehavior [ RunTime:0.000018s ]
INFO: [ app_init ] --END-- [ RunTime:0.000307s ]
INFO: [ app_begin ] --START--
INFO: Run Behavior\ReadHtmlCacheBehavior [ RunTime:0.001803s ]
INFO: [ app_begin ] --END-- [ RunTime:0.001899s ]
NOTIC: [8192] mysql_connect(): The mysql extension is deprecated and will be removed in the future: use mysqli or PDO instead /alidata/www/dayang/ThinkPHP/Library/Think/Session/Driver/Db.class.php 第 95 行.
ERR: 非法操作:

[ 2016-07-23T10:29:13+08:00 ] 60.208.91.154 /index.php/Pangu/Index/,/Uploads/images/20160707231100577e7104c7be7.jpg,/Uploads/images/20160707231101577e710520ff9.jpg,/Uploads/images/20160707231101577e710538a6d.jpg,/Uploads/images/20160707231102577e71064b9f0.jpg,/Uploads/images/20160707231103577e71077bf12.gif
INFO: [ app_init ] --START--
INFO: Run Behavior\BuildLiteBehavior [ RunTime:0.000020s ]
INFO: [ app_init ] --END-- [ RunTime:0.000356s ]

[ 2016-07-23T10:29:13+08:00 ] 60.208.91.154 /index.php/Pangu/Index/,/Uploads/images/20160707233027577e7593520ee.jpg
INFO: [ app_init ] --START--
INFO: Run Behavior\BuildLiteBehavior [ RunTime:0.000023s ]
INFO: [ app_init ] --END-- [ RunTime:0.000517s ]

[ 2016-07-23T10:29:13+08:00 ] 60.208.91.154 /index.php/Pangu/Index/,/Uploads/images/20160707231149577e7135bb6f3.jpg
INFO: [ app_init ] --START--
INFO: Run Behavior\BuildLiteBehavior [ RunTime:0.000015s ]
INFO: [ app_init ] --END-- [ RunTime:0.000297s ]

[ 2016-07-23T10:29:13+08:00 ] 60.208.91.154 /index.php/Pangu/Index/,/Uploads/images/20160708102304577f0e880795c.jpg
INFO: [ app_init ] --START--
INFO: Run Behavior\BuildLiteBehavior [ RunTime:0.000016s ]
INFO: [ app_init ] --END-- [ RunTime:0.000308s ]

[ 2016-07-23T10:29:14+08:00 ] 60.208.91.154 /index.php/Pangu/Index/skin/default/skin.css
INFO: [ app_init ] --START--
INFO: Run Behavior\BuildLiteBehavior [ RunTime:0.000014s ]
INFO: [ app_init ] --END-- [ RunTime:0.000340s ]
INFO: [ app_begin ] --START--
INFO: Run Behavior\ReadHtmlCacheBehavior [ RunTime:0.000452s ]
INFO: [ app_begin ] --END-- [ RunTime:0.000500s ]
NOTIC: [8192] mysql_connect(): The mysql extension is deprecated and will be removed in the future: use mysqli or PDO instead /alidata/www/dayang/ThinkPHP/Library/Think/Session/Driver/Db.class.php 第 95 行.
ERR: 非法操作:skin

[ 2016-07-23T10:29:33+08:00 ] 60.208.91.154 /index.php/Pangu/Index/tuan.html
INFO: [ app_init ] --START--
INFO: Run Behavior\BuildLiteBehavior [ RunTime:0.000015s ]
INFO: [ app_init ] --END-- [ RunTime:0.000293s ]
INFO: [ app_begin ] --START--
INFO: Run Behavior\ReadHtmlCacheBehavior [ RunTime:0.000339s ]
INFO: [ app_begin ] --END-- [ RunTime:0.000400s ]
NOTIC: [8192] mysql_connect(): The mysql extension is deprecated and will be removed in the future: use mysqli or PDO instead /alidata/www/dayang/ThinkPHP/Library/Think/Session/Driver/Db.class.php 第 95 行.
SQL: select b.*,sum(case when a.tid = b.id then 1 else 0 end) as count from pg_tuan b left join pg_user a on a.tid = b.id group by b.id [ RunTime:0.0022s ]
INFO: [ view_parse ] --START--
INFO: [ template_filter ] --START--
INFO: Run Behavior\ContentReplaceBehavior [ RunTime:0.000063s ]
INFO: [ template_filter ] --END-- [ RunTime:0.000118s ]
NOTIC: [8] Undefined variable: type /alidata/www/dayang/Application/Runtime/Cache/Pangu/626695119ef1a45710c8e8472c129e4f.php 第 38 行.
NOTIC: [8] Undefined variable: type /alidata/www/dayang/Application/Runtime/Cache/Pangu/626695119ef1a45710c8e8472c129e4f.php 第 72 行.
NOTIC: [8] Undefined variable: type /alidata/www/dayang/Application/Runtime/Cache/Pangu/626695119ef1a45710c8e8472c129e4f.php 第 72 行.
NOTIC: [8] Undefined variable: type /alidata/www/dayang/Application/Runtime/Cache/Pangu/626695119ef1a45710c8e8472c129e4f.php 第 72 行.
NOTIC: [8] Undefined variable: page /alidata/www/dayang/Application/Runtime/Cache/Pangu/626695119ef1a45710c8e8472c129e4f.php 第 79 行.
INFO: Run Behavior\ParseTemplateBehavior [ RunTime:0.010017s ]
INFO: [ view_parse ] --END-- [ RunTime:0.010070s ]
INFO: [ view_filter ] --START--
INFO: Run Behavior\WriteHtmlCacheBehavior [ RunTime:0.000141s ]
INFO: [ view_filter ] --END-- [ RunTime:0.000177s ]
INFO: [ app_end ] --START--
INFO: Run Behavior\ShowPageTraceBehavior [ RunTime:0.000403s ]
INFO: [ app_end ] --END-- [ RunTime:0.000449s ]

[ 2016-07-23T10:29:33+08:00 ] 60.208.91.154 /index.php/Pangu/Index/,/Uploads/images/20160709105210578066da31577.jpg
INFO: [ app_init ] --START--
INFO: Run Behavior\BuildLiteBehavior [ RunTime:0.000017s ]
INFO: [ app_init ] --END-- [ RunTime:0.000300s ]

[ 2016-07-23T10:29:34+08:00 ] 60.208.91.154 /index.php/Pangu/Index/,/Uploads/images/20160709105221578066e58b15b.jpg
INFO: [ app_init ] --START--
INFO: Run Behavior\BuildLiteBehavior [ RunTime:0.000016s ]
INFO: [ app_init ] --END-- [ RunTime:0.000323s ]

[ 2016-07-23T10:29:34+08:00 ] 60.208.91.154 /index.php/Pangu/Index/,/Uploads/images/20160709105232578066f0b8a68.jpg
INFO: [ app_init ] --START--
INFO: Run Behavior\BuildLiteBehavior [ RunTime:0.000012s ]
INFO: [ app_init ] --END-- [ RunTime:0.000268s ]

[ 2016-07-23T10:29:34+08:00 ] 60.208.91.154 /index.php/Pangu/Index/skin/default/skin.css
INFO: [ app_init ] --START--
INFO: Run Behavior\BuildLiteBehavior [ RunTime:0.000014s ]
INFO: [ app_init ] --END-- [ RunTime:0.000286s ]
INFO: [ app_begin ] --START--
INFO: Run Behavior\ReadHtmlCacheBehavior [ RunTime:0.000365s ]
INFO: [ app_begin ] --END-- [ RunTime:0.000410s ]
NOTIC: [8192] mysql_connect(): The mysql extension is deprecated and will be removed in the future: use mysqli or PDO instead /alidata/www/dayang/ThinkPHP/Library/Think/Session/Driver/Db.class.php 第 95 行.
ERR: 非法操作:skin

[ 2016-07-23T10:29:36+08:00 ] 60.208.91.154 /index.php/Pangu/Index/llist.html
INFO: [ app_init ] --START--
INFO: Run Behavior\BuildLiteBehavior [ RunTime:0.000018s ]
INFO: [ app_init ] --END-- [ RunTime:0.000315s ]
INFO: [ app_begin ] --START--
INFO: Run Behavior\ReadHtmlCacheBehavior [ RunTime:0.000350s ]
INFO: [ app_begin ] --END-- [ RunTime:0.000394s ]
NOTIC: [8192] mysql_connect(): The mysql extension is deprecated and will be removed in the future: use mysqli or PDO instead /alidata/www/dayang/ThinkPHP/Library/Think/Session/Driver/Db.class.php 第 95 行.
SQL: select b.*,sum(case when a.lid = b.id then 1 else 0 end) as count from pg_list b left join pg_lrecord a on a.lid = b.id group by b.id [ RunTime:0.0006s ]
INFO: [ view_parse ] --START--
INFO: [ template_filter ] --START--
INFO: Run Behavior\ContentReplaceBehavior [ RunTime:0.000056s ]
INFO: [ template_filter ] --END-- [ RunTime:0.000101s ]
NOTIC: [8] Undefined variable: type /alidata/www/dayang/Application/Runtime/Cache/Pangu/e2213d5746dc61755bc7f12c24127cb0.php 第 38 行.
NOTIC: [8] Undefined variable: type /alidata/www/dayang/Application/Runtime/Cache/Pangu/e2213d5746dc61755bc7f12c24127cb0.php 第 82 行.
NOTIC: [8] Undefined variable: type /alidata/www/dayang/Application/Runtime/Cache/Pangu/e2213d5746dc61755bc7f12c24127cb0.php 第 82 行.
NOTIC: [8] Undefined variable: type /alidata/www/dayang/Application/Runtime/Cache/Pangu/e2213d5746dc61755bc7f12c24127cb0.php 第 82 行.
NOTIC: [8] Undefined variable: type /alidata/www/dayang/Application/Runtime/Cache/Pangu/e2213d5746dc61755bc7f12c24127cb0.php 第 82 行.
NOTIC: [8] Undefined variable: type /alidata/www/dayang/Application/Runtime/Cache/Pangu/e2213d5746dc61755bc7f12c24127cb0.php 第 82 行.
NOTIC: [8] Undefined variable: page /alidata/www/dayang/Application/Runtime/Cache/Pangu/e2213d5746dc61755bc7f12c24127cb0.php 第 89 行.
INFO: Run Behavior\ParseTemplateBehavior [ RunTime:0.007318s ]
INFO: [ view_parse ] --END-- [ RunTime:0.007361s ]
INFO: [ view_filter ] --START--
INFO: Run Behavior\WriteHtmlCacheBehavior [ RunTime:0.000137s ]
INFO: [ view_filter ] --END-- [ RunTime:0.000174s ]
INFO: [ app_end ] --START--
INFO: Run Behavior\ShowPageTraceBehavior [ RunTime:0.000368s ]
INFO: [ app_end ] --END-- [ RunTime:0.000413s ]

[ 2016-07-23T10:29:36+08:00 ] 60.208.91.154 /index.php/Pangu/Index/llist.html
INFO: [ app_init ] --START--
INFO: Run Behavior\BuildLiteBehavior [ RunTime:0.000013s ]
INFO: [ app_init ] --END-- [ RunTime:0.000296s ]
INFO: [ app_begin ] --START--
INFO: Run Behavior\ReadHtmlCacheBehavior [ RunTime:0.000408s ]
INFO: [ app_begin ] --END-- [ RunTime:0.000452s ]
NOTIC: [8192] mysql_connect(): The mysql extension is deprecated and will be removed in the future: use mysqli or PDO instead /alidata/www/dayang/ThinkPHP/Library/Think/Session/Driver/Db.class.php 第 95 行.
SQL: select b.*,sum(case when a.lid = b.id then 1 else 0 end) as count from pg_list b left join pg_lrecord a on a.lid = b.id group by b.id [ RunTime:0.0005s ]
INFO: [ view_parse ] --START--
INFO: [ template_filter ] --START--
INFO: Run Behavior\ContentReplaceBehavior [ RunTime:0.000055s ]
INFO: [ template_filter ] --END-- [ RunTime:0.000100s ]
NOTIC: [8] Undefined variable: type /alidata/www/dayang/Application/Runtime/Cache/Pangu/e2213d5746dc61755bc7f12c24127cb0.php 第 38 行.
NOTIC: [8] Undefined variable: type /alidata/www/dayang/Application/Runtime/Cache/Pangu/e2213d5746dc61755bc7f12c24127cb0.php 第 82 行.
NOTIC: [8] Undefined variable: type /alidata/www/dayang/Application/Runtime/Cache/Pangu/e2213d5746dc61755bc7f12c24127cb0.php 第 82 行.
NOTIC: [8] Undefined variable: type /alidata/www/dayang/Application/Runtime/Cache/Pangu/e2213d5746dc61755bc7f12c24127cb0.php 第 82 行.
NOTIC: [8] Undefined variable: type /alidata/www/dayang/Application/Runtime/Cache/Pangu/e2213d5746dc61755bc7f12c24127cb0.php 第 82 行.
NOTIC: [8] Undefined variable: type /alidata/www/dayang/Application/Runtime/Cache/Pangu/e2213d5746dc61755bc7f12c24127cb0.php 第 82 行.
NOTIC: [8] Undefined variable: page /alidata/www/dayang/Application/Runtime/Cache/Pangu/e2213d5746dc61755bc7f12c24127cb0.php 第 89 行.
INFO: Run Behavior\ParseTemplateBehavior [ RunTime:0.007413s ]
INFO: [ view_parse ] --END-- [ RunTime:0.007463s ]
INFO: [ view_filter ] --START--
INFO: Run Behavior\WriteHtmlCacheBehavior [ RunTime:0.000134s ]
INFO: [ view_filter ] --END-- [ RunTime:0.000170s ]
INFO: [ app_end ] --START--
INFO: Run Behavior\ShowPageTraceBehavior [ RunTime:0.000382s ]
INFO: [ app_end ] --END-- [ RunTime:0.000431s ]

[ 2016-07-23T10:29:36+08:00 ] 60.208.91.154 /index.php/Pangu/Index/%3Cp%3E%3Cimg%20src=%22/ueditor/php/upload/image/20160722/1469174672285625.jpg%22%20title=%221469174672285625.jpg%22%20alt=%2220160707231149577e7135bb6f3.jpg%22/%3E%3C/p%3E
INFO: [ app_init ] --START--
INFO: Run Behavior\BuildLiteBehavior [ RunTime:0.000013s ]
INFO: [ app_init ] --END-- [ RunTime:0.000318s ]
INFO: [ app_begin ] --START--
INFO: Run Behavior\ReadHtmlCacheBehavior [ RunTime:0.000358s ]
INFO: [ app_begin ] --END-- [ RunTime:0.000403s ]
NOTIC: [8192] mysql_connect(): The mysql extension is deprecated and will be removed in the future: use mysqli or PDO instead /alidata/www/dayang/ThinkPHP/Library/Think/Session/Driver/Db.class.php 第 95 行.
ERR: 非法操作:

[ 2016-07-23T10:29:36+08:00 ] 60.208.91.154 /index.php/Pangu/Index/,/Uploads/images/20160708102304577f0e880795c.jpg
INFO: [ app_init ] --START--
INFO: Run Behavior\BuildLiteBehavior [ RunTime:0.000012s ]
INFO: [ app_init ] --END-- [ RunTime:0.000279s ]

[ 2016-07-23T10:29:36+08:00 ] 60.208.91.154 /index.php/Pangu/Index/,/Uploads/images/20160707231149577e7135bb6f3.jpg
INFO: [ app_init ] --START--
INFO: Run Behavior\BuildLiteBehavior [ RunTime:0.000016s ]
INFO: [ app_init ] --END-- [ RunTime:0.000287s ]

[ 2016-07-23T10:29:36+08:00 ] 60.208.91.154 /index.php/Pangu/Index/,/Uploads/images/20160707233027577e7593520ee.jpg
INFO: [ app_init ] --START--
INFO: Run Behavior\BuildLiteBehavior [ RunTime:0.000014s ]
INFO: [ app_init ] --END-- [ RunTime:0.000290s ]

[ 2016-07-23T10:29:36+08:00 ] 60.208.91.154 /index.php/Pangu/Index/,/Uploads/images/20160707231100577e7104c7be7.jpg,/Uploads/images/20160707231101577e710520ff9.jpg,/Uploads/images/20160707231101577e710538a6d.jpg,/Uploads/images/20160707231102577e71064b9f0.jpg,/Uploads/images/20160707231103577e71077bf12.gif
INFO: [ app_init ] --START--
INFO: Run Behavior\BuildLiteBehavior [ RunTime:0.000013s ]
INFO: [ app_init ] --END-- [ RunTime:0.000271s ]

[ 2016-07-23T10:29:36+08:00 ] 60.208.91.154 /index.php/Pangu/Index/skin/default/skin.css
INFO: [ app_init ] --START--
INFO: Run Behavior\BuildLiteBehavior [ RunTime:0.000020s ]
INFO: [ app_init ] --END-- [ RunTime:0.000391s ]
INFO: [ app_begin ] --START--
INFO: Run Behavior\ReadHtmlCacheBehavior [ RunTime:0.000361s ]
INFO: [ app_begin ] --END-- [ RunTime:0.000405s ]
NOTIC: [8192] mysql_connect(): The mysql extension is deprecated and will be removed in the future: use mysqli or PDO instead /alidata/www/dayang/ThinkPHP/Library/Think/Session/Driver/Db.class.php 第 95 行.
ERR: 非法操作:skin

[ 2016-07-23T10:31:46+08:00 ] 60.208.91.154 /index.php/Pangu/Index/llist.html
INFO: [ app_init ] --START--
INFO: Run Behavior\BuildLiteBehavior [ RunTime:0.000014s ]
INFO: [ app_init ] --END-- [ RunTime:0.000321s ]
INFO: [ app_begin ] --START--
INFO: Run Behavior\ReadHtmlCacheBehavior [ RunTime:0.000437s ]
INFO: [ app_begin ] --END-- [ RunTime:0.000508s ]
NOTIC: [8192] mysql_connect(): The mysql extension is deprecated and will be removed in the future: use mysqli or PDO instead /alidata/www/dayang/ThinkPHP/Library/Think/Session/Driver/Db.class.php 第 95 行.
SQL: select b.*,sum(case when a.lid = b.id then 1 else 0 end) as count from pg_list b left join pg_lrecord a on a.lid = b.id group by b.id [ RunTime:0.0005s ]
INFO: [ view_parse ] --START--
INFO: [ template_filter ] --START--
INFO: Run Behavior\ContentReplaceBehavior [ RunTime:0.000052s ]
INFO: [ template_filter ] --END-- [ RunTime:0.000115s ]
NOTIC: [8] Undefined variable: type /alidata/www/dayang/Application/Runtime/Cache/Pangu/e2213d5746dc61755bc7f12c24127cb0.php 第 38 行.
NOTIC: [8] Undefined variable: type /alidata/www/dayang/Application/Runtime/Cache/Pangu/e2213d5746dc61755bc7f12c24127cb0.php 第 82 行.
NOTIC: [8] Undefined variable: type /alidata/www/dayang/Application/Runtime/Cache/Pangu/e2213d5746dc61755bc7f12c24127cb0.php 第 82 行.
NOTIC: [8] Undefined variable: type /alidata/www/dayang/Application/Runtime/Cache/Pangu/e2213d5746dc61755bc7f12c24127cb0.php 第 82 行.
NOTIC: [8] Undefined variable: type /alidata/www/dayang/Application/Runtime/Cache/Pangu/e2213d5746dc61755bc7f12c24127cb0.php 第 82 行.
NOTIC: [8] Undefined variable: type /alidata/www/dayang/Application/Runtime/Cache/Pangu/e2213d5746dc61755bc7f12c24127cb0.php 第 82 行.
NOTIC: [8] Undefined variable: page /alidata/www/dayang/Application/Runtime/Cache/Pangu/e2213d5746dc61755bc7f12c24127cb0.php 第 89 行.
INFO: Run Behavior\ParseTemplateBehavior [ RunTime:0.007523s ]
INFO: [ view_parse ] --END-- [ RunTime:0.007565s ]
INFO: [ view_filter ] --START--
INFO: Run Behavior\WriteHtmlCacheBehavior [ RunTime:0.000140s ]
INFO: [ view_filter ] --END-- [ RunTime:0.000177s ]
INFO: [ app_end ] --START--
INFO: Run Behavior\ShowPageTraceBehavior [ RunTime:0.000409s ]
INFO: [ app_end ] --END-- [ RunTime:0.000454s ]

[ 2016-07-23T10:31:46+08:00 ] 60.208.91.154 /index.php/Pangu/Index/%3Cp%3E%3Cimg%20src=%22/ueditor/php/upload/image/20160722/1469174672285625.jpg%22%20title=%221469174672285625.jpg%22%20alt=%2220160707231149577e7135bb6f3.jpg%22/%3E%3C/p%3E
INFO: [ app_init ] --START--
INFO: Run Behavior\BuildLiteBehavior [ RunTime:0.000015s ]
INFO: [ app_init ] --END-- [ RunTime:0.000308s ]
INFO: [ app_begin ] --START--
INFO: Run Behavior\ReadHtmlCacheBehavior [ RunTime:0.000357s ]
INFO: [ app_begin ] --END-- [ RunTime:0.000401s ]
NOTIC: [8192] mysql_connect(): The mysql extension is deprecated and will be removed in the future: use mysqli or PDO instead /alidata/www/dayang/ThinkPHP/Library/Think/Session/Driver/Db.class.php 第 95 行.
ERR: 非法操作:

[ 2016-07-23T10:31:46+08:00 ] 60.208.91.154 /index.php/Pangu/Index/,/Uploads/images/20160707233027577e7593520ee.jpg
INFO: [ app_init ] --START--
INFO: Run Behavior\BuildLiteBehavior [ RunTime:0.000014s ]
INFO: [ app_init ] --END-- [ RunTime:0.000298s ]

[ 2016-07-23T10:31:46+08:00 ] 60.208.91.154 /index.php/Pangu/Index/,/Uploads/images/20160707231149577e7135bb6f3.jpg
INFO: [ app_init ] --START--
INFO: Run Behavior\BuildLiteBehavior [ RunTime:0.000014s ]
INFO: [ app_init ] --END-- [ RunTime:0.000317s ]

[ 2016-07-23T10:31:46+08:00 ] 60.208.91.154 /index.php/Pangu/Index/,/Uploads/images/20160708102304577f0e880795c.jpg
INFO: [ app_init ] --START--
INFO: Run Behavior\BuildLiteBehavior [ RunTime:0.000014s ]
INFO: [ app_init ] --END-- [ RunTime:0.000324s ]

[ 2016-07-23T10:31:46+08:00 ] 60.208.91.154 /index.php/Pangu/Index/,/Uploads/images/20160707231100577e7104c7be7.jpg,/Uploads/images/20160707231101577e710520ff9.jpg,/Uploads/images/20160707231101577e710538a6d.jpg,/Uploads/images/20160707231102577e71064b9f0.jpg,/Uploads/images/20160707231103577e71077bf12.gif
INFO: [ app_init ] --START--
INFO: Run Behavior\BuildLiteBehavior [ RunTime:0.000014s ]
INFO: [ app_init ] --END-- [ RunTime:0.000366s ]

[ 2016-07-23T10:31:46+08:00 ] 60.208.91.154 /index.php/Pangu/Index/skin/default/skin.css
INFO: [ app_init ] --START--
INFO: Run Behavior\BuildLiteBehavior [ RunTime:0.000019s ]
INFO: [ app_init ] --END-- [ RunTime:0.000318s ]
INFO: [ app_begin ] --START--
INFO: Run Behavior\ReadHtmlCacheBehavior [ RunTime:0.000371s ]
INFO: [ app_begin ] --END-- [ RunTime:0.000415s ]
NOTIC: [8192] mysql_connect(): The mysql extension is deprecated and will be removed in the future: use mysqli or PDO instead /alidata/www/dayang/ThinkPHP/Library/Think/Session/Driver/Db.class.php 第 95 行.
ERR: 非法操作:skin

[ 2016-07-23T10:32:01+08:00 ] 60.208.91.154 /index.php/Pangu/Index/edit.html?table=list&type=&id=1
INFO: [ app_init ] --START--
INFO: Run Behavior\BuildLiteBehavior [ RunTime:0.000016s ]
INFO: [ app_init ] --END-- [ RunTime:0.000420s ]
INFO: [ app_begin ] --START--
INFO: Run Behavior\ReadHtmlCacheBehavior [ RunTime:0.000459s ]
INFO: [ app_begin ] --END-- [ RunTime:0.000516s ]
NOTIC: [8192] mysql_connect(): The mysql extension is deprecated and will be removed in the future: use mysqli or PDO instead /alidata/www/dayang/ThinkPHP/Library/Think/Session/Driver/Db.class.php 第 95 行.
SQL: SHOW COLUMNS FROM `pg_list` [ RunTime:0.0010s ]
SQL: SELECT * FROM `pg_list` WHERE ( id=1 ) LIMIT 1   [ RunTime:0.0003s ]
INFO: [ view_parse ] --START--
INFO: [ template_filter ] --START--
INFO: Run Behavior\ContentReplaceBehavior [ RunTime:0.000079s ]
INFO: [ template_filter ] --END-- [ RunTime:0.000148s ]
NOTIC: [8] Undefined variable: type /alidata/www/dayang/Application/Runtime/Cache/Pangu/c223a00cf22e8ad3444bf3ee38b6f4f5.php 第 32 行.
NOTIC: [8] Undefined index: wap_lb2 /alidata/www/dayang/Application/Runtime/Cache/Pangu/c223a00cf22e8ad3444bf3ee38b6f4f5.php 第 102 行.
NOTIC: [8] Undefined variable: templets /alidata/www/dayang/Application/Runtime/Cache/Pangu/c223a00cf22e8ad3444bf3ee38b6f4f5.php 第 184 行.
NOTIC: [8] Undefined variable: templets /alidata/www/dayang/Application/Runtime/Cache/Pangu/c223a00cf22e8ad3444bf3ee38b6f4f5.php 第 215 行.
INFO: Run Behavior\ParseTemplateBehavior [ RunTime:0.025601s ]
INFO: [ view_parse ] --END-- [ RunTime:0.025653s ]
INFO: [ view_filter ] --START--
INFO: Run Behavior\WriteHtmlCacheBehavior [ RunTime:0.000145s ]
INFO: [ view_filter ] --END-- [ RunTime:0.000181s ]
INFO: [ app_end ] --START--
INFO: Run Behavior\ShowPageTraceBehavior [ RunTime:0.000422s ]
INFO: [ app_end ] --END-- [ RunTime:0.000471s ]

[ 2016-07-23T10:32:07+08:00 ] 60.208.91.154 /index.php/Pangu/Index/
INFO: [ app_init ] --START--
INFO: Run Behavior\BuildLiteBehavior [ RunTime:0.000022s ]
INFO: [ app_init ] --END-- [ RunTime:0.000410s ]
INFO: [ app_begin ] --START--
INFO: Run Behavior\ReadHtmlCacheBehavior [ RunTime:0.000370s ]
INFO: [ app_begin ] --END-- [ RunTime:0.000432s ]
NOTIC: [8192] mysql_connect(): The mysql extension is deprecated and will be removed in the future: use mysqli or PDO instead /alidata/www/dayang/ThinkPHP/Library/Think/Session/Driver/Db.class.php 第 95 行.
INFO: [ view_parse ] --START--
INFO: [ template_filter ] --START--
INFO: Run Behavior\ContentReplaceBehavior [ RunTime:0.000045s ]
INFO: [ template_filter ] --END-- [ RunTime:0.000090s ]
INFO: Run Behavior\ParseTemplateBehavior [ RunTime:0.005659s ]
INFO: [ view_parse ] --END-- [ RunTime:0.005704s ]
INFO: [ view_filter ] --START--
INFO: Run Behavior\WriteHtmlCacheBehavior [ RunTime:0.000135s ]
INFO: [ view_filter ] --END-- [ RunTime:0.000171s ]
INFO: [ app_end ] --START--
INFO: Run Behavior\ShowPageTraceBehavior [ RunTime:0.000383s ]
INFO: [ app_end ] --END-- [ RunTime:0.000423s ]

[ 2016-07-23T10:32:46+08:00 ] 60.208.91.154 /index.php/pangu/login/index
INFO: [ app_init ] --START--
INFO: Run Behavior\BuildLiteBehavior [ RunTime:0.000015s ]
INFO: [ app_init ] --END-- [ RunTime:0.000352s ]
INFO: [ app_begin ] --START--
INFO: Run Behavior\ReadHtmlCacheBehavior [ RunTime:0.000343s ]
INFO: [ app_begin ] --END-- [ RunTime:0.000387s ]
NOTIC: [8192] mysql_connect(): The mysql extension is deprecated and will be removed in the future: use mysqli or PDO instead /alidata/www/dayang/ThinkPHP/Library/Think/Session/Driver/Db.class.php 第 95 行.
INFO: [ view_parse ] --START--
INFO: [ template_filter ] --START--
INFO: Run Behavior\ContentReplaceBehavior [ RunTime:0.000041s ]
INFO: [ template_filter ] --END-- [ RunTime:0.000086s ]
NOTIC: [8] Undefined variable: templets /alidata/www/dayang/Application/Runtime/Cache/Pangu/65397f1e9fe206013d2c7702e5aee956.php 第 47 行.
INFO: Run Behavior\ParseTemplateBehavior [ RunTime:0.004777s ]
INFO: [ view_parse ] --END-- [ RunTime:0.004818s ]
INFO: [ view_filter ] --START--
INFO: Run Behavior\WriteHtmlCacheBehavior [ RunTime:0.000127s ]
INFO: [ view_filter ] --END-- [ RunTime:0.000163s ]
INFO: [ app_end ] --START--
INFO: Run Behavior\ShowPageTraceBehavior [ RunTime:0.000394s ]
INFO: [ app_end ] --END-- [ RunTime:0.000434s ]

[ 2016-07-23T10:32:49+08:00 ] 60.208.91.154 /index.php/Pangu/Login/do_login.html
INFO: [ app_init ] --START--
INFO: Run Behavior\BuildLiteBehavior [ RunTime:0.000019s ]
INFO: [ app_init ] --END-- [ RunTime:0.000430s ]
INFO: [ app_begin ] --START--
INFO: Run Behavior\ReadHtmlCacheBehavior [ RunTime:0.000356s ]
INFO: [ app_begin ] --END-- [ RunTime:0.000399s ]
NOTIC: [8192] mysql_connect(): The mysql extension is deprecated and will be removed in the future: use mysqli or PDO instead /alidata/www/dayang/ThinkPHP/Library/Think/Session/Driver/Db.class.php 第 95 行.
SQL: SHOW COLUMNS FROM `pg_admin` [ RunTime:0.0009s ]
SQL: SELECT * FROM `pg_admin` WHERE ( uname='admin' ) LIMIT 1   [ RunTime:0.0002s ]

[ 2016-07-23T10:32:49+08:00 ] 60.208.91.154 /index.php/Pangu/Index/index.html
INFO: [ app_init ] --START--
INFO: Run Behavior\BuildLiteBehavior [ RunTime:0.000018s ]
INFO: [ app_init ] --END-- [ RunTime:0.000332s ]
INFO: [ app_begin ] --START--
INFO: Run Behavior\ReadHtmlCacheBehavior [ RunTime:0.000366s ]
INFO: [ app_begin ] --END-- [ RunTime:0.000437s ]
NOTIC: [8192] mysql_connect(): The mysql extension is deprecated and will be removed in the future: use mysqli or PDO instead /alidata/www/dayang/ThinkPHP/Library/Think/Session/Driver/Db.class.php 第 95 行.
INFO: [ view_parse ] --START--
INFO: [ template_filter ] --START--
INFO: Run Behavior\ContentReplaceBehavior [ RunTime:0.000052s ]
INFO: [ template_filter ] --END-- [ RunTime:0.000104s ]
INFO: Run Behavior\ParseTemplateBehavior [ RunTime:0.006159s ]
INFO: [ view_parse ] --END-- [ RunTime:0.006206s ]
INFO: [ view_filter ] --START--
INFO: Run Behavior\WriteHtmlCacheBehavior [ RunTime:0.000147s ]
INFO: [ view_filter ] --END-- [ RunTime:0.000188s ]
INFO: [ app_end ] --START--
INFO: Run Behavior\ShowPageTraceBehavior [ RunTime:0.000413s ]
INFO: [ app_end ] --END-- [ RunTime:0.000464s ]

[ 2016-07-23T10:32:49+08:00 ] 60.208.91.154 /index.php/Pangu/Index/welcome.html
INFO: [ app_init ] --START--
INFO: Run Behavior\BuildLiteBehavior [ RunTime:0.000013s ]
INFO: [ app_init ] --END-- [ RunTime:0.000276s ]
INFO: [ app_begin ] --START--
INFO: Run Behavior\ReadHtmlCacheBehavior [ RunTime:0.000329s ]
INFO: [ app_begin ] --END-- [ RunTime:0.000374s ]
NOTIC: [8192] mysql_connect(): The mysql extension is deprecated and will be removed in the future: use mysqli or PDO instead /alidata/www/dayang/ThinkPHP/Library/Think/Session/Driver/Db.class.php 第 95 行.
NOTIC: [8] Undefined index: SystemRoot /alidata/www/dayang/Application/Pangu/Controller/IndexController.class.php 第 30 行.
INFO: [ view_parse ] --START--
INFO: [ template_filter ] --START--
INFO: Run Behavior\ContentReplaceBehavior [ RunTime:0.000064s ]
INFO: [ template_filter ] --END-- [ RunTime:0.000121s ]
INFO: Run Behavior\ParseTemplateBehavior [ RunTime:0.005156s ]
INFO: [ view_parse ] --END-- [ RunTime:0.005202s ]
INFO: [ view_filter ] --START--
INFO: Run Behavior\WriteHtmlCacheBehavior [ RunTime:0.000131s ]
INFO: [ view_filter ] --END-- [ RunTime:0.000168s ]
INFO: [ app_end ] --START--
INFO: Run Behavior\ShowPageTraceBehavior [ RunTime:0.000363s ]
INFO: [ app_end ] --END-- [ RunTime:0.000402s ]

[ 2016-07-23T10:32:50+08:00 ] 60.208.91.154 /index.php/Pangu/Index/skin/default/skin.css
INFO: [ app_init ] --START--
INFO: Run Behavior\BuildLiteBehavior [ RunTime:0.000016s ]
INFO: [ app_init ] --END-- [ RunTime:0.000307s ]
INFO: [ app_begin ] --START--
INFO: Run Behavior\ReadHtmlCacheBehavior [ RunTime:0.000370s ]
INFO: [ app_begin ] --END-- [ RunTime:0.000415s ]
NOTIC: [8192] mysql_connect(): The mysql extension is deprecated and will be removed in the future: use mysqli or PDO instead /alidata/www/dayang/ThinkPHP/Library/Think/Session/Driver/Db.class.php 第 95 行.
ERR: 非法操作:skin

[ 2016-07-23T10:32:50+08:00 ] 60.208.91.154 /index.php/Pangu/Index/skin/default/skin.css
INFO: [ app_init ] --START--
INFO: Run Behavior\BuildLiteBehavior [ RunTime:0.000017s ]
INFO: [ app_init ] --END-- [ RunTime:0.000292s ]
INFO: [ app_begin ] --START--
INFO: Run Behavior\ReadHtmlCacheBehavior [ RunTime:0.000381s ]
INFO: [ app_begin ] --END-- [ RunTime:0.000425s ]
NOTIC: [8192] mysql_connect(): The mysql extension is deprecated and will be removed in the future: use mysqli or PDO instead /alidata/www/dayang/ThinkPHP/Library/Think/Session/Driver/Db.class.php 第 95 行.
ERR: 非法操作:skin

[ 2016-07-23T10:33:15+08:00 ] 60.208.91.154 /index.php/Pangu/Index/llist.html
INFO: [ app_init ] --START--
INFO: Run Behavior\BuildLiteBehavior [ RunTime:0.000014s ]
INFO: [ app_init ] --END-- [ RunTime:0.000291s ]
INFO: [ app_begin ] --START--
INFO: Run Behavior\ReadHtmlCacheBehavior [ RunTime:0.000349s ]
INFO: [ app_begin ] --END-- [ RunTime:0.000395s ]
NOTIC: [8192] mysql_connect(): The mysql extension is deprecated and will be removed in the future: use mysqli or PDO instead /alidata/www/dayang/ThinkPHP/Library/Think/Session/Driver/Db.class.php 第 95 行.
SQL: select b.*,sum(case when a.lid = b.id then 1 else 0 end) as count from pg_list b left join pg_lrecord a on a.lid = b.id group by b.id [ RunTime:0.0006s ]
INFO: [ view_parse ] --START--
INFO: [ template_filter ] --START--
INFO: Run Behavior\ContentReplaceBehavior [ RunTime:0.000081s ]
INFO: [ template_filter ] --END-- [ RunTime:0.000165s ]
NOTIC: [8] Undefined variable: type /alidata/www/dayang/Application/Runtime/Cache/Pangu/e2213d5746dc61755bc7f12c24127cb0.php 第 38 行.
NOTIC: [8] Undefined variable: type /alidata/www/dayang/Application/Runtime/Cache/Pangu/e2213d5746dc61755bc7f12c24127cb0.php 第 82 行.
NOTIC: [8] Undefined variable: type /alidata/www/dayang/Application/Runtime/Cache/Pangu/e2213d5746dc61755bc7f12c24127cb0.php 第 82 行.
NOTIC: [8] Undefined variable: type /alidata/www/dayang/Application/Runtime/Cache/Pangu/e2213d5746dc61755bc7f12c24127cb0.php 第 82 行.
NOTIC: [8] Undefined variable: type /alidata/www/dayang/Application/Runtime/Cache/Pangu/e2213d5746dc61755bc7f12c24127cb0.php 第 82 行.
NOTIC: [8] Undefined variable: type /alidata/www/dayang/Application/Runtime/Cache/Pangu/e2213d5746dc61755bc7f12c24127cb0.php 第 82 行.
NOTIC: [8] Undefined variable: page /alidata/www/dayang/Application/Runtime/Cache/Pangu/e2213d5746dc61755bc7f12c24127cb0.php 第 89 行.
INFO: Run Behavior\ParseTemplateBehavior [ RunTime:0.009355s ]
INFO: [ view_parse ] --END-- [ RunTime:0.009398s ]
INFO: [ view_filter ] --START--
INFO: Run Behavior\WriteHtmlCacheBehavior [ RunTime:0.000158s ]
INFO: [ view_filter ] --END-- [ RunTime:0.000196s ]
INFO: [ app_end ] --START--
INFO: Run Behavior\ShowPageTraceBehavior [ RunTime:0.000418s ]
INFO: [ app_end ] --END-- [ RunTime:0.000477s ]

[ 2016-07-23T10:33:15+08:00 ] 60.208.91.154 /index.php/Pangu/Index/%3Cp%3E%3Cimg%20src=%22/ueditor/php/upload/image/20160722/1469174672285625.jpg%22%20title=%221469174672285625.jpg%22%20alt=%2220160707231149577e7135bb6f3.jpg%22/%3E%3C/p%3E
INFO: [ app_init ] --START--
INFO: Run Behavior\BuildLiteBehavior [ RunTime:0.000015s ]
INFO: [ app_init ] --END-- [ RunTime:0.000301s ]
INFO: [ app_begin ] --START--
INFO: Run Behavior\ReadHtmlCacheBehavior [ RunTime:0.000338s ]
INFO: [ app_begin ] --END-- [ RunTime:0.000385s ]
NOTIC: [8192] mysql_connect(): The mysql extension is deprecated and will be removed in the future: use mysqli or PDO instead /alidata/www/dayang/ThinkPHP/Library/Think/Session/Driver/Db.class.php 第 95 行.
ERR: 非法操作:

[ 2016-07-23T10:33:15+08:00 ] 60.208.91.154 /index.php/Pangu/Index/,/Uploads/images/20160707231100577e7104c7be7.jpg,/Uploads/images/20160707231101577e710520ff9.jpg,/Uploads/images/20160707231101577e710538a6d.jpg,/Uploads/images/20160707231102577e71064b9f0.jpg,/Uploads/images/20160707231103577e71077bf12.gif
INFO: [ app_init ] --START--
INFO: Run Behavior\BuildLiteBehavior [ RunTime:0.000014s ]
INFO: [ app_init ] --END-- [ RunTime:0.000300s ]

[ 2016-07-23T10:33:15+08:00 ] 60.208.91.154 /index.php/Pangu/Index/,/Uploads/images/20160707233027577e7593520ee.jpg
INFO: [ app_init ] --START--
INFO: Run Behavior\BuildLiteBehavior [ RunTime:0.000014s ]
INFO: [ app_init ] --END-- [ RunTime:0.000284s ]

[ 2016-07-23T10:33:15+08:00 ] 60.208.91.154 /index.php/Pangu/Index/,/Uploads/images/20160707231149577e7135bb6f3.jpg
INFO: [ app_init ] --START--
INFO: Run Behavior\BuildLiteBehavior [ RunTime:0.000012s ]
INFO: [ app_init ] --END-- [ RunTime:0.000273s ]

[ 2016-07-23T10:33:15+08:00 ] 60.208.91.154 /index.php/Pangu/Index/,/Uploads/images/20160708102304577f0e880795c.jpg
INFO: [ app_init ] --START--
INFO: Run Behavior\BuildLiteBehavior [ RunTime:0.000012s ]
INFO: [ app_init ] --END-- [ RunTime:0.000269s ]

[ 2016-07-23T10:33:16+08:00 ] 60.208.91.154 /index.php/Pangu/Index/skin/default/skin.css
INFO: [ app_init ] --START--
INFO: Run Behavior\BuildLiteBehavior [ RunTime:0.000018s ]
INFO: [ app_init ] --END-- [ RunTime:0.000300s ]
INFO: [ app_begin ] --START--
INFO: Run Behavior\ReadHtmlCacheBehavior [ RunTime:0.000358s ]
INFO: [ app_begin ] --END-- [ RunTime:0.000402s ]
NOTIC: [8192] mysql_connect(): The mysql extension is deprecated and will be removed in the future: use mysqli or PDO instead /alidata/www/dayang/ThinkPHP/Library/Think/Session/Driver/Db.class.php 第 95 行.
ERR: 非法操作:skin

[ 2016-07-23T10:33:28+08:00 ] 60.208.91.154 /index.php/Pangu/Index/tuan.html
INFO: [ app_init ] --START--
INFO: Run Behavior\BuildLiteBehavior [ RunTime:0.000018s ]
INFO: [ app_init ] --END-- [ RunTime:0.000395s ]
INFO: [ app_begin ] --START--
INFO: Run Behavior\ReadHtmlCacheBehavior [ RunTime:0.000389s ]
INFO: [ app_begin ] --END-- [ RunTime:0.000433s ]
NOTIC: [8192] mysql_connect(): The mysql extension is deprecated and will be removed in the future: use mysqli or PDO instead /alidata/www/dayang/ThinkPHP/Library/Think/Session/Driver/Db.class.php 第 95 行.
SQL: select b.*,sum(case when a.tid = b.id then 1 else 0 end) as count from pg_tuan b left join pg_user a on a.tid = b.id group by b.id [ RunTime:0.0019s ]
INFO: [ view_parse ] --START--
INFO: [ template_filter ] --START--
INFO: Run Behavior\ContentReplaceBehavior [ RunTime:0.000061s ]
INFO: [ template_filter ] --END-- [ RunTime:0.000112s ]
NOTIC: [8] Undefined variable: type /alidata/www/dayang/Application/Runtime/Cache/Pangu/626695119ef1a45710c8e8472c129e4f.php 第 38 行.
NOTIC: [8] Undefined variable: type /alidata/www/dayang/Application/Runtime/Cache/Pangu/626695119ef1a45710c8e8472c129e4f.php 第 72 行.
NOTIC: [8] Undefined variable: type /alidata/www/dayang/Application/Runtime/Cache/Pangu/626695119ef1a45710c8e8472c129e4f.php 第 72 行.
NOTIC: [8] Undefined variable: type /alidata/www/dayang/Application/Runtime/Cache/Pangu/626695119ef1a45710c8e8472c129e4f.php 第 72 行.
NOTIC: [8] Undefined variable: page /alidata/www/dayang/Application/Runtime/Cache/Pangu/626695119ef1a45710c8e8472c129e4f.php 第 79 行.
INFO: Run Behavior\ParseTemplateBehavior [ RunTime:0.007407s ]
INFO: [ view_parse ] --END-- [ RunTime:0.007455s ]
INFO: [ view_filter ] --START--
INFO: Run Behavior\WriteHtmlCacheBehavior [ RunTime:0.000133s ]
INFO: [ view_filter ] --END-- [ RunTime:0.000170s ]
INFO: [ app_end ] --START--
INFO: Run Behavior\ShowPageTraceBehavior [ RunTime:0.000419s ]
INFO: [ app_end ] --END-- [ RunTime:0.000464s ]

[ 2016-07-23T10:33:29+08:00 ] 60.208.91.154 /index.php/Pangu/Index/,/Uploads/images/20160709105210578066da31577.jpg
INFO: [ app_init ] --START--
INFO: Run Behavior\BuildLiteBehavior [ RunTime:0.000018s ]
INFO: [ app_init ] --END-- [ RunTime:0.000283s ]

[ 2016-07-23T10:33:29+08:00 ] 60.208.91.154 /index.php/Pangu/Index/,/Uploads/images/20160709105221578066e58b15b.jpg
INFO: [ app_init ] --START--
INFO: Run Behavior\BuildLiteBehavior [ RunTime:0.000013s ]
INFO: [ app_init ] --END-- [ RunTime:0.000282s ]

[ 2016-07-23T10:33:29+08:00 ] 60.208.91.154 /index.php/Pangu/Index/,/Uploads/images/20160709105232578066f0b8a68.jpg
INFO: [ app_init ] --START--
INFO: Run Behavior\BuildLiteBehavior [ RunTime:0.000021s ]
INFO: [ app_init ] --END-- [ RunTime:0.000394s ]

[ 2016-07-23T10:33:29+08:00 ] 60.208.91.154 /index.php/Pangu/Index/skin/default/skin.css
INFO: [ app_init ] --START--
INFO: Run Behavior\BuildLiteBehavior [ RunTime:0.000018s ]
INFO: [ app_init ] --END-- [ RunTime:0.000322s ]
INFO: [ app_begin ] --START--
INFO: Run Behavior\ReadHtmlCacheBehavior [ RunTime:0.000372s ]
INFO: [ app_begin ] --END-- [ RunTime:0.000416s ]
NOTIC: [8192] mysql_connect(): The mysql extension is deprecated and will be removed in the future: use mysqli or PDO instead /alidata/www/dayang/ThinkPHP/Library/Think/Session/Driver/Db.class.php 第 95 行.
ERR: 非法操作:skin

[ 2016-07-23T10:38:29+08:00 ] 60.208.91.154 /index.php/Pangu/Index/llist.html
INFO: [ app_init ] --START--
INFO: Run Behavior\BuildLiteBehavior [ RunTime:0.000045s ]
INFO: [ app_init ] --END-- [ RunTime:0.000557s ]
INFO: [ app_begin ] --START--
INFO: Run Behavior\ReadHtmlCacheBehavior [ RunTime:0.000468s ]
INFO: [ app_begin ] --END-- [ RunTime:0.000526s ]
NOTIC: [8192] mysql_connect(): The mysql extension is deprecated and will be removed in the future: use mysqli or PDO instead /alidata/www/dayang/ThinkPHP/Library/Think/Session/Driver/Db.class.php 第 95 行.
SQL: select b.*,sum(case when a.lid = b.id then 1 else 0 end) as count from pg_list b left join pg_lrecord a on a.lid = b.id group by b.id [ RunTime:0.0006s ]
INFO: [ view_parse ] --START--
INFO: [ template_filter ] --START--
INFO: Run Behavior\ContentReplaceBehavior [ RunTime:0.000059s ]
INFO: [ template_filter ] --END-- [ RunTime:0.000108s ]
NOTIC: [8] Undefined variable: type /alidata/www/dayang/Application/Runtime/Cache/Pangu/e2213d5746dc61755bc7f12c24127cb0.php 第 38 行.
NOTIC: [8] Undefined variable: type /alidata/www/dayang/Application/Runtime/Cache/Pangu/e2213d5746dc61755bc7f12c24127cb0.php 第 82 行.
NOTIC: [8] Undefined variable: type /alidata/www/dayang/Application/Runtime/Cache/Pangu/e2213d5746dc61755bc7f12c24127cb0.php 第 82 行.
NOTIC: [8] Undefined variable: type /alidata/www/dayang/Application/Runtime/Cache/Pangu/e2213d5746dc61755bc7f12c24127cb0.php 第 82 行.
NOTIC: [8] Undefined variable: type /alidata/www/dayang/Application/Runtime/Cache/Pangu/e2213d5746dc61755bc7f12c24127cb0.php 第 82 行.
NOTIC: [8] Undefined variable: type /alidata/www/dayang/Application/Runtime/Cache/Pangu/e2213d5746dc61755bc7f12c24127cb0.php 第 82 行.
NOTIC: [8] Undefined variable: page /alidata/www/dayang/Application/Runtime/Cache/Pangu/e2213d5746dc61755bc7f12c24127cb0.php 第 89 行.
INFO: Run Behavior\ParseTemplateBehavior [ RunTime:0.008726s ]
INFO: [ view_parse ] --END-- [ RunTime:0.008772s ]
INFO: [ view_filter ] --START--
INFO: Run Behavior\WriteHtmlCacheBehavior [ RunTime:0.000143s ]
INFO: [ view_filter ] --END-- [ RunTime:0.000183s ]
INFO: [ app_end ] --START--
INFO: Run Behavior\ShowPageTraceBehavior [ RunTime:0.000416s ]
INFO: [ app_end ] --END-- [ RunTime:0.000466s ]

[ 2016-07-23T10:38:29+08:00 ] 60.208.91.154 /index.php/Pangu/Index/%3Cp%3E%3Cimg%20src=%22/ueditor/php/upload/image/20160722/1469174672285625.jpg%22%20title=%221469174672285625.jpg%22%20alt=%2220160707231149577e7135bb6f3.jpg%22/%3E%3C/p%3E
INFO: [ app_init ] --START--
INFO: Run Behavior\BuildLiteBehavior [ RunTime:0.000015s ]
INFO: [ app_init ] --END-- [ RunTime:0.000299s ]
INFO: [ app_begin ] --START--
INFO: Run Behavior\ReadHtmlCacheBehavior [ RunTime:0.000358s ]
INFO: [ app_begin ] --END-- [ RunTime:0.000404s ]
NOTIC: [8192] mysql_connect(): The mysql extension is deprecated and will be removed in the future: use mysqli or PDO instead /alidata/www/dayang/ThinkPHP/Library/Think/Session/Driver/Db.class.php 第 95 行.
ERR: 非法操作:

[ 2016-07-23T10:38:29+08:00 ] 60.208.91.154 /index.php/Pangu/Index/,/Uploads/images/20160707231100577e7104c7be7.jpg,/Uploads/images/20160707231101577e710520ff9.jpg,/Uploads/images/20160707231101577e710538a6d.jpg,/Uploads/images/20160707231102577e71064b9f0.jpg,/Uploads/images/20160707231103577e71077bf12.gif
INFO: [ app_init ] --START--
INFO: Run Behavior\BuildLiteBehavior [ RunTime:0.000014s ]
INFO: [ app_init ] --END-- [ RunTime:0.000322s ]

[ 2016-07-23T10:38:29+08:00 ] 60.208.91.154 /index.php/Pangu/Index/,/Uploads/images/20160707231149577e7135bb6f3.jpg
INFO: [ app_init ] --START--
INFO: Run Behavior\BuildLiteBehavior [ RunTime:0.000014s ]
INFO: [ app_init ] --END-- [ RunTime:0.000315s ]

[ 2016-07-23T10:38:29+08:00 ] 60.208.91.154 /index.php/Pangu/Index/,/Uploads/images/20160707233027577e7593520ee.jpg
INFO: [ app_init ] --START--
INFO: Run Behavior\BuildLiteBehavior [ RunTime:0.000012s ]
INFO: [ app_init ] --END-- [ RunTime:0.000279s ]

[ 2016-07-23T10:38:29+08:00 ] 60.208.91.154 /index.php/Pangu/Index/,/Uploads/images/20160708102304577f0e880795c.jpg
INFO: [ app_init ] --START--
INFO: Run Behavior\BuildLiteBehavior [ RunTime:0.000012s ]
INFO: [ app_init ] --END-- [ RunTime:0.000268s ]

[ 2016-07-23T10:38:29+08:00 ] 60.208.91.154 /index.php/Pangu/Index/skin/default/skin.css
INFO: [ app_init ] --START--
INFO: Run Behavior\BuildLiteBehavior [ RunTime:0.000012s ]
INFO: [ app_init ] --END-- [ RunTime:0.000308s ]
INFO: [ app_begin ] --START--
INFO: Run Behavior\ReadHtmlCacheBehavior [ RunTime:0.000397s ]
INFO: [ app_begin ] --END-- [ RunTime:0.000448s ]
NOTIC: [8192] mysql_connect(): The mysql extension is deprecated and will be removed in the future: use mysqli or PDO instead /alidata/www/dayang/ThinkPHP/Library/Think/Session/Driver/Db.class.php 第 95 行.
ERR: 非法操作:skin

