[ 2016-07-27T14:18:52+08:00 ] 171.8.191.125 /index.php/Pangu/Login/index
INFO: [ app_init ] --START--
INFO: Run Behavior\BuildLiteBehavior [ RunTime:0.000016s ]
INFO: [ app_init ] --END-- [ RunTime:0.000285s ]
INFO: [ app_begin ] --START--
INFO: Run Behavior\ReadHtmlCacheBehavior [ RunTime:0.000547s ]
INFO: [ app_begin ] --END-- [ RunTime:0.000636s ]
NOTIC: [8192] mysql_connect(): The mysql extension is deprecated and will be removed in the future: use mysqli or PDO instead /alidata/www/dayang/ThinkPHP/Library/Think/Session/Driver/Db.class.php 第 95 行.
INFO: [ view_parse ] --START--
INFO: [ template_filter ] --START--
INFO: Run Behavior\ContentReplaceBehavior [ RunTime:0.000048s ]
INFO: [ template_filter ] --END-- [ RunTime:0.000131s ]
NOTIC: [8] Undefined variable: templets /alidata/www/dayang/Application/Runtime/Cache/Pangu/65397f1e9fe206013d2c7702e5aee956.php 第 47 行.
INFO: Run Behavior\ParseTemplateBehavior [ RunTime:0.006398s ]
INFO: [ view_parse ] --END-- [ RunTime:0.006440s ]
INFO: [ view_filter ] --START--
INFO: Run Behavior\WriteHtmlCacheBehavior [ RunTime:0.000131s ]
INFO: [ view_filter ] --END-- [ RunTime:0.000166s ]
INFO: [ app_end ] --START--
INFO: Run Behavior\ShowPageTraceBehavior [ RunTime:0.000367s ]
INFO: [ app_end ] --END-- [ RunTime:0.000408s ]

[ 2016-07-27T14:18:58+08:00 ] 171.8.191.125 /index.php/Pangu/Login/do_login.html
INFO: [ app_init ] --START--
INFO: Run Behavior\BuildLiteBehavior [ RunTime:0.000013s ]
INFO: [ app_init ] --END-- [ RunTime:0.000279s ]
INFO: [ app_begin ] --START--
INFO: Run Behavior\ReadHtmlCacheBehavior [ RunTime:0.000341s ]
INFO: [ app_begin ] --END-- [ RunTime:0.000382s ]
NOTIC: [8192] mysql_connect(): The mysql extension is deprecated and will be removed in the future: use mysqli or PDO instead /alidata/www/dayang/ThinkPHP/Library/Think/Session/Driver/Db.class.php 第 95 行.
SQL: SHOW COLUMNS FROM `pg_admin` [ RunTime:0.0010s ]
SQL: SELECT * FROM `pg_admin` WHERE ( uname='admin' ) LIMIT 1   [ RunTime:0.0002s ]

[ 2016-07-27T14:18:58+08:00 ] 171.8.191.125 /index.php/Pangu/Index/index.html
INFO: [ app_init ] --START--
INFO: Run Behavior\BuildLiteBehavior [ RunTime:0.000016s ]
INFO: [ app_init ] --END-- [ RunTime:0.000296s ]
INFO: [ app_begin ] --START--
INFO: Run Behavior\ReadHtmlCacheBehavior [ RunTime:0.000350s ]
INFO: [ app_begin ] --END-- [ RunTime:0.000393s ]
NOTIC: [8192] mysql_connect(): The mysql extension is deprecated and will be removed in the future: use mysqli or PDO instead /alidata/www/dayang/ThinkPHP/Library/Think/Session/Driver/Db.class.php 第 95 行.
INFO: [ view_parse ] --START--
INFO: [ template_filter ] --START--
INFO: Run Behavior\ContentReplaceBehavior [ RunTime:0.000059s ]
INFO: [ template_filter ] --END-- [ RunTime:0.000132s ]
INFO: Run Behavior\ParseTemplateBehavior [ RunTime:0.041940s ]
INFO: [ view_parse ] --END-- [ RunTime:0.041998s ]
INFO: [ view_filter ] --START--
INFO: Run Behavior\WriteHtmlCacheBehavior [ RunTime:0.000151s ]
INFO: [ view_filter ] --END-- [ RunTime:0.000192s ]
INFO: [ app_end ] --START--
INFO: Run Behavior\ShowPageTraceBehavior [ RunTime:0.000388s ]
INFO: [ app_end ] --END-- [ RunTime:0.000437s ]

[ 2016-07-27T14:18:58+08:00 ] 171.8.191.125 /index.php/Pangu/Index/index.html
INFO: [ app_init ] --START--
INFO: Run Behavior\BuildLiteBehavior [ RunTime:0.000017s ]
INFO: [ app_init ] --END-- [ RunTime:0.000293s ]
INFO: [ app_begin ] --START--
INFO: Run Behavior\ReadHtmlCacheBehavior [ RunTime:0.000335s ]
INFO: [ app_begin ] --END-- [ RunTime:0.000375s ]
NOTIC: [8192] mysql_connect(): The mysql extension is deprecated and will be removed in the future: use mysqli or PDO instead /alidata/www/dayang/ThinkPHP/Library/Think/Session/Driver/Db.class.php 第 95 行.
INFO: [ view_parse ] --START--
INFO: [ template_filter ] --START--
INFO: Run Behavior\ContentReplaceBehavior [ RunTime:0.000046s ]
INFO: [ template_filter ] --END-- [ RunTime:0.000095s ]
INFO: Run Behavior\ParseTemplateBehavior [ RunTime:0.005389s ]
INFO: [ view_parse ] --END-- [ RunTime:0.005446s ]
INFO: [ view_filter ] --START--
INFO: Run Behavior\WriteHtmlCacheBehavior [ RunTime:0.000134s ]
INFO: [ view_filter ] --END-- [ RunTime:0.000168s ]
INFO: [ app_end ] --START--
INFO: Run Behavior\ShowPageTraceBehavior [ RunTime:0.000371s ]
INFO: [ app_end ] --END-- [ RunTime:0.000410s ]

[ 2016-07-27T14:18:58+08:00 ] 171.8.191.125 /index.php/Pangu/Index/index.html
INFO: [ app_init ] --START--
INFO: Run Behavior\BuildLiteBehavior [ RunTime:0.000016s ]
INFO: [ app_init ] --END-- [ RunTime:0.000300s ]
INFO: [ app_begin ] --START--
INFO: Run Behavior\ReadHtmlCacheBehavior [ RunTime:0.000328s ]
INFO: [ app_begin ] --END-- [ RunTime:0.000373s ]
NOTIC: [8192] mysql_connect(): The mysql extension is deprecated and will be removed in the future: use mysqli or PDO instead /alidata/www/dayang/ThinkPHP/Library/Think/Session/Driver/Db.class.php 第 95 行.
INFO: [ view_parse ] --START--
INFO: [ template_filter ] --START--
INFO: Run Behavior\ContentReplaceBehavior [ RunTime:0.000042s ]
INFO: [ template_filter ] --END-- [ RunTime:0.000090s ]
INFO: Run Behavior\ParseTemplateBehavior [ RunTime:0.005440s ]
INFO: [ view_parse ] --END-- [ RunTime:0.005499s ]
INFO: [ view_filter ] --START--
INFO: Run Behavior\WriteHtmlCacheBehavior [ RunTime:0.000121s ]
INFO: [ view_filter ] --END-- [ RunTime:0.000156s ]
INFO: [ app_end ] --START--
INFO: Run Behavior\ShowPageTraceBehavior [ RunTime:0.000355s ]
INFO: [ app_end ] --END-- [ RunTime:0.000394s ]

[ 2016-07-27T14:18:59+08:00 ] 171.8.191.125 /index.php/Pangu/Index/welcome.html
INFO: [ app_init ] --START--
INFO: Run Behavior\BuildLiteBehavior [ RunTime:0.000014s ]
INFO: [ app_init ] --END-- [ RunTime:0.000271s ]
INFO: [ app_begin ] --START--
INFO: Run Behavior\ReadHtmlCacheBehavior [ RunTime:0.000328s ]
INFO: [ app_begin ] --END-- [ RunTime:0.000371s ]
NOTIC: [8192] mysql_connect(): The mysql extension is deprecated and will be removed in the future: use mysqli or PDO instead /alidata/www/dayang/ThinkPHP/Library/Think/Session/Driver/Db.class.php 第 95 行.
NOTIC: [8] Undefined index: SystemRoot /alidata/www/dayang/Application/Pangu/Controller/IndexController.class.php 第 30 行.
INFO: [ view_parse ] --START--
INFO: [ template_filter ] --START--
INFO: Run Behavior\ContentReplaceBehavior [ RunTime:0.000046s ]
INFO: [ template_filter ] --END-- [ RunTime:0.000097s ]
INFO: Run Behavior\ParseTemplateBehavior [ RunTime:0.007761s ]
INFO: [ view_parse ] --END-- [ RunTime:0.007813s ]
INFO: [ view_filter ] --START--
INFO: Run Behavior\WriteHtmlCacheBehavior [ RunTime:0.000128s ]
INFO: [ view_filter ] --END-- [ RunTime:0.000165s ]
INFO: [ app_end ] --START--
INFO: Run Behavior\ShowPageTraceBehavior [ RunTime:0.000369s ]
INFO: [ app_end ] --END-- [ RunTime:0.000409s ]

[ 2016-07-27T14:18:59+08:00 ] 171.8.191.125 /index.php/Pangu/Index/skin/default/skin.css
INFO: [ app_init ] --START--
INFO: Run Behavior\BuildLiteBehavior [ RunTime:0.000015s ]
INFO: [ app_init ] --END-- [ RunTime:0.000353s ]
INFO: [ app_begin ] --START--
INFO: Run Behavior\ReadHtmlCacheBehavior [ RunTime:0.000329s ]
INFO: [ app_begin ] --END-- [ RunTime:0.000373s ]
NOTIC: [8192] mysql_connect(): The mysql extension is deprecated and will be removed in the future: use mysqli or PDO instead /alidata/www/dayang/ThinkPHP/Library/Think/Session/Driver/Db.class.php 第 95 行.
ERR: 非法操作:skin

[ 2016-07-27T14:18:59+08:00 ] 171.8.191.125 /index.php/Pangu/Index/skin/default/skin.css
INFO: [ app_init ] --START--
INFO: Run Behavior\BuildLiteBehavior [ RunTime:0.000018s ]
INFO: [ app_init ] --END-- [ RunTime:0.000312s ]
INFO: [ app_begin ] --START--
INFO: Run Behavior\ReadHtmlCacheBehavior [ RunTime:0.000367s ]
INFO: [ app_begin ] --END-- [ RunTime:0.000414s ]
NOTIC: [8192] mysql_connect(): The mysql extension is deprecated and will be removed in the future: use mysqli or PDO instead /alidata/www/dayang/ThinkPHP/Library/Think/Session/Driver/Db.class.php 第 95 行.
ERR: 非法操作:skin

[ 2016-07-27T14:19:01+08:00 ] 171.8.191.125 /index.php/Pangu/Index/prize.html?type=1
INFO: [ app_init ] --START--
INFO: Run Behavior\BuildLiteBehavior [ RunTime:0.000014s ]
INFO: [ app_init ] --END-- [ RunTime:0.000274s ]
INFO: [ app_begin ] --START--
INFO: Run Behavior\ReadHtmlCacheBehavior [ RunTime:0.000331s ]
INFO: [ app_begin ] --END-- [ RunTime:0.000377s ]
NOTIC: [8192] mysql_connect(): The mysql extension is deprecated and will be removed in the future: use mysqli or PDO instead /alidata/www/dayang/ThinkPHP/Library/Think/Session/Driver/Db.class.php 第 95 行.
SQL: SHOW COLUMNS FROM `pg_list` [ RunTime:0.0011s ]
SQL: SELECT `type`,`name` FROM `pg_list`  [ RunTime:0.0002s ]
SQL: select a.id,b.uid,a.tel,a.name,b.nickname,a.lid,a.c_time,a.e_time from pg_lrecord a,pg_user b where a.uid = b.id [ RunTime:0.0004s ]
INFO: [ view_parse ] --START--
INFO: [ template_filter ] --START--
INFO: Run Behavior\ContentReplaceBehavior [ RunTime:0.000093s ]
INFO: [ template_filter ] --END-- [ RunTime:0.000163s ]
NOTIC: [8] Undefined offset: 7 /alidata/www/dayang/Application/Runtime/Cache/Pangu/94faa1e2e3ef5cb3c3219e0af2a43a3b.php 第 72 行.
NOTIC: [8] Undefined variable: page /alidata/www/dayang/Application/Runtime/Cache/Pangu/94faa1e2e3ef5cb3c3219e0af2a43a3b.php 第 88 行.
INFO: Run Behavior\ParseTemplateBehavior [ RunTime:0.020262s ]
INFO: [ view_parse ] --END-- [ RunTime:0.020306s ]
INFO: [ view_filter ] --START--
INFO: Run Behavior\WriteHtmlCacheBehavior [ RunTime:0.000141s ]
INFO: [ view_filter ] --END-- [ RunTime:0.000179s ]
INFO: [ app_end ] --START--
INFO: Run Behavior\ShowPageTraceBehavior [ RunTime:0.000446s ]
INFO: [ app_end ] --END-- [ RunTime:0.000492s ]

[ 2016-07-27T14:19:01+08:00 ] 171.8.191.125 /index.php/Pangu/Index/prize.html?type=1
INFO: [ app_init ] --START--
INFO: Run Behavior\BuildLiteBehavior [ RunTime:0.000015s ]
INFO: [ app_init ] --END-- [ RunTime:0.000306s ]
INFO: [ app_begin ] --START--
INFO: Run Behavior\ReadHtmlCacheBehavior [ RunTime:0.000339s ]
INFO: [ app_begin ] --END-- [ RunTime:0.000383s ]
NOTIC: [8192] mysql_connect(): The mysql extension is deprecated and will be removed in the future: use mysqli or PDO instead /alidata/www/dayang/ThinkPHP/Library/Think/Session/Driver/Db.class.php 第 95 行.
SQL: SHOW COLUMNS FROM `pg_list` [ RunTime:0.0007s ]
SQL: SELECT `type`,`name` FROM `pg_list`  [ RunTime:0.0002s ]
SQL: select a.id,b.uid,a.tel,a.name,b.nickname,a.lid,a.c_time,a.e_time from pg_lrecord a,pg_user b where a.uid = b.id [ RunTime:0.0003s ]
INFO: [ view_parse ] --START--
INFO: [ template_filter ] --START--
INFO: Run Behavior\ContentReplaceBehavior [ RunTime:0.000086s ]
INFO: [ template_filter ] --END-- [ RunTime:0.000162s ]
NOTIC: [8] Undefined offset: 7 /alidata/www/dayang/Application/Runtime/Cache/Pangu/94faa1e2e3ef5cb3c3219e0af2a43a3b.php 第 72 行.
NOTIC: [8] Undefined variable: page /alidata/www/dayang/Application/Runtime/Cache/Pangu/94faa1e2e3ef5cb3c3219e0af2a43a3b.php 第 88 行.
INFO: Run Behavior\ParseTemplateBehavior [ RunTime:0.018255s ]
INFO: [ view_parse ] --END-- [ RunTime:0.018299s ]
INFO: [ view_filter ] --START--
INFO: Run Behavior\WriteHtmlCacheBehavior [ RunTime:0.000144s ]
INFO: [ view_filter ] --END-- [ RunTime:0.000182s ]
INFO: [ app_end ] --START--
INFO: Run Behavior\ShowPageTraceBehavior [ RunTime:0.000474s ]
INFO: [ app_end ] --END-- [ RunTime:0.000520s ]

[ 2016-07-27T14:19:01+08:00 ] 171.8.191.125 /index.php/Pangu/Index/skin/default/skin.css
INFO: [ app_init ] --START--
INFO: Run Behavior\BuildLiteBehavior [ RunTime:0.000018s ]
INFO: [ app_init ] --END-- [ RunTime:0.000302s ]
INFO: [ app_begin ] --START--
INFO: Run Behavior\ReadHtmlCacheBehavior [ RunTime:0.000376s ]
INFO: [ app_begin ] --END-- [ RunTime:0.000421s ]
NOTIC: [8192] mysql_connect(): The mysql extension is deprecated and will be removed in the future: use mysqli or PDO instead /alidata/www/dayang/ThinkPHP/Library/Think/Session/Driver/Db.class.php 第 95 行.
ERR: 非法操作:skin

[ 2016-07-27T14:19:03+08:00 ] 171.8.191.125 /index.php/Pangu/Index/prize.html?type=2
INFO: [ app_init ] --START--
INFO: Run Behavior\BuildLiteBehavior [ RunTime:0.000018s ]
INFO: [ app_init ] --END-- [ RunTime:0.000330s ]
INFO: [ app_begin ] --START--
INFO: Run Behavior\ReadHtmlCacheBehavior [ RunTime:0.000338s ]
INFO: [ app_begin ] --END-- [ RunTime:0.000382s ]
NOTIC: [8192] mysql_connect(): The mysql extension is deprecated and will be removed in the future: use mysqli or PDO instead /alidata/www/dayang/ThinkPHP/Library/Think/Session/Driver/Db.class.php 第 95 行.
SQL: SHOW COLUMNS FROM `pg_tuan` [ RunTime:0.0012s ]
SQL: SELECT `type` FROM `pg_tuan`  [ RunTime:0.0003s ]
SQL: select a.id,b.uid,a.tel,a.name,b.nickname,a.lid,a.c_time,a.e_time from pg_trecord a,pg_user b where a.uid = b.id [ RunTime:0.0005s ]
INFO: [ view_parse ] --START--
INFO: [ template_filter ] --START--
INFO: Run Behavior\ContentReplaceBehavior [ RunTime:0.000057s ]
INFO: [ template_filter ] --END-- [ RunTime:0.000126s ]
NOTIC: [8] Undefined variable: page /alidata/www/dayang/Application/Runtime/Cache/Pangu/94faa1e2e3ef5cb3c3219e0af2a43a3b.php 第 88 行.
INFO: Run Behavior\ParseTemplateBehavior [ RunTime:0.012171s ]
INFO: [ view_parse ] --END-- [ RunTime:0.012218s ]
INFO: [ view_filter ] --START--
INFO: Run Behavior\WriteHtmlCacheBehavior [ RunTime:0.000147s ]
INFO: [ view_filter ] --END-- [ RunTime:0.000184s ]
INFO: [ app_end ] --START--
INFO: Run Behavior\ShowPageTraceBehavior [ RunTime:0.000398s ]
INFO: [ app_end ] --END-- [ RunTime:0.000442s ]

[ 2016-07-27T14:19:03+08:00 ] 171.8.191.125 /index.php/Pangu/Index/prize.html?type=2
INFO: [ app_init ] --START--
INFO: Run Behavior\BuildLiteBehavior [ RunTime:0.000013s ]
INFO: [ app_init ] --END-- [ RunTime:0.000321s ]
INFO: [ app_begin ] --START--
INFO: Run Behavior\ReadHtmlCacheBehavior [ RunTime:0.000338s ]
INFO: [ app_begin ] --END-- [ RunTime:0.000400s ]
NOTIC: [8192] mysql_connect(): The mysql extension is deprecated and will be removed in the future: use mysqli or PDO instead /alidata/www/dayang/ThinkPHP/Library/Think/Session/Driver/Db.class.php 第 95 行.
SQL: SHOW COLUMNS FROM `pg_tuan` [ RunTime:0.0007s ]
SQL: SELECT `type` FROM `pg_tuan`  [ RunTime:0.0002s ]
SQL: select a.id,b.uid,a.tel,a.name,b.nickname,a.lid,a.c_time,a.e_time from pg_trecord a,pg_user b where a.uid = b.id [ RunTime:0.0003s ]
INFO: [ view_parse ] --START--
INFO: [ template_filter ] --START--
INFO: Run Behavior\ContentReplaceBehavior [ RunTime:0.000051s ]
INFO: [ template_filter ] --END-- [ RunTime:0.000103s ]
NOTIC: [8] Undefined variable: page /alidata/www/dayang/Application/Runtime/Cache/Pangu/94faa1e2e3ef5cb3c3219e0af2a43a3b.php 第 88 行.
INFO: Run Behavior\ParseTemplateBehavior [ RunTime:0.011897s ]
INFO: [ view_parse ] --END-- [ RunTime:0.011942s ]
INFO: [ view_filter ] --START--
INFO: Run Behavior\WriteHtmlCacheBehavior [ RunTime:0.000136s ]
INFO: [ view_filter ] --END-- [ RunTime:0.000173s ]
INFO: [ app_end ] --START--
INFO: Run Behavior\ShowPageTraceBehavior [ RunTime:0.000411s ]
INFO: [ app_end ] --END-- [ RunTime:0.000456s ]

[ 2016-07-27T14:19:04+08:00 ] 171.8.191.125 /index.php/Pangu/Index/skin/default/skin.css
INFO: [ app_init ] --START--
INFO: Run Behavior\BuildLiteBehavior [ RunTime:0.000020s ]
INFO: [ app_init ] --END-- [ RunTime:0.000307s ]
INFO: [ app_begin ] --START--
INFO: Run Behavior\ReadHtmlCacheBehavior [ RunTime:0.000406s ]
INFO: [ app_begin ] --END-- [ RunTime:0.000453s ]
NOTIC: [8192] mysql_connect(): The mysql extension is deprecated and will be removed in the future: use mysqli or PDO instead /alidata/www/dayang/ThinkPHP/Library/Think/Session/Driver/Db.class.php 第 95 行.
ERR: 非法操作:skin

[ 2016-07-27T14:19:09+08:00 ] 171.8.191.125 /index.php/Pangu/Index/llist.html
INFO: [ app_init ] --START--
INFO: Run Behavior\BuildLiteBehavior [ RunTime:0.000014s ]
INFO: [ app_init ] --END-- [ RunTime:0.000289s ]
INFO: [ app_begin ] --START--
INFO: Run Behavior\ReadHtmlCacheBehavior [ RunTime:0.000344s ]
INFO: [ app_begin ] --END-- [ RunTime:0.000387s ]
NOTIC: [8192] mysql_connect(): The mysql extension is deprecated and will be removed in the future: use mysqli or PDO instead /alidata/www/dayang/ThinkPHP/Library/Think/Session/Driver/Db.class.php 第 95 行.
SQL: select b.*,sum(case when a.lid = b.id then 1 else 0 end) as count from pg_list b left join pg_lrecord a on a.lid = b.id group by b.id [ RunTime:0.0007s ]
INFO: [ view_parse ] --START--
INFO: [ template_filter ] --START--
INFO: Run Behavior\ContentReplaceBehavior [ RunTime:0.000059s ]
INFO: [ template_filter ] --END-- [ RunTime:0.000122s ]
NOTIC: [8] Undefined variable: type /alidata/www/dayang/Application/Runtime/Cache/Pangu/e2213d5746dc61755bc7f12c24127cb0.php 第 38 行.
NOTIC: [8] Undefined variable: type /alidata/www/dayang/Application/Runtime/Cache/Pangu/e2213d5746dc61755bc7f12c24127cb0.php 第 80 行.
NOTIC: [8] Undefined variable: type /alidata/www/dayang/Application/Runtime/Cache/Pangu/e2213d5746dc61755bc7f12c24127cb0.php 第 80 行.
NOTIC: [8] Undefined variable: type /alidata/www/dayang/Application/Runtime/Cache/Pangu/e2213d5746dc61755bc7f12c24127cb0.php 第 80 行.
NOTIC: [8] Undefined variable: type /alidata/www/dayang/Application/Runtime/Cache/Pangu/e2213d5746dc61755bc7f12c24127cb0.php 第 80 行.
NOTIC: [8] Undefined variable: type /alidata/www/dayang/Application/Runtime/Cache/Pangu/e2213d5746dc61755bc7f12c24127cb0.php 第 80 行.
NOTIC: [8] Undefined variable: type /alidata/www/dayang/Application/Runtime/Cache/Pangu/e2213d5746dc61755bc7f12c24127cb0.php 第 80 行.
NOTIC: [8] Undefined variable: type /alidata/www/dayang/Application/Runtime/Cache/Pangu/e2213d5746dc61755bc7f12c24127cb0.php 第 80 行.
NOTIC: [8] Undefined variable: page /alidata/www/dayang/Application/Runtime/Cache/Pangu/e2213d5746dc61755bc7f12c24127cb0.php 第 86 行.
INFO: Run Behavior\ParseTemplateBehavior [ RunTime:0.020909s ]
INFO: [ view_parse ] --END-- [ RunTime:0.020955s ]
INFO: [ view_filter ] --START--
INFO: Run Behavior\WriteHtmlCacheBehavior [ RunTime:0.000142s ]
INFO: [ view_filter ] --END-- [ RunTime:0.000180s ]
INFO: [ app_end ] --START--
INFO: Run Behavior\ShowPageTraceBehavior [ RunTime:0.000461s ]
INFO: [ app_end ] --END-- [ RunTime:0.000506s ]

[ 2016-07-27T14:19:09+08:00 ] 171.8.191.125 /index.php/Pangu/Index/llist.html
INFO: [ app_init ] --START--
INFO: Run Behavior\BuildLiteBehavior [ RunTime:0.000014s ]
INFO: [ app_init ] --END-- [ RunTime:0.000263s ]
INFO: [ app_begin ] --START--
INFO: Run Behavior\ReadHtmlCacheBehavior [ RunTime:0.000324s ]
INFO: [ app_begin ] --END-- [ RunTime:0.000368s ]
NOTIC: [8192] mysql_connect(): The mysql extension is deprecated and will be removed in the future: use mysqli or PDO instead /alidata/www/dayang/ThinkPHP/Library/Think/Session/Driver/Db.class.php 第 95 行.
SQL: select b.*,sum(case when a.lid = b.id then 1 else 0 end) as count from pg_list b left join pg_lrecord a on a.lid = b.id group by b.id [ RunTime:0.0006s ]
INFO: [ view_parse ] --START--
INFO: [ template_filter ] --START--
INFO: Run Behavior\ContentReplaceBehavior [ RunTime:0.000051s ]
INFO: [ template_filter ] --END-- [ RunTime:0.000095s ]
NOTIC: [8] Undefined variable: type /alidata/www/dayang/Application/Runtime/Cache/Pangu/e2213d5746dc61755bc7f12c24127cb0.php 第 38 行.
NOTIC: [8] Undefined variable: type /alidata/www/dayang/Application/Runtime/Cache/Pangu/e2213d5746dc61755bc7f12c24127cb0.php 第 80 行.
NOTIC: [8] Undefined variable: type /alidata/www/dayang/Application/Runtime/Cache/Pangu/e2213d5746dc61755bc7f12c24127cb0.php 第 80 行.
NOTIC: [8] Undefined variable: type /alidata/www/dayang/Application/Runtime/Cache/Pangu/e2213d5746dc61755bc7f12c24127cb0.php 第 80 行.
NOTIC: [8] Undefined variable: type /alidata/www/dayang/Application/Runtime/Cache/Pangu/e2213d5746dc61755bc7f12c24127cb0.php 第 80 行.
NOTIC: [8] Undefined variable: type /alidata/www/dayang/Application/Runtime/Cache/Pangu/e2213d5746dc61755bc7f12c24127cb0.php 第 80 行.
NOTIC: [8] Undefined variable: type /alidata/www/dayang/Application/Runtime/Cache/Pangu/e2213d5746dc61755bc7f12c24127cb0.php 第 80 行.
NOTIC: [8] Undefined variable: type /alidata/www/dayang/Application/Runtime/Cache/Pangu/e2213d5746dc61755bc7f12c24127cb0.php 第 80 行.
NOTIC: [8] Undefined variable: page /alidata/www/dayang/Application/Runtime/Cache/Pangu/e2213d5746dc61755bc7f12c24127cb0.php 第 86 行.
INFO: Run Behavior\ParseTemplateBehavior [ RunTime:0.007155s ]
INFO: [ view_parse ] --END-- [ RunTime:0.007197s ]
INFO: [ view_filter ] --START--
INFO: Run Behavior\WriteHtmlCacheBehavior [ RunTime:0.000129s ]
INFO: [ view_filter ] --END-- [ RunTime:0.000165s ]
INFO: [ app_end ] --START--
INFO: Run Behavior\ShowPageTraceBehavior [ RunTime:0.000378s ]
INFO: [ app_end ] --END-- [ RunTime:0.000422s ]

[ 2016-07-27T14:19:09+08:00 ] 171.8.191.125 /index.php/Pangu/Index/%3Cp%3E%3Cimg%20src=%22/ueditor/php/upload/image/20160725/1469436001534163.jpg%22%20title=%221469436001534163.jpg%22%20alt=%221.jpg%22/%3E%3Cimg%20src=%22/ueditor/php/upload/image/20160725/1469436006611821.jpg%22%20title=%221469436006611821.jpg%22%20alt=%222.jpg%22/%3E%3Cimg%20src=%22/ueditor/php/upload/image/20160725/1469436013318199.jpg%22%20title=%221469436013318199.jpg%22%20alt=%223.jpg%22/%3E%3Cimg%20src=%22/ueditor/php/upload/image/20160725/1469436017163290.jpg%22%20title=%221469436017163290.jpg%22%20alt=%224.jpg%22/%3E%3C/p%3E
INFO: [ app_init ] --START--
INFO: Run Behavior\BuildLiteBehavior [ RunTime:0.000014s ]
INFO: [ app_init ] --END-- [ RunTime:0.000274s ]
INFO: [ app_begin ] --START--
INFO: Run Behavior\ReadHtmlCacheBehavior [ RunTime:0.000330s ]
INFO: [ app_begin ] --END-- [ RunTime:0.000382s ]
NOTIC: [8192] mysql_connect(): The mysql extension is deprecated and will be removed in the future: use mysqli or PDO instead /alidata/www/dayang/ThinkPHP/Library/Think/Session/Driver/Db.class.php 第 95 行.
ERR: 非法操作:

[ 2016-07-27T14:19:09+08:00 ] 171.8.191.125 /index.php/Pangu/Index/%3Cp%3E%3Cimg%20src=%22/ueditor/php/upload/image/20160725/1469436224462182.jpg%22%20title=%221469436224462182.jpg%22%20alt=%221.jpg%22/%3E%3Cimg%20src=%22/ueditor/php/upload/image/20160725/1469436226163876.jpg%22%20title=%221469436226163876.jpg%22%20alt=%222.jpg%22/%3E%3Cimg%20src=%22/ueditor/php/upload/image/20160725/1469436229856921.jpg%22%20title=%221469436229856921.jpg%22%20alt=%223.jpg%22/%3E%3C/p%3E
INFO: [ app_init ] --START--
INFO: Run Behavior\BuildLiteBehavior [ RunTime:0.000019s ]
INFO: [ app_init ] --END-- [ RunTime:0.000351s ]
INFO: [ app_begin ] --START--
INFO: Run Behavior\ReadHtmlCacheBehavior [ RunTime:0.000425s ]
INFO: [ app_begin ] --END-- [ RunTime:0.000530s ]
NOTIC: [8192] mysql_connect(): The mysql extension is deprecated and will be removed in the future: use mysqli or PDO instead /alidata/www/dayang/ThinkPHP/Library/Think/Session/Driver/Db.class.php 第 95 行.
ERR: 非法操作:

[ 2016-07-27T14:19:09+08:00 ] 171.8.191.125 /index.php/Pangu/Index/%3Cp%3E%3Cimg%20src=%22/ueditor/php/upload/image/20160725/1469436288787163.jpg%22%20title=%221469436288787163.jpg%22%20alt=%221.jpg%22/%3E%3Cimg%20src=%22/ueditor/php/upload/image/20160725/1469436291965972.jpg%22%20title=%221469436291965972.jpg%22%20alt=%222.jpg%22/%3E%3Cimg%20src=%22/ueditor/php/upload/image/20160725/1469436296647795.jpg%22%20title=%221469436296647795.jpg%22%20alt=%223.jpg%22/%3E%3Cimg%20src=%22/ueditor/php/upload/image/20160725/1469436300108195.jpg%22%20title=%221469436300108195.jpg%22%20alt=%224.jpg%22/%3E%3C/p%3E
INFO: [ app_init ] --START--
INFO: Run Behavior\BuildLiteBehavior [ RunTime:0.000013s ]
INFO: [ app_init ] --END-- [ RunTime:0.000289s ]
INFO: [ app_begin ] --START--
INFO: Run Behavior\ReadHtmlCacheBehavior [ RunTime:0.000353s ]
INFO: [ app_begin ] --END-- [ RunTime:0.000398s ]
NOTIC: [8192] mysql_connect(): The mysql extension is deprecated and will be removed in the future: use mysqli or PDO instead /alidata/www/dayang/ThinkPHP/Library/Think/Session/Driver/Db.class.php 第 95 行.
ERR: 非法操作:

[ 2016-07-27T14:19:09+08:00 ] 171.8.191.125 /index.php/Pangu/Index/%3Cp%3E%3Cimg%20src=%22/ueditor/php/upload/image/20160725/1469436925208132.jpg%22%20title=%221469436925208132.jpg%22%20alt=%221.jpg%22/%3E%3Cimg%20src=%22/ueditor/php/upload/image/20160725/1469436928258336.jpg%22%20title=%221469436928258336.jpg%22%20alt=%222.jpg%22/%3E%3Cimg%20src=%22/ueditor/php/upload/image/20160725/1469436931719480.jpg%22%20title=%221469436931719480.jpg%22%20alt=%223.jpg%22/%3E%3Cimg%20src=%22/ueditor/php/upload/image/20160725/1469436973181854.jpg%22%20title=%221469436973181854.jpg%22%20alt=%224.jpg%22/%3E%3Cimg%20src=%22/ueditor/php/upload/image/20160725/1469436980159093.jpg%22%20title=%221469436980159093.jpg%22%20alt=%226.jpg%22/%3E%3Cimg%20src=%22/ueditor/php/upload/image/20160725/1469436982283911.jpg%22%20title=%221469436982283911.jpg%22%20alt=%227.jpg%22/%3E%3C/p%3E
INFO: [ app_init ] --START--
INFO: Run Behavior\BuildLiteBehavior [ RunTime:0.000066s ]
INFO: [ app_init ] --END-- [ RunTime:0.000492s ]
INFO: [ app_begin ] --START--
INFO: Run Behavior\ReadHtmlCacheBehavior [ RunTime:0.000377s ]
INFO: [ app_begin ] --END-- [ RunTime:0.000439s ]
NOTIC: [8192] mysql_connect(): The mysql extension is deprecated and will be removed in the future: use mysqli or PDO instead /alidata/www/dayang/ThinkPHP/Library/Think/Session/Driver/Db.class.php 第 95 行.
ERR: 非法操作:

[ 2016-07-27T14:19:09+08:00 ] 171.8.191.125 /index.php/Pangu/Index/skin/default/skin.css
INFO: [ app_init ] --START--
INFO: Run Behavior\BuildLiteBehavior [ RunTime:0.000012s ]
INFO: [ app_init ] --END-- [ RunTime:0.000381s ]
INFO: [ app_begin ] --START--
INFO: Run Behavior\ReadHtmlCacheBehavior [ RunTime:0.000324s ]
INFO: [ app_begin ] --END-- [ RunTime:0.000372s ]
NOTIC: [8192] mysql_connect(): The mysql extension is deprecated and will be removed in the future: use mysqli or PDO instead /alidata/www/dayang/ThinkPHP/Library/Think/Session/Driver/Db.class.php 第 95 行.
ERR: 非法操作:skin

[ 2016-07-27T14:19:09+08:00 ] 171.8.191.125 /index.php/Pangu/Index/%3Cp%3E%3Cimg%20src=%22/ueditor/php/upload/image/20160725/1469436850682010.jpg%22%20title=%221469436850682010.jpg%22%20alt=%221.jpg%22/%3E%3Cimg%20src=%22/ueditor/php/upload/image/20160725/1469436852517018.jpg%22%20title=%221469436852517018.jpg%22%20alt=%222.jpg%22/%3E%3Cimg%20src=%22/ueditor/php/upload/image/20160725/1469436854910039.jpg%22%20title=%221469436854910039.jpg%22%20alt=%223.jpg%22/%3E%3Cimg%20src=%22/ueditor/php/upload/image/20160725/1469436856484059.jpg%22%20title=%221469436856484059.jpg%22%20alt=%224.jpg%22/%3E%3Cimg%20src=%22/ueditor/php/upload/image/20160725/1469436857602618.jpg%22%20title=%221469436857602618.jpg%22%20alt=%225.jpg%22/%3E%3Cimg%20src=%22/ueditor/php/upload/image/20160725/1469436860745576.jpg%22%20title=%221469436860745576.jpg%22%20alt=%226.jpg%22/%3E%3C/p%3E
INFO: [ app_init ] --START--
INFO: Run Behavior\BuildLiteBehavior [ RunTime:0.000014s ]
INFO: [ app_init ] --END-- [ RunTime:0.000278s ]
INFO: [ app_begin ] --START--
INFO: Run Behavior\ReadHtmlCacheBehavior [ RunTime:0.000410s ]
INFO: [ app_begin ] --END-- [ RunTime:0.000464s ]
NOTIC: [8192] mysql_connect(): The mysql extension is deprecated and will be removed in the future: use mysqli or PDO instead /alidata/www/dayang/ThinkPHP/Library/Think/Session/Driver/Db.class.php 第 95 行.
ERR: 非法操作:

[ 2016-07-27T14:19:09+08:00 ] 171.8.191.125 /index.php/Pangu/Index/%3Cp%3E%3Cimg%20src=%22/ueditor/php/upload/image/20160725/1469436387237042.jpg%22%20title=%221469436387237042.jpg%22%20alt=%221.jpg%22/%3E%3Cimg%20src=%22/ueditor/php/upload/image/20160725/1469436391904631.jpg%22%20title=%221469436391904631.jpg%22%20alt=%222.jpg%22/%3E%3C/p%3E
INFO: [ app_init ] --START--
INFO: Run Behavior\BuildLiteBehavior [ RunTime:0.000022s ]
INFO: [ app_init ] --END-- [ RunTime:0.000430s ]
INFO: [ app_begin ] --START--
INFO: Run Behavior\ReadHtmlCacheBehavior [ RunTime:0.000453s ]
INFO: [ app_begin ] --END-- [ RunTime:0.000513s ]
NOTIC: [8192] mysql_connect(): The mysql extension is deprecated and will be removed in the future: use mysqli or PDO instead /alidata/www/dayang/ThinkPHP/Library/Think/Session/Driver/Db.class.php 第 95 行.
ERR: 非法操作:

[ 2016-07-27T14:19:09+08:00 ] 171.8.191.125 /index.php/Pangu/Index/%3Cp%3E%3Cimg%20src=%22/ueditor/php/upload/image/20160725/1469436513740415.jpg%22%20title=%221469436513740415.jpg%22%20alt=%221.jpg%22/%3E%3Cimg%20src=%22/ueditor/php/upload/image/20160725/1469436517785559.jpg%22%20title=%221469436517785559.jpg%22%20alt=%222.jpg%22/%3E%3Cimg%20src=%22/ueditor/php/upload/image/20160725/1469436521632099.jpg%22%20title=%221469436521632099.jpg%22%20alt=%223.jpg%22/%3E%3C/p%3E
INFO: [ app_init ] --START--
INFO: Run Behavior\BuildLiteBehavior [ RunTime:0.000013s ]
INFO: [ app_init ] --END-- [ RunTime:0.000319s ]
INFO: [ app_begin ] --START--
INFO: Run Behavior\ReadHtmlCacheBehavior [ RunTime:0.000352s ]
INFO: [ app_begin ] --END-- [ RunTime:0.000398s ]
NOTIC: [8192] mysql_connect(): The mysql extension is deprecated and will be removed in the future: use mysqli or PDO instead /alidata/www/dayang/ThinkPHP/Library/Think/Session/Driver/Db.class.php 第 95 行.
ERR: 非法操作:

[ 2016-07-27T14:19:10+08:00 ] 171.8.191.125 /index.php/Pangu/Index/tuan.html
INFO: [ app_init ] --START--
INFO: Run Behavior\BuildLiteBehavior [ RunTime:0.000015s ]
INFO: [ app_init ] --END-- [ RunTime:0.000286s ]
INFO: [ app_begin ] --START--
INFO: Run Behavior\ReadHtmlCacheBehavior [ RunTime:0.000337s ]
INFO: [ app_begin ] --END-- [ RunTime:0.000382s ]
NOTIC: [8192] mysql_connect(): The mysql extension is deprecated and will be removed in the future: use mysqli or PDO instead /alidata/www/dayang/ThinkPHP/Library/Think/Session/Driver/Db.class.php 第 95 行.
SQL: select b.*,sum(case when a.lid = b.id then 1 else 0 end) as count from pg_tuan b left join pg_trecord a on a.lid = b.id group by b.id [ RunTime:0.0006s ]
INFO: [ view_parse ] --START--
INFO: [ template_filter ] --START--
INFO: Run Behavior\ContentReplaceBehavior [ RunTime:0.000051s ]
INFO: [ template_filter ] --END-- [ RunTime:0.000098s ]
NOTIC: [8] Undefined variable: type /alidata/www/dayang/Application/Runtime/Cache/Pangu/626695119ef1a45710c8e8472c129e4f.php 第 38 行.
NOTIC: [8] Undefined variable: type /alidata/www/dayang/Application/Runtime/Cache/Pangu/626695119ef1a45710c8e8472c129e4f.php 第 80 行.
NOTIC: [8] Undefined variable: type /alidata/www/dayang/Application/Runtime/Cache/Pangu/626695119ef1a45710c8e8472c129e4f.php 第 80 行.
NOTIC: [8] Undefined variable: page /alidata/www/dayang/Application/Runtime/Cache/Pangu/626695119ef1a45710c8e8472c129e4f.php 第 86 行.
INFO: Run Behavior\ParseTemplateBehavior [ RunTime:0.008934s ]
INFO: [ view_parse ] --END-- [ RunTime:0.008985s ]
INFO: [ view_filter ] --START--
INFO: Run Behavior\WriteHtmlCacheBehavior [ RunTime:0.000123s ]
INFO: [ view_filter ] --END-- [ RunTime:0.000159s ]
INFO: [ app_end ] --START--
INFO: Run Behavior\ShowPageTraceBehavior [ RunTime:0.000398s ]
INFO: [ app_end ] --END-- [ RunTime:0.000446s ]

[ 2016-07-27T14:19:10+08:00 ] 171.8.191.125 /index.php/Pangu/Index/tuan.html
INFO: [ app_init ] --START--
INFO: Run Behavior\BuildLiteBehavior [ RunTime:0.000013s ]
INFO: [ app_init ] --END-- [ RunTime:0.000325s ]
INFO: [ app_begin ] --START--
INFO: Run Behavior\ReadHtmlCacheBehavior [ RunTime:0.000384s ]
INFO: [ app_begin ] --END-- [ RunTime:0.000436s ]
NOTIC: [8192] mysql_connect(): The mysql extension is deprecated and will be removed in the future: use mysqli or PDO instead /alidata/www/dayang/ThinkPHP/Library/Think/Session/Driver/Db.class.php 第 95 行.
SQL: select b.*,sum(case when a.lid = b.id then 1 else 0 end) as count from pg_tuan b left join pg_trecord a on a.lid = b.id group by b.id [ RunTime:0.0006s ]
INFO: [ view_parse ] --START--
INFO: [ template_filter ] --START--
INFO: Run Behavior\ContentReplaceBehavior [ RunTime:0.000048s ]
INFO: [ template_filter ] --END-- [ RunTime:0.000098s ]
NOTIC: [8] Undefined variable: type /alidata/www/dayang/Application/Runtime/Cache/Pangu/626695119ef1a45710c8e8472c129e4f.php 第 38 行.
NOTIC: [8] Undefined variable: type /alidata/www/dayang/Application/Runtime/Cache/Pangu/626695119ef1a45710c8e8472c129e4f.php 第 80 行.
NOTIC: [8] Undefined variable: type /alidata/www/dayang/Application/Runtime/Cache/Pangu/626695119ef1a45710c8e8472c129e4f.php 第 80 行.
NOTIC: [8] Undefined variable: page /alidata/www/dayang/Application/Runtime/Cache/Pangu/626695119ef1a45710c8e8472c129e4f.php 第 86 行.
INFO: Run Behavior\ParseTemplateBehavior [ RunTime:0.007489s ]
INFO: [ view_parse ] --END-- [ RunTime:0.007539s ]
INFO: [ view_filter ] --START--
INFO: Run Behavior\WriteHtmlCacheBehavior [ RunTime:0.000142s ]
INFO: [ view_filter ] --END-- [ RunTime:0.000202s ]
INFO: [ app_end ] --START--
INFO: Run Behavior\ShowPageTraceBehavior [ RunTime:0.000401s ]
INFO: [ app_end ] --END-- [ RunTime:0.000449s ]

[ 2016-07-27T14:19:10+08:00 ] 171.8.191.125 /index.php/Pangu/Index/%3Cp%3E%3Cbr/%3E%3C/p%3E%3Cp%3E%3Cimg%20src=%22http://dgzc725.ktwlkj.com/ueditor/php/upload/image/20160725/1469434702879027.jpg%22%20title=%221469434702879027.jpg%22/%3E%3Cimg%20src=%22/ueditor/php/upload/image/20160725/1469434702394301.jpg%22%20title=%221469434702394301.jpg%22/%3E%3C/p%3E%3Cp%3E%3Cimg%20src=%22/ueditor/php/upload/image/20160725/1469434702744844.jpg%22%20title=%221469434702744844.jpg%22/%3E%3C/p%3E%3Cp%3E%3Cbr/%3E%3C/p%3E
INFO: [ app_init ] --START--
INFO: Run Behavior\BuildLiteBehavior [ RunTime:0.000016s ]
INFO: [ app_init ] --END-- [ RunTime:0.000286s ]
INFO: [ app_begin ] --START--
INFO: Run Behavior\ReadHtmlCacheBehavior [ RunTime:0.000330s ]
INFO: [ app_begin ] --END-- [ RunTime:0.000375s ]
NOTIC: [8192] mysql_connect(): The mysql extension is deprecated and will be removed in the future: use mysqli or PDO instead /alidata/www/dayang/ThinkPHP/Library/Think/Session/Driver/Db.class.php 第 95 行.
ERR: 非法操作:

[ 2016-07-27T14:19:10+08:00 ] 171.8.191.125 /index.php/Pangu/Index/%3Cp%3E%3Cimg%20src=%22/ueditor/php/upload/image/20160725/1469435097718939.jpg%22%20title=%221469435097718939.jpg%22/%3E%3C/p%3E%3Cp%3E%3Cimg%20src=%22http://dgzc725.ktwlkj.com/ueditor/php/upload/image/20160725/1469435097202763.jpg%22%20title=%221469435097202763.jpg%22/%3E%3C/p%3E%3Cp%3E%3Cimg%20src=%22/ueditor/php/upload/image/20160725/1469435097391948.jpg%22%20title=%221469435097391948.jpg%22/%3E%3C/p%3E%3Cp%3E%3Cimg%20src=%22/ueditor/php/upload/image/20160725/1469435097421276.jpg%22%20title=%221469435097421276.jpg%22/%3E%3C/p%3E%3Cp%3E%3Cimg%20src=%22/ueditor/php/upload/image/20160725/1469435097627657.jpg%22%20title=%221469435097627657.jpg%22/%3E%3C/p%3E%3Cp%3E%3Cimg%20src=%22/ueditor/php/upload/image/20160725/1469435097203508.jpg%22%20title=%221469435097203508.jpg%22/%3E%3C/p%3E%3Cp%3E%3Cbr/%3E%3C/p%3E
INFO: [ app_init ] --START--
INFO: Run Behavior\BuildLiteBehavior [ RunTime:0.000014s ]
INFO: [ app_init ] --END-- [ RunTime:0.000330s ]
INFO: [ app_begin ] --START--
INFO: Run Behavior\ReadHtmlCacheBehavior [ RunTime:0.000359s ]
INFO: [ app_begin ] --END-- [ RunTime:0.000413s ]
NOTIC: [8192] mysql_connect(): The mysql extension is deprecated and will be removed in the future: use mysqli or PDO instead /alidata/www/dayang/ThinkPHP/Library/Think/Session/Driver/Db.class.php 第 95 行.
ERR: 非法操作:

[ 2016-07-27T14:19:10+08:00 ] 171.8.191.125 /index.php/Pangu/Index/skin/default/skin.css
INFO: [ app_init ] --START--
INFO: Run Behavior\BuildLiteBehavior [ RunTime:0.000018s ]
INFO: [ app_init ] --END-- [ RunTime:0.000304s ]
INFO: [ app_begin ] --START--
INFO: Run Behavior\ReadHtmlCacheBehavior [ RunTime:0.000358s ]
INFO: [ app_begin ] --END-- [ RunTime:0.000410s ]
NOTIC: [8192] mysql_connect(): The mysql extension is deprecated and will be removed in the future: use mysqli or PDO instead /alidata/www/dayang/ThinkPHP/Library/Think/Session/Driver/Db.class.php 第 95 行.
ERR: 非法操作:skin

[ 2016-07-27T14:37:43+08:00 ] 171.8.191.125 /index.php/Pangu/Index/tuan.html
INFO: [ app_init ] --START--
INFO: Run Behavior\BuildLiteBehavior [ RunTime:0.000014s ]
INFO: [ app_init ] --END-- [ RunTime:0.000273s ]
INFO: [ app_begin ] --START--
INFO: Run Behavior\ReadHtmlCacheBehavior [ RunTime:0.000332s ]
INFO: [ app_begin ] --END-- [ RunTime:0.000377s ]
NOTIC: [8192] mysql_connect(): The mysql extension is deprecated and will be removed in the future: use mysqli or PDO instead /alidata/www/dayang/ThinkPHP/Library/Think/Session/Driver/Db.class.php 第 95 行.
SQL: select b.*,sum(case when a.lid = b.id then 1 else 0 end) as count from pg_tuan b left join pg_trecord a on a.lid = b.id group by b.id [ RunTime:0.0008s ]
INFO: [ view_parse ] --START--
INFO: [ template_filter ] --START--
INFO: Run Behavior\ContentReplaceBehavior [ RunTime:0.000052s ]
INFO: [ template_filter ] --END-- [ RunTime:0.000097s ]
NOTIC: [8] Undefined variable: type /alidata/www/dayang/Application/Runtime/Cache/Pangu/626695119ef1a45710c8e8472c129e4f.php 第 38 行.
NOTIC: [8] Undefined variable: type /alidata/www/dayang/Application/Runtime/Cache/Pangu/626695119ef1a45710c8e8472c129e4f.php 第 80 行.
NOTIC: [8] Undefined variable: type /alidata/www/dayang/Application/Runtime/Cache/Pangu/626695119ef1a45710c8e8472c129e4f.php 第 80 行.
NOTIC: [8] Undefined variable: page /alidata/www/dayang/Application/Runtime/Cache/Pangu/626695119ef1a45710c8e8472c129e4f.php 第 86 行.
INFO: Run Behavior\ParseTemplateBehavior [ RunTime:0.007406s ]
INFO: [ view_parse ] --END-- [ RunTime:0.007453s ]
INFO: [ view_filter ] --START--
INFO: Run Behavior\WriteHtmlCacheBehavior [ RunTime:0.000129s ]
INFO: [ view_filter ] --END-- [ RunTime:0.000165s ]
INFO: [ app_end ] --START--
INFO: Run Behavior\ShowPageTraceBehavior [ RunTime:0.000404s ]
INFO: [ app_end ] --END-- [ RunTime:0.000447s ]

[ 2016-07-27T14:37:43+08:00 ] 171.8.191.125 /index.php/Pangu/Index/%3Cp%3E%3Cbr/%3E%3C/p%3E%3Cp%3E%3Cimg%20src=%22http://dgzc725.ktwlkj.com/ueditor/php/upload/image/20160725/1469434702879027.jpg%22%20title=%221469434702879027.jpg%22/%3E%3Cimg%20src=%22/ueditor/php/upload/image/20160725/1469434702394301.jpg%22%20title=%221469434702394301.jpg%22/%3E%3C/p%3E%3Cp%3E%3Cimg%20src=%22/ueditor/php/upload/image/20160725/1469434702744844.jpg%22%20title=%221469434702744844.jpg%22/%3E%3C/p%3E%3Cp%3E%3Cbr/%3E%3C/p%3E
INFO: [ app_init ] --START--
INFO: Run Behavior\BuildLiteBehavior [ RunTime:0.000014s ]
INFO: [ app_init ] --END-- [ RunTime:0.000313s ]
INFO: [ app_begin ] --START--
INFO: Run Behavior\ReadHtmlCacheBehavior [ RunTime:0.000327s ]
INFO: [ app_begin ] --END-- [ RunTime:0.000372s ]
NOTIC: [8192] mysql_connect(): The mysql extension is deprecated and will be removed in the future: use mysqli or PDO instead /alidata/www/dayang/ThinkPHP/Library/Think/Session/Driver/Db.class.php 第 95 行.
ERR: 非法操作:

[ 2016-07-27T14:37:43+08:00 ] 171.8.191.125 /index.php/Pangu/Index/%3Cp%3E%3Cimg%20src=%22/ueditor/php/upload/image/20160725/1469435097718939.jpg%22%20title=%221469435097718939.jpg%22/%3E%3C/p%3E%3Cp%3E%3Cimg%20src=%22http://dgzc725.ktwlkj.com/ueditor/php/upload/image/20160725/1469435097202763.jpg%22%20title=%221469435097202763.jpg%22/%3E%3C/p%3E%3Cp%3E%3Cimg%20src=%22/ueditor/php/upload/image/20160725/1469435097391948.jpg%22%20title=%221469435097391948.jpg%22/%3E%3C/p%3E%3Cp%3E%3Cimg%20src=%22/ueditor/php/upload/image/20160725/1469435097421276.jpg%22%20title=%221469435097421276.jpg%22/%3E%3C/p%3E%3Cp%3E%3Cimg%20src=%22/ueditor/php/upload/image/20160725/1469435097627657.jpg%22%20title=%221469435097627657.jpg%22/%3E%3C/p%3E%3Cp%3E%3Cimg%20src=%22/ueditor/php/upload/image/20160725/1469435097203508.jpg%22%20title=%221469435097203508.jpg%22/%3E%3C/p%3E%3Cp%3E%3Cbr/%3E%3C/p%3E
INFO: [ app_init ] --START--
INFO: Run Behavior\BuildLiteBehavior [ RunTime:0.000014s ]
INFO: [ app_init ] --END-- [ RunTime:0.000279s ]
INFO: [ app_begin ] --START--
INFO: Run Behavior\ReadHtmlCacheBehavior [ RunTime:0.000351s ]
INFO: [ app_begin ] --END-- [ RunTime:0.000420s ]
NOTIC: [8192] mysql_connect(): The mysql extension is deprecated and will be removed in the future: use mysqli or PDO instead /alidata/www/dayang/ThinkPHP/Library/Think/Session/Driver/Db.class.php 第 95 行.
ERR: 非法操作:

[ 2016-07-27T14:37:43+08:00 ] 171.8.191.125 /index.php/Pangu/Index/skin/default/skin.css
INFO: [ app_init ] --START--
INFO: Run Behavior\BuildLiteBehavior [ RunTime:0.000012s ]
INFO: [ app_init ] --END-- [ RunTime:0.000253s ]
INFO: [ app_begin ] --START--
INFO: Run Behavior\ReadHtmlCacheBehavior [ RunTime:0.000353s ]
INFO: [ app_begin ] --END-- [ RunTime:0.000397s ]
NOTIC: [8192] mysql_connect(): The mysql extension is deprecated and will be removed in the future: use mysqli or PDO instead /alidata/www/dayang/ThinkPHP/Library/Think/Session/Driver/Db.class.php 第 95 行.
ERR: 非法操作:skin

[ 2016-07-27T14:44:44+08:00 ] 171.8.191.125 /index.php/Pangu/Index/edit.html?table=tuan&type=&id=2
INFO: [ app_init ] --START--
INFO: Run Behavior\BuildLiteBehavior [ RunTime:0.000016s ]
INFO: [ app_init ] --END-- [ RunTime:0.000290s ]
INFO: [ app_begin ] --START--
INFO: Run Behavior\ReadHtmlCacheBehavior [ RunTime:0.000364s ]
INFO: [ app_begin ] --END-- [ RunTime:0.000410s ]
NOTIC: [8192] mysql_connect(): The mysql extension is deprecated and will be removed in the future: use mysqli or PDO instead /alidata/www/dayang/ThinkPHP/Library/Think/Session/Driver/Db.class.php 第 95 行.
SQL: SHOW COLUMNS FROM `pg_tuan` [ RunTime:0.0009s ]
SQL: SELECT * FROM `pg_tuan` WHERE ( id=2 ) LIMIT 1   [ RunTime:0.0003s ]
INFO: [ view_parse ] --START--
INFO: [ template_filter ] --START--
INFO: Run Behavior\ContentReplaceBehavior [ RunTime:0.000061s ]
INFO: [ template_filter ] --END-- [ RunTime:0.000121s ]
NOTIC: [8] Undefined variable: type /alidata/www/dayang/Application/Runtime/Cache/Pangu/25e8f1faa4d9ba43d618f25ea08b515a.php 第 28 行.
NOTIC: [8] Undefined variable: templets /alidata/www/dayang/Application/Runtime/Cache/Pangu/25e8f1faa4d9ba43d618f25ea08b515a.php 第 161 行.
INFO: Run Behavior\ParseTemplateBehavior [ RunTime:0.015238s ]
INFO: [ view_parse ] --END-- [ RunTime:0.015281s ]
INFO: [ view_filter ] --START--
INFO: Run Behavior\WriteHtmlCacheBehavior [ RunTime:0.000132s ]
INFO: [ view_filter ] --END-- [ RunTime:0.000168s ]
INFO: [ app_end ] --START--
INFO: Run Behavior\ShowPageTraceBehavior [ RunTime:0.000392s ]
INFO: [ app_end ] --END-- [ RunTime:0.000435s ]

[ 2016-07-27T14:44:45+08:00 ] 171.8.191.125 /index.php/Pangu/Index/
INFO: [ app_init ] --START--
INFO: Run Behavior\BuildLiteBehavior [ RunTime:0.000014s ]
INFO: [ app_init ] --END-- [ RunTime:0.000279s ]
INFO: [ app_begin ] --START--
INFO: Run Behavior\ReadHtmlCacheBehavior [ RunTime:0.000330s ]
INFO: [ app_begin ] --END-- [ RunTime:0.000374s ]
NOTIC: [8192] mysql_connect(): The mysql extension is deprecated and will be removed in the future: use mysqli or PDO instead /alidata/www/dayang/ThinkPHP/Library/Think/Session/Driver/Db.class.php 第 95 行.
INFO: [ view_parse ] --START--
INFO: [ template_filter ] --START--
INFO: Run Behavior\ContentReplaceBehavior [ RunTime:0.000041s ]
INFO: [ template_filter ] --END-- [ RunTime:0.000085s ]
INFO: Run Behavior\ParseTemplateBehavior [ RunTime:0.005613s ]
INFO: [ view_parse ] --END-- [ RunTime:0.005655s ]
INFO: [ view_filter ] --START--
INFO: Run Behavior\WriteHtmlCacheBehavior [ RunTime:0.000120s ]
INFO: [ view_filter ] --END-- [ RunTime:0.000155s ]
INFO: [ app_end ] --START--
INFO: Run Behavior\ShowPageTraceBehavior [ RunTime:0.000352s ]
INFO: [ app_end ] --END-- [ RunTime:0.000391s ]

[ 2016-07-27T14:45:08+08:00 ] 171.8.191.125 /index.php/Pangu/Index/do_edit.html?table=tuan&id=2
INFO: [ app_init ] --START--
INFO: Run Behavior\BuildLiteBehavior [ RunTime:0.000018s ]
INFO: [ app_init ] --END-- [ RunTime:0.000296s ]
INFO: [ app_begin ] --START--
INFO: Run Behavior\ReadHtmlCacheBehavior [ RunTime:0.000384s ]
INFO: [ app_begin ] --END-- [ RunTime:0.000427s ]
NOTIC: [8192] mysql_connect(): The mysql extension is deprecated and will be removed in the future: use mysqli or PDO instead /alidata/www/dayang/ThinkPHP/Library/Think/Session/Driver/Db.class.php 第 95 行.
SQL: SHOW COLUMNS FROM `pg_tuan` [ RunTime:0.0009s ]
SQL: UPDATE `pg_tuan` SET `type`='烟灶热套餐',`m`='10258',`m1`='8080',`p1`='5',`m2`='7580',`p2`='50',`m3`='6980',`p3`='100',`headimg`='/Uploads/images/201607251624175795ccb16c70c.jpg',`image`='&lt;p&gt;&lt;img src=&quot;/ueditor/php/upload/image/20160725/1469435097718939.jpg&quot; title=&quot;1469435097718939.jpg&quot;/&gt;&lt;/p&gt;&lt;p&gt;&lt;img src=&quot;http://dgzc725.ktwlkj.com/ueditor/php/upload/image/20160725/1469435097202763.jpg&quot; title=&quot;1469435097202763.jpg&quot;/&gt;&lt;/p&gt;&lt;p&gt;&lt;img src=&quot;/ueditor/php/upload/image/20160725/1469435097391948.jpg&quot; title=&quot;1469435097391948.jpg&quot;/&gt;&lt;/p&gt;&lt;p&gt;&lt;img src=&quot;/ueditor/php/upload/image/20160725/1469435097421276.jpg&quot; title=&quot;1469435097421276.jpg&quot;/&gt;&lt;/p&gt;&lt;p&gt;&lt;img src=&quot;/ueditor/php/upload/image/20160725/1469435097627657.jpg&quot; title=&quot;1469435097627657.jpg&quot;/&gt;&lt;/p&gt;&lt;p&gt;&lt;img src=&quot;/ueditor/php/upload/image/20160725/1469435097203508.jpg&quot; title=&quot;1469435097203508.jpg&quot;/&gt;&lt;/p&gt;&lt;p&gt;&lt;br/&gt;&lt;/p&gt;',`status`='1' WHERE ( id=2 ) [ RunTime:0.0071s ]
INFO: [ app_end ] --START--
INFO: Run Behavior\ShowPageTraceBehavior [ RunTime:0.000519s ]
INFO: [ app_end ] --END-- [ RunTime:0.000567s ]

[ 2016-07-27T14:45:09+08:00 ] 171.8.191.125 /index.php/Pangu/Index/tuan.html
INFO: [ app_init ] --START--
INFO: Run Behavior\BuildLiteBehavior [ RunTime:0.000013s ]
INFO: [ app_init ] --END-- [ RunTime:0.000276s ]
INFO: [ app_begin ] --START--
INFO: Run Behavior\ReadHtmlCacheBehavior [ RunTime:0.000360s ]
INFO: [ app_begin ] --END-- [ RunTime:0.000404s ]
NOTIC: [8192] mysql_connect(): The mysql extension is deprecated and will be removed in the future: use mysqli or PDO instead /alidata/www/dayang/ThinkPHP/Library/Think/Session/Driver/Db.class.php 第 95 行.
SQL: select b.*,sum(case when a.lid = b.id then 1 else 0 end) as count from pg_tuan b left join pg_trecord a on a.lid = b.id group by b.id [ RunTime:0.0007s ]
INFO: [ view_parse ] --START--
INFO: [ template_filter ] --START--
INFO: Run Behavior\ContentReplaceBehavior [ RunTime:0.000050s ]
INFO: [ template_filter ] --END-- [ RunTime:0.000094s ]
NOTIC: [8] Undefined variable: type /alidata/www/dayang/Application/Runtime/Cache/Pangu/626695119ef1a45710c8e8472c129e4f.php 第 38 行.
NOTIC: [8] Undefined variable: type /alidata/www/dayang/Application/Runtime/Cache/Pangu/626695119ef1a45710c8e8472c129e4f.php 第 80 行.
NOTIC: [8] Undefined variable: type /alidata/www/dayang/Application/Runtime/Cache/Pangu/626695119ef1a45710c8e8472c129e4f.php 第 80 行.
NOTIC: [8] Undefined variable: page /alidata/www/dayang/Application/Runtime/Cache/Pangu/626695119ef1a45710c8e8472c129e4f.php 第 86 行.
INFO: Run Behavior\ParseTemplateBehavior [ RunTime:0.007165s ]
INFO: [ view_parse ] --END-- [ RunTime:0.007209s ]
INFO: [ view_filter ] --START--
INFO: Run Behavior\WriteHtmlCacheBehavior [ RunTime:0.000129s ]
INFO: [ view_filter ] --END-- [ RunTime:0.000165s ]
INFO: [ app_end ] --START--
INFO: Run Behavior\ShowPageTraceBehavior [ RunTime:0.000389s ]
INFO: [ app_end ] --END-- [ RunTime:0.000433s ]

[ 2016-07-27T14:45:10+08:00 ] 171.8.191.125 /index.php/Pangu/Index/tuan.html
INFO: [ app_init ] --START--
INFO: Run Behavior\BuildLiteBehavior [ RunTime:0.000015s ]
INFO: [ app_init ] --END-- [ RunTime:0.000307s ]
INFO: [ app_begin ] --START--
INFO: Run Behavior\ReadHtmlCacheBehavior [ RunTime:0.000335s ]
INFO: [ app_begin ] --END-- [ RunTime:0.000375s ]
NOTIC: [8192] mysql_connect(): The mysql extension is deprecated and will be removed in the future: use mysqli or PDO instead /alidata/www/dayang/ThinkPHP/Library/Think/Session/Driver/Db.class.php 第 95 行.
SQL: select b.*,sum(case when a.lid = b.id then 1 else 0 end) as count from pg_tuan b left join pg_trecord a on a.lid = b.id group by b.id [ RunTime:0.0006s ]
INFO: [ view_parse ] --START--
INFO: [ template_filter ] --START--
INFO: Run Behavior\ContentReplaceBehavior [ RunTime:0.000052s ]
INFO: [ template_filter ] --END-- [ RunTime:0.000092s ]
NOTIC: [8] Undefined variable: type /alidata/www/dayang/Application/Runtime/Cache/Pangu/626695119ef1a45710c8e8472c129e4f.php 第 38 行.
NOTIC: [8] Undefined variable: type /alidata/www/dayang/Application/Runtime/Cache/Pangu/626695119ef1a45710c8e8472c129e4f.php 第 80 行.
NOTIC: [8] Undefined variable: type /alidata/www/dayang/Application/Runtime/Cache/Pangu/626695119ef1a45710c8e8472c129e4f.php 第 80 行.
NOTIC: [8] Undefined variable: page /alidata/www/dayang/Application/Runtime/Cache/Pangu/626695119ef1a45710c8e8472c129e4f.php 第 86 行.
INFO: Run Behavior\ParseTemplateBehavior [ RunTime:0.006929s ]
INFO: [ view_parse ] --END-- [ RunTime:0.006969s ]
INFO: [ view_filter ] --START--
INFO: Run Behavior\WriteHtmlCacheBehavior [ RunTime:0.000137s ]
INFO: [ view_filter ] --END-- [ RunTime:0.000171s ]
INFO: [ app_end ] --START--
INFO: Run Behavior\ShowPageTraceBehavior [ RunTime:0.000553s ]
INFO: [ app_end ] --END-- [ RunTime:0.000604s ]

[ 2016-07-27T14:45:10+08:00 ] 171.8.191.125 /index.php/Pangu/Index/tuan.html
INFO: [ app_init ] --START--
INFO: Run Behavior\BuildLiteBehavior [ RunTime:0.000015s ]
INFO: [ app_init ] --END-- [ RunTime:0.000286s ]
INFO: [ app_begin ] --START--
INFO: Run Behavior\ReadHtmlCacheBehavior [ RunTime:0.000381s ]
INFO: [ app_begin ] --END-- [ RunTime:0.000426s ]
NOTIC: [8192] mysql_connect(): The mysql extension is deprecated and will be removed in the future: use mysqli or PDO instead /alidata/www/dayang/ThinkPHP/Library/Think/Session/Driver/Db.class.php 第 95 行.
SQL: select b.*,sum(case when a.lid = b.id then 1 else 0 end) as count from pg_tuan b left join pg_trecord a on a.lid = b.id group by b.id [ RunTime:0.0006s ]
INFO: [ view_parse ] --START--
INFO: [ template_filter ] --START--
INFO: Run Behavior\ContentReplaceBehavior [ RunTime:0.000056s ]
INFO: [ template_filter ] --END-- [ RunTime:0.000113s ]
NOTIC: [8] Undefined variable: type /alidata/www/dayang/Application/Runtime/Cache/Pangu/626695119ef1a45710c8e8472c129e4f.php 第 38 行.
NOTIC: [8] Undefined variable: type /alidata/www/dayang/Application/Runtime/Cache/Pangu/626695119ef1a45710c8e8472c129e4f.php 第 80 行.
NOTIC: [8] Undefined variable: type /alidata/www/dayang/Application/Runtime/Cache/Pangu/626695119ef1a45710c8e8472c129e4f.php 第 80 行.
NOTIC: [8] Undefined variable: page /alidata/www/dayang/Application/Runtime/Cache/Pangu/626695119ef1a45710c8e8472c129e4f.php 第 86 行.
INFO: Run Behavior\ParseTemplateBehavior [ RunTime:0.007161s ]
INFO: [ view_parse ] --END-- [ RunTime:0.007208s ]
INFO: [ view_filter ] --START--
INFO: Run Behavior\WriteHtmlCacheBehavior [ RunTime:0.000143s ]
INFO: [ view_filter ] --END-- [ RunTime:0.000179s ]
INFO: [ app_end ] --START--
INFO: Run Behavior\ShowPageTraceBehavior [ RunTime:0.000410s ]
INFO: [ app_end ] --END-- [ RunTime:0.000455s ]

[ 2016-07-27T14:45:10+08:00 ] 171.8.191.125 /index.php/Pangu/Index/%3Cp%3E%3Cbr/%3E%3C/p%3E%3Cp%3E%3Cimg%20src=%22http://dgzc725.ktwlkj.com/ueditor/php/upload/image/20160725/1469434702879027.jpg%22%20title=%221469434702879027.jpg%22/%3E%3Cimg%20src=%22/ueditor/php/upload/image/20160725/1469434702394301.jpg%22%20title=%221469434702394301.jpg%22/%3E%3C/p%3E%3Cp%3E%3Cimg%20src=%22/ueditor/php/upload/image/20160725/1469434702744844.jpg%22%20title=%221469434702744844.jpg%22/%3E%3C/p%3E%3Cp%3E%3Cbr/%3E%3C/p%3E
INFO: [ app_init ] --START--
INFO: Run Behavior\BuildLiteBehavior [ RunTime:0.000020s ]
INFO: [ app_init ] --END-- [ RunTime:0.000326s ]
INFO: [ app_begin ] --START--
INFO: Run Behavior\ReadHtmlCacheBehavior [ RunTime:0.000349s ]
INFO: [ app_begin ] --END-- [ RunTime:0.000412s ]
NOTIC: [8192] mysql_connect(): The mysql extension is deprecated and will be removed in the future: use mysqli or PDO instead /alidata/www/dayang/ThinkPHP/Library/Think/Session/Driver/Db.class.php 第 95 行.
ERR: 非法操作:

[ 2016-07-27T14:45:10+08:00 ] 171.8.191.125 /index.php/Pangu/Index/%3Cp%3E%3Cimg%20src=%22/ueditor/php/upload/image/20160725/1469435097718939.jpg%22%20title=%221469435097718939.jpg%22/%3E%3C/p%3E%3Cp%3E%3Cimg%20src=%22http://dgzc725.ktwlkj.com/ueditor/php/upload/image/20160725/1469435097202763.jpg%22%20title=%221469435097202763.jpg%22/%3E%3C/p%3E%3Cp%3E%3Cimg%20src=%22/ueditor/php/upload/image/20160725/1469435097391948.jpg%22%20title=%221469435097391948.jpg%22/%3E%3C/p%3E%3Cp%3E%3Cimg%20src=%22/ueditor/php/upload/image/20160725/1469435097421276.jpg%22%20title=%221469435097421276.jpg%22/%3E%3C/p%3E%3Cp%3E%3Cimg%20src=%22/ueditor/php/upload/image/20160725/1469435097627657.jpg%22%20title=%221469435097627657.jpg%22/%3E%3C/p%3E%3Cp%3E%3Cimg%20src=%22/ueditor/php/upload/image/20160725/1469435097203508.jpg%22%20title=%221469435097203508.jpg%22/%3E%3C/p%3E%3Cp%3E%3Cbr/%3E%3C/p%3E
INFO: [ app_init ] --START--
INFO: Run Behavior\BuildLiteBehavior [ RunTime:0.000022s ]
INFO: [ app_init ] --END-- [ RunTime:0.000306s ]
INFO: [ app_begin ] --START--
INFO: Run Behavior\ReadHtmlCacheBehavior [ RunTime:0.000336s ]
INFO: [ app_begin ] --END-- [ RunTime:0.000381s ]
NOTIC: [8192] mysql_connect(): The mysql extension is deprecated and will be removed in the future: use mysqli or PDO instead /alidata/www/dayang/ThinkPHP/Library/Think/Session/Driver/Db.class.php 第 95 行.
ERR: 非法操作:

[ 2016-07-27T14:45:10+08:00 ] 171.8.191.125 /index.php/Pangu/Index/skin/default/skin.css
INFO: [ app_init ] --START--
INFO: Run Behavior\BuildLiteBehavior [ RunTime:0.000016s ]
INFO: [ app_init ] --END-- [ RunTime:0.000307s ]
INFO: [ app_begin ] --START--
INFO: Run Behavior\ReadHtmlCacheBehavior [ RunTime:0.000415s ]
INFO: [ app_begin ] --END-- [ RunTime:0.000474s ]
NOTIC: [8192] mysql_connect(): The mysql extension is deprecated and will be removed in the future: use mysqli or PDO instead /alidata/www/dayang/ThinkPHP/Library/Think/Session/Driver/Db.class.php 第 95 行.
ERR: 非法操作:skin

[ 2016-07-27T14:50:22+08:00 ] 171.8.191.125 /index.php/Pangu/Index/llist.html
INFO: [ app_init ] --START--
INFO: Run Behavior\BuildLiteBehavior [ RunTime:0.000017s ]
INFO: [ app_init ] --END-- [ RunTime:0.000294s ]
INFO: [ app_begin ] --START--
INFO: Run Behavior\ReadHtmlCacheBehavior [ RunTime:0.000342s ]
INFO: [ app_begin ] --END-- [ RunTime:0.000386s ]
NOTIC: [8192] mysql_connect(): The mysql extension is deprecated and will be removed in the future: use mysqli or PDO instead /alidata/www/dayang/ThinkPHP/Library/Think/Session/Driver/Db.class.php 第 95 行.
SQL: select b.*,sum(case when a.lid = b.id then 1 else 0 end) as count from pg_list b left join pg_lrecord a on a.lid = b.id group by b.id [ RunTime:0.0007s ]
INFO: [ view_parse ] --START--
INFO: [ template_filter ] --START--
INFO: Run Behavior\ContentReplaceBehavior [ RunTime:0.000046s ]
INFO: [ template_filter ] --END-- [ RunTime:0.000090s ]
NOTIC: [8] Undefined variable: type /alidata/www/dayang/Application/Runtime/Cache/Pangu/e2213d5746dc61755bc7f12c24127cb0.php 第 38 行.
NOTIC: [8] Undefined variable: type /alidata/www/dayang/Application/Runtime/Cache/Pangu/e2213d5746dc61755bc7f12c24127cb0.php 第 80 行.
NOTIC: [8] Undefined variable: type /alidata/www/dayang/Application/Runtime/Cache/Pangu/e2213d5746dc61755bc7f12c24127cb0.php 第 80 行.
NOTIC: [8] Undefined variable: type /alidata/www/dayang/Application/Runtime/Cache/Pangu/e2213d5746dc61755bc7f12c24127cb0.php 第 80 行.
NOTIC: [8] Undefined variable: type /alidata/www/dayang/Application/Runtime/Cache/Pangu/e2213d5746dc61755bc7f12c24127cb0.php 第 80 行.
NOTIC: [8] Undefined variable: type /alidata/www/dayang/Application/Runtime/Cache/Pangu/e2213d5746dc61755bc7f12c24127cb0.php 第 80 行.
NOTIC: [8] Undefined variable: type /alidata/www/dayang/Application/Runtime/Cache/Pangu/e2213d5746dc61755bc7f12c24127cb0.php 第 80 行.
NOTIC: [8] Undefined variable: type /alidata/www/dayang/Application/Runtime/Cache/Pangu/e2213d5746dc61755bc7f12c24127cb0.php 第 80 行.
NOTIC: [8] Undefined variable: page /alidata/www/dayang/Application/Runtime/Cache/Pangu/e2213d5746dc61755bc7f12c24127cb0.php 第 86 行.
INFO: Run Behavior\ParseTemplateBehavior [ RunTime:0.007275s ]
INFO: [ view_parse ] --END-- [ RunTime:0.007316s ]
INFO: [ view_filter ] --START--
INFO: Run Behavior\WriteHtmlCacheBehavior [ RunTime:0.000123s ]
INFO: [ view_filter ] --END-- [ RunTime:0.000159s ]
INFO: [ app_end ] --START--
INFO: Run Behavior\ShowPageTraceBehavior [ RunTime:0.000358s ]
INFO: [ app_end ] --END-- [ RunTime:0.000429s ]

[ 2016-07-27T14:50:22+08:00 ] 171.8.191.125 /index.php/Pangu/Index/%3Cp%3E%3Cimg%20src=%22/ueditor/php/upload/image/20160725/1469436001534163.jpg%22%20title=%221469436001534163.jpg%22%20alt=%221.jpg%22/%3E%3Cimg%20src=%22/ueditor/php/upload/image/20160725/1469436006611821.jpg%22%20title=%221469436006611821.jpg%22%20alt=%222.jpg%22/%3E%3Cimg%20src=%22/ueditor/php/upload/image/20160725/1469436013318199.jpg%22%20title=%221469436013318199.jpg%22%20alt=%223.jpg%22/%3E%3Cimg%20src=%22/ueditor/php/upload/image/20160725/1469436017163290.jpg%22%20title=%221469436017163290.jpg%22%20alt=%224.jpg%22/%3E%3C/p%3E
INFO: [ app_init ] --START--
INFO: Run Behavior\BuildLiteBehavior [ RunTime:0.000015s ]
INFO: [ app_init ] --END-- [ RunTime:0.000305s ]
INFO: [ app_begin ] --START--
INFO: Run Behavior\ReadHtmlCacheBehavior [ RunTime:0.000349s ]
INFO: [ app_begin ] --END-- [ RunTime:0.000394s ]
NOTIC: [8192] mysql_connect(): The mysql extension is deprecated and will be removed in the future: use mysqli or PDO instead /alidata/www/dayang/ThinkPHP/Library/Think/Session/Driver/Db.class.php 第 95 行.
ERR: 非法操作:

[ 2016-07-27T14:50:22+08:00 ] 171.8.191.125 /index.php/Pangu/Index/%3Cp%3E%3Cimg%20src=%22/ueditor/php/upload/image/20160725/1469436224462182.jpg%22%20title=%221469436224462182.jpg%22%20alt=%221.jpg%22/%3E%3Cimg%20src=%22/ueditor/php/upload/image/20160725/1469436226163876.jpg%22%20title=%221469436226163876.jpg%22%20alt=%222.jpg%22/%3E%3Cimg%20src=%22/ueditor/php/upload/image/20160725/1469436229856921.jpg%22%20title=%221469436229856921.jpg%22%20alt=%223.jpg%22/%3E%3C/p%3E
INFO: [ app_init ] --START--
INFO: Run Behavior\BuildLiteBehavior [ RunTime:0.000013s ]
INFO: [ app_init ] --END-- [ RunTime:0.000285s ]
INFO: [ app_begin ] --START--
INFO: Run Behavior\ReadHtmlCacheBehavior [ RunTime:0.000363s ]
INFO: [ app_begin ] --END-- [ RunTime:0.000409s ]
NOTIC: [8192] mysql_connect(): The mysql extension is deprecated and will be removed in the future: use mysqli or PDO instead /alidata/www/dayang/ThinkPHP/Library/Think/Session/Driver/Db.class.php 第 95 行.
ERR: 非法操作:

[ 2016-07-27T14:50:22+08:00 ] 171.8.191.125 /index.php/Pangu/Index/%3Cp%3E%3Cimg%20src=%22/ueditor/php/upload/image/20160725/1469436288787163.jpg%22%20title=%221469436288787163.jpg%22%20alt=%221.jpg%22/%3E%3Cimg%20src=%22/ueditor/php/upload/image/20160725/1469436291965972.jpg%22%20title=%221469436291965972.jpg%22%20alt=%222.jpg%22/%3E%3Cimg%20src=%22/ueditor/php/upload/image/20160725/1469436296647795.jpg%22%20title=%221469436296647795.jpg%22%20alt=%223.jpg%22/%3E%3Cimg%20src=%22/ueditor/php/upload/image/20160725/1469436300108195.jpg%22%20title=%221469436300108195.jpg%22%20alt=%224.jpg%22/%3E%3C/p%3E
INFO: [ app_init ] --START--
INFO: Run Behavior\BuildLiteBehavior [ RunTime:0.000017s ]
INFO: [ app_init ] --END-- [ RunTime:0.000295s ]
INFO: [ app_begin ] --START--
INFO: Run Behavior\ReadHtmlCacheBehavior [ RunTime:0.000406s ]
INFO: [ app_begin ] --END-- [ RunTime:0.000451s ]
NOTIC: [8192] mysql_connect(): The mysql extension is deprecated and will be removed in the future: use mysqli or PDO instead /alidata/www/dayang/ThinkPHP/Library/Think/Session/Driver/Db.class.php 第 95 行.
ERR: 非法操作:

[ 2016-07-27T14:50:22+08:00 ] 171.8.191.125 /index.php/Pangu/Index/%3Cp%3E%3Cimg%20src=%22/ueditor/php/upload/image/20160725/1469436387237042.jpg%22%20title=%221469436387237042.jpg%22%20alt=%221.jpg%22/%3E%3Cimg%20src=%22/ueditor/php/upload/image/20160725/1469436391904631.jpg%22%20title=%221469436391904631.jpg%22%20alt=%222.jpg%22/%3E%3C/p%3E
INFO: [ app_init ] --START--
INFO: Run Behavior\BuildLiteBehavior [ RunTime:0.000013s ]
INFO: [ app_init ] --END-- [ RunTime:0.000266s ]
INFO: [ app_begin ] --START--
INFO: Run Behavior\ReadHtmlCacheBehavior [ RunTime:0.000336s ]
INFO: [ app_begin ] --END-- [ RunTime:0.000382s ]
NOTIC: [8192] mysql_connect(): The mysql extension is deprecated and will be removed in the future: use mysqli or PDO instead /alidata/www/dayang/ThinkPHP/Library/Think/Session/Driver/Db.class.php 第 95 行.
ERR: 非法操作:

[ 2016-07-27T14:50:22+08:00 ] 171.8.191.125 /index.php/Pangu/Index/%3Cp%3E%3Cimg%20src=%22/ueditor/php/upload/image/20160725/1469436850682010.jpg%22%20title=%221469436850682010.jpg%22%20alt=%221.jpg%22/%3E%3Cimg%20src=%22/ueditor/php/upload/image/20160725/1469436852517018.jpg%22%20title=%221469436852517018.jpg%22%20alt=%222.jpg%22/%3E%3Cimg%20src=%22/ueditor/php/upload/image/20160725/1469436854910039.jpg%22%20title=%221469436854910039.jpg%22%20alt=%223.jpg%22/%3E%3Cimg%20src=%22/ueditor/php/upload/image/20160725/1469436856484059.jpg%22%20title=%221469436856484059.jpg%22%20alt=%224.jpg%22/%3E%3Cimg%20src=%22/ueditor/php/upload/image/20160725/1469436857602618.jpg%22%20title=%221469436857602618.jpg%22%20alt=%225.jpg%22/%3E%3Cimg%20src=%22/ueditor/php/upload/image/20160725/1469436860745576.jpg%22%20title=%221469436860745576.jpg%22%20alt=%226.jpg%22/%3E%3C/p%3E
INFO: [ app_init ] --START--
INFO: Run Behavior\BuildLiteBehavior [ RunTime:0.000012s ]
INFO: [ app_init ] --END-- [ RunTime:0.000296s ]
INFO: [ app_begin ] --START--
INFO: Run Behavior\ReadHtmlCacheBehavior [ RunTime:0.000350s ]
INFO: [ app_begin ] --END-- [ RunTime:0.000394s ]
NOTIC: [8192] mysql_connect(): The mysql extension is deprecated and will be removed in the future: use mysqli or PDO instead /alidata/www/dayang/ThinkPHP/Library/Think/Session/Driver/Db.class.php 第 95 行.
ERR: 非法操作:

[ 2016-07-27T14:50:22+08:00 ] 171.8.191.125 /index.php/Pangu/Index/%3Cp%3E%3Cimg%20src=%22/ueditor/php/upload/image/20160725/1469436925208132.jpg%22%20title=%221469436925208132.jpg%22%20alt=%221.jpg%22/%3E%3Cimg%20src=%22/ueditor/php/upload/image/20160725/1469436928258336.jpg%22%20title=%221469436928258336.jpg%22%20alt=%222.jpg%22/%3E%3Cimg%20src=%22/ueditor/php/upload/image/20160725/1469436931719480.jpg%22%20title=%221469436931719480.jpg%22%20alt=%223.jpg%22/%3E%3Cimg%20src=%22/ueditor/php/upload/image/20160725/1469436973181854.jpg%22%20title=%221469436973181854.jpg%22%20alt=%224.jpg%22/%3E%3Cimg%20src=%22/ueditor/php/upload/image/20160725/1469436980159093.jpg%22%20title=%221469436980159093.jpg%22%20alt=%226.jpg%22/%3E%3Cimg%20src=%22/ueditor/php/upload/image/20160725/1469436982283911.jpg%22%20title=%221469436982283911.jpg%22%20alt=%227.jpg%22/%3E%3C/p%3E
INFO: [ app_init ] --START--
INFO: Run Behavior\BuildLiteBehavior [ RunTime:0.000012s ]
INFO: [ app_init ] --END-- [ RunTime:0.000257s ]
INFO: [ app_begin ] --START--
INFO: Run Behavior\ReadHtmlCacheBehavior [ RunTime:0.000329s ]
INFO: [ app_begin ] --END-- [ RunTime:0.000373s ]
NOTIC: [8192] mysql_connect(): The mysql extension is deprecated and will be removed in the future: use mysqli or PDO instead /alidata/www/dayang/ThinkPHP/Library/Think/Session/Driver/Db.class.php 第 95 行.
ERR: 非法操作:

[ 2016-07-27T14:50:22+08:00 ] 171.8.191.125 /index.php/Pangu/Index/%3Cp%3E%3Cimg%20src=%22/ueditor/php/upload/image/20160725/1469436513740415.jpg%22%20title=%221469436513740415.jpg%22%20alt=%221.jpg%22/%3E%3Cimg%20src=%22/ueditor/php/upload/image/20160725/1469436517785559.jpg%22%20title=%221469436517785559.jpg%22%20alt=%222.jpg%22/%3E%3Cimg%20src=%22/ueditor/php/upload/image/20160725/1469436521632099.jpg%22%20title=%221469436521632099.jpg%22%20alt=%223.jpg%22/%3E%3C/p%3E
INFO: [ app_init ] --START--
INFO: Run Behavior\BuildLiteBehavior [ RunTime:0.000012s ]
INFO: [ app_init ] --END-- [ RunTime:0.000265s ]
INFO: [ app_begin ] --START--
INFO: Run Behavior\ReadHtmlCacheBehavior [ RunTime:0.000373s ]
INFO: [ app_begin ] --END-- [ RunTime:0.000419s ]
NOTIC: [8192] mysql_connect(): The mysql extension is deprecated and will be removed in the future: use mysqli or PDO instead /alidata/www/dayang/ThinkPHP/Library/Think/Session/Driver/Db.class.php 第 95 行.
ERR: 非法操作:

[ 2016-07-27T14:50:22+08:00 ] 171.8.191.125 /index.php/Pangu/Index/skin/default/skin.css
INFO: [ app_init ] --START--
INFO: Run Behavior\BuildLiteBehavior [ RunTime:0.000013s ]
INFO: [ app_init ] --END-- [ RunTime:0.000270s ]
INFO: [ app_begin ] --START--
INFO: Run Behavior\ReadHtmlCacheBehavior [ RunTime:0.000341s ]
INFO: [ app_begin ] --END-- [ RunTime:0.000385s ]
NOTIC: [8192] mysql_connect(): The mysql extension is deprecated and will be removed in the future: use mysqli or PDO instead /alidata/www/dayang/ThinkPHP/Library/Think/Session/Driver/Db.class.php 第 95 行.
ERR: 非法操作:skin

[ 2016-07-27T14:50:36+08:00 ] 171.8.191.125 /index.php/Pangu/Index/edit.html?table=list&type=&id=4
INFO: [ app_init ] --START--
INFO: Run Behavior\BuildLiteBehavior [ RunTime:0.000017s ]
INFO: [ app_init ] --END-- [ RunTime:0.000287s ]
INFO: [ app_begin ] --START--
INFO: Run Behavior\ReadHtmlCacheBehavior [ RunTime:0.000367s ]
INFO: [ app_begin ] --END-- [ RunTime:0.000414s ]
NOTIC: [8192] mysql_connect(): The mysql extension is deprecated and will be removed in the future: use mysqli or PDO instead /alidata/www/dayang/ThinkPHP/Library/Think/Session/Driver/Db.class.php 第 95 行.
SQL: SHOW COLUMNS FROM `pg_list` [ RunTime:0.0010s ]
SQL: SELECT * FROM `pg_list` WHERE ( id=4 ) LIMIT 1   [ RunTime:0.0003s ]
INFO: [ view_parse ] --START--
INFO: [ template_filter ] --START--
INFO: Run Behavior\ContentReplaceBehavior [ RunTime:0.000081s ]
INFO: [ template_filter ] --END-- [ RunTime:0.000169s ]
NOTIC: [8] Undefined variable: type /alidata/www/dayang/Application/Runtime/Cache/Pangu/c223a00cf22e8ad3444bf3ee38b6f4f5.php 第 32 行.
NOTIC: [8] Undefined variable: templets /alidata/www/dayang/Application/Runtime/Cache/Pangu/c223a00cf22e8ad3444bf3ee38b6f4f5.php 第 172 行.
INFO: Run Behavior\ParseTemplateBehavior [ RunTime:0.019622s ]
INFO: [ view_parse ] --END-- [ RunTime:0.019666s ]
INFO: [ view_filter ] --START--
INFO: Run Behavior\WriteHtmlCacheBehavior [ RunTime:0.000168s ]
INFO: [ view_filter ] --END-- [ RunTime:0.000225s ]
INFO: [ app_end ] --START--
INFO: Run Behavior\ShowPageTraceBehavior [ RunTime:0.000424s ]
INFO: [ app_end ] --END-- [ RunTime:0.000469s ]

[ 2016-07-27T14:50:36+08:00 ] 171.8.191.125 /index.php/Pangu/Index/
INFO: [ app_init ] --START--
INFO: Run Behavior\BuildLiteBehavior [ RunTime:0.000015s ]
INFO: [ app_init ] --END-- [ RunTime:0.000286s ]
INFO: [ app_begin ] --START--
INFO: Run Behavior\ReadHtmlCacheBehavior [ RunTime:0.000350s ]
INFO: [ app_begin ] --END-- [ RunTime:0.000394s ]
NOTIC: [8192] mysql_connect(): The mysql extension is deprecated and will be removed in the future: use mysqli or PDO instead /alidata/www/dayang/ThinkPHP/Library/Think/Session/Driver/Db.class.php 第 95 行.
INFO: [ view_parse ] --START--
INFO: [ template_filter ] --START--
INFO: Run Behavior\ContentReplaceBehavior [ RunTime:0.000066s ]
INFO: [ template_filter ] --END-- [ RunTime:0.000121s ]
INFO: Run Behavior\ParseTemplateBehavior [ RunTime:0.005667s ]
INFO: [ view_parse ] --END-- [ RunTime:0.005736s ]
INFO: [ view_filter ] --START--
INFO: Run Behavior\WriteHtmlCacheBehavior [ RunTime:0.000132s ]
INFO: [ view_filter ] --END-- [ RunTime:0.000168s ]
INFO: [ app_end ] --START--
INFO: Run Behavior\ShowPageTraceBehavior [ RunTime:0.000396s ]
INFO: [ app_end ] --END-- [ RunTime:0.000438s ]

[ 2016-07-27T14:50:45+08:00 ] 171.8.191.125 /index.php/Pangu/Index/do_edit.html?table=list&id=4
INFO: [ app_init ] --START--
INFO: Run Behavior\BuildLiteBehavior [ RunTime:0.000016s ]
INFO: [ app_init ] --END-- [ RunTime:0.000286s ]
INFO: [ app_begin ] --START--
INFO: Run Behavior\ReadHtmlCacheBehavior [ RunTime:0.000322s ]
INFO: [ app_begin ] --END-- [ RunTime:0.000367s ]
NOTIC: [8192] mysql_connect(): The mysql extension is deprecated and will be removed in the future: use mysqli or PDO instead /alidata/www/dayang/ThinkPHP/Library/Think/Session/Driver/Db.class.php 第 95 行.
SQL: SHOW COLUMNS FROM `pg_list` [ RunTime:0.0010s ]
SQL: UPDATE `pg_list` SET `type`=' DG60103TI',`name`='西门子众享系列热水器',`m`='2990',`m1`='1890',`p1`='5',`m2`='1790',`p2`='50',`m3`='1590',`p3`='100',`headimg`='/Uploads/images/201607251646235795d1dfe6be9.jpg',`image`='&lt;p&gt;&lt;img src=&quot;/ueditor/php/upload/image/20160725/1469436387237042.jpg&quot; title=&quot;1469436387237042.jpg&quot; alt=&quot;1.jpg&quot;/&gt;&lt;img src=&quot;/ueditor/php/upload/image/20160725/1469436391904631.jpg&quot; title=&quot;1469436391904631.jpg&quot; alt=&quot;2.jpg&quot;/&gt;&lt;/p&gt;' WHERE ( id=4 ) [ RunTime:0.0084s ]
INFO: [ app_end ] --START--
INFO: Run Behavior\ShowPageTraceBehavior [ RunTime:0.000488s ]
INFO: [ app_end ] --END-- [ RunTime:0.000535s ]

[ 2016-07-27T14:50:46+08:00 ] 171.8.191.125 /index.php/Pangu/Index/llist.html
INFO: [ app_init ] --START--
INFO: Run Behavior\BuildLiteBehavior [ RunTime:0.000021s ]
INFO: [ app_init ] --END-- [ RunTime:0.000524s ]
INFO: [ app_begin ] --START--
INFO: Run Behavior\ReadHtmlCacheBehavior [ RunTime:0.000473s ]
INFO: [ app_begin ] --END-- [ RunTime:0.000544s ]
NOTIC: [8192] mysql_connect(): The mysql extension is deprecated and will be removed in the future: use mysqli or PDO instead /alidata/www/dayang/ThinkPHP/Library/Think/Session/Driver/Db.class.php 第 95 行.
SQL: select b.*,sum(case when a.lid = b.id then 1 else 0 end) as count from pg_list b left join pg_lrecord a on a.lid = b.id group by b.id [ RunTime:0.0006s ]
INFO: [ view_parse ] --START--
INFO: [ template_filter ] --START--
INFO: Run Behavior\ContentReplaceBehavior [ RunTime:0.000053s ]
INFO: [ template_filter ] --END-- [ RunTime:0.000099s ]
NOTIC: [8] Undefined variable: type /alidata/www/dayang/Application/Runtime/Cache/Pangu/e2213d5746dc61755bc7f12c24127cb0.php 第 38 行.
NOTIC: [8] Undefined variable: type /alidata/www/dayang/Application/Runtime/Cache/Pangu/e2213d5746dc61755bc7f12c24127cb0.php 第 80 行.
NOTIC: [8] Undefined variable: type /alidata/www/dayang/Application/Runtime/Cache/Pangu/e2213d5746dc61755bc7f12c24127cb0.php 第 80 行.
NOTIC: [8] Undefined variable: type /alidata/www/dayang/Application/Runtime/Cache/Pangu/e2213d5746dc61755bc7f12c24127cb0.php 第 80 行.
NOTIC: [8] Undefined variable: type /alidata/www/dayang/Application/Runtime/Cache/Pangu/e2213d5746dc61755bc7f12c24127cb0.php 第 80 行.
NOTIC: [8] Undefined variable: type /alidata/www/dayang/Application/Runtime/Cache/Pangu/e2213d5746dc61755bc7f12c24127cb0.php 第 80 行.
NOTIC: [8] Undefined variable: type /alidata/www/dayang/Application/Runtime/Cache/Pangu/e2213d5746dc61755bc7f12c24127cb0.php 第 80 行.
NOTIC: [8] Undefined variable: type /alidata/www/dayang/Application/Runtime/Cache/Pangu/e2213d5746dc61755bc7f12c24127cb0.php 第 80 行.
NOTIC: [8] Undefined variable: page /alidata/www/dayang/Application/Runtime/Cache/Pangu/e2213d5746dc61755bc7f12c24127cb0.php 第 86 行.
INFO: Run Behavior\ParseTemplateBehavior [ RunTime:0.007169s ]
INFO: [ view_parse ] --END-- [ RunTime:0.007213s ]
INFO: [ view_filter ] --START--
INFO: Run Behavior\WriteHtmlCacheBehavior [ RunTime:0.000124s ]
INFO: [ view_filter ] --END-- [ RunTime:0.000161s ]
INFO: [ app_end ] --START--
INFO: Run Behavior\ShowPageTraceBehavior [ RunTime:0.000380s ]
INFO: [ app_end ] --END-- [ RunTime:0.000427s ]

[ 2016-07-27T14:50:46+08:00 ] 171.8.191.125 /index.php/Pangu/Index/%3Cp%3E%3Cimg%20src=%22/ueditor/php/upload/image/20160725/1469436001534163.jpg%22%20title=%221469436001534163.jpg%22%20alt=%221.jpg%22/%3E%3Cimg%20src=%22/ueditor/php/upload/image/20160725/1469436006611821.jpg%22%20title=%221469436006611821.jpg%22%20alt=%222.jpg%22/%3E%3Cimg%20src=%22/ueditor/php/upload/image/20160725/1469436013318199.jpg%22%20title=%221469436013318199.jpg%22%20alt=%223.jpg%22/%3E%3Cimg%20src=%22/ueditor/php/upload/image/20160725/1469436017163290.jpg%22%20title=%221469436017163290.jpg%22%20alt=%224.jpg%22/%3E%3C/p%3E
INFO: [ app_init ] --START--
INFO: Run Behavior\BuildLiteBehavior [ RunTime:0.000014s ]
INFO: [ app_init ] --END-- [ RunTime:0.000297s ]
INFO: [ app_begin ] --START--
INFO: Run Behavior\ReadHtmlCacheBehavior [ RunTime:0.000340s ]
INFO: [ app_begin ] --END-- [ RunTime:0.000383s ]
NOTIC: [8192] mysql_connect(): The mysql extension is deprecated and will be removed in the future: use mysqli or PDO instead /alidata/www/dayang/ThinkPHP/Library/Think/Session/Driver/Db.class.php 第 95 行.
ERR: 非法操作:

[ 2016-07-27T14:50:46+08:00 ] 171.8.191.125 /index.php/Pangu/Index/%3Cp%3E%3Cimg%20src=%22/ueditor/php/upload/image/20160725/1469436925208132.jpg%22%20title=%221469436925208132.jpg%22%20alt=%221.jpg%22/%3E%3Cimg%20src=%22/ueditor/php/upload/image/20160725/1469436928258336.jpg%22%20title=%221469436928258336.jpg%22%20alt=%222.jpg%22/%3E%3Cimg%20src=%22/ueditor/php/upload/image/20160725/1469436931719480.jpg%22%20title=%221469436931719480.jpg%22%20alt=%223.jpg%22/%3E%3Cimg%20src=%22/ueditor/php/upload/image/20160725/1469436973181854.jpg%22%20title=%221469436973181854.jpg%22%20alt=%224.jpg%22/%3E%3Cimg%20src=%22/ueditor/php/upload/image/20160725/1469436980159093.jpg%22%20title=%221469436980159093.jpg%22%20alt=%226.jpg%22/%3E%3Cimg%20src=%22/ueditor/php/upload/image/20160725/1469436982283911.jpg%22%20title=%221469436982283911.jpg%22%20alt=%227.jpg%22/%3E%3C/p%3E
INFO: [ app_init ] --START--
INFO: Run Behavior\BuildLiteBehavior [ RunTime:0.000018s ]
INFO: [ app_init ] --END-- [ RunTime:0.000335s ]
INFO: [ app_begin ] --START--
INFO: Run Behavior\ReadHtmlCacheBehavior [ RunTime:0.000346s ]
INFO: [ app_begin ] --END-- [ RunTime:0.000391s ]
NOTIC: [8192] mysql_connect(): The mysql extension is deprecated and will be removed in the future: use mysqli or PDO instead /alidata/www/dayang/ThinkPHP/Library/Think/Session/Driver/Db.class.php 第 95 行.
ERR: 非法操作:

[ 2016-07-27T14:50:46+08:00 ] 171.8.191.125 /index.php/Pangu/Index/%3Cp%3E%3Cimg%20src=%22/ueditor/php/upload/image/20160725/1469436513740415.jpg%22%20title=%221469436513740415.jpg%22%20alt=%221.jpg%22/%3E%3Cimg%20src=%22/ueditor/php/upload/image/20160725/1469436517785559.jpg%22%20title=%221469436517785559.jpg%22%20alt=%222.jpg%22/%3E%3Cimg%20src=%22/ueditor/php/upload/image/20160725/1469436521632099.jpg%22%20title=%221469436521632099.jpg%22%20alt=%223.jpg%22/%3E%3C/p%3E
INFO: [ app_init ] --START--
INFO: Run Behavior\BuildLiteBehavior [ RunTime:0.000015s ]
INFO: [ app_init ] --END-- [ RunTime:0.000283s ]
INFO: [ app_begin ] --START--
INFO: Run Behavior\ReadHtmlCacheBehavior [ RunTime:0.000518s ]
INFO: [ app_begin ] --END-- [ RunTime:0.000592s ]
NOTIC: [8192] mysql_connect(): The mysql extension is deprecated and will be removed in the future: use mysqli or PDO instead /alidata/www/dayang/ThinkPHP/Library/Think/Session/Driver/Db.class.php 第 95 行.
ERR: 非法操作:

[ 2016-07-27T14:50:46+08:00 ] 171.8.191.125 /index.php/Pangu/Index/%3Cp%3E%3Cimg%20src=%22/ueditor/php/upload/image/20160725/1469436224462182.jpg%22%20title=%221469436224462182.jpg%22%20alt=%221.jpg%22/%3E%3Cimg%20src=%22/ueditor/php/upload/image/20160725/1469436226163876.jpg%22%20title=%221469436226163876.jpg%22%20alt=%222.jpg%22/%3E%3Cimg%20src=%22/ueditor/php/upload/image/20160725/1469436229856921.jpg%22%20title=%221469436229856921.jpg%22%20alt=%223.jpg%22/%3E%3C/p%3E
INFO: [ app_init ] --START--
INFO: Run Behavior\BuildLiteBehavior [ RunTime:0.000014s ]
INFO: [ app_init ] --END-- [ RunTime:0.000282s ]
INFO: [ app_begin ] --START--
INFO: Run Behavior\ReadHtmlCacheBehavior [ RunTime:0.000375s ]
INFO: [ app_begin ] --END-- [ RunTime:0.000422s ]
NOTIC: [8192] mysql_connect(): The mysql extension is deprecated and will be removed in the future: use mysqli or PDO instead /alidata/www/dayang/ThinkPHP/Library/Think/Session/Driver/Db.class.php 第 95 行.
ERR: 非法操作:

[ 2016-07-27T14:50:46+08:00 ] 171.8.191.125 /index.php/Pangu/Index/%3Cp%3E%3Cimg%20src=%22/ueditor/php/upload/image/20160725/1469436387237042.jpg%22%20title=%221469436387237042.jpg%22%20alt=%221.jpg%22/%3E%3Cimg%20src=%22/ueditor/php/upload/image/20160725/1469436391904631.jpg%22%20title=%221469436391904631.jpg%22%20alt=%222.jpg%22/%3E%3C/p%3E
INFO: [ app_init ] --START--
INFO: Run Behavior\BuildLiteBehavior [ RunTime:0.000014s ]
INFO: [ app_init ] --END-- [ RunTime:0.000294s ]
INFO: [ app_begin ] --START--
INFO: Run Behavior\ReadHtmlCacheBehavior [ RunTime:0.000353s ]
INFO: [ app_begin ] --END-- [ RunTime:0.000398s ]
NOTIC: [8192] mysql_connect(): The mysql extension is deprecated and will be removed in the future: use mysqli or PDO instead /alidata/www/dayang/ThinkPHP/Library/Think/Session/Driver/Db.class.php 第 95 行.
ERR: 非法操作:

[ 2016-07-27T14:50:46+08:00 ] 171.8.191.125 /index.php/Pangu/Index/%3Cp%3E%3Cimg%20src=%22/ueditor/php/upload/image/20160725/1469436288787163.jpg%22%20title=%221469436288787163.jpg%22%20alt=%221.jpg%22/%3E%3Cimg%20src=%22/ueditor/php/upload/image/20160725/1469436291965972.jpg%22%20title=%221469436291965972.jpg%22%20alt=%222.jpg%22/%3E%3Cimg%20src=%22/ueditor/php/upload/image/20160725/1469436296647795.jpg%22%20title=%221469436296647795.jpg%22%20alt=%223.jpg%22/%3E%3Cimg%20src=%22/ueditor/php/upload/image/20160725/1469436300108195.jpg%22%20title=%221469436300108195.jpg%22%20alt=%224.jpg%22/%3E%3C/p%3E
INFO: [ app_init ] --START--
INFO: Run Behavior\BuildLiteBehavior [ RunTime:0.000011s ]
INFO: [ app_init ] --END-- [ RunTime:0.000299s ]
INFO: [ app_begin ] --START--
INFO: Run Behavior\ReadHtmlCacheBehavior [ RunTime:0.000324s ]
INFO: [ app_begin ] --END-- [ RunTime:0.000367s ]
NOTIC: [8192] mysql_connect(): The mysql extension is deprecated and will be removed in the future: use mysqli or PDO instead /alidata/www/dayang/ThinkPHP/Library/Think/Session/Driver/Db.class.php 第 95 行.
ERR: 非法操作:

[ 2016-07-27T14:50:46+08:00 ] 171.8.191.125 /index.php/Pangu/Index/%3Cp%3E%3Cimg%20src=%22/ueditor/php/upload/image/20160725/1469436850682010.jpg%22%20title=%221469436850682010.jpg%22%20alt=%221.jpg%22/%3E%3Cimg%20src=%22/ueditor/php/upload/image/20160725/1469436852517018.jpg%22%20title=%221469436852517018.jpg%22%20alt=%222.jpg%22/%3E%3Cimg%20src=%22/ueditor/php/upload/image/20160725/1469436854910039.jpg%22%20title=%221469436854910039.jpg%22%20alt=%223.jpg%22/%3E%3Cimg%20src=%22/ueditor/php/upload/image/20160725/1469436856484059.jpg%22%20title=%221469436856484059.jpg%22%20alt=%224.jpg%22/%3E%3Cimg%20src=%22/ueditor/php/upload/image/20160725/1469436857602618.jpg%22%20title=%221469436857602618.jpg%22%20alt=%225.jpg%22/%3E%3Cimg%20src=%22/ueditor/php/upload/image/20160725/1469436860745576.jpg%22%20title=%221469436860745576.jpg%22%20alt=%226.jpg%22/%3E%3C/p%3E
INFO: [ app_init ] --START--
INFO: Run Behavior\BuildLiteBehavior [ RunTime:0.000013s ]
INFO: [ app_init ] --END-- [ RunTime:0.000293s ]
INFO: [ app_begin ] --START--
INFO: Run Behavior\ReadHtmlCacheBehavior [ RunTime:0.000328s ]
INFO: [ app_begin ] --END-- [ RunTime:0.000373s ]
NOTIC: [8192] mysql_connect(): The mysql extension is deprecated and will be removed in the future: use mysqli or PDO instead /alidata/www/dayang/ThinkPHP/Library/Think/Session/Driver/Db.class.php 第 95 行.
ERR: 非法操作:

[ 2016-07-27T14:50:46+08:00 ] 171.8.191.125 /index.php/Pangu/Index/skin/default/skin.css
INFO: [ app_init ] --START--
INFO: Run Behavior\BuildLiteBehavior [ RunTime:0.000020s ]
INFO: [ app_init ] --END-- [ RunTime:0.000287s ]
INFO: [ app_begin ] --START--
INFO: Run Behavior\ReadHtmlCacheBehavior [ RunTime:0.000357s ]
INFO: [ app_begin ] --END-- [ RunTime:0.000400s ]
NOTIC: [8192] mysql_connect(): The mysql extension is deprecated and will be removed in the future: use mysqli or PDO instead /alidata/www/dayang/ThinkPHP/Library/Think/Session/Driver/Db.class.php 第 95 行.
ERR: 非法操作:skin

[ 2016-07-27T14:51:58+08:00 ] 171.8.191.125 /index.php/Pangu/Index/tuan.html
INFO: [ app_init ] --START--
INFO: Run Behavior\BuildLiteBehavior [ RunTime:0.000015s ]
INFO: [ app_init ] --END-- [ RunTime:0.000305s ]
INFO: [ app_begin ] --START--
INFO: Run Behavior\ReadHtmlCacheBehavior [ RunTime:0.000329s ]
INFO: [ app_begin ] --END-- [ RunTime:0.000373s ]
NOTIC: [8192] mysql_connect(): The mysql extension is deprecated and will be removed in the future: use mysqli or PDO instead /alidata/www/dayang/ThinkPHP/Library/Think/Session/Driver/Db.class.php 第 95 行.
SQL: select b.*,sum(case when a.lid = b.id then 1 else 0 end) as count from pg_tuan b left join pg_trecord a on a.lid = b.id group by b.id [ RunTime:0.0006s ]
INFO: [ view_parse ] --START--
INFO: [ template_filter ] --START--
INFO: Run Behavior\ContentReplaceBehavior [ RunTime:0.000080s ]
INFO: [ template_filter ] --END-- [ RunTime:0.000156s ]
NOTIC: [8] Undefined variable: type /alidata/www/dayang/Application/Runtime/Cache/Pangu/626695119ef1a45710c8e8472c129e4f.php 第 38 行.
NOTIC: [8] Undefined variable: type /alidata/www/dayang/Application/Runtime/Cache/Pangu/626695119ef1a45710c8e8472c129e4f.php 第 80 行.
NOTIC: [8] Undefined variable: type /alidata/www/dayang/Application/Runtime/Cache/Pangu/626695119ef1a45710c8e8472c129e4f.php 第 80 行.
NOTIC: [8] Undefined variable: page /alidata/www/dayang/Application/Runtime/Cache/Pangu/626695119ef1a45710c8e8472c129e4f.php 第 86 行.
INFO: Run Behavior\ParseTemplateBehavior [ RunTime:0.008482s ]
INFO: [ view_parse ] --END-- [ RunTime:0.008540s ]
INFO: [ view_filter ] --START--
INFO: Run Behavior\WriteHtmlCacheBehavior [ RunTime:0.000131s ]
INFO: [ view_filter ] --END-- [ RunTime:0.000168s ]
INFO: [ app_end ] --START--
INFO: Run Behavior\ShowPageTraceBehavior [ RunTime:0.000388s ]
INFO: [ app_end ] --END-- [ RunTime:0.000448s ]

[ 2016-07-27T14:51:58+08:00 ] 171.8.191.125 /index.php/Pangu/Index/%3Cp%3E%3Cimg%20src=%22/ueditor/php/upload/image/20160725/1469435097718939.jpg%22%20title=%221469435097718939.jpg%22/%3E%3C/p%3E%3Cp%3E%3Cimg%20src=%22http://dgzc725.ktwlkj.com/ueditor/php/upload/image/20160725/1469435097202763.jpg%22%20title=%221469435097202763.jpg%22/%3E%3C/p%3E%3Cp%3E%3Cimg%20src=%22/ueditor/php/upload/image/20160725/1469435097391948.jpg%22%20title=%221469435097391948.jpg%22/%3E%3C/p%3E%3Cp%3E%3Cimg%20src=%22/ueditor/php/upload/image/20160725/1469435097421276.jpg%22%20title=%221469435097421276.jpg%22/%3E%3C/p%3E%3Cp%3E%3Cimg%20src=%22/ueditor/php/upload/image/20160725/1469435097627657.jpg%22%20title=%221469435097627657.jpg%22/%3E%3C/p%3E%3Cp%3E%3Cimg%20src=%22/ueditor/php/upload/image/20160725/1469435097203508.jpg%22%20title=%221469435097203508.jpg%22/%3E%3C/p%3E%3Cp%3E%3Cbr/%3E%3C/p%3E
INFO: [ app_init ] --START--
INFO: Run Behavior\BuildLiteBehavior [ RunTime:0.000019s ]
INFO: [ app_init ] --END-- [ RunTime:0.000299s ]
INFO: [ app_begin ] --START--
INFO: Run Behavior\ReadHtmlCacheBehavior [ RunTime:0.000360s ]
INFO: [ app_begin ] --END-- [ RunTime:0.000406s ]
NOTIC: [8192] mysql_connect(): The mysql extension is deprecated and will be removed in the future: use mysqli or PDO instead /alidata/www/dayang/ThinkPHP/Library/Think/Session/Driver/Db.class.php 第 95 行.
ERR: 非法操作:

[ 2016-07-27T14:51:58+08:00 ] 171.8.191.125 /index.php/Pangu/Index/%3Cp%3E%3Cbr/%3E%3C/p%3E%3Cp%3E%3Cimg%20src=%22http://dgzc725.ktwlkj.com/ueditor/php/upload/image/20160725/1469434702879027.jpg%22%20title=%221469434702879027.jpg%22/%3E%3Cimg%20src=%22/ueditor/php/upload/image/20160725/1469434702394301.jpg%22%20title=%221469434702394301.jpg%22/%3E%3C/p%3E%3Cp%3E%3Cimg%20src=%22/ueditor/php/upload/image/20160725/1469434702744844.jpg%22%20title=%221469434702744844.jpg%22/%3E%3C/p%3E%3Cp%3E%3Cbr/%3E%3C/p%3E
INFO: [ app_init ] --START--
INFO: Run Behavior\BuildLiteBehavior [ RunTime:0.000015s ]
INFO: [ app_init ] --END-- [ RunTime:0.000302s ]
INFO: [ app_begin ] --START--
INFO: Run Behavior\ReadHtmlCacheBehavior [ RunTime:0.000343s ]
INFO: [ app_begin ] --END-- [ RunTime:0.000389s ]
NOTIC: [8192] mysql_connect(): The mysql extension is deprecated and will be removed in the future: use mysqli or PDO instead /alidata/www/dayang/ThinkPHP/Library/Think/Session/Driver/Db.class.php 第 95 行.
ERR: 非法操作:

[ 2016-07-27T14:51:58+08:00 ] 171.8.191.125 /index.php/Pangu/Index/skin/default/skin.css
INFO: [ app_init ] --START--
INFO: Run Behavior\BuildLiteBehavior [ RunTime:0.000019s ]
INFO: [ app_init ] --END-- [ RunTime:0.000296s ]
INFO: [ app_begin ] --START--
INFO: Run Behavior\ReadHtmlCacheBehavior [ RunTime:0.000364s ]
INFO: [ app_begin ] --END-- [ RunTime:0.000408s ]
NOTIC: [8192] mysql_connect(): The mysql extension is deprecated and will be removed in the future: use mysqli or PDO instead /alidata/www/dayang/ThinkPHP/Library/Think/Session/Driver/Db.class.php 第 95 行.
ERR: 非法操作:skin

