[ 2016-08-10T06:48:53+08:00 ] 123.151.42.52 /
INFO: [ app_init ] --START--
INFO: Run Behavior\BuildLiteBehavior [ RunTime:0.000015s ]
INFO: [ app_init ] --END-- [ RunTime:0.001794s ]
INFO: [ app_begin ] --START--
INFO: Run Behavior\ReadHtmlCacheBehavior [ RunTime:0.005662s ]
INFO: [ app_begin ] --END-- [ RunTime:0.005709s ]
NOTIC: [8192] mysql_connect(): The mysql extension is deprecated and will be removed in the future: use mysqli or PDO instead /alidata/www/dayang/ThinkPHP/Library/Think/Session/Driver/Db.class.php 第 95 行.

[ 2016-08-10T06:48:53+08:00 ] 111.30.141.47 /
INFO: [ app_init ] --START--
INFO: Run Behavior\BuildLiteBehavior [ RunTime:0.000020s ]
INFO: [ app_init ] --END-- [ RunTime:0.001562s ]
INFO: [ app_begin ] --START--
INFO: Run Behavior\ReadHtmlCacheBehavior [ RunTime:0.005718s ]
INFO: [ app_begin ] --END-- [ RunTime:0.005828s ]
NOTIC: [8192] mysql_connect(): The mysql extension is deprecated and will be removed in the future: use mysqli or PDO instead /alidata/www/dayang/ThinkPHP/Library/Think/Session/Driver/Db.class.php 第 95 行.

[ 2016-08-10T06:48:53+08:00 ] 123.151.153.35 /?from=timeline&isappinstalled=0
INFO: [ app_init ] --START--
INFO: Run Behavior\BuildLiteBehavior [ RunTime:0.000025s ]
INFO: [ app_init ] --END-- [ RunTime:0.001551s ]
INFO: [ app_begin ] --START--
INFO: Run Behavior\ReadHtmlCacheBehavior [ RunTime:0.005500s ]
INFO: [ app_begin ] --END-- [ RunTime:0.005558s ]
NOTIC: [8192] mysql_connect(): The mysql extension is deprecated and will be removed in the future: use mysqli or PDO instead /alidata/www/dayang/ThinkPHP/Library/Think/Session/Driver/Db.class.php 第 95 行.

