[ 2016-07-09T23:29:08+08:00 ] 101.226.33.224 /index.php/Home/Index/index.html
INFO: [ app_init ] --START--
INFO: Run Behavior\BuildLiteBehavior [ RunTime:0.000015s ]
INFO: [ app_init ] --END-- [ RunTime:0.000325s ]
INFO: [ app_begin ] --START--
INFO: Run Behavior\ReadHtmlCacheBehavior [ RunTime:0.000334s ]
INFO: [ app_begin ] --END-- [ RunTime:0.000377s ]
NOTIC: [8192] mysql_connect(): The mysql extension is deprecated and will be removed in the future: use mysqli or PDO instead /alidata/www/boxi/ThinkPHP/Library/Think/Session/Driver/Db.class.php 第 95 行.
NOTIC: [2] file_get_contents(/alidata/www/boxi/ThinkPHP/Weixin/js_ticket.json): failed to open stream: No such file or directory /alidata/www/boxi/ThinkPHP/Weixin/WxApi.class.php 第 179 行.
NOTIC: [8] Trying to get property of non-object /alidata/www/boxi/ThinkPHP/Weixin/WxApi.class.php 第 180 行.
NOTIC: [2] file_get_contents(/alidata/www/boxi/ThinkPHP/Weixin/access_token.json): failed to open stream: No such file or directory /alidata/www/boxi/ThinkPHP/Weixin/WxApi.class.php 第 111 行.
NOTIC: [8] Trying to get property of non-object /alidata/www/boxi/ThinkPHP/Weixin/WxApi.class.php 第 112 行.
NOTIC: [2] Creating default object from empty value /alidata/www/boxi/ThinkPHP/Weixin/WxApi.class.php 第 119 行.
NOTIC: [2] fopen(/alidata/www/boxi/ThinkPHP/Weixin/access_token.json): failed to open stream: Permission denied /alidata/www/boxi/ThinkPHP/Weixin/WxApi.class.php 第 121 行.
NOTIC: [2] fwrite() expects parameter 1 to be resource, boolean given /alidata/www/boxi/ThinkPHP/Weixin/WxApi.class.php 第 122 行.
NOTIC: [2] fclose() expects parameter 1 to be resource, boolean given /alidata/www/boxi/ThinkPHP/Weixin/WxApi.class.php 第 123 行.
NOTIC: [2] Creating default object from empty value /alidata/www/boxi/ThinkPHP/Weixin/WxApi.class.php 第 183 行.
NOTIC: [2] fopen(/alidata/www/boxi/ThinkPHP/Weixin/js_ticket.json): failed to open stream: Permission denied /alidata/www/boxi/ThinkPHP/Weixin/WxApi.class.php 第 186 行.
NOTIC: [2] fwrite() expects parameter 1 to be resource, boolean given /alidata/www/boxi/ThinkPHP/Weixin/WxApi.class.php 第 187 行.
NOTIC: [2] fclose() expects parameter 1 to be resource, boolean given /alidata/www/boxi/ThinkPHP/Weixin/WxApi.class.php 第 188 行.
INFO: [ view_parse ] --START--
INFO: [ template_filter ] --START--
INFO: Run Behavior\ContentReplaceBehavior [ RunTime:0.000039s ]
INFO: [ template_filter ] --END-- [ RunTime:0.000091s ]
INFO: Run Behavior\ParseTemplateBehavior [ RunTime:0.005008s ]
INFO: [ view_parse ] --END-- [ RunTime:0.005051s ]
INFO: [ view_filter ] --START--
INFO: Run Behavior\WriteHtmlCacheBehavior [ RunTime:0.000133s ]
INFO: [ view_filter ] --END-- [ RunTime:0.000169s ]
INFO: [ app_end ] --START--
INFO: Run Behavior\ShowPageTraceBehavior [ RunTime:0.000402s ]
INFO: [ app_end ] --END-- [ RunTime:0.000440s ]

[ 2016-07-09T23:29:26+08:00 ] 180.153.163.191 /index.php/Home/Index/hdtuan.html
INFO: [ app_init ] --START--
INFO: Run Behavior\BuildLiteBehavior [ RunTime:0.000016s ]
INFO: [ app_init ] --END-- [ RunTime:0.000291s ]
INFO: [ app_begin ] --START--
INFO: Run Behavior\ReadHtmlCacheBehavior [ RunTime:0.000380s ]
INFO: [ app_begin ] --END-- [ RunTime:0.000422s ]
NOTIC: [8192] mysql_connect(): The mysql extension is deprecated and will be removed in the future: use mysqli or PDO instead /alidata/www/boxi/ThinkPHP/Library/Think/Session/Driver/Db.class.php 第 95 行.
NOTIC: [2] file_get_contents(/alidata/www/boxi/ThinkPHP/Weixin/js_ticket.json): failed to open stream: No such file or directory /alidata/www/boxi/ThinkPHP/Weixin/WxApi.class.php 第 179 行.
NOTIC: [8] Trying to get property of non-object /alidata/www/boxi/ThinkPHP/Weixin/WxApi.class.php 第 180 行.
NOTIC: [2] file_get_contents(/alidata/www/boxi/ThinkPHP/Weixin/access_token.json): failed to open stream: No such file or directory /alidata/www/boxi/ThinkPHP/Weixin/WxApi.class.php 第 111 行.
NOTIC: [8] Trying to get property of non-object /alidata/www/boxi/ThinkPHP/Weixin/WxApi.class.php 第 112 行.
NOTIC: [2] Creating default object from empty value /alidata/www/boxi/ThinkPHP/Weixin/WxApi.class.php 第 119 行.
NOTIC: [2] fopen(/alidata/www/boxi/ThinkPHP/Weixin/access_token.json): failed to open stream: Permission denied /alidata/www/boxi/ThinkPHP/Weixin/WxApi.class.php 第 121 行.
NOTIC: [2] fwrite() expects parameter 1 to be resource, boolean given /alidata/www/boxi/ThinkPHP/Weixin/WxApi.class.php 第 122 行.
NOTIC: [2] fclose() expects parameter 1 to be resource, boolean given /alidata/www/boxi/ThinkPHP/Weixin/WxApi.class.php 第 123 行.
NOTIC: [2] Creating default object from empty value /alidata/www/boxi/ThinkPHP/Weixin/WxApi.class.php 第 183 行.
NOTIC: [2] fopen(/alidata/www/boxi/ThinkPHP/Weixin/js_ticket.json): failed to open stream: Permission denied /alidata/www/boxi/ThinkPHP/Weixin/WxApi.class.php 第 186 行.
NOTIC: [2] fwrite() expects parameter 1 to be resource, boolean given /alidata/www/boxi/ThinkPHP/Weixin/WxApi.class.php 第 187 行.
NOTIC: [2] fclose() expects parameter 1 to be resource, boolean given /alidata/www/boxi/ThinkPHP/Weixin/WxApi.class.php 第 188 行.
INFO: [ view_parse ] --START--
INFO: [ template_filter ] --START--
INFO: Run Behavior\ContentReplaceBehavior [ RunTime:0.000044s ]
INFO: [ template_filter ] --END-- [ RunTime:0.000095s ]
INFO: Run Behavior\ParseTemplateBehavior [ RunTime:0.005225s ]
INFO: [ view_parse ] --END-- [ RunTime:0.005274s ]
INFO: [ view_filter ] --START--
INFO: Run Behavior\WriteHtmlCacheBehavior [ RunTime:0.000135s ]
INFO: [ view_filter ] --END-- [ RunTime:0.000170s ]
INFO: [ app_end ] --START--
INFO: Run Behavior\ShowPageTraceBehavior [ RunTime:0.000378s ]
INFO: [ app_end ] --END-- [ RunTime:0.000416s ]

[ 2016-07-09T23:29:26+08:00 ] 180.153.163.190 /index.php/Home/Index/listdetail.html?type=1
INFO: [ app_init ] --START--
INFO: Run Behavior\BuildLiteBehavior [ RunTime:0.000013s ]
INFO: [ app_init ] --END-- [ RunTime:0.000278s ]
INFO: [ app_begin ] --START--
INFO: Run Behavior\ReadHtmlCacheBehavior [ RunTime:0.000360s ]
INFO: [ app_begin ] --END-- [ RunTime:0.000403s ]
NOTIC: [8192] mysql_connect(): The mysql extension is deprecated and will be removed in the future: use mysqli or PDO instead /alidata/www/boxi/ThinkPHP/Library/Think/Session/Driver/Db.class.php 第 95 行.
NOTIC: [2] file_get_contents(/alidata/www/boxi/ThinkPHP/Weixin/js_ticket.json): failed to open stream: No such file or directory /alidata/www/boxi/ThinkPHP/Weixin/WxApi.class.php 第 179 行.
NOTIC: [8] Trying to get property of non-object /alidata/www/boxi/ThinkPHP/Weixin/WxApi.class.php 第 180 行.
NOTIC: [2] file_get_contents(/alidata/www/boxi/ThinkPHP/Weixin/access_token.json): failed to open stream: No such file or directory /alidata/www/boxi/ThinkPHP/Weixin/WxApi.class.php 第 111 行.
NOTIC: [8] Trying to get property of non-object /alidata/www/boxi/ThinkPHP/Weixin/WxApi.class.php 第 112 行.
NOTIC: [2] Creating default object from empty value /alidata/www/boxi/ThinkPHP/Weixin/WxApi.class.php 第 119 行.
NOTIC: [2] fopen(/alidata/www/boxi/ThinkPHP/Weixin/access_token.json): failed to open stream: Permission denied /alidata/www/boxi/ThinkPHP/Weixin/WxApi.class.php 第 121 行.
NOTIC: [2] fwrite() expects parameter 1 to be resource, boolean given /alidata/www/boxi/ThinkPHP/Weixin/WxApi.class.php 第 122 行.
NOTIC: [2] fclose() expects parameter 1 to be resource, boolean given /alidata/www/boxi/ThinkPHP/Weixin/WxApi.class.php 第 123 行.
NOTIC: [2] Creating default object from empty value /alidata/www/boxi/ThinkPHP/Weixin/WxApi.class.php 第 183 行.
NOTIC: [2] fopen(/alidata/www/boxi/ThinkPHP/Weixin/js_ticket.json): failed to open stream: Permission denied /alidata/www/boxi/ThinkPHP/Weixin/WxApi.class.php 第 186 行.
NOTIC: [2] fwrite() expects parameter 1 to be resource, boolean given /alidata/www/boxi/ThinkPHP/Weixin/WxApi.class.php 第 187 行.
NOTIC: [2] fclose() expects parameter 1 to be resource, boolean given /alidata/www/boxi/ThinkPHP/Weixin/WxApi.class.php 第 188 行.
SQL: SHOW COLUMNS FROM `pg_user` [ RunTime:0.0009s ]
SQL: SELECT `z` FROM `pg_user` WHERE ( id=34 ) LIMIT 1   [ RunTime:0.0002s ]
SQL: SELECT COUNT(*) AS tp_count FROM `pg_user` WHERE ( lid=1 and lstatus<3 and status=1 ) LIMIT 1   [ RunTime:0.0003s ]
SQL: SHOW COLUMNS FROM `pg_list` [ RunTime:0.0005s ]
SQL: SELECT * FROM `pg_list` WHERE ( id=1 ) LIMIT 1   [ RunTime:0.0002s ]
INFO: [ view_parse ] --START--
INFO: [ template_filter ] --START--
INFO: Run Behavior\ContentReplaceBehavior [ RunTime:0.000052s ]
INFO: [ template_filter ] --END-- [ RunTime:0.000098s ]
INFO: Run Behavior\ParseTemplateBehavior [ RunTime:0.007017s ]
INFO: [ view_parse ] --END-- [ RunTime:0.007062s ]
INFO: [ view_filter ] --START--
INFO: Run Behavior\WriteHtmlCacheBehavior [ RunTime:0.000134s ]
INFO: [ view_filter ] --END-- [ RunTime:0.000169s ]
INFO: [ app_end ] --START--
INFO: Run Behavior\ShowPageTraceBehavior [ RunTime:0.000442s ]
INFO: [ app_end ] --END-- [ RunTime:0.000486s ]

[ 2016-07-09T23:29:28+08:00 ] 180.153.163.191 /index.php/Home/Index/listdetail.html?type=1
INFO: [ app_init ] --START--
INFO: Run Behavior\BuildLiteBehavior [ RunTime:0.000013s ]
INFO: [ app_init ] --END-- [ RunTime:0.000276s ]
INFO: [ app_begin ] --START--
INFO: Run Behavior\ReadHtmlCacheBehavior [ RunTime:0.000332s ]
INFO: [ app_begin ] --END-- [ RunTime:0.000377s ]
NOTIC: [8192] mysql_connect(): The mysql extension is deprecated and will be removed in the future: use mysqli or PDO instead /alidata/www/boxi/ThinkPHP/Library/Think/Session/Driver/Db.class.php 第 95 行.
NOTIC: [2] file_get_contents(/alidata/www/boxi/ThinkPHP/Weixin/js_ticket.json): failed to open stream: No such file or directory /alidata/www/boxi/ThinkPHP/Weixin/WxApi.class.php 第 179 行.
NOTIC: [8] Trying to get property of non-object /alidata/www/boxi/ThinkPHP/Weixin/WxApi.class.php 第 180 行.
NOTIC: [2] file_get_contents(/alidata/www/boxi/ThinkPHP/Weixin/access_token.json): failed to open stream: No such file or directory /alidata/www/boxi/ThinkPHP/Weixin/WxApi.class.php 第 111 行.
NOTIC: [8] Trying to get property of non-object /alidata/www/boxi/ThinkPHP/Weixin/WxApi.class.php 第 112 行.
NOTIC: [2] Creating default object from empty value /alidata/www/boxi/ThinkPHP/Weixin/WxApi.class.php 第 119 行.
NOTIC: [2] fopen(/alidata/www/boxi/ThinkPHP/Weixin/access_token.json): failed to open stream: Permission denied /alidata/www/boxi/ThinkPHP/Weixin/WxApi.class.php 第 121 行.
NOTIC: [2] fwrite() expects parameter 1 to be resource, boolean given /alidata/www/boxi/ThinkPHP/Weixin/WxApi.class.php 第 122 行.
NOTIC: [2] fclose() expects parameter 1 to be resource, boolean given /alidata/www/boxi/ThinkPHP/Weixin/WxApi.class.php 第 123 行.
NOTIC: [2] Creating default object from empty value /alidata/www/boxi/ThinkPHP/Weixin/WxApi.class.php 第 183 行.
NOTIC: [2] fopen(/alidata/www/boxi/ThinkPHP/Weixin/js_ticket.json): failed to open stream: Permission denied /alidata/www/boxi/ThinkPHP/Weixin/WxApi.class.php 第 186 行.
NOTIC: [2] fwrite() expects parameter 1 to be resource, boolean given /alidata/www/boxi/ThinkPHP/Weixin/WxApi.class.php 第 187 行.
NOTIC: [2] fclose() expects parameter 1 to be resource, boolean given /alidata/www/boxi/ThinkPHP/Weixin/WxApi.class.php 第 188 行.
SQL: SHOW COLUMNS FROM `pg_user` [ RunTime:0.0009s ]
SQL: SELECT `z` FROM `pg_user` WHERE ( id=34 ) LIMIT 1   [ RunTime:0.0002s ]
SQL: SELECT COUNT(*) AS tp_count FROM `pg_user` WHERE ( lid=1 and lstatus<3 and status=1 ) LIMIT 1   [ RunTime:0.0002s ]
SQL: SHOW COLUMNS FROM `pg_list` [ RunTime:0.0006s ]
SQL: SELECT * FROM `pg_list` WHERE ( id=1 ) LIMIT 1   [ RunTime:0.0002s ]
INFO: [ view_parse ] --START--
INFO: [ template_filter ] --START--
INFO: Run Behavior\ContentReplaceBehavior [ RunTime:0.000057s ]
INFO: [ template_filter ] --END-- [ RunTime:0.000105s ]
INFO: Run Behavior\ParseTemplateBehavior [ RunTime:0.007142s ]
INFO: [ view_parse ] --END-- [ RunTime:0.007192s ]
INFO: [ view_filter ] --START--
INFO: Run Behavior\WriteHtmlCacheBehavior [ RunTime:0.000155s ]
INFO: [ view_filter ] --END-- [ RunTime:0.000197s ]
INFO: [ app_end ] --START--
INFO: Run Behavior\ShowPageTraceBehavior [ RunTime:0.000471s ]
INFO: [ app_end ] --END-- [ RunTime:0.000534s ]

[ 2016-07-09T23:49:01+08:00 ] 1.31.16.220 /
INFO: [ app_init ] --START--
INFO: Run Behavior\BuildLiteBehavior [ RunTime:0.000015s ]
INFO: [ app_init ] --END-- [ RunTime:0.000298s ]
INFO: [ app_begin ] --START--
INFO: Run Behavior\ReadHtmlCacheBehavior [ RunTime:0.000351s ]
INFO: [ app_begin ] --END-- [ RunTime:0.000394s ]
NOTIC: [8192] mysql_connect(): The mysql extension is deprecated and will be removed in the future: use mysqli or PDO instead /alidata/www/boxi/ThinkPHP/Library/Think/Session/Driver/Db.class.php 第 95 行.
NOTIC: [2] file_get_contents(/alidata/www/boxi/ThinkPHP/Weixin/js_ticket.json): failed to open stream: No such file or directory /alidata/www/boxi/ThinkPHP/Weixin/WxApi.class.php 第 179 行.
NOTIC: [8] Trying to get property of non-object /alidata/www/boxi/ThinkPHP/Weixin/WxApi.class.php 第 180 行.
NOTIC: [2] file_get_contents(/alidata/www/boxi/ThinkPHP/Weixin/access_token.json): failed to open stream: No such file or directory /alidata/www/boxi/ThinkPHP/Weixin/WxApi.class.php 第 111 行.
NOTIC: [8] Trying to get property of non-object /alidata/www/boxi/ThinkPHP/Weixin/WxApi.class.php 第 112 行.
NOTIC: [2] Creating default object from empty value /alidata/www/boxi/ThinkPHP/Weixin/WxApi.class.php 第 119 行.
NOTIC: [2] fopen(/alidata/www/boxi/ThinkPHP/Weixin/access_token.json): failed to open stream: Permission denied /alidata/www/boxi/ThinkPHP/Weixin/WxApi.class.php 第 121 行.
NOTIC: [2] fwrite() expects parameter 1 to be resource, boolean given /alidata/www/boxi/ThinkPHP/Weixin/WxApi.class.php 第 122 行.
NOTIC: [2] fclose() expects parameter 1 to be resource, boolean given /alidata/www/boxi/ThinkPHP/Weixin/WxApi.class.php 第 123 行.
NOTIC: [2] Creating default object from empty value /alidata/www/boxi/ThinkPHP/Weixin/WxApi.class.php 第 183 行.
NOTIC: [2] fopen(/alidata/www/boxi/ThinkPHP/Weixin/js_ticket.json): failed to open stream: Permission denied /alidata/www/boxi/ThinkPHP/Weixin/WxApi.class.php 第 186 行.
NOTIC: [2] fwrite() expects parameter 1 to be resource, boolean given /alidata/www/boxi/ThinkPHP/Weixin/WxApi.class.php 第 187 行.
NOTIC: [2] fclose() expects parameter 1 to be resource, boolean given /alidata/www/boxi/ThinkPHP/Weixin/WxApi.class.php 第 188 行.
INFO: [ view_parse ] --START--
INFO: [ template_filter ] --START--
INFO: Run Behavior\ContentReplaceBehavior [ RunTime:0.000038s ]
INFO: [ template_filter ] --END-- [ RunTime:0.000089s ]
INFO: Run Behavior\ParseTemplateBehavior [ RunTime:0.004929s ]
INFO: [ view_parse ] --END-- [ RunTime:0.004975s ]
INFO: [ view_filter ] --START--
INFO: Run Behavior\WriteHtmlCacheBehavior [ RunTime:0.000136s ]
INFO: [ view_filter ] --END-- [ RunTime:0.000171s ]
INFO: [ app_end ] --START--
INFO: Run Behavior\ShowPageTraceBehavior [ RunTime:0.000376s ]
INFO: [ app_end ] --END-- [ RunTime:0.000415s ]

[ 2016-07-09T23:49:36+08:00 ] 1.31.16.220 /index.php/Home/Index/hdlist.html
INFO: [ app_init ] --START--
INFO: Run Behavior\BuildLiteBehavior [ RunTime:0.000017s ]
INFO: [ app_init ] --END-- [ RunTime:0.000305s ]
INFO: [ app_begin ] --START--
INFO: Run Behavior\ReadHtmlCacheBehavior [ RunTime:0.000340s ]
INFO: [ app_begin ] --END-- [ RunTime:0.000384s ]
NOTIC: [8192] mysql_connect(): The mysql extension is deprecated and will be removed in the future: use mysqli or PDO instead /alidata/www/boxi/ThinkPHP/Library/Think/Session/Driver/Db.class.php 第 95 行.
NOTIC: [2] file_get_contents(/alidata/www/boxi/ThinkPHP/Weixin/js_ticket.json): failed to open stream: No such file or directory /alidata/www/boxi/ThinkPHP/Weixin/WxApi.class.php 第 179 行.
NOTIC: [8] Trying to get property of non-object /alidata/www/boxi/ThinkPHP/Weixin/WxApi.class.php 第 180 行.
NOTIC: [2] file_get_contents(/alidata/www/boxi/ThinkPHP/Weixin/access_token.json): failed to open stream: No such file or directory /alidata/www/boxi/ThinkPHP/Weixin/WxApi.class.php 第 111 行.
NOTIC: [8] Trying to get property of non-object /alidata/www/boxi/ThinkPHP/Weixin/WxApi.class.php 第 112 行.
NOTIC: [2] Creating default object from empty value /alidata/www/boxi/ThinkPHP/Weixin/WxApi.class.php 第 119 行.
NOTIC: [2] fopen(/alidata/www/boxi/ThinkPHP/Weixin/access_token.json): failed to open stream: Permission denied /alidata/www/boxi/ThinkPHP/Weixin/WxApi.class.php 第 121 行.
NOTIC: [2] fwrite() expects parameter 1 to be resource, boolean given /alidata/www/boxi/ThinkPHP/Weixin/WxApi.class.php 第 122 行.
NOTIC: [2] fclose() expects parameter 1 to be resource, boolean given /alidata/www/boxi/ThinkPHP/Weixin/WxApi.class.php 第 123 行.
NOTIC: [2] Creating default object from empty value /alidata/www/boxi/ThinkPHP/Weixin/WxApi.class.php 第 183 行.
NOTIC: [2] fopen(/alidata/www/boxi/ThinkPHP/Weixin/js_ticket.json): failed to open stream: Permission denied /alidata/www/boxi/ThinkPHP/Weixin/WxApi.class.php 第 186 行.
NOTIC: [2] fwrite() expects parameter 1 to be resource, boolean given /alidata/www/boxi/ThinkPHP/Weixin/WxApi.class.php 第 187 行.
NOTIC: [2] fclose() expects parameter 1 to be resource, boolean given /alidata/www/boxi/ThinkPHP/Weixin/WxApi.class.php 第 188 行.
INFO: [ view_parse ] --START--
INFO: [ template_filter ] --START--
INFO: Run Behavior\ContentReplaceBehavior [ RunTime:0.000049s ]
INFO: [ template_filter ] --END-- [ RunTime:0.000102s ]
INFO: Run Behavior\ParseTemplateBehavior [ RunTime:0.005742s ]
INFO: [ view_parse ] --END-- [ RunTime:0.005795s ]
INFO: [ view_filter ] --START--
INFO: Run Behavior\WriteHtmlCacheBehavior [ RunTime:0.000156s ]
INFO: [ view_filter ] --END-- [ RunTime:0.000193s ]
INFO: [ app_end ] --START--
INFO: Run Behavior\ShowPageTraceBehavior [ RunTime:0.000403s ]
INFO: [ app_end ] --END-- [ RunTime:0.000445s ]

[ 2016-07-09T23:49:38+08:00 ] 1.31.16.220 /index.php/Home/Index/index.html
INFO: [ app_init ] --START--
INFO: Run Behavior\BuildLiteBehavior [ RunTime:0.000015s ]
INFO: [ app_init ] --END-- [ RunTime:0.000693s ]
INFO: [ app_begin ] --START--
INFO: Run Behavior\ReadHtmlCacheBehavior [ RunTime:0.000355s ]
INFO: [ app_begin ] --END-- [ RunTime:0.000400s ]
NOTIC: [8192] mysql_connect(): The mysql extension is deprecated and will be removed in the future: use mysqli or PDO instead /alidata/www/boxi/ThinkPHP/Library/Think/Session/Driver/Db.class.php 第 95 行.
NOTIC: [2] file_get_contents(/alidata/www/boxi/ThinkPHP/Weixin/js_ticket.json): failed to open stream: No such file or directory /alidata/www/boxi/ThinkPHP/Weixin/WxApi.class.php 第 179 行.
NOTIC: [8] Trying to get property of non-object /alidata/www/boxi/ThinkPHP/Weixin/WxApi.class.php 第 180 行.
NOTIC: [2] file_get_contents(/alidata/www/boxi/ThinkPHP/Weixin/access_token.json): failed to open stream: No such file or directory /alidata/www/boxi/ThinkPHP/Weixin/WxApi.class.php 第 111 行.
NOTIC: [8] Trying to get property of non-object /alidata/www/boxi/ThinkPHP/Weixin/WxApi.class.php 第 112 行.
NOTIC: [2] Creating default object from empty value /alidata/www/boxi/ThinkPHP/Weixin/WxApi.class.php 第 119 行.
NOTIC: [2] fopen(/alidata/www/boxi/ThinkPHP/Weixin/access_token.json): failed to open stream: Permission denied /alidata/www/boxi/ThinkPHP/Weixin/WxApi.class.php 第 121 行.
NOTIC: [2] fwrite() expects parameter 1 to be resource, boolean given /alidata/www/boxi/ThinkPHP/Weixin/WxApi.class.php 第 122 行.
NOTIC: [2] fclose() expects parameter 1 to be resource, boolean given /alidata/www/boxi/ThinkPHP/Weixin/WxApi.class.php 第 123 行.
NOTIC: [2] Creating default object from empty value /alidata/www/boxi/ThinkPHP/Weixin/WxApi.class.php 第 183 行.
NOTIC: [2] fopen(/alidata/www/boxi/ThinkPHP/Weixin/js_ticket.json): failed to open stream: Permission denied /alidata/www/boxi/ThinkPHP/Weixin/WxApi.class.php 第 186 行.
NOTIC: [2] fwrite() expects parameter 1 to be resource, boolean given /alidata/www/boxi/ThinkPHP/Weixin/WxApi.class.php 第 187 行.
NOTIC: [2] fclose() expects parameter 1 to be resource, boolean given /alidata/www/boxi/ThinkPHP/Weixin/WxApi.class.php 第 188 行.
INFO: [ view_parse ] --START--
INFO: [ template_filter ] --START--
INFO: Run Behavior\ContentReplaceBehavior [ RunTime:0.000039s ]
INFO: [ template_filter ] --END-- [ RunTime:0.000089s ]
INFO: Run Behavior\ParseTemplateBehavior [ RunTime:0.004767s ]
INFO: [ view_parse ] --END-- [ RunTime:0.004812s ]
INFO: [ view_filter ] --START--
INFO: Run Behavior\WriteHtmlCacheBehavior [ RunTime:0.000152s ]
INFO: [ view_filter ] --END-- [ RunTime:0.000188s ]
INFO: [ app_end ] --START--
INFO: Run Behavior\ShowPageTraceBehavior [ RunTime:0.000428s ]
INFO: [ app_end ] --END-- [ RunTime:0.000471s ]

[ 2016-07-09T23:49:41+08:00 ] 1.31.16.220 /index.php/Home/Index/hdlist.html
INFO: [ app_init ] --START--
INFO: Run Behavior\BuildLiteBehavior [ RunTime:0.000016s ]
INFO: [ app_init ] --END-- [ RunTime:0.000296s ]
INFO: [ app_begin ] --START--
INFO: Run Behavior\ReadHtmlCacheBehavior [ RunTime:0.000355s ]
INFO: [ app_begin ] --END-- [ RunTime:0.000399s ]
NOTIC: [8192] mysql_connect(): The mysql extension is deprecated and will be removed in the future: use mysqli or PDO instead /alidata/www/boxi/ThinkPHP/Library/Think/Session/Driver/Db.class.php 第 95 行.
NOTIC: [2] file_get_contents(/alidata/www/boxi/ThinkPHP/Weixin/js_ticket.json): failed to open stream: No such file or directory /alidata/www/boxi/ThinkPHP/Weixin/WxApi.class.php 第 179 行.
NOTIC: [8] Trying to get property of non-object /alidata/www/boxi/ThinkPHP/Weixin/WxApi.class.php 第 180 行.
NOTIC: [2] file_get_contents(/alidata/www/boxi/ThinkPHP/Weixin/access_token.json): failed to open stream: No such file or directory /alidata/www/boxi/ThinkPHP/Weixin/WxApi.class.php 第 111 行.
NOTIC: [8] Trying to get property of non-object /alidata/www/boxi/ThinkPHP/Weixin/WxApi.class.php 第 112 行.
NOTIC: [2] Creating default object from empty value /alidata/www/boxi/ThinkPHP/Weixin/WxApi.class.php 第 119 行.
NOTIC: [2] fopen(/alidata/www/boxi/ThinkPHP/Weixin/access_token.json): failed to open stream: Permission denied /alidata/www/boxi/ThinkPHP/Weixin/WxApi.class.php 第 121 行.
NOTIC: [2] fwrite() expects parameter 1 to be resource, boolean given /alidata/www/boxi/ThinkPHP/Weixin/WxApi.class.php 第 122 行.
NOTIC: [2] fclose() expects parameter 1 to be resource, boolean given /alidata/www/boxi/ThinkPHP/Weixin/WxApi.class.php 第 123 行.
NOTIC: [2] Creating default object from empty value /alidata/www/boxi/ThinkPHP/Weixin/WxApi.class.php 第 183 行.
NOTIC: [2] fopen(/alidata/www/boxi/ThinkPHP/Weixin/js_ticket.json): failed to open stream: Permission denied /alidata/www/boxi/ThinkPHP/Weixin/WxApi.class.php 第 186 行.
NOTIC: [2] fwrite() expects parameter 1 to be resource, boolean given /alidata/www/boxi/ThinkPHP/Weixin/WxApi.class.php 第 187 行.
NOTIC: [2] fclose() expects parameter 1 to be resource, boolean given /alidata/www/boxi/ThinkPHP/Weixin/WxApi.class.php 第 188 行.
INFO: [ view_parse ] --START--
INFO: [ template_filter ] --START--
INFO: Run Behavior\ContentReplaceBehavior [ RunTime:0.000045s ]
INFO: [ template_filter ] --END-- [ RunTime:0.000101s ]
INFO: Run Behavior\ParseTemplateBehavior [ RunTime:0.005490s ]
INFO: [ view_parse ] --END-- [ RunTime:0.005537s ]
INFO: [ view_filter ] --START--
INFO: Run Behavior\WriteHtmlCacheBehavior [ RunTime:0.000136s ]
INFO: [ view_filter ] --END-- [ RunTime:0.000171s ]
INFO: [ app_end ] --START--
INFO: Run Behavior\ShowPageTraceBehavior [ RunTime:0.000395s ]
INFO: [ app_end ] --END-- [ RunTime:0.000435s ]

[ 2016-07-09T23:49:56+08:00 ] 1.31.16.220 /index.php/Home/Index/index.html
INFO: [ app_init ] --START--
INFO: Run Behavior\BuildLiteBehavior [ RunTime:0.000016s ]
INFO: [ app_init ] --END-- [ RunTime:0.000310s ]
INFO: [ app_begin ] --START--
INFO: Run Behavior\ReadHtmlCacheBehavior [ RunTime:0.000372s ]
INFO: [ app_begin ] --END-- [ RunTime:0.000431s ]
NOTIC: [8192] mysql_connect(): The mysql extension is deprecated and will be removed in the future: use mysqli or PDO instead /alidata/www/boxi/ThinkPHP/Library/Think/Session/Driver/Db.class.php 第 95 行.
NOTIC: [2] file_get_contents(/alidata/www/boxi/ThinkPHP/Weixin/js_ticket.json): failed to open stream: No such file or directory /alidata/www/boxi/ThinkPHP/Weixin/WxApi.class.php 第 179 行.
NOTIC: [8] Trying to get property of non-object /alidata/www/boxi/ThinkPHP/Weixin/WxApi.class.php 第 180 行.
NOTIC: [2] file_get_contents(/alidata/www/boxi/ThinkPHP/Weixin/access_token.json): failed to open stream: No such file or directory /alidata/www/boxi/ThinkPHP/Weixin/WxApi.class.php 第 111 行.
NOTIC: [8] Trying to get property of non-object /alidata/www/boxi/ThinkPHP/Weixin/WxApi.class.php 第 112 行.
NOTIC: [2] Creating default object from empty value /alidata/www/boxi/ThinkPHP/Weixin/WxApi.class.php 第 119 行.
NOTIC: [2] fopen(/alidata/www/boxi/ThinkPHP/Weixin/access_token.json): failed to open stream: Permission denied /alidata/www/boxi/ThinkPHP/Weixin/WxApi.class.php 第 121 行.
NOTIC: [2] fwrite() expects parameter 1 to be resource, boolean given /alidata/www/boxi/ThinkPHP/Weixin/WxApi.class.php 第 122 行.
NOTIC: [2] fclose() expects parameter 1 to be resource, boolean given /alidata/www/boxi/ThinkPHP/Weixin/WxApi.class.php 第 123 行.
NOTIC: [2] Creating default object from empty value /alidata/www/boxi/ThinkPHP/Weixin/WxApi.class.php 第 183 行.
NOTIC: [2] fopen(/alidata/www/boxi/ThinkPHP/Weixin/js_ticket.json): failed to open stream: Permission denied /alidata/www/boxi/ThinkPHP/Weixin/WxApi.class.php 第 186 行.
NOTIC: [2] fwrite() expects parameter 1 to be resource, boolean given /alidata/www/boxi/ThinkPHP/Weixin/WxApi.class.php 第 187 行.
NOTIC: [2] fclose() expects parameter 1 to be resource, boolean given /alidata/www/boxi/ThinkPHP/Weixin/WxApi.class.php 第 188 行.
INFO: [ view_parse ] --START--
INFO: [ template_filter ] --START--
INFO: Run Behavior\ContentReplaceBehavior [ RunTime:0.000040s ]
INFO: [ template_filter ] --END-- [ RunTime:0.000091s ]
INFO: Run Behavior\ParseTemplateBehavior [ RunTime:0.004961s ]
INFO: [ view_parse ] --END-- [ RunTime:0.005008s ]
INFO: [ view_filter ] --START--
INFO: Run Behavior\WriteHtmlCacheBehavior [ RunTime:0.000138s ]
INFO: [ view_filter ] --END-- [ RunTime:0.000175s ]
INFO: [ app_end ] --START--
INFO: Run Behavior\ShowPageTraceBehavior [ RunTime:0.000388s ]
INFO: [ app_end ] --END-- [ RunTime:0.000427s ]

[ 2016-07-09T23:50:02+08:00 ] 180.153.206.38 /index.php/Home/Index/store.html
INFO: [ app_init ] --START--
INFO: Run Behavior\BuildLiteBehavior [ RunTime:0.000018s ]
INFO: [ app_init ] --END-- [ RunTime:0.000330s ]
INFO: [ app_begin ] --START--
INFO: Run Behavior\ReadHtmlCacheBehavior [ RunTime:0.000486s ]
INFO: [ app_begin ] --END-- [ RunTime:0.000531s ]
NOTIC: [8192] mysql_connect(): The mysql extension is deprecated and will be removed in the future: use mysqli or PDO instead /alidata/www/boxi/ThinkPHP/Library/Think/Session/Driver/Db.class.php 第 95 行.
NOTIC: [2] file_get_contents(/alidata/www/boxi/ThinkPHP/Weixin/js_ticket.json): failed to open stream: No such file or directory /alidata/www/boxi/ThinkPHP/Weixin/WxApi.class.php 第 179 行.
NOTIC: [8] Trying to get property of non-object /alidata/www/boxi/ThinkPHP/Weixin/WxApi.class.php 第 180 行.
NOTIC: [2] file_get_contents(/alidata/www/boxi/ThinkPHP/Weixin/access_token.json): failed to open stream: No such file or directory /alidata/www/boxi/ThinkPHP/Weixin/WxApi.class.php 第 111 行.
NOTIC: [8] Trying to get property of non-object /alidata/www/boxi/ThinkPHP/Weixin/WxApi.class.php 第 112 行.
NOTIC: [2] Creating default object from empty value /alidata/www/boxi/ThinkPHP/Weixin/WxApi.class.php 第 119 行.
NOTIC: [2] fopen(/alidata/www/boxi/ThinkPHP/Weixin/access_token.json): failed to open stream: Permission denied /alidata/www/boxi/ThinkPHP/Weixin/WxApi.class.php 第 121 行.
NOTIC: [2] fwrite() expects parameter 1 to be resource, boolean given /alidata/www/boxi/ThinkPHP/Weixin/WxApi.class.php 第 122 行.
NOTIC: [2] fclose() expects parameter 1 to be resource, boolean given /alidata/www/boxi/ThinkPHP/Weixin/WxApi.class.php 第 123 行.
NOTIC: [2] Creating default object from empty value /alidata/www/boxi/ThinkPHP/Weixin/WxApi.class.php 第 183 行.
NOTIC: [2] fopen(/alidata/www/boxi/ThinkPHP/Weixin/js_ticket.json): failed to open stream: Permission denied /alidata/www/boxi/ThinkPHP/Weixin/WxApi.class.php 第 186 行.
NOTIC: [2] fwrite() expects parameter 1 to be resource, boolean given /alidata/www/boxi/ThinkPHP/Weixin/WxApi.class.php 第 187 行.
NOTIC: [2] fclose() expects parameter 1 to be resource, boolean given /alidata/www/boxi/ThinkPHP/Weixin/WxApi.class.php 第 188 行.
INFO: [ view_parse ] --START--
INFO: [ template_filter ] --START--
INFO: Run Behavior\ContentReplaceBehavior [ RunTime:0.000040s ]
INFO: [ template_filter ] --END-- [ RunTime:0.000098s ]
INFO: Run Behavior\ParseTemplateBehavior [ RunTime:0.029960s ]
INFO: [ view_parse ] --END-- [ RunTime:0.030007s ]
INFO: [ view_filter ] --START--
INFO: Run Behavior\WriteHtmlCacheBehavior [ RunTime:0.000139s ]
INFO: [ view_filter ] --END-- [ RunTime:0.000174s ]
INFO: [ app_end ] --START--
INFO: Run Behavior\ShowPageTraceBehavior [ RunTime:0.000380s ]
INFO: [ app_end ] --END-- [ RunTime:0.000419s ]

[ 2016-07-09T23:50:02+08:00 ] 1.31.16.220 /index.php/Home/Index/store.html
INFO: [ app_init ] --START--
INFO: Run Behavior\BuildLiteBehavior [ RunTime:0.000014s ]
INFO: [ app_init ] --END-- [ RunTime:0.000285s ]
INFO: [ app_begin ] --START--
INFO: Run Behavior\ReadHtmlCacheBehavior [ RunTime:0.000355s ]
INFO: [ app_begin ] --END-- [ RunTime:0.000398s ]
NOTIC: [8192] mysql_connect(): The mysql extension is deprecated and will be removed in the future: use mysqli or PDO instead /alidata/www/boxi/ThinkPHP/Library/Think/Session/Driver/Db.class.php 第 95 行.
NOTIC: [2] file_get_contents(/alidata/www/boxi/ThinkPHP/Weixin/js_ticket.json): failed to open stream: No such file or directory /alidata/www/boxi/ThinkPHP/Weixin/WxApi.class.php 第 179 行.
NOTIC: [8] Trying to get property of non-object /alidata/www/boxi/ThinkPHP/Weixin/WxApi.class.php 第 180 行.
NOTIC: [2] file_get_contents(/alidata/www/boxi/ThinkPHP/Weixin/access_token.json): failed to open stream: No such file or directory /alidata/www/boxi/ThinkPHP/Weixin/WxApi.class.php 第 111 行.
NOTIC: [8] Trying to get property of non-object /alidata/www/boxi/ThinkPHP/Weixin/WxApi.class.php 第 112 行.
NOTIC: [2] Creating default object from empty value /alidata/www/boxi/ThinkPHP/Weixin/WxApi.class.php 第 119 行.
NOTIC: [2] fopen(/alidata/www/boxi/ThinkPHP/Weixin/access_token.json): failed to open stream: Permission denied /alidata/www/boxi/ThinkPHP/Weixin/WxApi.class.php 第 121 行.
NOTIC: [2] fwrite() expects parameter 1 to be resource, boolean given /alidata/www/boxi/ThinkPHP/Weixin/WxApi.class.php 第 122 行.
NOTIC: [2] fclose() expects parameter 1 to be resource, boolean given /alidata/www/boxi/ThinkPHP/Weixin/WxApi.class.php 第 123 行.
NOTIC: [2] Creating default object from empty value /alidata/www/boxi/ThinkPHP/Weixin/WxApi.class.php 第 183 行.
NOTIC: [2] fopen(/alidata/www/boxi/ThinkPHP/Weixin/js_ticket.json): failed to open stream: Permission denied /alidata/www/boxi/ThinkPHP/Weixin/WxApi.class.php 第 186 行.
NOTIC: [2] fwrite() expects parameter 1 to be resource, boolean given /alidata/www/boxi/ThinkPHP/Weixin/WxApi.class.php 第 187 行.
NOTIC: [2] fclose() expects parameter 1 to be resource, boolean given /alidata/www/boxi/ThinkPHP/Weixin/WxApi.class.php 第 188 行.
INFO: [ view_parse ] --START--
INFO: [ template_filter ] --START--
INFO: Run Behavior\ContentReplaceBehavior [ RunTime:0.000045s ]
INFO: [ template_filter ] --END-- [ RunTime:0.000164s ]
INFO: Run Behavior\ParseTemplateBehavior [ RunTime:0.004971s ]
INFO: [ view_parse ] --END-- [ RunTime:0.005018s ]
INFO: [ view_filter ] --START--
INFO: Run Behavior\WriteHtmlCacheBehavior [ RunTime:0.000183s ]
INFO: [ view_filter ] --END-- [ RunTime:0.000220s ]
INFO: [ app_end ] --START--
INFO: Run Behavior\ShowPageTraceBehavior [ RunTime:0.000394s ]
INFO: [ app_end ] --END-- [ RunTime:0.000433s ]

[ 2016-07-09T23:50:07+08:00 ] 101.226.69.246 /index.php/Home/Index/store.html
INFO: [ app_init ] --START--
INFO: Run Behavior\BuildLiteBehavior [ RunTime:0.000012s ]
INFO: [ app_init ] --END-- [ RunTime:0.000279s ]
INFO: [ app_begin ] --START--
INFO: Run Behavior\ReadHtmlCacheBehavior [ RunTime:0.000342s ]
INFO: [ app_begin ] --END-- [ RunTime:0.000390s ]
NOTIC: [8192] mysql_connect(): The mysql extension is deprecated and will be removed in the future: use mysqli or PDO instead /alidata/www/boxi/ThinkPHP/Library/Think/Session/Driver/Db.class.php 第 95 行.
NOTIC: [2] file_get_contents(/alidata/www/boxi/ThinkPHP/Weixin/js_ticket.json): failed to open stream: No such file or directory /alidata/www/boxi/ThinkPHP/Weixin/WxApi.class.php 第 179 行.
NOTIC: [8] Trying to get property of non-object /alidata/www/boxi/ThinkPHP/Weixin/WxApi.class.php 第 180 行.
NOTIC: [2] file_get_contents(/alidata/www/boxi/ThinkPHP/Weixin/access_token.json): failed to open stream: No such file or directory /alidata/www/boxi/ThinkPHP/Weixin/WxApi.class.php 第 111 行.
NOTIC: [8] Trying to get property of non-object /alidata/www/boxi/ThinkPHP/Weixin/WxApi.class.php 第 112 行.
NOTIC: [2] Creating default object from empty value /alidata/www/boxi/ThinkPHP/Weixin/WxApi.class.php 第 119 行.
NOTIC: [2] fopen(/alidata/www/boxi/ThinkPHP/Weixin/access_token.json): failed to open stream: Permission denied /alidata/www/boxi/ThinkPHP/Weixin/WxApi.class.php 第 121 行.
NOTIC: [2] fwrite() expects parameter 1 to be resource, boolean given /alidata/www/boxi/ThinkPHP/Weixin/WxApi.class.php 第 122 行.
NOTIC: [2] fclose() expects parameter 1 to be resource, boolean given /alidata/www/boxi/ThinkPHP/Weixin/WxApi.class.php 第 123 行.
NOTIC: [2] Creating default object from empty value /alidata/www/boxi/ThinkPHP/Weixin/WxApi.class.php 第 183 行.
NOTIC: [2] fopen(/alidata/www/boxi/ThinkPHP/Weixin/js_ticket.json): failed to open stream: Permission denied /alidata/www/boxi/ThinkPHP/Weixin/WxApi.class.php 第 186 行.
NOTIC: [2] fwrite() expects parameter 1 to be resource, boolean given /alidata/www/boxi/ThinkPHP/Weixin/WxApi.class.php 第 187 行.
NOTIC: [2] fclose() expects parameter 1 to be resource, boolean given /alidata/www/boxi/ThinkPHP/Weixin/WxApi.class.php 第 188 行.
INFO: [ view_parse ] --START--
INFO: [ template_filter ] --START--
INFO: Run Behavior\ContentReplaceBehavior [ RunTime:0.000037s ]
INFO: [ template_filter ] --END-- [ RunTime:0.000088s ]
INFO: Run Behavior\ParseTemplateBehavior [ RunTime:0.004848s ]
INFO: [ view_parse ] --END-- [ RunTime:0.004900s ]
INFO: [ view_filter ] --START--
INFO: Run Behavior\WriteHtmlCacheBehavior [ RunTime:0.000136s ]
INFO: [ view_filter ] --END-- [ RunTime:0.000171s ]
INFO: [ app_end ] --START--
INFO: Run Behavior\ShowPageTraceBehavior [ RunTime:0.000487s ]
INFO: [ app_end ] --END-- [ RunTime:0.000546s ]

[ 2016-07-09T23:51:19+08:00 ] 1.31.16.220 /index.php/Home/Index/index.html
INFO: [ app_init ] --START--
INFO: Run Behavior\BuildLiteBehavior [ RunTime:0.000014s ]
INFO: [ app_init ] --END-- [ RunTime:0.000280s ]
INFO: [ app_begin ] --START--
INFO: Run Behavior\ReadHtmlCacheBehavior [ RunTime:0.000346s ]
INFO: [ app_begin ] --END-- [ RunTime:0.000389s ]
NOTIC: [8192] mysql_connect(): The mysql extension is deprecated and will be removed in the future: use mysqli or PDO instead /alidata/www/boxi/ThinkPHP/Library/Think/Session/Driver/Db.class.php 第 95 行.
NOTIC: [2] file_get_contents(/alidata/www/boxi/ThinkPHP/Weixin/js_ticket.json): failed to open stream: No such file or directory /alidata/www/boxi/ThinkPHP/Weixin/WxApi.class.php 第 179 行.
NOTIC: [8] Trying to get property of non-object /alidata/www/boxi/ThinkPHP/Weixin/WxApi.class.php 第 180 行.
NOTIC: [2] file_get_contents(/alidata/www/boxi/ThinkPHP/Weixin/access_token.json): failed to open stream: No such file or directory /alidata/www/boxi/ThinkPHP/Weixin/WxApi.class.php 第 111 行.
NOTIC: [8] Trying to get property of non-object /alidata/www/boxi/ThinkPHP/Weixin/WxApi.class.php 第 112 行.
NOTIC: [2] Creating default object from empty value /alidata/www/boxi/ThinkPHP/Weixin/WxApi.class.php 第 119 行.
NOTIC: [2] fopen(/alidata/www/boxi/ThinkPHP/Weixin/access_token.json): failed to open stream: Permission denied /alidata/www/boxi/ThinkPHP/Weixin/WxApi.class.php 第 121 行.
NOTIC: [2] fwrite() expects parameter 1 to be resource, boolean given /alidata/www/boxi/ThinkPHP/Weixin/WxApi.class.php 第 122 行.
NOTIC: [2] fclose() expects parameter 1 to be resource, boolean given /alidata/www/boxi/ThinkPHP/Weixin/WxApi.class.php 第 123 行.
NOTIC: [2] Creating default object from empty value /alidata/www/boxi/ThinkPHP/Weixin/WxApi.class.php 第 183 行.
NOTIC: [2] fopen(/alidata/www/boxi/ThinkPHP/Weixin/js_ticket.json): failed to open stream: Permission denied /alidata/www/boxi/ThinkPHP/Weixin/WxApi.class.php 第 186 行.
NOTIC: [2] fwrite() expects parameter 1 to be resource, boolean given /alidata/www/boxi/ThinkPHP/Weixin/WxApi.class.php 第 187 行.
NOTIC: [2] fclose() expects parameter 1 to be resource, boolean given /alidata/www/boxi/ThinkPHP/Weixin/WxApi.class.php 第 188 行.
INFO: [ view_parse ] --START--
INFO: [ template_filter ] --START--
INFO: Run Behavior\ContentReplaceBehavior [ RunTime:0.000040s ]
INFO: [ template_filter ] --END-- [ RunTime:0.000108s ]
INFO: Run Behavior\ParseTemplateBehavior [ RunTime:0.005408s ]
INFO: [ view_parse ] --END-- [ RunTime:0.005459s ]
INFO: [ view_filter ] --START--
INFO: Run Behavior\WriteHtmlCacheBehavior [ RunTime:0.000131s ]
INFO: [ view_filter ] --END-- [ RunTime:0.000166s ]
INFO: [ app_end ] --START--
INFO: Run Behavior\ShowPageTraceBehavior [ RunTime:0.000408s ]
INFO: [ app_end ] --END-- [ RunTime:0.000449s ]

[ 2016-07-09T23:51:23+08:00 ] 1.31.16.220 /index.php/Home/Index/hdtuan.html
INFO: [ app_init ] --START--
INFO: Run Behavior\BuildLiteBehavior [ RunTime:0.000013s ]
INFO: [ app_init ] --END-- [ RunTime:0.000278s ]
INFO: [ app_begin ] --START--
INFO: Run Behavior\ReadHtmlCacheBehavior [ RunTime:0.000404s ]
INFO: [ app_begin ] --END-- [ RunTime:0.000449s ]
NOTIC: [8192] mysql_connect(): The mysql extension is deprecated and will be removed in the future: use mysqli or PDO instead /alidata/www/boxi/ThinkPHP/Library/Think/Session/Driver/Db.class.php 第 95 行.
NOTIC: [2] file_get_contents(/alidata/www/boxi/ThinkPHP/Weixin/js_ticket.json): failed to open stream: No such file or directory /alidata/www/boxi/ThinkPHP/Weixin/WxApi.class.php 第 179 行.
NOTIC: [8] Trying to get property of non-object /alidata/www/boxi/ThinkPHP/Weixin/WxApi.class.php 第 180 行.
NOTIC: [2] file_get_contents(/alidata/www/boxi/ThinkPHP/Weixin/access_token.json): failed to open stream: No such file or directory /alidata/www/boxi/ThinkPHP/Weixin/WxApi.class.php 第 111 行.
NOTIC: [8] Trying to get property of non-object /alidata/www/boxi/ThinkPHP/Weixin/WxApi.class.php 第 112 行.
NOTIC: [2] Creating default object from empty value /alidata/www/boxi/ThinkPHP/Weixin/WxApi.class.php 第 119 行.
NOTIC: [2] fopen(/alidata/www/boxi/ThinkPHP/Weixin/access_token.json): failed to open stream: Permission denied /alidata/www/boxi/ThinkPHP/Weixin/WxApi.class.php 第 121 行.
NOTIC: [2] fwrite() expects parameter 1 to be resource, boolean given /alidata/www/boxi/ThinkPHP/Weixin/WxApi.class.php 第 122 行.
NOTIC: [2] fclose() expects parameter 1 to be resource, boolean given /alidata/www/boxi/ThinkPHP/Weixin/WxApi.class.php 第 123 行.
NOTIC: [2] Creating default object from empty value /alidata/www/boxi/ThinkPHP/Weixin/WxApi.class.php 第 183 行.
NOTIC: [2] fopen(/alidata/www/boxi/ThinkPHP/Weixin/js_ticket.json): failed to open stream: Permission denied /alidata/www/boxi/ThinkPHP/Weixin/WxApi.class.php 第 186 行.
NOTIC: [2] fwrite() expects parameter 1 to be resource, boolean given /alidata/www/boxi/ThinkPHP/Weixin/WxApi.class.php 第 187 行.
NOTIC: [2] fclose() expects parameter 1 to be resource, boolean given /alidata/www/boxi/ThinkPHP/Weixin/WxApi.class.php 第 188 行.
INFO: [ view_parse ] --START--
INFO: [ template_filter ] --START--
INFO: Run Behavior\ContentReplaceBehavior [ RunTime:0.000044s ]
INFO: [ template_filter ] --END-- [ RunTime:0.000094s ]
INFO: Run Behavior\ParseTemplateBehavior [ RunTime:0.005299s ]
INFO: [ view_parse ] --END-- [ RunTime:0.005348s ]
INFO: [ view_filter ] --START--
INFO: Run Behavior\WriteHtmlCacheBehavior [ RunTime:0.000133s ]
INFO: [ view_filter ] --END-- [ RunTime:0.000169s ]
INFO: [ app_end ] --START--
INFO: Run Behavior\ShowPageTraceBehavior [ RunTime:0.000373s ]
INFO: [ app_end ] --END-- [ RunTime:0.000412s ]

[ 2016-07-09T23:51:33+08:00 ] 1.31.16.220 /index.php/Home/Index/tuandetail.html?type=1
INFO: [ app_init ] --START--
INFO: Run Behavior\BuildLiteBehavior [ RunTime:0.000014s ]
INFO: [ app_init ] --END-- [ RunTime:0.000316s ]
INFO: [ app_begin ] --START--
INFO: Run Behavior\ReadHtmlCacheBehavior [ RunTime:0.000478s ]
INFO: [ app_begin ] --END-- [ RunTime:0.000529s ]
NOTIC: [8192] mysql_connect(): The mysql extension is deprecated and will be removed in the future: use mysqli or PDO instead /alidata/www/boxi/ThinkPHP/Library/Think/Session/Driver/Db.class.php 第 95 行.
NOTIC: [2] file_get_contents(/alidata/www/boxi/ThinkPHP/Weixin/js_ticket.json): failed to open stream: No such file or directory /alidata/www/boxi/ThinkPHP/Weixin/WxApi.class.php 第 179 行.
NOTIC: [8] Trying to get property of non-object /alidata/www/boxi/ThinkPHP/Weixin/WxApi.class.php 第 180 行.
NOTIC: [2] file_get_contents(/alidata/www/boxi/ThinkPHP/Weixin/access_token.json): failed to open stream: No such file or directory /alidata/www/boxi/ThinkPHP/Weixin/WxApi.class.php 第 111 行.
NOTIC: [8] Trying to get property of non-object /alidata/www/boxi/ThinkPHP/Weixin/WxApi.class.php 第 112 行.
NOTIC: [2] Creating default object from empty value /alidata/www/boxi/ThinkPHP/Weixin/WxApi.class.php 第 119 行.
NOTIC: [2] fopen(/alidata/www/boxi/ThinkPHP/Weixin/access_token.json): failed to open stream: Permission denied /alidata/www/boxi/ThinkPHP/Weixin/WxApi.class.php 第 121 行.
NOTIC: [2] fwrite() expects parameter 1 to be resource, boolean given /alidata/www/boxi/ThinkPHP/Weixin/WxApi.class.php 第 122 行.
NOTIC: [2] fclose() expects parameter 1 to be resource, boolean given /alidata/www/boxi/ThinkPHP/Weixin/WxApi.class.php 第 123 行.
NOTIC: [2] Creating default object from empty value /alidata/www/boxi/ThinkPHP/Weixin/WxApi.class.php 第 183 行.
NOTIC: [2] fopen(/alidata/www/boxi/ThinkPHP/Weixin/js_ticket.json): failed to open stream: Permission denied /alidata/www/boxi/ThinkPHP/Weixin/WxApi.class.php 第 186 行.
NOTIC: [2] fwrite() expects parameter 1 to be resource, boolean given /alidata/www/boxi/ThinkPHP/Weixin/WxApi.class.php 第 187 行.
NOTIC: [2] fclose() expects parameter 1 to be resource, boolean given /alidata/www/boxi/ThinkPHP/Weixin/WxApi.class.php 第 188 行.
SQL: SHOW COLUMNS FROM `pg_user` [ RunTime:0.0009s ]
SQL: SELECT `tz` FROM `pg_user` WHERE ( id=34 ) LIMIT 1   [ RunTime:0.0002s ]
SQL: SHOW COLUMNS FROM `pg_tuan` [ RunTime:0.0006s ]
SQL: SELECT * FROM `pg_tuan` WHERE ( id=1 ) LIMIT 1   [ RunTime:0.0002s ]
SQL: SELECT COUNT(*) AS tp_count FROM `pg_user` WHERE ( tid=1 and tstatus=0 ) LIMIT 1   [ RunTime:0.0002s ]
INFO: [ view_parse ] --START--
INFO: [ template_filter ] --START--
INFO: Run Behavior\ContentReplaceBehavior [ RunTime:0.000052s ]
INFO: [ template_filter ] --END-- [ RunTime:0.000095s ]
NOTIC: [8] Undefined index: p2 /alidata/www/boxi/Application/Runtime/Cache/Home/56e58ec9fc3b95b66e1a337359b9de6b.php 第 223 行.
NOTIC: [8] Undefined index: p3 /alidata/www/boxi/Application/Runtime/Cache/Home/56e58ec9fc3b95b66e1a337359b9de6b.php 第 224 行.
INFO: Run Behavior\ParseTemplateBehavior [ RunTime:0.006835s ]
INFO: [ view_parse ] --END-- [ RunTime:0.006887s ]
INFO: [ view_filter ] --START--
INFO: Run Behavior\WriteHtmlCacheBehavior [ RunTime:0.000131s ]
INFO: [ view_filter ] --END-- [ RunTime:0.000169s ]
INFO: [ app_end ] --START--
INFO: Run Behavior\ShowPageTraceBehavior [ RunTime:0.000386s ]
INFO: [ app_end ] --END-- [ RunTime:0.000426s ]

[ 2016-07-09T23:51:59+08:00 ] 1.31.16.220 /index.php/Home/Index/hdtuan.html
INFO: [ app_init ] --START--
INFO: Run Behavior\BuildLiteBehavior [ RunTime:0.000015s ]
INFO: [ app_init ] --END-- [ RunTime:0.000289s ]
INFO: [ app_begin ] --START--
INFO: Run Behavior\ReadHtmlCacheBehavior [ RunTime:0.000356s ]
INFO: [ app_begin ] --END-- [ RunTime:0.000400s ]
NOTIC: [8192] mysql_connect(): The mysql extension is deprecated and will be removed in the future: use mysqli or PDO instead /alidata/www/boxi/ThinkPHP/Library/Think/Session/Driver/Db.class.php 第 95 行.
NOTIC: [2] file_get_contents(/alidata/www/boxi/ThinkPHP/Weixin/js_ticket.json): failed to open stream: No such file or directory /alidata/www/boxi/ThinkPHP/Weixin/WxApi.class.php 第 179 行.
NOTIC: [8] Trying to get property of non-object /alidata/www/boxi/ThinkPHP/Weixin/WxApi.class.php 第 180 行.
NOTIC: [2] file_get_contents(/alidata/www/boxi/ThinkPHP/Weixin/access_token.json): failed to open stream: No such file or directory /alidata/www/boxi/ThinkPHP/Weixin/WxApi.class.php 第 111 行.
NOTIC: [8] Trying to get property of non-object /alidata/www/boxi/ThinkPHP/Weixin/WxApi.class.php 第 112 行.
NOTIC: [2] Creating default object from empty value /alidata/www/boxi/ThinkPHP/Weixin/WxApi.class.php 第 119 行.
NOTIC: [2] fopen(/alidata/www/boxi/ThinkPHP/Weixin/access_token.json): failed to open stream: Permission denied /alidata/www/boxi/ThinkPHP/Weixin/WxApi.class.php 第 121 行.
NOTIC: [2] fwrite() expects parameter 1 to be resource, boolean given /alidata/www/boxi/ThinkPHP/Weixin/WxApi.class.php 第 122 行.
NOTIC: [2] fclose() expects parameter 1 to be resource, boolean given /alidata/www/boxi/ThinkPHP/Weixin/WxApi.class.php 第 123 行.
NOTIC: [2] Creating default object from empty value /alidata/www/boxi/ThinkPHP/Weixin/WxApi.class.php 第 183 行.
NOTIC: [2] fopen(/alidata/www/boxi/ThinkPHP/Weixin/js_ticket.json): failed to open stream: Permission denied /alidata/www/boxi/ThinkPHP/Weixin/WxApi.class.php 第 186 行.
NOTIC: [2] fwrite() expects parameter 1 to be resource, boolean given /alidata/www/boxi/ThinkPHP/Weixin/WxApi.class.php 第 187 行.
NOTIC: [2] fclose() expects parameter 1 to be resource, boolean given /alidata/www/boxi/ThinkPHP/Weixin/WxApi.class.php 第 188 行.
INFO: [ view_parse ] --START--
INFO: [ template_filter ] --START--
INFO: Run Behavior\ContentReplaceBehavior [ RunTime:0.000044s ]
INFO: [ template_filter ] --END-- [ RunTime:0.000094s ]
INFO: Run Behavior\ParseTemplateBehavior [ RunTime:0.005278s ]
INFO: [ view_parse ] --END-- [ RunTime:0.005326s ]
INFO: [ view_filter ] --START--
INFO: Run Behavior\WriteHtmlCacheBehavior [ RunTime:0.000135s ]
INFO: [ view_filter ] --END-- [ RunTime:0.000171s ]
INFO: [ app_end ] --START--
INFO: Run Behavior\ShowPageTraceBehavior [ RunTime:0.000387s ]
INFO: [ app_end ] --END-- [ RunTime:0.000426s ]

