[ 2016-08-26T05:39:05+08:00 ] 42.156.251.187 /
INFO: [ app_init ] --START--
INFO: Run Behavior\BuildLiteBehavior [ RunTime:0.000022s ]
INFO: [ app_init ] --END-- [ RunTime:0.001602s ]
INFO: [ app_begin ] --START--
INFO: Run Behavior\ReadHtmlCacheBehavior [ RunTime:0.005356s ]
INFO: [ app_begin ] --END-- [ RunTime:0.005419s ]
NOTIC: [8192] mysql_connect(): The mysql extension is deprecated and will be removed in the future: use mysqli or PDO instead /alidata/www/dayang/ThinkPHP/Library/Think/Session/Driver/Db.class.php 第 95 行.

[ 2016-08-26T17:08:48+08:00 ] 221.14.180.240 /
INFO: [ app_init ] --START--
INFO: Run Behavior\BuildLiteBehavior [ RunTime:0.000023s ]
INFO: [ app_init ] --END-- [ RunTime:0.001449s ]
INFO: [ app_begin ] --START--
INFO: Run Behavior\ReadHtmlCacheBehavior [ RunTime:0.009455s ]
INFO: [ app_begin ] --END-- [ RunTime:0.009536s ]
NOTIC: [8192] mysql_connect(): The mysql extension is deprecated and will be removed in the future: use mysqli or PDO instead /alidata/www/dayang/ThinkPHP/Library/Think/Session/Driver/Db.class.php 第 95 行.

[ 2016-08-26T17:10:27+08:00 ] 221.14.180.240 /
INFO: [ app_init ] --START--
INFO: Run Behavior\BuildLiteBehavior [ RunTime:0.000015s ]
INFO: [ app_init ] --END-- [ RunTime:0.000287s ]
INFO: [ app_begin ] --START--
INFO: Run Behavior\ReadHtmlCacheBehavior [ RunTime:0.000327s ]
INFO: [ app_begin ] --END-- [ RunTime:0.000370s ]
NOTIC: [8192] mysql_connect(): The mysql extension is deprecated and will be removed in the future: use mysqli or PDO instead /alidata/www/dayang/ThinkPHP/Library/Think/Session/Driver/Db.class.php 第 95 行.

[ 2016-08-26T17:10:40+08:00 ] 221.14.180.240 /
INFO: [ app_init ] --START--
INFO: Run Behavior\BuildLiteBehavior [ RunTime:0.000018s ]
INFO: [ app_init ] --END-- [ RunTime:0.000310s ]
INFO: [ app_begin ] --START--
INFO: Run Behavior\ReadHtmlCacheBehavior [ RunTime:0.000376s ]
INFO: [ app_begin ] --END-- [ RunTime:0.000420s ]
NOTIC: [8192] mysql_connect(): The mysql extension is deprecated and will be removed in the future: use mysqli or PDO instead /alidata/www/dayang/ThinkPHP/Library/Think/Session/Driver/Db.class.php 第 95 行.

[ 2016-08-26T17:10:42+08:00 ] 221.14.180.240 /?code=011uQmLg2KrkdO0QIJMg2y4iLg2uQmLt&state=0
INFO: [ app_init ] --START--
INFO: Run Behavior\BuildLiteBehavior [ RunTime:0.000017s ]
INFO: [ app_init ] --END-- [ RunTime:0.000290s ]
INFO: [ app_begin ] --START--
INFO: Run Behavior\ReadHtmlCacheBehavior [ RunTime:0.000361s ]
INFO: [ app_begin ] --END-- [ RunTime:0.000403s ]
NOTIC: [8192] mysql_connect(): The mysql extension is deprecated and will be removed in the future: use mysqli or PDO instead /alidata/www/dayang/ThinkPHP/Library/Think/Session/Driver/Db.class.php 第 95 行.
NOTIC: [8] Undefined index: errcode /alidata/www/dayang/Application/Common/Common/function.php 第 86 行.
SQL: SHOW COLUMNS FROM `pg_wx_user` [ RunTime:0.0013s ]
SQL: SELECT * FROM `pg_wx_user` WHERE ( openid='omLyIvyHiYKaCgmFUkNdq8pJ3Q7k' ) LIMIT 1   [ RunTime:0.0004s ]
SQL: SHOW COLUMNS FROM `pg_user` [ RunTime:0.0008s ]
SQL: SELECT `id` FROM `pg_user` WHERE ( uid=13793 ) LIMIT 1   [ RunTime:0.0002s ]
NOTIC: [2] file_get_contents(/alidata/www/dayang/ThinkPHP/Weixin/js_ticket.json): failed to open stream: No such file or directory /alidata/www/dayang/ThinkPHP/Weixin/WxApi.class.php 第 179 行.
NOTIC: [8] Trying to get property of non-object /alidata/www/dayang/ThinkPHP/Weixin/WxApi.class.php 第 180 行.
NOTIC: [2] file_get_contents(/alidata/www/dayang/ThinkPHP/Weixin/access_token.json): failed to open stream: No such file or directory /alidata/www/dayang/ThinkPHP/Weixin/WxApi.class.php 第 111 行.
NOTIC: [8] Trying to get property of non-object /alidata/www/dayang/ThinkPHP/Weixin/WxApi.class.php 第 112 行.
NOTIC: [2] Creating default object from empty value /alidata/www/dayang/ThinkPHP/Weixin/WxApi.class.php 第 119 行.
NOTIC: [2] fopen(/alidata/www/dayang/ThinkPHP/Weixin/access_token.json): failed to open stream: Permission denied /alidata/www/dayang/ThinkPHP/Weixin/WxApi.class.php 第 121 行.
NOTIC: [2] fwrite() expects parameter 1 to be resource, boolean given /alidata/www/dayang/ThinkPHP/Weixin/WxApi.class.php 第 122 行.
NOTIC: [2] fclose() expects parameter 1 to be resource, boolean given /alidata/www/dayang/ThinkPHP/Weixin/WxApi.class.php 第 123 行.
NOTIC: [2] Creating default object from empty value /alidata/www/dayang/ThinkPHP/Weixin/WxApi.class.php 第 183 行.
NOTIC: [2] fopen(/alidata/www/dayang/ThinkPHP/Weixin/js_ticket.json): failed to open stream: Permission denied /alidata/www/dayang/ThinkPHP/Weixin/WxApi.class.php 第 186 行.
NOTIC: [2] fwrite() expects parameter 1 to be resource, boolean given /alidata/www/dayang/ThinkPHP/Weixin/WxApi.class.php 第 187 行.
NOTIC: [2] fclose() expects parameter 1 to be resource, boolean given /alidata/www/dayang/ThinkPHP/Weixin/WxApi.class.php 第 188 行.
INFO: [ view_parse ] --START--
INFO: [ template_filter ] --START--
INFO: Run Behavior\ContentReplaceBehavior [ RunTime:0.000052s ]
INFO: [ template_filter ] --END-- [ RunTime:0.000119s ]
INFO: Run Behavior\ParseTemplateBehavior [ RunTime:0.067900s ]
INFO: [ view_parse ] --END-- [ RunTime:0.067948s ]
INFO: [ view_filter ] --START--
INFO: Run Behavior\WriteHtmlCacheBehavior [ RunTime:0.009490s ]
INFO: [ view_filter ] --END-- [ RunTime:0.009537s ]
INFO: [ app_end ] --START--
INFO: Run Behavior\ShowPageTraceBehavior [ RunTime:0.008429s ]
INFO: [ app_end ] --END-- [ RunTime:0.008477s ]

[ 2016-08-26T18:11:31+08:00 ] 221.14.180.240 /
INFO: [ app_init ] --START--
INFO: Run Behavior\BuildLiteBehavior [ RunTime:0.000018s ]
INFO: [ app_init ] --END-- [ RunTime:0.000288s ]
INFO: [ app_begin ] --START--
INFO: Run Behavior\ReadHtmlCacheBehavior [ RunTime:0.000331s ]
INFO: [ app_begin ] --END-- [ RunTime:0.000374s ]
NOTIC: [8192] mysql_connect(): The mysql extension is deprecated and will be removed in the future: use mysqli or PDO instead /alidata/www/dayang/ThinkPHP/Library/Think/Session/Driver/Db.class.php 第 95 行.

[ 2016-08-26T22:43:26+08:00 ] 223.104.63.30 /
INFO: [ app_init ] --START--
INFO: Run Behavior\BuildLiteBehavior [ RunTime:0.000023s ]
INFO: [ app_init ] --END-- [ RunTime:0.003218s ]
INFO: [ app_begin ] --START--
INFO: Run Behavior\ReadHtmlCacheBehavior [ RunTime:0.006466s ]
INFO: [ app_begin ] --END-- [ RunTime:0.006532s ]
NOTIC: [8192] mysql_connect(): The mysql extension is deprecated and will be removed in the future: use mysqli or PDO instead /alidata/www/dayang/ThinkPHP/Library/Think/Session/Driver/Db.class.php 第 95 行.

[ 2016-08-26T22:43:29+08:00 ] 223.104.63.30 /?code=001Y0EaC1hoC8i07tr9C1jCFaC1Y0EaQ&state=0
INFO: [ app_init ] --START--
INFO: Run Behavior\BuildLiteBehavior [ RunTime:0.000019s ]
INFO: [ app_init ] --END-- [ RunTime:0.000324s ]
INFO: [ app_begin ] --START--
INFO: Run Behavior\ReadHtmlCacheBehavior [ RunTime:0.000396s ]
INFO: [ app_begin ] --END-- [ RunTime:0.000469s ]
NOTIC: [8192] mysql_connect(): The mysql extension is deprecated and will be removed in the future: use mysqli or PDO instead /alidata/www/dayang/ThinkPHP/Library/Think/Session/Driver/Db.class.php 第 95 行.
NOTIC: [8] Undefined index: errcode /alidata/www/dayang/Application/Common/Common/function.php 第 86 行.
SQL: SHOW COLUMNS FROM `pg_wx_user` [ RunTime:0.0014s ]
SQL: SELECT * FROM `pg_wx_user` WHERE ( openid='omLyIvzwy4CvAdA4YCoMK1KTGEZU' ) LIMIT 1   [ RunTime:0.0003s ]
SQL: INSERT INTO `pg_wx_user` (`openid`,`nickname`,`headimgurl`,`sex`,`city`,`province`,`country`,`c_time`) VALUES ('omLyIvzwy4CvAdA4YCoMK1KTGEZU','寻云网络-李锦磊','http://wx.qlogo.cn/mmopen/1KXByh4RIT2XA1FHaMEIqHXrxumEPYjpVhwmbu2iaW4LxEepNiaeAiaOXMyhapibGOQOhoWqxHZiaBwwASWw1mGkLPb0z3snQx5Dg/0','1','','河南','中国','1472222609') [ RunTime:0.0003s ]
SQL: SHOW COLUMNS FROM `pg_user` [ RunTime:0.0009s ]
SQL: INSERT INTO `pg_user` (`uid`,`nickname`,`headimgurl`) VALUES ('13951','寻云网络-李锦磊','http://wx.qlogo.cn/mmopen/1KXByh4RIT2XA1FHaMEIqHXrxumEPYjpVhwmbu2iaW4LxEepNiaeAiaOXMyhapibGOQOhoWqxHZiaBwwASWw1mGkLPb0z3snQx5Dg/0') [ RunTime:0.0002s ]
NOTIC: [2] file_get_contents(/alidata/www/dayang/ThinkPHP/Weixin/js_ticket.json): failed to open stream: No such file or directory /alidata/www/dayang/ThinkPHP/Weixin/WxApi.class.php 第 179 行.
NOTIC: [8] Trying to get property of non-object /alidata/www/dayang/ThinkPHP/Weixin/WxApi.class.php 第 180 行.
NOTIC: [2] file_get_contents(/alidata/www/dayang/ThinkPHP/Weixin/access_token.json): failed to open stream: No such file or directory /alidata/www/dayang/ThinkPHP/Weixin/WxApi.class.php 第 111 行.
NOTIC: [8] Trying to get property of non-object /alidata/www/dayang/ThinkPHP/Weixin/WxApi.class.php 第 112 行.
NOTIC: [2] Creating default object from empty value /alidata/www/dayang/ThinkPHP/Weixin/WxApi.class.php 第 119 行.
NOTIC: [2] fopen(/alidata/www/dayang/ThinkPHP/Weixin/access_token.json): failed to open stream: Permission denied /alidata/www/dayang/ThinkPHP/Weixin/WxApi.class.php 第 121 行.
NOTIC: [2] fwrite() expects parameter 1 to be resource, boolean given /alidata/www/dayang/ThinkPHP/Weixin/WxApi.class.php 第 122 行.
NOTIC: [2] fclose() expects parameter 1 to be resource, boolean given /alidata/www/dayang/ThinkPHP/Weixin/WxApi.class.php 第 123 行.
NOTIC: [2] Creating default object from empty value /alidata/www/dayang/ThinkPHP/Weixin/WxApi.class.php 第 183 行.
NOTIC: [2] fopen(/alidata/www/dayang/ThinkPHP/Weixin/js_ticket.json): failed to open stream: Permission denied /alidata/www/dayang/ThinkPHP/Weixin/WxApi.class.php 第 186 行.
NOTIC: [2] fwrite() expects parameter 1 to be resource, boolean given /alidata/www/dayang/ThinkPHP/Weixin/WxApi.class.php 第 187 行.
NOTIC: [2] fclose() expects parameter 1 to be resource, boolean given /alidata/www/dayang/ThinkPHP/Weixin/WxApi.class.php 第 188 行.
INFO: [ view_parse ] --START--
INFO: [ template_filter ] --START--
INFO: Run Behavior\ContentReplaceBehavior [ RunTime:0.000054s ]
INFO: [ template_filter ] --END-- [ RunTime:0.000132s ]
INFO: Run Behavior\ParseTemplateBehavior [ RunTime:0.037950s ]
INFO: [ view_parse ] --END-- [ RunTime:0.038007s ]
INFO: [ view_filter ] --START--
INFO: Run Behavior\WriteHtmlCacheBehavior [ RunTime:0.002514s ]
INFO: [ view_filter ] --END-- [ RunTime:0.002562s ]
INFO: [ app_end ] --START--
INFO: Run Behavior\ShowPageTraceBehavior [ RunTime:0.001489s ]
INFO: [ app_end ] --END-- [ RunTime:0.001543s ]

